"report-lift-rfile"
"Iteration" "report-lift"
("Iteration" "report-lift")
500 1.638655
501 1.638831
502 1.639006
503 1.639182
504 1.639358
505 1.639534
506 1.639712
507 1.63989
508 1.640067
509 1.640246
510 1.640426
511 1.640605
512 1.640787
513 1.640967
514 1.641149
515 1.641331
516 1.641512
517 1.641695
518 1.641877
519 1.642059
520 1.642242
521 1.642425
522 1.642608
523 1.642791
524 1.642973
525 1.643157
526 1.64334
527 1.643523
528 1.643706
529 1.643889
530 1.644074
531 1.644257
532 1.644441
533 1.644626
534 1.64481
535 1.644995
536 1.645179
537 1.645365
538 1.64555
539 1.645736
540 1.645921
541 1.646107
542 1.646294
543 1.64648
544 1.646668
545 1.646855
546 1.647043
547 1.647231
548 1.647419
549 1.647607
550 1.647796
551 1.647985
552 1.648174
553 1.648363
554 1.648552
555 1.648743
556 1.648933
557 1.649123
558 1.649314
559 1.649504
560 1.649696
561 1.649887
562 1.650078
563 1.65027
564 1.650462
565 1.650653
566 1.650845
567 1.651037
568 1.65123
569 1.651423
570 1.651616
571 1.651809
572 1.652001
573 1.652194
574 1.652388
575 1.652582
576 1.652774
577 1.652968
578 1.653162
579 1.653356
580 1.65355
581 1.653745
582 1.653939
583 1.654133
584 1.654329
585 1.654524
586 1.65472
587 1.654915
588 1.655111
589 1.655307
590 1.655502
591 1.655699
592 1.655895
593 1.656093
594 1.65629
595 1.656487
596 1.656685
597 1.656882
598 1.657082
599 1.657282
600 1.657479
601 1.657678
602 1.657876
603 1.658075
604 1.658274
605 1.658474
606 1.658674
607 1.658874
608 1.659075
609 1.659275
610 1.659475
611 1.659676
612 1.659877
613 1.660078
614 1.660278
615 1.660479
616 1.66068
617 1.660882
618 1.661082
619 1.661283
620 1.661482
621 1.661684
622 1.661883
623 1.662084
624 1.662285
625 1.662487
626 1.662688
627 1.66289
628 1.663091
629 1.663293
630 1.663494
631 1.663694
632 1.663897
633 1.664097
634 1.664298
635 1.664498
636 1.6647
637 1.664901
638 1.665102
639 1.665303
640 1.665504
641 1.665705
642 1.665906
643 1.666109
644 1.666311
645 1.666512
646 1.666713
647 1.666915
648 1.667115
649 1.667317
650 1.667518
651 1.66772
652 1.667921
653 1.668122
654 1.668323
655 1.668526
656 1.668725
657 1.668926
658 1.669127
659 1.669328
660 1.669529
661 1.66973
662 1.669929
663 1.67013
664 1.67033
665 1.670532
666 1.670732
667 1.670932
668 1.671134
669 1.671332
670 1.671533
671 1.671734
672 1.671934
673 1.672135
674 1.672334
675 1.672535
676 1.672734
677 1.672933
678 1.673133
679 1.673332
680 1.673533
681 1.673732
682 1.673931
683 1.67413
684 1.674329
685 1.674527
686 1.674726
687 1.674925
688 1.675123
689 1.675322
690 1.67552
691 1.675718
692 1.675916
693 1.676112
694 1.676309
695 1.676506
696 1.676702
697 1.676899
698 1.677095
699 1.677291
700 1.677486
701 1.677682
702 1.677877
703 1.678072
704 1.678266
705 1.678461
706 1.678654
707 1.678848
708 1.679041
709 1.679233
710 1.679426
711 1.67962
712 1.679811
713 1.680004
714 1.680194
715 1.680385
716 1.680576
717 1.680766
718 1.680957
719 1.681146
720 1.681335
721 1.681526
722 1.681714
723 1.681902
724 1.68209
725 1.682278
726 1.682469
727 1.682656
728 1.682843
729 1.683028
730 1.683214
731 1.6834
732 1.683585
733 1.683769
734 1.683955
735 1.684139
736 1.684323
737 1.684506
738 1.684689
739 1.684868
740 1.685049
741 1.685233
742 1.685414
743 1.685597
744 1.685777
745 1.685958
746 1.68614
747 1.68632
748 1.686501
749 1.68668
750 1.686863
751 1.687042
752 1.687219
753 1.687396
754 1.687571
755 1.687747
756 1.687922
757 1.688097
758 1.688271
759 1.688444
760 1.688618
761 1.688792
762 1.688965
763 1.689137
764 1.689309
765 1.689481
766 1.689652
767 1.689822
768 1.689992
769 1.690163
770 1.690332
771 1.690501
772 1.69067
773 1.690837
774 1.691005
775 1.691172
776 1.691339
777 1.691504
778 1.69167
779 1.691834
780 1.692
781 1.692164
782 1.692328
783 1.692491
784 1.692654
785 1.692817
786 1.692978
787 1.693142
788 1.693302
789 1.693463
790 1.693623
791 1.693782
792 1.693941
793 1.694106
794 1.694263
795 1.69442
796 1.694576
797 1.694733
798 1.694889
799 1.695044
800 1.695199
801 1.695354
802 1.695507
803 1.695661
804 1.695815
805 1.695967
806 1.696119
807 1.696271
808 1.696423
809 1.696574
810 1.696723
811 1.696874
812 1.697023
813 1.697173
814 1.697322
815 1.69747
816 1.697618
817 1.697766
818 1.697913
819 1.69806
820 1.698206
821 1.69835
822 1.698495
823 1.698641
824 1.698786
825 1.698931
826 1.699077
827 1.699221
828 1.699364
829 1.699507
830 1.699649
831 1.699791
832 1.699934
833 1.700074
834 1.700215
835 1.700355
836 1.700495
837 1.700635
838 1.700775
839 1.700912
840 1.701051
841 1.701189
842 1.701326
843 1.701464
844 1.7016
845 1.701737
846 1.701873
847 1.702009
848 1.702144
849 1.702279
850 1.702414
851 1.702547
852 1.702682
853 1.702814
854 1.702947
855 1.703083
856 1.703216
857 1.703336
858 1.703486
859 1.703616
860 1.703732
861 1.703878
862 1.704006
863 1.704122
864 1.704267
865 1.704381
866 1.704525
867 1.704638
868 1.704781
869 1.704895
873 1.705403
874 1.705537
875 1.705652
876 1.705792
877 1.705919
878 1.70603
879 1.706166
880 1.706278
881 1.706415
882 1.706538
883 1.706647
884 1.706781
885 1.706891
886 1.707026
887 1.707148
888 1.707256
889 1.707387
890 1.707495
891 1.707628
892 1.707736
893 1.707855
894 1.707984
895 1.708093
896 1.70821
897 1.708327
898 1.708443
899 1.708562
900 1.708678
901 1.708796
902 1.70891
903 1.709028
904 1.709141
905 1.709258
906 1.709369
907 1.709484
908 1.709596
909 1.709704
910 1.709811
911 1.709926
912 1.710035
913 1.710151
914 1.710259
915 1.710373
916 1.710481
917 1.710594
918 1.7107
919 1.710812
920 1.710918
921 1.711029
922 1.711134
923 1.711244
924 1.711349
925 1.711458
926 1.711563
927 1.711671
928 1.711773
929 1.71188
930 1.711982
931 1.712087
932 1.71219
933 1.712294
934 1.712396
935 1.712499
936 1.7126
937 1.712703
938 1.712802
939 1.712904
940 1.713004
941 1.713105
942 1.713203
943 1.713304
944 1.713401
945 1.713501
946 1.713598
947 1.713697
948 1.713793
949 1.71389
950 1.713985
951 1.714083
952 1.714177
953 1.714274
954 1.714367
955 1.714464
956 1.714556
957 1.714652
958 1.714743
959 1.714838
960 1.714929
961 1.715022
962 1.715113
963 1.715207
964 1.715296
965 1.715388
966 1.715477
967 1.71557
968 1.715657
969 1.715749
970 1.715839
971 1.71593
972 1.716017
973 1.716106
974 1.716193
975 1.71628
976 1.716366
977 1.716453
978 1.716538
979 1.716626
980 1.71671
981 1.716796
982 1.716881
983 1.716966
984 1.717049
985 1.717134
986 1.717217
987 1.717301
988 1.717384
989 1.717467
990 1.717548
991 1.717632
992 1.717713
993 1.717794
994 1.717874
995 1.717956
996 1.718036
997 1.718117
998 1.718195
999 1.718277
1000 1.718355
1001 1.718434
1002 1.718512
1003 1.718591
1004 1.718667
1005 1.718747
1006 1.718822
1007 1.7189
1008 1.718976
1009 1.719054
1010 1.719128
1011 1.719205
1012 1.71928
1013 1.719355
1014 1.719429
1015 1.719506
1016 1.719577
1017 1.719652
1018 1.719725
1019 1.7198
1020 1.719871
1021 1.719944
1022 1.720017
1023 1.720089
1024 1.72016
1025 1.720232
1026 1.720303
1027 1.720375
1028 1.720445
1029 1.720515
1030 1.720586
1031 1.720655
1032 1.720724
1033 1.720793
1034 1.720861
1035 1.720931
1036 1.720997
1037 1.721067
1038 1.721133
1039 1.721202
1040 1.721268
1041 1.721337
1042 1.721401
1043 1.721469
1044 1.721532
1045 1.7216
1046 1.721663
1047 1.721731
1048 1.721793
1049 1.72186
1050 1.721922
1051 1.721988
1052 1.722049
1053 1.722115
1054 1.722176
1055 1.72224
1056 1.722301
1057 1.722364
1058 1.722425
1059 1.722488
1060 1.722548
1061 1.72261
1062 1.72267
1063 1.722732
1064 1.722789
1065 1.722852
1066 1.72291
1067 1.722972
1068 1.72303
1069 1.72309
1070 1.723146
1071 1.723207
1072 1.723263
1073 1.723324
1074 1.723379
1075 1.723439
1076 1.723494
1077 1.723552
1078 1.723608
1079 1.723666
1080 1.723721
1081 1.723778
1082 1.723833
1083 1.72389
1084 1.723944
1085 1.724
1086 1.724053
1087 1.72411
1088 1.724162
1089 1.724218
1090 1.724271
1091 1.724325
1092 1.724377
1093 1.724432
1094 1.724484
1095 1.724537
1096 1.724588
1097 1.724643
1098 1.724693
1099 1.724746
1100 1.724796
1101 1.724849
1102 1.724899
1103 1.724951
1104 1.725001
1105 1.725052
1106 1.725101
1107 1.725153
1108 1.725201
1109 1.725252
1110 1.725299
1111 1.72535
1112 1.725397
1113 1.725447
1114 1.725493
1115 1.725543
1116 1.72559
1117 1.725639
1118 1.725685
1119 1.725733
1120 1.72578
1121 1.725827
1122 1.725873
1123 1.725921
1124 1.725965
1125 1.726013
1126 1.726058
1127 1.726105
1128 1.726149
1129 1.726195
1130 1.726239
1131 1.726285
1132 1.726329
1133 1.726375
1134 1.726417
1135 1.726463
1136 1.726505
1137 1.72655
1138 1.726592
1139 1.726638
1140 1.726679
1141 1.726724
1142 1.726765
1143 1.726809
1144 1.72685
1145 1.726894
1146 1.726935
1147 1.726978
1148 1.727019
1149 1.72706
1150 1.7271
1151 1.727143
1152 1.727182
1153 1.727223
1154 1.727244
1155 1.727314
1156 1.727327
1157 1.727399
1158 1.727409
1159 1.727479
1160 1.727489
1161 1.727559
1162 1.727568
1163 1.727637
1164 1.727647
1165 1.727715
1166 1.727725
1167 1.727792
1168 1.727801
1169 1.727868
1170 1.727878
1171 1.727943
1172 1.727953
1173 1.728019
1174 1.728028
1175 1.728093
1176 1.728101
1177 1.728167
1178 1.728175
1179 1.72824
1180 1.728248
1181 1.728311
1182 1.728322
1183 1.728382
1184 1.728392
1185 1.728453
1186 1.728463
1187 1.728524
1188 1.728532
1189 1.728593
1190 1.728603
1191 1.728663
1192 1.728672
1193 1.72873
1194 1.72874
1195 1.728799
1196 1.728807
1197 1.728866
1198 1.728874
1199 1.728932
1200 1.72894
1201 1.728998
1202 1.729005
1203 1.729063
1204 1.729071
1205 1.729127
1206 1.729136
1207 1.729192
1208 1.7292
1209 1.729255
1210 1.729263
1211 1.729317
1212 1.729326
1213 1.72938
1214 1.729387
1215 1.729443
1216 1.729448
1217 1.729503
1218 1.72951
1219 1.729562
1220 1.729569
1221 1.729623
1222 1.72963
1223 1.729682
1224 1.72969
1225 1.729741
1226 1.729749
1227 1.7298
1228 1.729807
1229 1.729858
1230 1.729865
1231 1.729915
1232 1.729921
1233 1.729973
1234 1.729981
1235 1.730029
1236 1.730036
1237 1.730085
1238 1.730091
1239 1.73014
1240 1.730146
1241 1.730195
1242 1.730201
1243 1.730248
1244 1.730255
1245 1.730274
1246 1.730334
1247 1.730341
1248 1.730357
1249 1.730415
1250 1.730422
1251 1.730439
1252 1.730494
1253 1.730501
1254 1.730516
1255 1.730571
1256 1.730577
1257 1.730593
1258 1.730648
1259 1.730654
1260 1.730668
1261 1.730722
1262 1.730728
1263 1.730743
1264 1.730796
1265 1.730802
1266 1.730817
1267 1.730869
1268 1.730875
1269 1.73089
1270 1.730942
1271 1.730947
1272 1.730961
1273 1.731012
1274 1.731018
1275 1.731032
1276 1.731082
1277 1.731088
1278 1.731101
1279 1.731152
1280 1.731156
1281 1.73117
1282 1.73122
1283 1.731225
1284 1.731238
1285 1.731287
1286 1.731292
1287 1.731304
1288 1.731352
1289 1.731358
1290 1.73137
1291 1.731417
1292 1.731422
1293 1.731436
1294 1.731453
1295 1.731506
1296 1.731511
1297 1.731523
1298 1.73154
1299 1.731592
1300 1.731596
1301 1.731607
1302 1.731623
1303 1.731674
1304 1.731678
1305 1.731688
1306 1.731705
1307 1.731754
1308 1.731757
1309 1.731769
1310 1.731784
1311 1.731833
1312 1.731837
1313 1.731847
1314 1.731862
1315 1.731909
1316 1.731913
1317 1.731923
1318 1.731938
1319 1.731986
1320 1.731989
1321 1.731999
1322 1.732013
1323 1.732061
1324 1.732064
1325 1.732073
1326 1.732087
1327 1.732133
1328 1.732138
1329 1.732147
1330 1.732162
1331 1.732204
1332 1.732208
1333 1.732218
1334 1.732233
1335 1.732274
1336 1.732279
1337 1.732287
1338 1.732302
1339 1.732319
1340 1.732363
1341 1.732367
1342 1.732376
1343 1.732389
1344 1.732404
1345 1.732448
1346 1.732452
1347 1.732459
1348 1.732472
1349 1.732487
1350 1.732504
1351 1.732546
1352 1.732551
1353 1.732558
1354 1.73257
1355 1.732584
1356 1.732601
1357 1.732642
1358 1.732646
1359 1.732652
1360 1.732664
1361 1.732678
1362 1.732694
1363 1.732734
1364 1.732738
1365 1.732744
1366 1.732756
1367 1.732769
1368 1.732783
1369 1.732799
1370 1.732815
1371 1.732857
1372 1.73286
1373 1.732865
1374 1.732875
1375 1.732887
1376 1.732902
1377 1.732916
1378 1.732931
1379 1.732946
1380 1.732962
1381 1.732977
1382 1.732991
1383 1.733006
1384 1.73302
1385 1.733034
1386 1.733048
1387 1.733062
1388 1.733075
1389 1.733089
1390 1.733102
1391 1.733115
1392 1.733129
1393 1.733141
1394 1.733155
1395 1.733168
1396 1.733181
1397 1.733193
1398 1.733206
1399 1.733219
1400 1.733231
1401 1.733243
1402 1.733257
1403 1.73327
1404 1.733282
1405 1.733294
1406 1.733308
1407 1.733319
1408 1.733331
1409 1.733343
1410 1.733356
1411 1.733369
1412 1.73338
1413 1.733392
1414 1.733404
1415 1.733414
1416 1.733428
1417 1.733439
1418 1.73345
1419 1.733461
1420 1.733474
1421 1.733485
1422 1.733497
1423 1.733507
1424 1.733519
1425 1.73353
1426 1.733541
1427 1.733553
1428 1.733563
1429 1.733574
1430 1.733586
1431 1.733597
1432 1.733607
1433 1.733618
1434 1.733629
1435 1.733639
1436 1.73365
1437 1.73366
1438 1.733671
1439 1.733681
1440 1.733692
1441 1.733701
1442 1.733713
1443 1.733722
1444 1.733733
1445 1.733742
1446 1.733753
1447 1.733763
1448 1.733774
1449 1.733783
1450 1.733793
1451 1.733804
1452 1.733813
1453 1.733822
1454 1.733832
1455 1.733841
1456 1.733852
1457 1.733861
1458 1.733871
1459 1.73388
1460 1.73389
1461 1.7339
1462 1.733909
1463 1.733918
1464 1.733927
1465 1.733936
1466 1.733946
1467 1.733955
1468 1.733964
1469 1.733972
1470 1.733981
1471 1.733991
1472 1.733999
1473 1.734008
1474 1.734017
1475 1.734026
1476 1.734035
1477 1.734043
1478 1.734051
1479 1.73406
1480 1.734069
1481 1.734078
1482 1.734085
1483 1.734093
1484 1.734102
1485 1.73411
1486 1.734119
1487 1.734127
1488 1.734134
1489 1.734143
1490 1.734152
1491 1.73416
1492 1.734168
1493 1.734176
1494 1.734184
1495 1.734192
1496 1.7342
1497 1.734208
1498 1.734217
1499 1.734224
1500 1.734232
1501 1.734239
1502 1.734246
1503 1.734253
1504 1.734262
1505 1.734268
1506 1.734276
1507 1.734283
1508 1.734292
1509 1.734299
1510 1.734306
1511 1.734313
1512 1.73432
1513 1.734327
1514 1.734335
1515 1.734342
1516 1.734349
1517 1.734356
1518 1.734362
1519 1.73437
1520 1.734376
1521 1.734383
1522 1.73439
1523 1.734398
1524 1.734405
1525 1.734411
1526 1.734417
1527 1.734424
1528 1.734431
1529 1.734438
1530 1.734444
1531 1.734452
1532 1.734458
1533 1.734464
1534 1.734471
1535 1.734477
1536 1.734484
1537 1.73449
1538 1.734497
1539 1.734503
1540 1.734509
1541 1.734516
1542 1.734521
1543 1.734528
1544 1.734534
1545 1.73454
1546 1.734547
1547 1.734552
1548 1.734558
1549 1.734564
1550 1.73457
1551 1.734576
1552 1.734582
1553 1.734587
1554 1.734594
1555 1.734599
1556 1.734605
1557 1.734611
1558 1.734617
1559 1.734623
1560 1.734628
1561 1.734634
1562 1.73464
1563 1.734644
1564 1.73465
1565 1.734656
1566 1.734662
1567 1.734667
1568 1.734673
1569 1.734678
1570 1.734684
1571 1.734689
1572 1.734695
1573 1.734701
1574 1.734705
1575 1.73471
1576 1.734717
1577 1.734722
1578 1.734726
1579 1.734731
1580 1.734737
1581 1.734742
1582 1.734747
1583 1.734753
1584 1.734757
1585 1.734762
1586 1.734767
1587 1.734772
1588 1.734777
1589 1.734782
1590 1.734787
1591 1.734792
1592 1.734797
1593 1.734802
1594 1.734807
1595 1.734812
1596 1.734817
1597 1.734821
1598 1.734825
1599 1.73483
1600 1.734835
1601 1.734839
1602 1.734844
1603 1.734849
1604 1.734854
1605 1.734858
1606 1.734862
1607 1.734866
1608 1.734871
1609 1.734875
1610 1.73488
1611 1.734884
1612 1.734889
1613 1.734893
1614 1.734898
1615 1.734902
1616 1.734906
1617 1.73491
1618 1.734915
1619 1.734918
1620 1.734923
1621 1.734927
1622 1.734931
1623 1.734935
1624 1.73494
1625 1.734944
1626 1.734948
1627 1.734951
1628 1.734955
1629 1.73496
1630 1.734964
1631 1.734969
1632 1.734973
1633 1.734977
1634 1.734981
1635 1.734984
1636 1.734989
1637 1.734992
1638 1.734996
1639 1.735
1640 1.735003
1641 1.735008
1642 1.735011
1643 1.735016
1644 1.735019
1645 1.735023
1646 1.735027
1647 1.73503
1648 1.735034
1649 1.735038
1650 1.735042
1651 1.735046
1652 1.735049
1653 1.735052
1654 1.735058
1655 1.735061
1656 1.735064
1657 1.735067
1658 1.73507
1659 1.735074
1660 1.735078
1661 1.735081
1662 1.735085
1663 1.735088
1664 1.735092
1665 1.735094
1666 1.735098
1667 1.735101
1668 1.735105
1669 1.735108
1670 1.735111
1671 1.735115
1672 1.735119
1673 1.735122
1674 1.735126
1675 1.735129
1676 1.735131
1677 1.735135
1678 1.735138
1679 1.735141
1680 1.735145
1681 1.735148
1682 1.735151
1683 1.735154
1684 1.735157
1685 1.73516
1686 1.735163
1687 1.735166
1688 1.735169
1689 1.735173
1690 1.735175
1691 1.735178
1692 1.735182
1693 1.735185
1694 1.735188
1695 1.735191
1696 1.735194
1697 1.735196
1698 1.735199
1699 1.735202
1700 1.735205
1701 1.735207
1702 1.735211
1703 1.735213
1704 1.735216
1705 1.735219
1706 1.735223
1707 1.735225
1708 1.735228
1709 1.735231
1710 1.735234
1711 1.735237
1712 1.735239
1713 1.735242
1714 1.735245
1715 1.735247
1716 1.73525
1717 1.735253
1718 1.735255
1719 1.735257
1720 1.73526
1721 1.735263
1722 1.735266
1723 1.735268
1724 1.73527
1725 1.735273
1726 1.735276
1727 1.735279
1728 1.735281
1729 1.735283
1730 1.735285
1731 1.735288
1732 1.73529
1733 1.735292
1734 1.735295
1735 1.735297
1736 1.735301
1737 1.735302
1738 1.735304
1739 1.735307
1740 1.73531
1741 1.735311
1742 1.735314
1743 1.735317
1744 1.735319
1745 1.735322
1746 1.735324
1747 1.735327
1748 1.735329
1749 1.735331
1750 1.735333
1751 1.735336
1752 1.735338
1753 1.735341
1754 1.735344
1755 1.735346
1756 1.735348
1757 1.73535
1758 1.735352
1759 1.735355
1760 1.735357
1761 1.735359
1762 1.735362
1763 1.735363
1764 1.735366
1765 1.735368
1766 1.73537
1767 1.735372
1768 1.735374
1769 1.735376
1770 1.735378
1771 1.735381
1772 1.735382
1773 1.735384
1774 1.735386
1775 1.735388
1776 1.735391
1777 1.735393
1778 1.735395
1779 1.735397
1780 1.735399
1781 1.7354
1782 1.735403
1783 1.735404
1784 1.735407
1785 1.735408
1786 1.735411
1787 1.735412
1788 1.735414
1789 1.735416
1790 1.735418
1791 1.73542
1792 1.735422
1793 1.735423
1794 1.735426
1795 1.735427
1796 1.735429
1797 1.735431
1798 1.735433
1799 1.735435
1800 1.735437
1801 1.735438
1802 1.73544
1803 1.735441
1804 1.735443
1805 1.735445
1806 1.735447
1807 1.735448
1808 1.735451
1809 1.735452
1810 1.735455
1811 1.735457
1812 1.735459
1813 1.735461
1814 1.735463
1815 1.735464
1816 1.735466
1817 1.735468
1818 1.735469
1819 1.73547
1820 1.735472
1821 1.735474
1822 1.735475
1823 1.735476
1824 1.735479
1825 1.735481
1826 1.735482
1827 1.735483
1828 1.735485
1829 1.735487
1830 1.735489
1831 1.73549
1832 1.735492
1833 1.735493
1834 1.735495
1835 1.735497
1836 1.735498
1837 1.7355
1838 1.735502
1839 1.735504
1840 1.735506
1841 1.735507
1842 1.735508
1843 1.735509
1844 1.735511
1845 1.735513
1846 1.735514
1847 1.735516
1848 1.735517
1849 1.735518
1850 1.73552
1851 1.735521
1852 1.735523
1853 1.735524
1854 1.735526
1855 1.735527
1856 1.735529
1857 1.73553
1858 1.735531
1859 1.735533
1860 1.735535
1861 1.735536
1862 1.735537
1863 1.735538
1864 1.73554
1865 1.735541
1866 1.735543
1867 1.735545
1868 1.735546
1869 1.735547
1870 1.735549
1871 1.73555
1872 1.735551
1873 1.735552
1874 1.735554
1875 1.735555
1876 1.735556
1877 1.735558
1878 1.735559
1879 1.735561
1880 1.735562
1881 1.735563
1882 1.735564
1883 1.735566
1884 1.735567
1885 1.735568
1886 1.73557
1887 1.735571
1888 1.735573
1889 1.735574
1890 1.735575
1891 1.735577
1892 1.735578
1893 1.735579
1894 1.73558
1895 1.735581
1896 1.735583
1897 1.735584
1898 1.735585
1899 1.735586
1900 1.735587
1901 1.735588
1902 1.735589
1903 1.73559
1904 1.735592
1905 1.735593
1906 1.735595
1907 1.735595
1908 1.735597
1909 1.735598
1910 1.735599
1911 1.7356
1912 1.735601
1913 1.735603
1914 1.735604
1915 1.735605
1916 1.735606
1917 1.735607
1918 1.735609
1919 1.73561
1920 1.735611
1921 1.735612
1922 1.735613
1923 1.735615
1924 1.735615
1925 1.735616
1926 1.735617
1927 1.735618
1928 1.73562
1929 1.735621
1930 1.735622
1931 1.735622
1932 1.735624
1933 1.735625
1934 1.735626
1935 1.735626
1936 1.735627
1937 1.735628
1938 1.735629
1939 1.73563
1940 1.735631
1941 1.735632
1942 1.735634
1943 1.735634
1944 1.735636
1945 1.735637
1946 1.735638
1947 1.735639
1948 1.735639
1949 1.735641
1950 1.735642
1951 1.735642
1952 1.735644
1953 1.735645
1954 1.735646
1955 1.735647
1956 1.735648
1957 1.735649
1958 1.73565
1959 1.735651
1960 1.735652
1961 1.735653
1962 1.735654
1963 1.735655
1964 1.735656
1965 1.735657
1966 1.735657
1967 1.735658
1968 1.735659
1969 1.735659
1970 1.73566
1971 1.735661
1972 1.735662
1973 1.735663
1974 1.735664
1975 1.735666
1976 1.735667
1977 1.735667
1978 1.735668
1979 1.735668
1980 1.735669
1981 1.73567
1982 1.735671
1983 1.735672
1984 1.735673
1985 1.735673
1986 1.735674
1987 1.735675
1988 1.735676
1989 1.735677
1990 1.735677
1991 1.735678
1992 1.73568
1993 1.73568
1994 1.735681
1995 1.735682
1996 1.735683
1997 1.735684
1998 1.735685
1999 1.735686
2000 1.735688
2001 1.735688
2002 1.735689
2003 1.73569
2004 1.73569
2005 1.735691
2006 1.735693
2007 1.735694
2008 1.735694
2009 1.735695
2010 1.735696
2011 1.735697
2012 1.735698
2013 1.735698
2014 1.735699
2015 1.7357
2016 1.7357
2017 1.735701
2018 1.735702
2019 1.735702
2020 1.735703
2021 1.735703
2022 1.735704
2023 1.735705
2024 1.735705
2025 1.735705
2026 1.735707
2027 1.735707
2028 1.735708
2029 1.735709
2030 1.73571
2031 1.735711
2032 1.735712
2033 1.735712
2034 1.735713
2035 1.735713
2036 1.735714
2037 1.735715
2038 1.735716
2039 1.735716
2040 1.735717
2041 1.735717
2042 1.735718
2043 1.735719
2044 1.73572
2045 1.735721
2046 1.735721
2047 1.735722
2048 1.735722
2049 1.735723
2050 1.735724
2051 1.735725
2052 1.735725
2053 1.735726
2054 1.735727
2055 1.735727
2056 1.735728
2057 1.735728
2058 1.735729
2059 1.735729
2060 1.73573
2061 1.735731
2062 1.735732
2063 1.735732
2064 1.735733
2065 1.735733
2066 1.735734
2067 1.735734
2068 1.735735
2069 1.735735
2070 1.735736
2071 1.735736
2072 1.735737
2073 1.735738
2074 1.735739
2075 1.73574
2076 1.73574
2077 1.735741
2078 1.735742
2079 1.735743
2080 1.735743
2081 1.735743
2082 1.735744
2083 1.735745
2084 1.735745
2085 1.735746
2086 1.735747
2087 1.735748
2088 1.735748
2089 1.735748
2090 1.735749
2091 1.735749
2092 1.73575
2093 1.73575
2094 1.735751
2095 1.735752
2096 1.735752
2097 1.735753
2098 1.735754
2099 1.735754
2100 1.735755
2101 1.735755
2102 1.735756
2103 1.735756
2104 1.735757
2105 1.735757
2106 1.735758
2107 1.735758
2108 1.735759
2109 1.735759
2110 1.73576
2111 1.73576
2112 1.735761
2113 1.735762
2114 1.735762
2115 1.735762
2116 1.735764
2117 1.735764
2118 1.735765
2119 1.735765
2120 1.735766
2121 1.735766
2122 1.735767
2123 1.735767
2124 1.735768
2125 1.735768
2126 1.735769
2127 1.735769
2128 1.73577
2129 1.73577
2130 1.73577
2131 1.735771
2132 1.735771
2133 1.735772
2134 1.735772
2135 1.735773
2136 1.735773
2137 1.735774
2138 1.735774
2139 1.735775
2140 1.735775
2141 1.735775
2142 1.735776
2143 1.735776
2144 1.735777
2145 1.735777
2146 1.735778
2147 1.735778
2148 1.735779
2149 1.735779
2150 1.73578
2151 1.73578
2152 1.735781
2153 1.735781
2154 1.735781
2155 1.735782
2156 1.735783
2157 1.735783
2158 1.735784
2159 1.735784
2160 1.735785
2161 1.735785
2162 1.735786
2163 1.735786
2164 1.735787
2165 1.735787
2166 1.735788
2167 1.735788
2168 1.735789
2169 1.735789
2170 1.735789
2171 1.73579
2172 1.73579
2173 1.735791
2174 1.735791
2175 1.735791
2176 1.735792
2177 1.735793
2178 1.735793
2179 1.735793
2180 1.735794
2181 1.735794
2182 1.735794
2183 1.735795
2184 1.735796
2185 1.735796
2186 1.735796
2187 1.735796
2188 1.735797
2189 1.735797
2190 1.735798
2191 1.735798
2192 1.735799
2193 1.735799
2194 1.7358
2195 1.7358
2196 1.7358
2197 1.7358
2198 1.735801
2199 1.735801
2200 1.735802
2201 1.735802
2202 1.735803
2203 1.735803
2204 1.735803
2205 1.735804
2206 1.735804
2207 1.735805
2208 1.735805
2209 1.735805
2210 1.735806
2211 1.735806
2212 1.735806
2213 1.735806
2214 1.735807
2215 1.735807
2216 1.735808
2217 1.735808
2218 1.735808
2219 1.735809
2220 1.735809
2221 1.735809
2222 1.73581
2223 1.73581
2224 1.735811
2225 1.735811
2226 1.735812
2227 1.735812
2228 1.735813
2229 1.735813
2230 1.735814
2231 1.735814
2232 1.735815
2233 1.735815
2234 1.735815
2235 1.735815
2236 1.735816
2237 1.735816
2238 1.735816
2239 1.735816
2240 1.735817
2241 1.735817
2242 1.735817
2243 1.735817
2244 1.735817
2245 1.735818
2246 1.735818
2247 1.735818
2248 1.735819
2249 1.735819
2250 1.735819
2251 1.735819
2252 1.73582
2253 1.73582
2254 1.735821
2255 1.735821
2256 1.735821
2257 1.735821
2258 1.735822
2259 1.735822
2260 1.735822
2261 1.735823
2262 1.735824
2263 1.735824
2264 1.735824
2265 1.735824
2266 1.735824
2267 1.735825
2268 1.735825
2269 1.735825
2270 1.735826
2271 1.735826
2272 1.735826
2273 1.735826
2274 1.735826
2275 1.735826
2276 1.735827
2277 1.735827
2278 1.735828
2279 1.735828
2280 1.735828
2281 1.735828
2282 1.735829
2283 1.735829
2284 1.735829
2285 1.735829
2286 1.73583
2287 1.73583
2288 1.73583
2289 1.73583
2290 1.735831
2291 1.735831
2292 1.735831
2293 1.735831
2294 1.735832
2295 1.735832
2296 1.735832
2297 1.735833
2298 1.735833
2299 1.735834
2300 1.735834
