"report-mom-rfile"
"Iteration" "report-mom"
("Iteration" "report-mom")
500 0.4782878
501 0.4783233
502 0.4783586
503 0.4783943
504 0.4784305
505 0.4784669
506 0.4785037
507 0.4785409
508 0.4785785
509 0.4786164
510 0.4786543
511 0.4786933
512 0.4787316
513 0.4787712
514 0.4788103
515 0.4788499
516 0.4788893
517 0.4789289
518 0.4789687
519 0.4790085
520 0.4790484
521 0.4790883
522 0.4791282
523 0.4791683
524 0.4792082
525 0.4792483
526 0.4792881
527 0.4793282
528 0.4793681
529 0.4794082
530 0.4794485
531 0.4794889
532 0.4795297
533 0.4795704
534 0.4796111
535 0.4796524
536 0.4796937
537 0.4797352
538 0.479777
539 0.479819
540 0.4798612
541 0.4799035
542 0.479946
543 0.4799887
544 0.4800317
545 0.4800751
546 0.4801183
547 0.4801618
548 0.4802056
549 0.4802493
550 0.4802935
551 0.4803375
552 0.4803821
553 0.4804268
554 0.4804718
555 0.4805167
556 0.480562
557 0.4806077
558 0.4806533
559 0.4806986
560 0.480745
561 0.480791
562 0.4808372
563 0.4808835
564 0.4809298
565 0.4809766
566 0.4810233
567 0.48107
568 0.4811169
569 0.4811641
570 0.4812112
571 0.4812586
572 0.4813059
573 0.4813534
574 0.4814014
575 0.4814492
576 0.481497
577 0.4815452
578 0.4815931
579 0.4816417
580 0.4816899
581 0.4817392
582 0.4817881
583 0.4818373
584 0.4818865
585 0.4819362
586 0.481986
587 0.4820357
588 0.4820859
589 0.4821358
590 0.4821864
591 0.4822371
592 0.4822881
593 0.4823391
594 0.4823901
595 0.4824417
596 0.4824936
597 0.4825455
598 0.4825972
599 0.48265
600 0.4827026
601 0.4827551
602 0.4828081
603 0.4828615
604 0.4829149
605 0.4829683
606 0.4830224
607 0.4830763
608 0.4831305
609 0.4831844
610 0.4832388
611 0.483293
612 0.4833475
613 0.4834017
614 0.4834562
615 0.4835108
616 0.4835655
617 0.4836201
618 0.4836746
619 0.4837293
620 0.4837841
621 0.483839
622 0.4838948
623 0.48395
624 0.4840052
625 0.4840607
626 0.4841157
627 0.4841715
628 0.4842272
629 0.4842826
630 0.4843384
631 0.4843944
632 0.4844503
633 0.4845063
634 0.4845619
635 0.4846184
636 0.4846748
637 0.484731
638 0.4847876
639 0.4848441
640 0.484901
641 0.4849579
642 0.4850147
643 0.4850718
644 0.4851288
645 0.4851861
646 0.4852434
647 0.4853009
648 0.4853583
649 0.485416
650 0.4854733
651 0.485531
652 0.4855887
653 0.485647
654 0.4857046
655 0.4857624
656 0.4858203
657 0.4858784
658 0.4859362
659 0.4859943
660 0.4860525
661 0.4861106
662 0.4861688
663 0.4862271
664 0.4862854
665 0.4863437
666 0.4864024
667 0.486461
668 0.4865196
669 0.4865785
670 0.4866375
671 0.4866961
672 0.4867553
673 0.4868142
674 0.4868737
675 0.4869325
676 0.4869917
677 0.4870507
678 0.4871098
679 0.4871693
680 0.4872285
681 0.4872878
682 0.4873469
683 0.4874066
684 0.487466
685 0.4875251
686 0.4875847
687 0.4876445
688 0.4877037
689 0.4877633
690 0.4878228
691 0.4878823
692 0.4879412
693 0.4880004
694 0.4880596
695 0.4881186
696 0.4881776
697 0.4882368
698 0.4882957
699 0.4883546
700 0.4884133
701 0.4884723
702 0.488531
703 0.4885898
704 0.4886483
705 0.488707
706 0.4887656
707 0.4888243
708 0.4888825
709 0.4889409
710 0.4889991
711 0.4890573
712 0.4891151
713 0.4891734
714 0.4892314
715 0.4892894
716 0.489347
717 0.4894048
718 0.4894626
719 0.4895202
720 0.4895774
721 0.4896353
722 0.4896926
723 0.4897499
724 0.4898073
725 0.4898646
726 0.4899231
727 0.4899807
728 0.4900374
729 0.4900939
730 0.4901505
731 0.4902073
732 0.4902636
733 0.4903204
734 0.4903768
735 0.4904331
736 0.4904895
737 0.490546
738 0.4906019
739 0.4906553
740 0.4907111
741 0.4907677
742 0.4908236
743 0.4908801
744 0.4909363
745 0.4909924
746 0.4910482
747 0.4911043
748 0.4911602
749 0.4912157
750 0.4912737
751 0.4913288
752 0.4913827
753 0.4914368
754 0.4914905
755 0.4915441
756 0.4915976
757 0.4916512
758 0.4917047
759 0.4917581
760 0.4918113
761 0.4918648
762 0.4919181
763 0.4919713
764 0.4920243
765 0.4920773
766 0.4921303
767 0.4921831
768 0.4922354
769 0.4922878
770 0.4923402
771 0.4923927
772 0.4924447
773 0.4924966
774 0.4925483
775 0.4925999
776 0.4926515
777 0.4927031
778 0.4927541
779 0.4928055
780 0.4928562
781 0.4929073
782 0.4929581
783 0.4930082
784 0.4930588
785 0.4931093
786 0.4931594
787 0.4932102
788 0.4932605
789 0.4933102
790 0.4933593
791 0.4934092
792 0.4934583
793 0.4935114
794 0.4935601
795 0.4936087
796 0.4936567
797 0.4937051
798 0.4937531
799 0.4938014
800 0.4938495
801 0.4938975
802 0.4939454
803 0.4939933
804 0.4940409
805 0.4940886
806 0.4941356
807 0.4941835
808 0.4942305
809 0.4942778
810 0.4943246
811 0.4943717
812 0.4944182
813 0.4944647
814 0.4945115
815 0.494558
816 0.4946045
817 0.4946511
818 0.4946975
819 0.4947442
820 0.4947904
821 0.4948344
822 0.4948803
823 0.494927
824 0.4949734
825 0.4950196
826 0.4950653
827 0.4951113
828 0.4951567
829 0.4952023
830 0.4952476
831 0.4952925
832 0.4953375
833 0.4953822
834 0.4954269
835 0.4954714
836 0.4955161
837 0.4955606
838 0.4956045
839 0.4956485
840 0.4956928
841 0.4957364
842 0.49578
843 0.495824
844 0.4958674
845 0.4959113
846 0.4959543
847 0.495998
848 0.4960412
849 0.4960842
850 0.4961275
851 0.4961708
852 0.4962136
853 0.4962567
854 0.4962997
855 0.4963439
856 0.4963864
857 0.4964243
858 0.4964728
859 0.4965147
860 0.496551
861 0.4965986
862 0.4966398
863 0.496677
864 0.4967236
865 0.4967603
866 0.4968073
867 0.496843
868 0.4968894
869 0.4969259
873 0.4970908
874 0.4971352
875 0.4971726
876 0.4972182
877 0.4972601
878 0.4972956
879 0.4973399
880 0.4973761
881 0.497421
882 0.4974612
883 0.4974964
884 0.4975404
885 0.4975757
886 0.4976199
887 0.4976599
888 0.4976946
889 0.4977375
890 0.4977725
891 0.4978161
892 0.4978512
893 0.4978895
894 0.4979326
895 0.4979675
896 0.4980056
897 0.4980441
898 0.498082
899 0.4981204
900 0.4981586
901 0.498197
902 0.4982346
903 0.498273
904 0.4983098
905 0.4983478
906 0.4983842
907 0.4984219
908 0.4984582
909 0.4984923
910 0.4985272
911 0.4985653
912 0.4986014
913 0.4986396
914 0.4986754
915 0.4987132
916 0.4987486
917 0.4987857
918 0.4988206
919 0.4988575
920 0.4988925
921 0.4989289
922 0.4989629
923 0.4989993
924 0.4990338
925 0.49907
926 0.4991039
927 0.4991394
928 0.4991731
929 0.4992077
930 0.4992414
931 0.4992758
932 0.4993091
933 0.4993433
934 0.4993764
935 0.4994104
936 0.499443
937 0.4994766
938 0.4995092
939 0.4995429
940 0.499575
941 0.4996083
942 0.4996401
943 0.4996733
944 0.499705
945 0.4997377
946 0.4997688
947 0.4998013
948 0.4998327
949 0.4998648
950 0.4998957
951 0.4999276
952 0.4999583
953 0.4999899
954 0.5000204
955 0.500052
956 0.5000823
957 0.5001134
958 0.5001433
959 0.5001745
960 0.5002041
961 0.500235
962 0.5002645
963 0.500295
964 0.5003244
965 0.5003551
966 0.5003841
967 0.5004144
968 0.5004431
969 0.5004729
970 0.5005028
971 0.500533
972 0.5005612
973 0.5005907
974 0.5006186
975 0.5006475
976 0.5006754
977 0.5007045
978 0.5007321
979 0.5007612
980 0.5007885
981 0.5008171
982 0.5008445
983 0.5008728
984 0.5008999
985 0.5009286
986 0.500955
987 0.5009832
988 0.5010098
989 0.5010378
990 0.5010641
991 0.5010919
992 0.5011184
993 0.5011458
994 0.5011718
995 0.501199
996 0.5012249
997 0.501252
998 0.5012774
999 0.5013044
1000 0.50133
1001 0.5013568
1002 0.5013818
1003 0.5014086
1004 0.5014334
1005 0.5014595
1006 0.5014845
1007 0.5015106
1008 0.5015352
1009 0.5015614
1010 0.5015858
1011 0.5016115
1012 0.5016357
1013 0.5016609
1014 0.501685
1015 0.5017104
1016 0.5017344
1017 0.5017592
1018 0.501783
1019 0.501808
1020 0.5018314
1021 0.501856
1022 0.5018795
1023 0.5019038
1024 0.5019272
1025 0.5019512
1026 0.5019742
1027 0.5019988
1028 0.5020221
1029 0.5020455
1030 0.5020684
1031 0.5020919
1032 0.5021143
1033 0.5021374
1034 0.5021595
1035 0.5021827
1036 0.5022047
1037 0.502228
1038 0.5022494
1039 0.5022724
1040 0.5022939
1041 0.5023168
1042 0.5023378
1043 0.5023605
1044 0.5023813
1045 0.5024041
1046 0.5024248
1047 0.5024471
1048 0.5024676
1049 0.5024897
1050 0.5025101
1051 0.5025322
1052 0.5025523
1053 0.5025738
1054 0.5025939
1055 0.5026154
1056 0.5026352
1057 0.5026563
1058 0.5026762
1059 0.5026974
1060 0.5027167
1061 0.5027377
1062 0.5027573
1063 0.5027781
1064 0.5027971
1065 0.5028179
1066 0.5028368
1067 0.502857
1068 0.502876
1069 0.5028966
1070 0.5029152
1071 0.5029352
1072 0.5029539
1073 0.5029739
1074 0.5029924
1075 0.5030119
1076 0.5030303
1077 0.5030497
1078 0.503068
1079 0.5030872
1080 0.5031053
1081 0.5031244
1082 0.5031422
1083 0.5031614
1084 0.503179
1085 0.5031978
1086 0.5032155
1087 0.5032344
1088 0.5032517
1089 0.5032703
1090 0.5032876
1091 0.5033061
1092 0.5033234
1093 0.5033416
1094 0.5033584
1095 0.5033766
1096 0.5033936
1097 0.5034115
1098 0.5034282
1099 0.5034461
1100 0.5034626
1101 0.5034802
1102 0.5034966
1103 0.5035142
1104 0.5035303
1105 0.5035476
1106 0.5035636
1107 0.5035809
1108 0.5035969
1109 0.5036135
1110 0.5036294
1111 0.5036463
1112 0.503662
1113 0.5036786
1114 0.5036941
1115 0.5037104
1116 0.503726
1117 0.5037425
1118 0.5037575
1119 0.5037739
1120 0.5037888
1121 0.503805
1122 0.5038198
1123 0.5038359
1124 0.5038505
1125 0.5038668
1126 0.5038812
1127 0.503897
1128 0.5039114
1129 0.5039272
1130 0.5039414
1131 0.5039572
1132 0.5039715
1133 0.5039868
1134 0.5040008
1135 0.5040165
1136 0.5040302
1137 0.504046
1138 0.5040592
1139 0.5040748
1140 0.5040883
1141 0.5041035
1142 0.504117
1143 0.5041322
1144 0.5041455
1145 0.5041605
1146 0.5041738
1147 0.5041882
1148 0.5042017
1149 0.5042158
1150 0.5042292
1151 0.5042431
1152 0.5042562
1153 0.5042702
1154 0.504276
1155 0.5043015
1156 0.5043053
1157 0.5043299
1158 0.504333
1159 0.5043571
1160 0.5043594
1161 0.5043835
1162 0.5043859
1163 0.5044103
1164 0.5044127
1165 0.5044365
1166 0.5044388
1167 0.5044621
1168 0.5044643
1169 0.5044876
1170 0.5044898
1171 0.5045129
1172 0.5045152
1173 0.5045382
1174 0.5045401
1175 0.504563
1176 0.5045651
1177 0.5045878
1178 0.5045899
1179 0.5046114
1180 0.5046151
1181 0.504636
1182 0.5046394
1183 0.5046598
1184 0.5046631
1185 0.5046836
1186 0.5046867
1187 0.504707
1188 0.5047103
1189 0.5047304
1190 0.5047337
1191 0.5047535
1192 0.5047567
1193 0.5047762
1194 0.5047793
1195 0.5047988
1196 0.5048021
1197 0.5048212
1198 0.5048243
1199 0.5048435
1200 0.5048465
1201 0.5048655
1202 0.5048685
1203 0.5048874
1204 0.5048904
1205 0.5049092
1206 0.5049117
1207 0.5049304
1208 0.5049331
1209 0.5049517
1210 0.5049543
1211 0.5049726
1212 0.5049754
1213 0.5049934
1214 0.5049961
1215 0.5050138
1216 0.5050166
1217 0.5050345
1218 0.505037
1219 0.5050545
1220 0.5050572
1221 0.5050749
1222 0.5050774
1223 0.5050943
1224 0.5050971
1225 0.5051144
1226 0.5051169
1227 0.5051336
1228 0.5051363
1229 0.5051534
1230 0.505156
1231 0.5051727
1232 0.5051751
1233 0.5051925
1234 0.5051947
1235 0.5052111
1236 0.5052135
1237 0.5052298
1238 0.505232
1239 0.5052482
1240 0.5052504
1241 0.5052661
1242 0.5052684
1243 0.5052844
1244 0.5052866
1245 0.5052931
1246 0.5053133
1247 0.5053158
1248 0.5053216
1249 0.5053409
1250 0.505343
1251 0.5053484
1252 0.5053673
1253 0.5053696
1254 0.5053746
1255 0.5053931
1256 0.5053951
1257 0.5054004
1258 0.5054187
1259 0.5054207
1260 0.5054256
1261 0.5054436
1262 0.5054457
1263 0.505451
1264 0.505469
1265 0.5054711
1266 0.5054758
1267 0.5054933
1268 0.5054953
1269 0.5055004
1270 0.5055178
1271 0.5055198
1272 0.5055244
1273 0.5055414
1274 0.5055432
1275 0.5055479
1276 0.505565
1277 0.5055668
1278 0.5055711
1279 0.5055881
1280 0.50559
1281 0.5055943
1282 0.5056112
1283 0.505613
1284 0.505617
1285 0.5056334
1286 0.505635
1287 0.5056395
1288 0.5056555
1289 0.5056574
1290 0.5056614
1291 0.5056772
1292 0.505679
1293 0.5056832
1294 0.5056893
1295 0.5057073
1296 0.5057089
1297 0.5057129
1298 0.5057184
1299 0.5057356
1300 0.5057372
1301 0.505741
1302 0.5057464
1303 0.5057633
1304 0.5057645
1305 0.5057682
1306 0.5057735
1307 0.5057902
1308 0.5057914
1309 0.5057951
1310 0.5058003
1311 0.5058164
1312 0.5058178
1313 0.5058215
1314 0.5058268
1315 0.5058424
1316 0.5058438
1317 0.5058472
1318 0.5058522
1319 0.505868
1320 0.5058693
1321 0.5058725
1322 0.5058776
1323 0.505893
1324 0.5058942
1325 0.5058973
1326 0.5059022
1327 0.5059176
1328 0.5059193
1329 0.5059223
1330 0.5059274
1331 0.5059412
1332 0.505943
1333 0.5059457
1334 0.5059509
1335 0.5059647
1336 0.5059662
1337 0.5059689
1338 0.5059743
1339 0.5059792
1340 0.5059947
1341 0.5059959
1342 0.5059991
1343 0.5060031
1344 0.5060086
1345 0.5060226
1346 0.5060242
1347 0.5060266
1348 0.5060314
1349 0.5060358
1350 0.5060419
1351 0.5060564
1352 0.506058
1353 0.5060602
1354 0.5060642
1355 0.5060683
1356 0.5060743
1357 0.5060881
1358 0.5060896
1359 0.5060917
1360 0.5060955
1361 0.5060998
1362 0.5061055
1363 0.5061191
1364 0.5061205
1365 0.5061225
1366 0.5061265
1367 0.5061305
1368 0.5061359
1369 0.5061411
1370 0.5061471
1371 0.506161
1372 0.5061623
1373 0.506164
1374 0.5061675
1375 0.5061708
1376 0.5061759
1377 0.5061803
1378 0.5061861
1379 0.5061908
1380 0.5061964
1381 0.5062014
1382 0.5062067
1383 0.5062111
1384 0.5062166
1385 0.5062212
1386 0.5062263
1387 0.5062303
1388 0.5062353
1389 0.5062395
1390 0.5062444
1391 0.5062484
1392 0.5062534
1393 0.5062569
1394 0.5062621
1395 0.506266
1396 0.5062708
1397 0.5062746
1398 0.5062795
1399 0.5062833
1400 0.5062879
1401 0.5062918
1402 0.5062966
1403 0.5063005
1404 0.5063051
1405 0.5063087
1406 0.5063137
1407 0.5063171
1408 0.5063218
1409 0.5063255
1410 0.5063302
1411 0.5063336
1412 0.5063381
1413 0.5063419
1414 0.506346
1415 0.5063496
1416 0.506354
1417 0.5063574
1418 0.506362
1419 0.5063652
1420 0.5063697
1421 0.506373
1422 0.5063773
1423 0.5063806
1424 0.5063849
1425 0.5063883
1426 0.5063924
1427 0.5063957
1428 0.5063998
1429 0.5064029
1430 0.5064073
1431 0.5064101
1432 0.5064144
1433 0.5064175
1434 0.5064213
1435 0.5064246
1436 0.5064288
1437 0.5064316
1438 0.5064355
1439 0.5064389
1440 0.5064428
1441 0.5064455
1442 0.5064497
1443 0.5064528
1444 0.5064564
1445 0.5064592
1446 0.5064635
1447 0.5064665
1448 0.5064704
1449 0.5064732
1450 0.5064769
1451 0.5064797
1452 0.5064836
1453 0.5064862
1454 0.50649
1455 0.506493
1456 0.5064968
1457 0.5064995
1458 0.5065032
1459 0.5065059
1460 0.5065095
1461 0.5065123
1462 0.5065157
1463 0.5065187
1464 0.5065222
1465 0.5065247
1466 0.5065282
1467 0.506531
1468 0.5065343
1469 0.506537
1470 0.5065402
1471 0.5065432
1472 0.5065461
1473 0.506549
1474 0.5065524
1475 0.506555
1476 0.5065581
1477 0.5065605
1478 0.506564
1479 0.5065665
1480 0.5065696
1481 0.5065723
1482 0.5065755
1483 0.506578
1484 0.5065812
1485 0.5065836
1486 0.5065867
1487 0.5065892
1488 0.5065921
1489 0.5065945
1490 0.5065975
1491 0.5065998
1492 0.5066034
1493 0.5066055
1494 0.5066082
1495 0.5066108
1496 0.5066136
1497 0.5066159
1498 0.5066189
1499 0.5066212
1500 0.5066241
1501 0.5066263
1502 0.5066291
1503 0.5066316
1504 0.5066343
1505 0.5066366
1506 0.5066395
1507 0.5066415
1508 0.5066441
1509 0.5066463
1510 0.506649
1511 0.5066514
1512 0.5066542
1513 0.5066562
1514 0.5066587
1515 0.5066609
1516 0.5066638
1517 0.5066658
1518 0.5066683
1519 0.5066703
1520 0.5066731
1521 0.5066751
1522 0.5066778
1523 0.5066799
1524 0.5066826
1525 0.5066845
1526 0.5066869
1527 0.5066889
1528 0.5066916
1529 0.5066934
1530 0.5066959
1531 0.5066977
1532 0.5067002
1533 0.5067021
1534 0.5067048
1535 0.5067064
1536 0.5067088
1537 0.5067106
1538 0.5067132
1539 0.506715
1540 0.5067174
1541 0.5067192
1542 0.5067217
1543 0.5067235
1544 0.5067258
1545 0.5067276
1546 0.50673
1547 0.5067319
1548 0.5067341
1549 0.5067356
1550 0.5067381
1551 0.5067396
1552 0.5067418
1553 0.5067436
1554 0.5067458
1555 0.5067474
1556 0.5067498
1557 0.5067515
1558 0.5067536
1559 0.5067552
1560 0.5067575
1561 0.506759
1562 0.5067614
1563 0.5067629
1564 0.5067651
1565 0.5067668
1566 0.5067689
1567 0.5067705
1568 0.5067725
1569 0.5067742
1570 0.5067762
1571 0.5067777
1572 0.5067797
1573 0.5067812
1574 0.5067834
1575 0.5067849
1576 0.5067868
1577 0.5067881
1578 0.50679
1579 0.5067917
1580 0.5067937
1581 0.5067952
1582 0.5067972
1583 0.5067987
1584 0.5068005
1585 0.5068021
1586 0.506804
1587 0.5068055
1588 0.5068074
1589 0.5068088
1590 0.5068107
1591 0.506812
1592 0.5068139
1593 0.5068153
1594 0.5068172
1595 0.5068187
1596 0.5068204
1597 0.5068218
1598 0.5068234
1599 0.5068248
1600 0.5068264
1601 0.5068277
1602 0.5068295
1603 0.506831
1604 0.5068329
1605 0.5068341
1606 0.5068359
1607 0.506837
1608 0.5068387
1609 0.50684
1610 0.5068417
1611 0.5068431
1612 0.5068445
1613 0.5068459
1614 0.5068478
1615 0.5068488
1616 0.5068504
1617 0.5068518
1618 0.5068533
1619 0.5068545
1620 0.506856
1621 0.5068573
1622 0.5068588
1623 0.5068601
1624 0.506862
1625 0.5068627
1626 0.5068646
1627 0.5068659
1628 0.5068672
1629 0.5068686
1630 0.50687
1631 0.5068712
1632 0.5068725
1633 0.5068737
1634 0.5068752
1635 0.5068766
1636 0.5068781
1637 0.5068791
1638 0.5068808
1639 0.5068817
1640 0.5068831
1641 0.5068843
1642 0.5068858
1643 0.506887
1644 0.5068883
1645 0.5068895
1646 0.5068911
1647 0.506892
1648 0.5068935
1649 0.5068946
1650 0.5068958
1651 0.5068969
1652 0.5068985
1653 0.5068994
1654 0.5069007
1655 0.5069016
1656 0.5069031
1657 0.5069041
1658 0.5069054
1659 0.5069066
1660 0.5069078
1661 0.5069088
1662 0.5069101
1663 0.5069112
1664 0.5069126
1665 0.5069137
1666 0.5069148
1667 0.5069155
1668 0.5069169
1669 0.5069177
1670 0.5069189
1671 0.50692
1672 0.5069215
1673 0.5069222
1674 0.5069235
1675 0.5069246
1676 0.5069257
1677 0.5069266
1678 0.5069278
1679 0.5069285
1680 0.5069298
1681 0.506931
1682 0.5069322
1683 0.506933
1684 0.5069342
1685 0.5069351
1686 0.5069363
1687 0.5069371
1688 0.5069382
1689 0.5069392
1690 0.5069405
1691 0.5069412
1692 0.5069425
1693 0.5069433
1694 0.5069445
1695 0.5069454
1696 0.5069463
1697 0.5069473
1698 0.5069484
1699 0.5069491
1700 0.5069503
1701 0.5069512
1702 0.5069523
1703 0.5069529
1704 0.5069539
1705 0.5069546
1706 0.5069558
1707 0.5069565
1708 0.5069579
1709 0.5069585
1710 0.5069597
1711 0.5069603
1712 0.5069615
1713 0.5069621
1714 0.5069633
1715 0.5069639
1716 0.506965
1717 0.5069657
1718 0.5069668
1719 0.5069674
1720 0.5069686
1721 0.5069693
1722 0.5069703
1723 0.5069708
1724 0.5069719
1725 0.5069726
1726 0.5069735
1727 0.5069744
1728 0.5069752
1729 0.5069758
1730 0.506977
1731 0.5069776
1732 0.5069785
1733 0.5069792
1734 0.5069802
1735 0.506981
1736 0.5069817
1737 0.5069826
1738 0.5069837
1739 0.506984
1740 0.5069852
1741 0.5069858
1742 0.5069867
1743 0.5069873
1744 0.5069883
1745 0.5069889
1746 0.5069898
1747 0.5069907
1748 0.5069916
1749 0.5069922
1750 0.5069932
1751 0.5069938
1752 0.5069946
1753 0.5069951
1754 0.5069962
1755 0.5069967
1756 0.5069977
1757 0.5069983
1758 0.5069993
1759 0.5069999
1760 0.5070007
1761 0.5070014
1762 0.5070022
1763 0.5070028
1764 0.5070037
1765 0.5070042
1766 0.5070053
1767 0.5070058
1768 0.5070065
1769 0.5070068
1770 0.5070078
1771 0.5070083
1772 0.5070092
1773 0.5070097
1774 0.5070105
1775 0.5070112
1776 0.507012
1777 0.5070123
1778 0.5070133
1779 0.5070138
1780 0.5070145
1781 0.507015
1782 0.507016
1783 0.5070166
1784 0.5070173
1785 0.5070176
1786 0.5070185
1787 0.5070191
1788 0.5070199
1789 0.5070203
1790 0.5070211
1791 0.5070216
1792 0.5070224
1793 0.5070229
1794 0.5070236
1795 0.5070241
1796 0.5070247
1797 0.5070251
1798 0.507026
1799 0.5070264
1800 0.5070271
1801 0.5070275
1802 0.5070283
1803 0.5070286
1804 0.5070295
1805 0.50703
1806 0.507031
1807 0.5070313
1808 0.507032
1809 0.5070325
1810 0.5070332
1811 0.5070339
1812 0.5070345
1813 0.5070347
1814 0.5070355
1815 0.5070361
1816 0.5070368
1817 0.5070371
1818 0.5070377
1819 0.5070382
1820 0.507039
1821 0.5070394
1822 0.5070402
1823 0.5070404
1824 0.5070412
1825 0.5070416
1826 0.5070422
1827 0.5070426
1828 0.5070433
1829 0.5070436
1830 0.5070444
1831 0.5070447
1832 0.5070455
1833 0.5070457
1834 0.5070465
1835 0.5070469
1836 0.5070475
1837 0.5070481
1838 0.5070488
1839 0.5070491
1840 0.5070499
1841 0.5070502
1842 0.5070508
1843 0.5070511
1844 0.5070518
1845 0.5070522
1846 0.5070528
1847 0.5070531
1848 0.5070536
1849 0.507054
1850 0.5070544
1851 0.5070549
1852 0.5070555
1853 0.5070558
1854 0.5070565
1855 0.5070568
1856 0.5070574
1857 0.5070578
1858 0.5070583
1859 0.5070584
1860 0.5070592
1861 0.5070596
1862 0.5070602
1863 0.5070605
1864 0.5070612
1865 0.5070615
1866 0.5070623
1867 0.5070626
1868 0.5070632
1869 0.5070634
1870 0.507064
1871 0.5070642
1872 0.5070649
1873 0.5070652
1874 0.5070658
1875 0.5070661
1876 0.5070666
1877 0.507067
1878 0.5070675
1879 0.5070679
1880 0.5070684
1881 0.5070689
1882 0.5070695
1883 0.5070698
1884 0.5070702
1885 0.5070706
1886 0.5070711
1887 0.5070713
1888 0.5070717
1889 0.507072
1890 0.5070726
1891 0.5070729
1892 0.5070735
1893 0.5070738
1894 0.5070742
1895 0.5070747
1896 0.5070754
1897 0.5070757
1898 0.5070761
1899 0.5070763
1900 0.5070769
1901 0.5070773
1902 0.5070777
1903 0.5070781
1904 0.5070786
1905 0.5070787
1906 0.5070792
1907 0.5070794
1908 0.5070799
1909 0.5070801
1910 0.5070806
1911 0.507081
1912 0.5070813
1913 0.5070815
1914 0.5070823
1915 0.5070824
1916 0.5070829
1917 0.5070831
1918 0.5070836
1919 0.507084
1920 0.5070844
1921 0.5070846
1922 0.5070852
1923 0.5070853
1924 0.5070858
1925 0.5070862
1926 0.5070868
1927 0.5070869
1928 0.5070873
1929 0.5070875
1930 0.5070881
1931 0.5070884
1932 0.5070888
1933 0.507089
1934 0.5070894
1935 0.5070896
1936 0.5070902
1937 0.5070904
1938 0.507091
1939 0.5070911
1940 0.5070915
1941 0.5070917
1942 0.5070922
1943 0.5070924
1944 0.5070928
1945 0.507093
1946 0.5070934
1947 0.5070938
1948 0.5070942
1949 0.5070944
1950 0.5070949
1951 0.507095
1952 0.5070953
1953 0.5070957
1954 0.5070962
1955 0.5070964
1956 0.5070969
1957 0.5070971
1958 0.5070975
1959 0.5070977
1960 0.5070981
1961 0.5070982
1962 0.5070986
1963 0.5070987
1964 0.5070993
1965 0.5070995
1966 0.5070999
1967 0.5071001
1968 0.5071005
1969 0.5071008
1970 0.5071013
1971 0.5071014
1972 0.5071018
1973 0.5071018
1974 0.5071023
1975 0.5071024
1976 0.507103
1977 0.5071031
1978 0.5071035
1979 0.5071036
1980 0.507104
1981 0.5071042
1982 0.5071047
1983 0.5071048
1984 0.5071052
1985 0.5071052
1986 0.5071057
1987 0.5071057
1988 0.5071061
1989 0.5071063
1990 0.5071066
1991 0.5071068
1992 0.5071073
1993 0.5071075
1994 0.507108
1995 0.5071082
1996 0.5071086
1997 0.5071087
1998 0.507109
1999 0.5071093
2000 0.5071098
2001 0.5071101
2002 0.5071103
2003 0.5071106
2004 0.507111
2005 0.507111
2006 0.5071114
2007 0.5071117
2008 0.507112
2009 0.507112
2010 0.5071124
2011 0.5071126
2012 0.5071129
2013 0.507113
2014 0.5071135
2015 0.5071135
2016 0.5071139
2017 0.5071139
2018 0.5071144
2019 0.5071145
2020 0.5071148
2021 0.5071149
2022 0.5071154
2023 0.5071155
2024 0.5071157
2025 0.5071156
2026 0.5071161
2027 0.5071161
2028 0.5071165
2029 0.5071164
2030 0.5071168
2031 0.507117
2032 0.5071172
2033 0.5071175
2034 0.507118
2035 0.507118
2036 0.5071184
2037 0.5071186
2038 0.5071191
2039 0.5071191
2040 0.5071195
2041 0.5071195
2042 0.50712
2043 0.5071202
2044 0.5071205
2045 0.5071207
2046 0.5071211
2047 0.5071212
2048 0.5071216
2049 0.5071217
2050 0.5071219
2051 0.507122
2052 0.5071223
2053 0.5071223
2054 0.5071227
2055 0.5071228
2056 0.5071231
2057 0.5071232
2058 0.5071235
2059 0.5071236
2060 0.507124
2061 0.5071241
2062 0.5071245
2063 0.5071246
2064 0.507125
2065 0.5071251
2066 0.5071255
2067 0.5071255
2068 0.5071259
2069 0.5071259
2070 0.5071262
2071 0.5071263
2072 0.5071266
2073 0.5071266
2074 0.507127
2075 0.5071272
2076 0.5071275
2077 0.5071276
2078 0.507128
2079 0.5071279
2080 0.5071284
2081 0.5071282
2082 0.5071285
2083 0.5071284
2084 0.5071289
2085 0.5071287
2086 0.5071291
2087 0.5071291
2088 0.5071295
2089 0.5071297
2090 0.5071301
2091 0.5071302
2092 0.5071305
2093 0.5071306
2094 0.5071308
2095 0.5071309
2096 0.5071312
2097 0.5071312
2098 0.5071315
2099 0.5071314
2100 0.5071317
2101 0.5071318
2102 0.5071322
2103 0.5071322
2104 0.5071325
2105 0.5071326
2106 0.507133
2107 0.507133
2108 0.5071333
2109 0.5071333
2110 0.5071335
2111 0.5071337
2112 0.507134
2113 0.5071341
2114 0.5071343
2115 0.5071343
2116 0.5071347
2117 0.5071346
2118 0.507135
2119 0.5071351
2120 0.5071354
2121 0.5071355
2122 0.5071356
2123 0.5071359
2124 0.507136
2125 0.5071362
2126 0.5071364
2127 0.5071363
2128 0.5071366
2129 0.5071366
2130 0.507137
2131 0.5071371
2132 0.5071373
2133 0.5071374
2134 0.5071377
2135 0.5071375
2136 0.507138
2137 0.5071381
2138 0.5071384
2139 0.5071384
2140 0.5071387
2141 0.5071387
2142 0.5071389
2143 0.5071388
2144 0.5071391
2145 0.5071391
2146 0.5071394
2147 0.5071395
2148 0.5071398
2149 0.5071398
2150 0.5071402
2151 0.5071401
2152 0.5071405
2153 0.5071405
2154 0.5071408
2155 0.5071408
2156 0.5071412
2157 0.5071412
2158 0.5071414
2159 0.5071414
2160 0.5071418
2161 0.5071418
2162 0.5071419
2163 0.507142
2164 0.5071422
2165 0.5071422
2166 0.5071425
2167 0.5071426
2168 0.5071428
2169 0.5071428
2170 0.507143
2171 0.507143
2172 0.5071433
2173 0.5071433
2174 0.5071436
2175 0.5071436
2176 0.5071441
2177 0.507144
2178 0.5071442
2179 0.5071443
2180 0.5071446
2181 0.5071445
2182 0.5071447
2183 0.5071447
2184 0.5071449
2185 0.507145
2186 0.5071453
2187 0.5071453
2188 0.5071456
2189 0.5071456
2190 0.507146
2191 0.5071461
2192 0.5071463
2193 0.5071463
2194 0.5071465
2195 0.5071465
2196 0.507147
2197 0.507147
2198 0.5071473
2199 0.5071473
2200 0.5071474
2201 0.5071476
2202 0.5071477
2203 0.5071476
2204 0.5071479
2205 0.5071478
2206 0.507148
2207 0.5071481
2208 0.5071482
2209 0.5071482
2210 0.5071486
2211 0.5071486
2212 0.5071487
2213 0.5071487
2214 0.5071489
2215 0.5071489
2216 0.5071493
2217 0.5071492
2218 0.5071496
2219 0.5071495
2220 0.5071498
2221 0.5071496
2222 0.5071499
2223 0.5071498
2224 0.5071501
2225 0.5071501
2226 0.5071504
2227 0.5071504
2228 0.5071507
2229 0.5071507
2230 0.5071509
2231 0.5071509
2232 0.5071511
2233 0.507151
2234 0.5071512
2235 0.5071512
2236 0.5071515
2237 0.5071515
2238 0.5071518
2239 0.5071518
2240 0.507152
2241 0.507152
2242 0.5071522
2243 0.5071522
2244 0.5071524
2245 0.5071523
2246 0.5071528
2247 0.5071526
2248 0.5071529
2249 0.5071529
2250 0.5071531
2251 0.5071529
2252 0.5071532
2253 0.5071532
2254 0.5071535
2255 0.5071536
2256 0.5071537
2257 0.5071537
2258 0.5071539
2259 0.5071538
2260 0.5071541
2261 0.5071539
2262 0.5071542
2263 0.5071542
2264 0.5071544
2265 0.5071543
2266 0.5071544
2267 0.5071544
2268 0.5071546
2269 0.5071546
2270 0.507155
2271 0.5071549
2272 0.5071552
2273 0.5071552
2274 0.5071554
2275 0.5071554
2276 0.5071555
2277 0.5071554
2278 0.5071556
2279 0.5071556
2280 0.5071558
2281 0.5071558
2282 0.5071559
2283 0.507156
2284 0.5071561
2285 0.5071561
2286 0.5071564
2287 0.5071565
2288 0.5071567
2289 0.5071567
2290 0.5071569
2291 0.5071568
2292 0.507157
2293 0.5071569
2294 0.5071571
2295 0.5071571
2296 0.5071573
2297 0.5071572
2298 0.5071574
2299 0.5071574
2300 0.5071576
