This is pdfTeX, Version 3.14159265-2.6-1.40.20 (TeX Live 2019) (preloaded format=pdflatex 2019.5.8)  23 JAN 2020 10:25
entering extended mode
 restricted \write18 enabled.
 %&-line parsing enabled.
**main.tex
(./main.tex
LaTeX2e <2018-12-01>
(/usr/local/texlive/2019/texmf-dist/tex/latex/base/article.cls
Document Class: article 2018/09/03 v1.4i Standard LaTeX document class
(/usr/local/texlive/2019/texmf-dist/tex/latex/base/size10.clo
File: size10.clo 2018/09/03 v1.4i Standard LaTeX file (size option)
)
\c@part=\count80
\c@section=\count81
\c@subsection=\count82
\c@subsubsection=\count83
\c@paragraph=\count84
\c@subparagraph=\count85
\c@figure=\count86
\c@table=\count87
\abovecaptionskip=\skip41
\belowcaptionskip=\skip42
\bibindent=\dimen102
)
(/usr/local/texlive/2019/texmf-dist/tex/latex/base/inputenc.sty
Package: inputenc 2018/08/11 v1.3c Input encoding file
\inpenc@prehook=\toks14
\inpenc@posthook=\toks15
)
(/usr/local/texlive/2019/texmf-dist/tex/latex/geometry/geometry.sty
Package: geometry 2018/04/16 v5.8 Page Geometry

(/usr/local/texlive/2019/texmf-dist/tex/latex/graphics/keyval.sty
Package: keyval 2014/10/28 v1.15 key=value parser (DPC)
\KV@toks@=\toks16
)
(/usr/local/texlive/2019/texmf-dist/tex/generic/oberdiek/ifpdf.sty
Package: ifpdf 2018/09/07 v3.3 Provides the ifpdf switch
)
(/usr/local/texlive/2019/texmf-dist/tex/generic/oberdiek/ifvtex.sty
Package: ifvtex 2016/05/16 v1.6 Detect VTeX and its facilities (HO)
Package ifvtex Info: VTeX not detected.
)
(/usr/local/texlive/2019/texmf-dist/tex/generic/ifxetex/ifxetex.sty
Package: ifxetex 2010/09/12 v0.6 Provides ifxetex conditional
)
\Gm@cnth=\count88
\Gm@cntv=\count89
\c@Gm@tempcnt=\count90
\Gm@bindingoffset=\dimen103
\Gm@wd@mp=\dimen104
\Gm@odd@mp=\dimen105
\Gm@even@mp=\dimen106
\Gm@layoutwidth=\dimen107
\Gm@layoutheight=\dimen108
\Gm@layouthoffset=\dimen109
\Gm@layoutvoffset=\dimen110
\Gm@dimlist=\toks17
)
(/usr/local/texlive/2019/texmf-dist/tex/latex/setspace/setspace.sty
Package: setspace 2011/12/19 v6.7a set line spacing
)
(/usr/local/texlive/2019/texmf-dist/tex/latex/graphics/graphicx.sty
Package: graphicx 2017/06/01 v1.1a Enhanced LaTeX Graphics (DPC,SPQR)

(/usr/local/texlive/2019/texmf-dist/tex/latex/graphics/graphics.sty
Package: graphics 2017/06/25 v1.2c Standard LaTeX Graphics (DPC,SPQR)

(/usr/local/texlive/2019/texmf-dist/tex/latex/graphics/trig.sty
Package: trig 2016/01/03 v1.10 sin cos tan (DPC)
)
(/usr/local/texlive/2019/texmf-dist/tex/latex/graphics-cfg/graphics.cfg
File: graphics.cfg 2016/06/04 v1.11 sample graphics configuration
)
Package graphics Info: Driver file: pdftex.def on input line 99.

(/usr/local/texlive/2019/texmf-dist/tex/latex/graphics-def/pdftex.def
File: pdftex.def 2018/01/08 v1.0l Graphics/color driver for pdftex
))
\Gin@req@height=\dimen111
\Gin@req@width=\dimen112
)
(/usr/local/texlive/2019/texmf-dist/tex/latex/caption/subcaption.sty
Package: subcaption 2018/05/01 v1.1-162 Sub-captions (AR)

(/usr/local/texlive/2019/texmf-dist/tex/latex/caption/caption.sty
Package: caption 2018/10/06 v3.3-154 Customizing captions (AR)

(/usr/local/texlive/2019/texmf-dist/tex/latex/caption/caption3.sty
Package: caption3 2018/09/12 v1.8c caption3 kernel (AR)
Package caption3 Info: TeX engine: e-TeX on input line 64.
\captionmargin=\dimen113
\captionmargin@=\dimen114
\captionwidth=\dimen115
\caption@tempdima=\dimen116
\caption@indent=\dimen117
\caption@parindent=\dimen118
\caption@hangindent=\dimen119
)
\c@caption@flags=\count91
\c@ContinuedFloat=\count92
)
\c@subfigure=\count93
\c@subtable=\count94
)
(/usr/local/texlive/2019/texmf-dist/tex/latex/amsmath/amsmath.sty
Package: amsmath 2018/12/01 v2.17b AMS math features
\@mathmargin=\skip43

For additional information on amsmath, use the `?' option.
(/usr/local/texlive/2019/texmf-dist/tex/latex/amsmath/amstext.sty
Package: amstext 2000/06/29 v2.01 AMS text

(/usr/local/texlive/2019/texmf-dist/tex/latex/amsmath/amsgen.sty
File: amsgen.sty 1999/11/30 v2.0 generic functions
\@emptytoks=\toks18
\ex@=\dimen120
))
(/usr/local/texlive/2019/texmf-dist/tex/latex/amsmath/amsbsy.sty
Package: amsbsy 1999/11/29 v1.2d Bold Symbols
\pmbraise@=\dimen121
)
(/usr/local/texlive/2019/texmf-dist/tex/latex/amsmath/amsopn.sty
Package: amsopn 2016/03/08 v2.02 operator names
)
\inf@bad=\count95
LaTeX Info: Redefining \frac on input line 223.
\uproot@=\count96
\leftroot@=\count97
LaTeX Info: Redefining \overline on input line 385.
\classnum@=\count98
\DOTSCASE@=\count99
LaTeX Info: Redefining \ldots on input line 482.
LaTeX Info: Redefining \dots on input line 485.
LaTeX Info: Redefining \cdots on input line 606.
\Mathstrutbox@=\box27
\strutbox@=\box28
\big@size=\dimen122
LaTeX Font Info:    Redeclaring font encoding OML on input line 729.
LaTeX Font Info:    Redeclaring font encoding OMS on input line 730.
\macc@depth=\count100
\c@MaxMatrixCols=\count101
\dotsspace@=\muskip10
\c@parentequation=\count102
\dspbrk@lvl=\count103
\tag@help=\toks19
\row@=\count104
\column@=\count105
\maxfields@=\count106
\andhelp@=\toks20
\eqnshift@=\dimen123
\alignsep@=\dimen124
\tagshift@=\dimen125
\tagwidth@=\dimen126
\totwidth@=\dimen127
\lineht@=\dimen128
\@envbody=\toks21
\multlinegap=\skip44
\multlinetaggap=\skip45
\mathdisplay@stack=\toks22
LaTeX Info: Redefining \[ on input line 2844.
LaTeX Info: Redefining \] on input line 2845.
)
(/usr/local/texlive/2019/texmf-dist/tex/latex/float/float.sty
Package: float 2001/11/08 v1.3d Float enhancements (AL)
\c@float@type=\count107
\float@exts=\toks23
\float@box=\box29
\@float@everytoks=\toks24
\@floatcapt=\box30
)
\@float@every@table=\toks25

(/usr/local/texlive/2019/texmf-dist/tex/latex/natbib/natbib.sty
Package: natbib 2010/09/13 8.31b (PWD, AO)
\bibhang=\skip46
\bibsep=\skip47
LaTeX Info: Redefining \cite on input line 694.
\c@NAT@ctr=\count108
) (./main.aux)
\openout1 = `main.aux'.

LaTeX Font Info:    Checking defaults for OML/cmm/m/it on input line 19.
LaTeX Font Info:    ... okay on input line 19.
LaTeX Font Info:    Checking defaults for T1/cmr/m/n on input line 19.
LaTeX Font Info:    ... okay on input line 19.
LaTeX Font Info:    Checking defaults for OT1/cmr/m/n on input line 19.
LaTeX Font Info:    ... okay on input line 19.
LaTeX Font Info:    Checking defaults for OMS/cmsy/m/n on input line 19.
LaTeX Font Info:    ... okay on input line 19.
LaTeX Font Info:    Checking defaults for OMX/cmex/m/n on input line 19.
LaTeX Font Info:    ... okay on input line 19.
LaTeX Font Info:    Checking defaults for U/cmr/m/n on input line 19.
LaTeX Font Info:    ... okay on input line 19.

*geometry* driver: auto-detecting
*geometry* detected driver: pdftex
*geometry* verbose mode - [ preamble ] result:
* driver: pdftex
* paper: <default>
* layout: <same size as paper>
* layoutoffset:(h,v)=(0.0pt,0.0pt)
* modes: 
* h-part:(L,W,R)=(72.26999pt, 469.75502pt, 72.26999pt)
* v-part:(T,H,B)=(72.26999pt, 650.43001pt, 72.26999pt)
* \paperwidth=614.295pt
* \paperheight=794.96999pt
* \textwidth=469.75502pt
* \textheight=650.43001pt
* \oddsidemargin=0.0pt
* \evensidemargin=0.0pt
* \topmargin=-37.0pt
* \headheight=12.0pt
* \headsep=25.0pt
* \topskip=10.0pt
* \footskip=30.0pt
* \marginparwidth=65.0pt
* \marginparsep=11.0pt
* \columnsep=10.0pt
* \skip\footins=9.0pt plus 4.0pt minus 2.0pt
* \hoffset=0.0pt
* \voffset=0.0pt
* \mag=1000
* \@twocolumnfalse
* \@twosidefalse
* \@mparswitchfalse
* \@reversemarginfalse
* (1in=72.27pt=25.4mm, 1cm=28.453pt)

(/usr/local/texlive/2019/texmf-dist/tex/context/base/mkii/supp-pdf.mkii
[Loading MPS to PDF converter (version 2006.09.02).]
\scratchcounter=\count109
\scratchdimen=\dimen129
\scratchbox=\box31
\nofMPsegments=\count110
\nofMParguments=\count111
\everyMPshowfont=\toks26
\MPscratchCnt=\count112
\MPscratchDim=\dimen130
\MPnumerator=\count113
\makeMPintoPDFobject=\count114
\everyMPtoPDFconversion=\toks27
) (/usr/local/texlive/2019/texmf-dist/tex/latex/oberdiek/epstopdf-base.sty
Package: epstopdf-base 2016/05/15 v2.6 Base part for package epstopdf

(/usr/local/texlive/2019/texmf-dist/tex/generic/oberdiek/infwarerr.sty
Package: infwarerr 2016/05/16 v1.4 Providing info/warning/error messages (HO)
)
(/usr/local/texlive/2019/texmf-dist/tex/latex/oberdiek/grfext.sty
Package: grfext 2016/05/16 v1.2 Manage graphics extensions (HO)

(/usr/local/texlive/2019/texmf-dist/tex/generic/oberdiek/kvdefinekeys.sty
Package: kvdefinekeys 2016/05/16 v1.4 Define keys (HO)

(/usr/local/texlive/2019/texmf-dist/tex/generic/oberdiek/ltxcmds.sty
Package: ltxcmds 2016/05/16 v1.23 LaTeX kernel commands for general use (HO)
)))
(/usr/local/texlive/2019/texmf-dist/tex/latex/oberdiek/kvoptions.sty
Package: kvoptions 2016/05/16 v3.12 Key value format for package options (HO)

(/usr/local/texlive/2019/texmf-dist/tex/generic/oberdiek/kvsetkeys.sty
Package: kvsetkeys 2016/05/16 v1.17 Key value parser (HO)

(/usr/local/texlive/2019/texmf-dist/tex/generic/oberdiek/etexcmds.sty
Package: etexcmds 2016/05/16 v1.6 Avoid name clashes with e-TeX commands (HO)

(/usr/local/texlive/2019/texmf-dist/tex/generic/oberdiek/ifluatex.sty
Package: ifluatex 2016/05/16 v1.4 Provides the ifluatex switch (HO)
Package ifluatex Info: LuaTeX not detected.
))))
(/usr/local/texlive/2019/texmf-dist/tex/generic/oberdiek/pdftexcmds.sty
Package: pdftexcmds 2018/09/10 v0.29 Utility functions of pdfTeX for LuaTeX (HO
)
Package pdftexcmds Info: LuaTeX not detected.
Package pdftexcmds Info: \pdf@primitive is available.
Package pdftexcmds Info: \pdf@ifprimitive is available.
Package pdftexcmds Info: \pdfdraftmode found.
)
Package epstopdf-base Info: Redefining graphics rule for `.eps' on input line 4
38.
Package grfext Info: Graphics extension search list:
(grfext)             [.pdf,.png,.jpg,.mps,.jpeg,.jbig2,.jb2,.PDF,.PNG,.JPG,.JPE
G,.JBIG2,.JB2,.eps]
(grfext)             \AppendGraphicsExtensions on input line 456.

(/usr/local/texlive/2019/texmf-dist/tex/latex/latexconfig/epstopdf-sys.cfg
File: epstopdf-sys.cfg 2010/07/13 v1.3 Configuration of (r)epstopdf for TeX Liv
e
))
Package caption Info: Begin \AtBeginDocument code.
Package caption Info: float package is loaded.
Package caption Info: End \AtBeginDocument code.


LaTeX Warning: No \author given.

(./01_intro.tex
LaTeX Font Info:    Try loading font information for OMS+cmr on input line 8.
 (/usr/local/texlive/2019/texmf-dist/tex/latex/base/omscmr.fd
File: omscmr.fd 2014/09/29 v2.5h Standard LaTeX font definitions
)
LaTeX Font Info:    Font shape `OMS/cmr/m/n' in size <10> not available
(Font)              Font shape `OMS/cmsy/m/n' tried instead on input line 8.
<general_images/airfoil_image.jpg, id=1, 569.12625pt x 255.20343pt>
File: general_images/airfoil_image.jpg Graphic file (type jpg)
<use general_images/airfoil_image.jpg>
Package pdftex.def Info: general_images/airfoil_image.jpg  used on input line 1
6.
(pdftex.def)             Requested size: 469.75502pt x 210.65445pt.

[1

{/usr/local/texlive/2019/texmf-var/fonts/map/pdftex/updmap/pdftex.map} <./gener
al_images/airfoil_image.jpg>]) (./02_methods.tex
<general_images/farfield.jpg, id=16, 473.51906pt x 476.53032pt>
File: general_images/farfield.jpg Graphic file (type jpg)
<use general_images/farfield.jpg>
Package pdftex.def Info: general_images/farfield.jpg  used on input line 11.
(pdftex.def)             Requested size: 469.75502pt x 472.75537pt.
 [2]
<general_images/nearfield.jpg, id=20, 609.02531pt x 416.30531pt>
File: general_images/nearfield.jpg Graphic file (type jpg)
<use general_images/nearfield.jpg>
Package pdftex.def Info: general_images/nearfield.jpg  used on input line 18.
(pdftex.def)             Requested size: 422.77664pt x 289.00421pt.
 [3 <./general_images/farfield.jpg>]
<general_images/LE1.jpg, id=24, 874.76813pt x 603.75563pt>
File: general_images/LE1.jpg Graphic file (type jpg)
<use general_images/LE1.jpg>
Package pdftex.def Info: general_images/LE1.jpg  used on input line 25.
(pdftex.def)             Requested size: 422.77664pt x 291.79852pt.
<general_images/TE1.jpg, id=25, 838.63312pt x 588.69937pt>
File: general_images/TE1.jpg Graphic file (type jpg)
<use general_images/TE1.jpg>
Package pdftex.def Info: general_images/TE1.jpg  used on input line 32.
(pdftex.def)             Requested size: 422.77664pt x 296.7743pt.
 [4 <./general_images/nearfield.jpg> <./general_images/LE1.jpg>]
[5 <./general_images/TE1.jpg>]) (./03_results.tex

LaTeX Warning: No positions in optional float specifier.
               Default added (so using `tbp') on input line 40.

<coeffs.jpg, id=32, 1788.6825pt x 1310.8975pt>
File: coeffs.jpg Graphic file (type jpg)
<use coeffs.jpg>
Package pdftex.def Info: coeffs.jpg  used on input line 62.
(pdftex.def)             Requested size: 469.75502pt x 344.26578pt.
[6]
<tecplot_stuff/cont_stream_-7.png, id=37, 844.15375pt x 750.805pt>
File: tecplot_stuff/cont_stream_-7.png Graphic file (type png)
<use tecplot_stuff/cont_stream_-7.png>
Package pdftex.def Info: tecplot_stuff/cont_stream_-7.png  used on input line 7
1.
(pdftex.def)             Requested size: 281.85587pt x 250.68777pt.
 [7 <./coeffs.jpg>]
<tecplot_stuff/cont_stream_-4.png, id=45, 844.15375pt x 750.805pt>
File: tecplot_stuff/cont_stream_-4.png Graphic file (type png)
<use tecplot_stuff/cont_stream_-4.png>
Package pdftex.def Info: tecplot_stuff/cont_stream_-4.png  used on input line 7
8.
(pdftex.def)             Requested size: 281.85587pt x 250.68777pt.
<tecplot_stuff/cont_stream_-2.png, id=46, 844.15375pt x 750.805pt>
File: tecplot_stuff/cont_stream_-2.png Graphic file (type png)
<use tecplot_stuff/cont_stream_-2.png>
Package pdftex.def Info: tecplot_stuff/cont_stream_-2.png  used on input line 8
6.
(pdftex.def)             Requested size: 281.85587pt x 250.68777pt.
 [8 <./tecplot_stuff/cont_stream_-7.png (PNG copy)> <./tecplot_stuff/cont_strea
m_-4.png (PNG copy)>]
<tecplot_stuff/cont_stream_0.png, id=50, 844.15375pt x 750.805pt>
File: tecplot_stuff/cont_stream_0.png Graphic file (type png)
<use tecplot_stuff/cont_stream_0.png>
Package pdftex.def Info: tecplot_stuff/cont_stream_0.png  used on input line 94
.
(pdftex.def)             Requested size: 281.85587pt x 250.68777pt.
<tecplot_stuff/cont_stream_5.png, id=51, 844.15375pt x 750.805pt>
File: tecplot_stuff/cont_stream_5.png Graphic file (type png)
<use tecplot_stuff/cont_stream_5.png>
Package pdftex.def Info: tecplot_stuff/cont_stream_5.png  used on input line 10
2.
(pdftex.def)             Requested size: 281.85587pt x 250.68777pt.
 [9 <./tecplot_stuff/cont_stream_-2.png (PNG copy)> <./tecplot_stuff/cont_strea
m_0.png (PNG copy)>]
<tecplot_stuff/cont_stream_12.png, id=55, 844.15375pt x 750.805pt>
File: tecplot_stuff/cont_stream_12.png Graphic file (type png)
<use tecplot_stuff/cont_stream_12.png>
Package pdftex.def Info: tecplot_stuff/cont_stream_12.png  used on input line 1
10.
(pdftex.def)             Requested size: 281.85587pt x 250.68777pt.
<tecplot_stuff/cont_stream_14_5.png, id=56, 844.15375pt x 750.805pt>
File: tecplot_stuff/cont_stream_14_5.png Graphic file (type png)
<use tecplot_stuff/cont_stream_14_5.png>
Package pdftex.def Info: tecplot_stuff/cont_stream_14_5.png  used on input line
 117.
(pdftex.def)             Requested size: 281.85587pt x 250.68777pt.
 [10 <./tecplot_stuff/cont_stream_5.png (PNG copy)> <./tecplot_stuff/cont_strea
m_12.png (PNG copy)>]
<tecplot_stuff/cont_stream_17.png, id=60, 844.15375pt x 750.805pt>
File: tecplot_stuff/cont_stream_17.png Graphic file (type png)
<use tecplot_stuff/cont_stream_17.png>
Package pdftex.def Info: tecplot_stuff/cont_stream_17.png  used on input line 1
24.
(pdftex.def)             Requested size: 281.85587pt x 250.68777pt.
<tecplot_stuff/cont_stream_19_5.png, id=61, 844.15375pt x 750.805pt>
File: tecplot_stuff/cont_stream_19_5.png Graphic file (type png)
<use tecplot_stuff/cont_stream_19_5.png>
Package pdftex.def Info: tecplot_stuff/cont_stream_19_5.png  used on input line
 131.
(pdftex.def)             Requested size: 281.85587pt x 250.68777pt.
 [11 <./tecplot_stuff/cont_stream_14_5.png (PNG copy)> <./tecplot_stuff/cont_st
ream_17.png (PNG copy)>]
<tecplot_stuff/cont_stream_22.png, id=65, 844.15375pt x 750.805pt>
File: tecplot_stuff/cont_stream_22.png Graphic file (type png)
<use tecplot_stuff/cont_stream_22.png>
Package pdftex.def Info: tecplot_stuff/cont_stream_22.png  used on input line 1
38.
(pdftex.def)             Requested size: 281.85587pt x 250.68777pt.
<tecplot_stuff/y_plus_0.png, id=66, 844.15375pt x 750.805pt>
File: tecplot_stuff/y_plus_0.png Graphic file (type png)
<use tecplot_stuff/y_plus_0.png>
Package pdftex.def Info: tecplot_stuff/y_plus_0.png  used on input line 147.
(pdftex.def)             Requested size: 281.85587pt x 250.68777pt.
 [12 <./tecplot_stuff/cont_stream_19_5.png (PNG copy)> <./tecplot_stuff/cont_st
ream_22.png (PNG copy)>]
<tecplot_stuff/BL_0.png, id=70, 844.15375pt x 750.805pt>
File: tecplot_stuff/BL_0.png Graphic file (type png)
<use tecplot_stuff/BL_0.png>
Package pdftex.def Info: tecplot_stuff/BL_0.png  used on input line 156.
(pdftex.def)             Requested size: 281.85587pt x 250.68777pt.
) (./04_discuss.tex
[13 <./tecplot_stuff/y_plus_0.png (PNG copy)> <./tecplot_stuff/BL_0.png (PNG co
py)>]
<error_bar1.jpg, id=75, 1059.96pt x 1310.8975pt>
File: error_bar1.jpg Graphic file (type jpg)
<use error_bar1.jpg>
Package pdftex.def Info: error_bar1.jpg  used on input line 7.
(pdftex.def)             Requested size: 305.33789pt x 377.6302pt.
<error_bar2.jpg, id=76, 949.5475pt x 1302.8675pt>
File: error_bar2.jpg Graphic file (type jpg)
<use error_bar2.jpg>
Package pdftex.def Info: error_bar2.jpg  used on input line 14.
(pdftex.def)             Requested size: 234.8775pt x 322.27681pt.
<error_bar3.jpg, id=77, 949.5475pt x 1302.8675pt>
File: error_bar3.jpg Graphic file (type jpg)
<use error_bar3.jpg>
Package pdftex.def Info: error_bar3.jpg  used on input line 19.
(pdftex.def)             Requested size: 234.8775pt x 322.27681pt.

Overfull \hbox (2.2222pt too wide) in paragraph at lines 13--23
[][] [] 
 []

) [14 <./error_bar1.jpg>] (./appendix.tex
<-7_deg/AoA_-7_cl.png, id=81, 1241.63875pt x 603.25375pt>
File: -7_deg/AoA_-7_cl.png Graphic file (type png)
<use -7_deg/AoA_-7_cl.png>
Package pdftex.def Info: -7_deg/AoA_-7_cl.png  used on input line 22.
(pdftex.def)             Requested size: 234.8775pt x 114.11313pt.
<-7_deg/AoA_-7_cd.png, id=82, 1241.63875pt x 603.25375pt>
File: -7_deg/AoA_-7_cd.png Graphic file (type png)
<use -7_deg/AoA_-7_cd.png>
Package pdftex.def Info: -7_deg/AoA_-7_cd.png  used on input line 28.
(pdftex.def)             Requested size: 234.8775pt x 114.11313pt.
<-7_deg/AoA_-7_cm.png, id=83, 1241.63875pt x 603.25375pt>
File: -7_deg/AoA_-7_cm.png Graphic file (type png)
<use -7_deg/AoA_-7_cm.png>
Package pdftex.def Info: -7_deg/AoA_-7_cm.png  used on input line 33.
(pdftex.def)             Requested size: 234.8775pt x 114.11313pt.
<-7_deg/AoA_-7_resid.png, id=84, 1241.63875pt x 603.25375pt>
File: -7_deg/AoA_-7_resid.png Graphic file (type png)
<use -7_deg/AoA_-7_resid.png>
Package pdftex.def Info: -7_deg/AoA_-7_resid.png  used on input line 38.
(pdftex.def)             Requested size: 234.8775pt x 114.11313pt.

Overfull \hbox (2.2222pt too wide) in paragraph at lines 21--42
[][]  []
 []


Overfull \hbox (2.2222pt too wide) in paragraph at lines 21--42
[] [] 
 []

[15 <./error_bar2.jpg> <./error_bar3.jpg>]
<-4_deg/AoA_-4_cl.png, id=91, 1241.63875pt x 603.25375pt>
File: -4_deg/AoA_-4_cl.png Graphic file (type png)
<use -4_deg/AoA_-4_cl.png>
Package pdftex.def Info: -4_deg/AoA_-4_cl.png  used on input line 50.
(pdftex.def)             Requested size: 234.8775pt x 114.11313pt.
<-4_deg/AoA_-4_cd.png, id=92, 1241.63875pt x 603.25375pt>
File: -4_deg/AoA_-4_cd.png Graphic file (type png)
<use -4_deg/AoA_-4_cd.png>
Package pdftex.def Info: -4_deg/AoA_-4_cd.png  used on input line 56.
(pdftex.def)             Requested size: 234.8775pt x 114.11313pt.
<-4_deg/AoA_-4_cm.png, id=93, 1241.63875pt x 603.25375pt>
File: -4_deg/AoA_-4_cm.png Graphic file (type png)
<use -4_deg/AoA_-4_cm.png>
Package pdftex.def Info: -4_deg/AoA_-4_cm.png  used on input line 61.
(pdftex.def)             Requested size: 234.8775pt x 114.11313pt.
<-4_deg/AoA_-4_resid.png, id=94, 1241.63875pt x 603.25375pt>
File: -4_deg/AoA_-4_resid.png Graphic file (type png)
<use -4_deg/AoA_-4_resid.png>
Package pdftex.def Info: -4_deg/AoA_-4_resid.png  used on input line 66.
(pdftex.def)             Requested size: 234.8775pt x 114.11313pt.

Overfull \hbox (2.2222pt too wide) in paragraph at lines 49--70
[][]  []
 []


Overfull \hbox (2.2222pt too wide) in paragraph at lines 49--70
[] [] 
 []

<-2_deg/AoA_-2_cl.png, id=95, 1241.63875pt x 603.25375pt>
File: -2_deg/AoA_-2_cl.png Graphic file (type png)
<use -2_deg/AoA_-2_cl.png>
Package pdftex.def Info: -2_deg/AoA_-2_cl.png  used on input line 77.
(pdftex.def)             Requested size: 234.8775pt x 114.11313pt.
<-2_deg/AoA_-2_cd.png, id=96, 1241.63875pt x 603.25375pt>
File: -2_deg/AoA_-2_cd.png Graphic file (type png)
<use -2_deg/AoA_-2_cd.png>
Package pdftex.def Info: -2_deg/AoA_-2_cd.png  used on input line 83.
(pdftex.def)             Requested size: 234.8775pt x 114.11313pt.
<-2_deg/AoA_-2_cm.png, id=97, 1241.63875pt x 603.25375pt>
File: -2_deg/AoA_-2_cm.png Graphic file (type png)
<use -2_deg/AoA_-2_cm.png>
Package pdftex.def Info: -2_deg/AoA_-2_cm.png  used on input line 88.
(pdftex.def)             Requested size: 234.8775pt x 114.11313pt.
<-2_deg/AoA_-2_resid.png, id=98, 1241.63875pt x 603.25375pt>
File: -2_deg/AoA_-2_resid.png Graphic file (type png)
<use -2_deg/AoA_-2_resid.png>
Package pdftex.def Info: -2_deg/AoA_-2_resid.png  used on input line 93.
(pdftex.def)             Requested size: 234.8775pt x 114.11313pt.

Overfull \hbox (2.2222pt too wide) in paragraph at lines 76--97
[][]  []
 []


Overfull \hbox (2.2222pt too wide) in paragraph at lines 76--97
[] [] 
 []

[16 <./-7_deg/AoA_-7_cl.png> <./-7_deg/AoA_-7_cd.png> <./-7_deg/AoA_-7_cm.png> 
<./-7_deg/AoA_-7_resid.png> <./-4_deg/AoA_-4_cl.png> <./-4_deg/AoA_-4_cd.png> <
./-4_deg/AoA_-4_cm.png> <./-4_deg/AoA_-4_resid.png>]
<0_deg/AoA_0_cl.png, id=112, 1241.63875pt x 603.25375pt>
File: 0_deg/AoA_0_cl.png Graphic file (type png)
<use 0_deg/AoA_0_cl.png>
Package pdftex.def Info: 0_deg/AoA_0_cl.png  used on input line 104.
(pdftex.def)             Requested size: 234.8775pt x 114.11313pt.
<0_deg/AoA_0_cd.png, id=113, 1241.63875pt x 603.25375pt>
File: 0_deg/AoA_0_cd.png Graphic file (type png)
<use 0_deg/AoA_0_cd.png>
Package pdftex.def Info: 0_deg/AoA_0_cd.png  used on input line 110.
(pdftex.def)             Requested size: 234.8775pt x 114.11313pt.
<0_deg/AoA_0_cm.png, id=114, 1241.63875pt x 603.25375pt>
File: 0_deg/AoA_0_cm.png Graphic file (type png)
<use 0_deg/AoA_0_cm.png>
Package pdftex.def Info: 0_deg/AoA_0_cm.png  used on input line 115.
(pdftex.def)             Requested size: 234.8775pt x 114.11313pt.
<0_deg/AoA_0_resid.png, id=115, 1241.63875pt x 603.25375pt>
File: 0_deg/AoA_0_resid.png Graphic file (type png)
<use 0_deg/AoA_0_resid.png>
Package pdftex.def Info: 0_deg/AoA_0_resid.png  used on input line 120.
(pdftex.def)             Requested size: 234.8775pt x 114.11313pt.

Overfull \hbox (2.2222pt too wide) in paragraph at lines 103--124
[][]  []
 []


Overfull \hbox (2.2222pt too wide) in paragraph at lines 103--124
[] [] 
 []

<5_deg/AoA_5_cl.png, id=116, 1241.63875pt x 603.25375pt>
File: 5_deg/AoA_5_cl.png Graphic file (type png)
<use 5_deg/AoA_5_cl.png>
Package pdftex.def Info: 5_deg/AoA_5_cl.png  used on input line 131.
(pdftex.def)             Requested size: 234.8775pt x 114.11313pt.
<5_deg/AoA_5_cd.png, id=117, 1241.63875pt x 603.25375pt>
File: 5_deg/AoA_5_cd.png Graphic file (type png)
<use 5_deg/AoA_5_cd.png>
Package pdftex.def Info: 5_deg/AoA_5_cd.png  used on input line 137.
(pdftex.def)             Requested size: 234.8775pt x 114.11313pt.
<5_deg/AoA_5_cm.png, id=118, 1241.63875pt x 603.25375pt>
File: 5_deg/AoA_5_cm.png Graphic file (type png)
<use 5_deg/AoA_5_cm.png>
Package pdftex.def Info: 5_deg/AoA_5_cm.png  used on input line 142.
(pdftex.def)             Requested size: 234.8775pt x 114.11313pt.
<5_deg/AoA_5_resid.png, id=119, 1241.63875pt x 603.25375pt>
File: 5_deg/AoA_5_resid.png Graphic file (type png)
<use 5_deg/AoA_5_resid.png>
Package pdftex.def Info: 5_deg/AoA_5_resid.png  used on input line 147.
(pdftex.def)             Requested size: 234.8775pt x 114.11313pt.

Overfull \hbox (2.2222pt too wide) in paragraph at lines 130--151
[][]  []
 []


Overfull \hbox (2.2222pt too wide) in paragraph at lines 130--151
[] [] 
 []

[17 <./-2_deg/AoA_-2_cl.png (PNG copy)> <./-2_deg/AoA_-2_cd.png (PNG copy)> <./
-2_deg/AoA_-2_cm.png (PNG copy)> <./-2_deg/AoA_-2_resid.png (PNG copy)> <./0_de
g/AoA_0_cl.png (PNG copy)> <./0_deg/AoA_0_cd.png (PNG copy)> <./0_deg/AoA_0_cm.
png (PNG copy)> <./0_deg/AoA_0_resid.png (PNG copy)>]
<8.5_deg/AoA_8_5_cl.png, id=123, 1241.63875pt x 603.25375pt>
File: 8.5_deg/AoA_8_5_cl.png Graphic file (type png)
<use 8.5_deg/AoA_8_5_cl.png>
Package pdftex.def Info: 8.5_deg/AoA_8_5_cl.png  used on input line 158.
(pdftex.def)             Requested size: 234.8775pt x 114.11313pt.
<8.5_deg/AoA_8_5_cd.png, id=124, 1241.63875pt x 603.25375pt>
File: 8.5_deg/AoA_8_5_cd.png Graphic file (type png)
<use 8.5_deg/AoA_8_5_cd.png>
Package pdftex.def Info: 8.5_deg/AoA_8_5_cd.png  used on input line 164.
(pdftex.def)             Requested size: 234.8775pt x 114.11313pt.
<8.5_deg/AoA_8_5_cm.png, id=125, 1241.63875pt x 603.25375pt>
File: 8.5_deg/AoA_8_5_cm.png Graphic file (type png)
<use 8.5_deg/AoA_8_5_cm.png>
Package pdftex.def Info: 8.5_deg/AoA_8_5_cm.png  used on input line 169.
(pdftex.def)             Requested size: 234.8775pt x 114.11313pt.
<8.5_deg/AoA_8_5_resid.png, id=126, 1241.63875pt x 603.25375pt>
File: 8.5_deg/AoA_8_5_resid.png Graphic file (type png)
<use 8.5_deg/AoA_8_5_resid.png>
Package pdftex.def Info: 8.5_deg/AoA_8_5_resid.png  used on input line 174.
(pdftex.def)             Requested size: 234.8775pt x 114.11313pt.

Overfull \hbox (2.2222pt too wide) in paragraph at lines 157--178
[][]  []
 []


Overfull \hbox (2.2222pt too wide) in paragraph at lines 157--178
[] [] 
 []

<12_deg/AoA_12_cl.png, id=127, 1241.63875pt x 603.25375pt>
File: 12_deg/AoA_12_cl.png Graphic file (type png)
<use 12_deg/AoA_12_cl.png>
Package pdftex.def Info: 12_deg/AoA_12_cl.png  used on input line 185.
(pdftex.def)             Requested size: 234.8775pt x 114.11313pt.
<12_deg/AoA_12_cd.png, id=128, 1241.63875pt x 603.25375pt>
File: 12_deg/AoA_12_cd.png Graphic file (type png)
<use 12_deg/AoA_12_cd.png>
Package pdftex.def Info: 12_deg/AoA_12_cd.png  used on input line 191.
(pdftex.def)             Requested size: 234.8775pt x 114.11313pt.
<12_deg/AoA_12_cm.png, id=129, 1241.63875pt x 603.25375pt>
File: 12_deg/AoA_12_cm.png Graphic file (type png)
<use 12_deg/AoA_12_cm.png>
Package pdftex.def Info: 12_deg/AoA_12_cm.png  used on input line 196.
(pdftex.def)             Requested size: 234.8775pt x 114.11313pt.
<12_deg/AoA_12_resid.png, id=130, 1241.63875pt x 603.25375pt>
File: 12_deg/AoA_12_resid.png Graphic file (type png)
<use 12_deg/AoA_12_resid.png>
Package pdftex.def Info: 12_deg/AoA_12_resid.png  used on input line 201.
(pdftex.def)             Requested size: 234.8775pt x 114.11313pt.

Overfull \hbox (2.2222pt too wide) in paragraph at lines 184--205
[][]  []
 []


Overfull \hbox (2.2222pt too wide) in paragraph at lines 184--205
[] [] 
 []

[18 <./5_deg/AoA_5_cl.png> <./5_deg/AoA_5_cd.png> <./5_deg/AoA_5_cm.png> <./5_d
eg/AoA_5_resid.png> <./8.5_deg/AoA_8_5_cl.png (PNG copy)> <./8.5_deg/AoA_8_5_cd
.png (PNG copy)> <./8.5_deg/AoA_8_5_cm.png (PNG copy)> <./8.5_deg/AoA_8_5_resid
.png (PNG copy)>]
<14.5_deg/AoA_14_5_cl.png, id=138, 1241.63875pt x 603.25375pt>
File: 14.5_deg/AoA_14_5_cl.png Graphic file (type png)
<use 14.5_deg/AoA_14_5_cl.png>
Package pdftex.def Info: 14.5_deg/AoA_14_5_cl.png  used on input line 212.
(pdftex.def)             Requested size: 234.8775pt x 114.11313pt.
<14.5_deg/AoA_14_5_cd.png, id=139, 1241.63875pt x 603.25375pt>
File: 14.5_deg/AoA_14_5_cd.png Graphic file (type png)
<use 14.5_deg/AoA_14_5_cd.png>
Package pdftex.def Info: 14.5_deg/AoA_14_5_cd.png  used on input line 218.
(pdftex.def)             Requested size: 234.8775pt x 114.11313pt.
<14.5_deg/AoA_14_5_cm.png, id=140, 1241.63875pt x 603.25375pt>
File: 14.5_deg/AoA_14_5_cm.png Graphic file (type png)
<use 14.5_deg/AoA_14_5_cm.png>
Package pdftex.def Info: 14.5_deg/AoA_14_5_cm.png  used on input line 223.
(pdftex.def)             Requested size: 234.8775pt x 114.11313pt.
<14.5_deg/AoA_14_5_resid.png, id=141, 1241.63875pt x 603.25375pt>
File: 14.5_deg/AoA_14_5_resid.png Graphic file (type png)
<use 14.5_deg/AoA_14_5_resid.png>
Package pdftex.def Info: 14.5_deg/AoA_14_5_resid.png  used on input line 228.
(pdftex.def)             Requested size: 234.8775pt x 114.11313pt.

Overfull \hbox (2.2222pt too wide) in paragraph at lines 211--232
[][]  []
 []


Overfull \hbox (2.2222pt too wide) in paragraph at lines 211--232
[] [] 
 []

<17_deg/AoA_17_cl.png, id=142, 1241.63875pt x 603.25375pt>
File: 17_deg/AoA_17_cl.png Graphic file (type png)
<use 17_deg/AoA_17_cl.png>
Package pdftex.def Info: 17_deg/AoA_17_cl.png  used on input line 239.
(pdftex.def)             Requested size: 234.8775pt x 114.11313pt.
<17_deg/AoA_17_cd.png, id=143, 1241.63875pt x 603.25375pt>
File: 17_deg/AoA_17_cd.png Graphic file (type png)
<use 17_deg/AoA_17_cd.png>
Package pdftex.def Info: 17_deg/AoA_17_cd.png  used on input line 245.
(pdftex.def)             Requested size: 234.8775pt x 114.11313pt.
<17_deg/AoA_17_cm.png, id=144, 1241.63875pt x 603.25375pt>
File: 17_deg/AoA_17_cm.png Graphic file (type png)
<use 17_deg/AoA_17_cm.png>
Package pdftex.def Info: 17_deg/AoA_17_cm.png  used on input line 250.
(pdftex.def)             Requested size: 234.8775pt x 114.11313pt.
<17_deg/AoA_17_resid.png, id=145, 1241.63875pt x 603.25375pt>
File: 17_deg/AoA_17_resid.png Graphic file (type png)
<use 17_deg/AoA_17_resid.png>
Package pdftex.def Info: 17_deg/AoA_17_resid.png  used on input line 255.
(pdftex.def)             Requested size: 234.8775pt x 114.11313pt.

Overfull \hbox (2.2222pt too wide) in paragraph at lines 238--259
[][]  []
 []


Overfull \hbox (2.2222pt too wide) in paragraph at lines 238--259
[] [] 
 []

[19 <./12_deg/AoA_12_cl.png (PNG copy)> <./12_deg/AoA_12_cd.png (PNG copy)> <./
12_deg/AoA_12_cm.png (PNG copy)> <./12_deg/AoA_12_resid.png (PNG copy)> <./14.5
_deg/AoA_14_5_cl.png (PNG copy)> <./14.5_deg/AoA_14_5_cd.png (PNG copy)> <./14.
5_deg/AoA_14_5_cm.png (PNG copy)> <./14.5_deg/AoA_14_5_resid.png (PNG copy)>]
<19.5_deg/AoA_19_5_cl.png, id=150, 1241.63875pt x 603.25375pt>
File: 19.5_deg/AoA_19_5_cl.png Graphic file (type png)
<use 19.5_deg/AoA_19_5_cl.png>
Package pdftex.def Info: 19.5_deg/AoA_19_5_cl.png  used on input line 266.
(pdftex.def)             Requested size: 234.8775pt x 114.11313pt.
<19.5_deg/AoA_19_5_cd.png, id=151, 1241.63875pt x 603.25375pt>
File: 19.5_deg/AoA_19_5_cd.png Graphic file (type png)
<use 19.5_deg/AoA_19_5_cd.png>
Package pdftex.def Info: 19.5_deg/AoA_19_5_cd.png  used on input line 272.
(pdftex.def)             Requested size: 234.8775pt x 114.11313pt.
<19.5_deg/AoA_19_5_cm.png, id=152, 1241.63875pt x 603.25375pt>
File: 19.5_deg/AoA_19_5_cm.png Graphic file (type png)
<use 19.5_deg/AoA_19_5_cm.png>
Package pdftex.def Info: 19.5_deg/AoA_19_5_cm.png  used on input line 277.
(pdftex.def)             Requested size: 234.8775pt x 114.11313pt.
<19.5_deg/AoA_19_5_resid.png, id=153, 1241.63875pt x 603.25375pt>
File: 19.5_deg/AoA_19_5_resid.png Graphic file (type png)
<use 19.5_deg/AoA_19_5_resid.png>
Package pdftex.def Info: 19.5_deg/AoA_19_5_resid.png  used on input line 282.
(pdftex.def)             Requested size: 234.8775pt x 114.11313pt.

Overfull \hbox (2.2222pt too wide) in paragraph at lines 265--286
[][]  []
 []


Overfull \hbox (2.2222pt too wide) in paragraph at lines 265--286
[] [] 
 []

<22_deg/AoA_22_cl.png, id=154, 1241.63875pt x 603.25375pt>
File: 22_deg/AoA_22_cl.png Graphic file (type png)
<use 22_deg/AoA_22_cl.png>
Package pdftex.def Info: 22_deg/AoA_22_cl.png  used on input line 293.
(pdftex.def)             Requested size: 234.8775pt x 114.11313pt.
<22_deg/AoA_22_cd.png, id=155, 1241.63875pt x 603.25375pt>
File: 22_deg/AoA_22_cd.png Graphic file (type png)
<use 22_deg/AoA_22_cd.png>
Package pdftex.def Info: 22_deg/AoA_22_cd.png  used on input line 299.
(pdftex.def)             Requested size: 234.8775pt x 114.11313pt.
<22_deg/AoA_22_cm.png, id=156, 1241.63875pt x 603.25375pt>
File: 22_deg/AoA_22_cm.png Graphic file (type png)
<use 22_deg/AoA_22_cm.png>
Package pdftex.def Info: 22_deg/AoA_22_cm.png  used on input line 304.
(pdftex.def)             Requested size: 234.8775pt x 114.11313pt.
<22_deg/AoA_22_resid.png, id=157, 1241.63875pt x 603.25375pt>
File: 22_deg/AoA_22_resid.png Graphic file (type png)
<use 22_deg/AoA_22_resid.png>
Package pdftex.def Info: 22_deg/AoA_22_resid.png  used on input line 309.
(pdftex.def)             Requested size: 234.8775pt x 114.11313pt.

Overfull \hbox (2.2222pt too wide) in paragraph at lines 292--313
[][]  []
 []


Overfull \hbox (2.2222pt too wide) in paragraph at lines 292--313
[] [] 
 []

) [20 <./17_deg/AoA_17_cl.png (PNG copy)> <./17_deg/AoA_17_cd.png (PNG copy)> <
./17_deg/AoA_17_cm.png (PNG copy)> <./17_deg/AoA_17_resid.png (PNG copy)> <./19
.5_deg/AoA_19_5_cl.png (PNG copy)> <./19.5_deg/AoA_19_5_cd.png (PNG copy)> <./1
9.5_deg/AoA_19_5_cm.png (PNG copy)> <./19.5_deg/AoA_19_5_resid.png (PNG copy)>]
No file main.bbl.
[21 <./22_deg/AoA_22_cl.png (PNG copy)> <./22_deg/AoA_22_cd.png (PNG copy)> <./
22_deg/AoA_22_cm.png (PNG copy)> <./22_deg/AoA_22_resid.png (PNG copy)>]
(./main.aux) ) 
Here is how much of TeX's memory you used:
 4637 strings out of 492616
 72378 string characters out of 6129482
 146948 words of memory out of 5000000
 8404 multiletter control sequences out of 15000+600000
 12609 words of font info for 45 fonts, out of 8000000 for 9000
 1141 hyphenation exceptions out of 8191
 42i,13n,40p,1019b,470s stack positions out of 5000i,500n,10000p,200000b,80000s
</usr/local/texlive/2019/texmf-dist/fonts/type1/public/amsfonts/c
m/cmbx10.pfb></usr/local/texlive/2019/texmf-dist/fonts/type1/public/amsfonts/cm
/cmbx12.pfb></usr/local/texlive/2019/texmf-dist/fonts/type1/public/amsfonts/cm/
cmbx7.pfb></usr/local/texlive/2019/texmf-dist/fonts/type1/public/amsfonts/cm/cm
mi10.pfb></usr/local/texlive/2019/texmf-dist/fonts/type1/public/amsfonts/cm/cmm
i6.pfb></usr/local/texlive/2019/texmf-dist/fonts/type1/public/amsfonts/cm/cmmi7
.pfb></usr/local/texlive/2019/texmf-dist/fonts/type1/public/amsfonts/cm/cmmi9.p
fb></usr/local/texlive/2019/texmf-dist/fonts/type1/public/amsfonts/cm/cmmib10.p
fb></usr/local/texlive/2019/texmf-dist/fonts/type1/public/amsfonts/cmextra/cmmi
b7.pfb></usr/local/texlive/2019/texmf-dist/fonts/type1/public/amsfonts/cm/cmr10
.pfb></usr/local/texlive/2019/texmf-dist/fonts/type1/public/amsfonts/cm/cmr12.p
fb></usr/local/texlive/2019/texmf-dist/fonts/type1/public/amsfonts/cm/cmr17.pfb
></usr/local/texlive/2019/texmf-dist/fonts/type1/public/amsfonts/cm/cmr7.pfb></
usr/local/texlive/2019/texmf-dist/fonts/type1/public/amsfonts/cm/cmr9.pfb></usr
/local/texlive/2019/texmf-dist/fonts/type1/public/amsfonts/cm/cmsy10.pfb></usr/
local/texlive/2019/texmf-dist/fonts/type1/public/amsfonts/cm/cmsy6.pfb></usr/lo
cal/texlive/2019/texmf-dist/fonts/type1/public/amsfonts/cm/cmsy7.pfb></usr/loca
l/texlive/2019/texmf-dist/fonts/type1/public/amsfonts/cm/cmsy8.pfb>
Output written on main.pdf (21 pages, 2193227 bytes).
PDF statistics:
 222 PDF objects out of 1000 (max. 8388607)
 102 compressed objects within 2 object streams
 0 named destinations out of 1000 (max. 500000)
 326 words of extra memory for PDF output out of 10000 (max. 10000000)

