"report-file-0"
"Iteration" "report-mom"
("Iteration" "report-mom")
510 0.1640475
511 0.1640652
512 0.1640772
513 0.1640943
514 0.1641078
515 0.1641251
516 0.1641373
517 0.164152
518 0.1641708
519 0.1641844
520 0.1642028
521 0.1642163
522 0.1642318
523 0.1642511
524 0.1642648
525 0.1642804
526 0.1642998
527 0.1643124
528 0.1643313
529 0.1643493
530 0.1643633
531 0.1643804
532 0.1643943
533 0.1644107
534 0.1644241
535 0.1644386
536 0.164453
537 0.1644666
538 0.164479
539 0.1644897
540 0.1645002
541 0.1645123
542 0.1645218
543 0.1645284
544 0.164533
545 0.1645377
546 0.1645434
547 0.1645479
548 0.1645512
549 0.164554
550 0.1645554
551 0.1645559
552 0.1645525
553 0.1645494
554 0.1645455
555 0.1645422
556 0.1645329
557 0.1645252
558 0.1645131
559 0.1644922
560 0.1644758
561 0.1644543
562 0.1644275
563 0.1643962
564 0.1643604
565 0.1643203
566 0.1642757
567 0.1642268
568 0.1641735
569 0.1641157
570 0.1640532
571 0.1639863
572 0.163915
573 0.1638395
574 0.1637598
575 0.1636761
576 0.1635889
577 0.1634982
578 0.1634046
579 0.1633083
580 0.1632097
581 0.1631093
582 0.1630078
583 0.1629058
584 0.162804
585 0.1627028
586 0.1626031
587 0.1625055
588 0.1624104
589 0.1623185
590 0.1622306
591 0.1621469
592 0.1620683
593 0.1619951
594 0.1619273
595 0.1618655
596 0.1618096
597 0.16176
598 0.1617165
599 0.1616792
600 0.1616479
601 0.1616225
602 0.1616057
603 0.1615899
604 0.1615792
605 0.1615733
606 0.1615723
607 0.1615761
608 0.1615837
609 0.161595
610 0.1616096
611 0.1616272
612 0.1616473
613 0.1616697
614 0.1616938
615 0.1617198
616 0.1617471
617 0.1617757
618 0.1618052
619 0.1618359
620 0.1618674
621 0.1618992
622 0.1619319
623 0.1619653
624 0.1619988
625 0.1620326
626 0.1620667
627 0.1621005
628 0.1621342
629 0.1621679
630 0.1622012
631 0.1622341
632 0.1622665
633 0.1622984
634 0.1623299
635 0.1623607
636 0.1623909
637 0.1624206
638 0.1624491
639 0.1624776
640 0.1625052
641 0.1625321
642 0.1625583
643 0.1625839
644 0.1626089
645 0.162633
646 0.1626564
647 0.1626794
648 0.1627015
649 0.162723
650 0.1627441
651 0.1627646
652 0.1627844
653 0.1628037
654 0.1628225
655 0.1628408
656 0.1628587
657 0.1628761
658 0.1628931
659 0.1629096
660 0.1629256
661 0.1629415
662 0.1629569
663 0.162972
664 0.1629867
665 0.1630011
666 0.1630152
667 0.1630289
668 0.1630424
669 0.1630559
670 0.1630688
671 0.1630815
672 0.163094
673 0.1631062
674 0.1631181
675 0.1631299
676 0.1631414
677 0.1631525
678 0.1631613
679 0.1631734
680 0.1631851
681 0.1631935
682 0.1632048
683 0.1632155
684 0.1632231
685 0.1632334
686 0.1632412
687 0.1632512
688 0.1632589
689 0.1632681
690 0.1632752
691 0.163284
692 0.1632905
693 0.1632986
694 0.1633046
695 0.1633122
696 0.1633179
697 0.163325
698 0.1633302
699 0.1633368
700 0.1633417
701 0.1633481
702 0.1633526
703 0.1633573
704 0.1633638
705 0.1633681
706 0.1633725
707 0.1633773
708 0.163382
709 0.1633869
710 0.1633916
711 0.1633962
712 0.1634007
713 0.1634051
714 0.1634094
715 0.1634138
716 0.1634179
717 0.163422
718 0.1634261
719 0.1634302
720 0.1634343
721 0.1634384
722 0.1634425
723 0.1634464
724 0.1634503
725 0.1634541
726 0.1634581
727 0.163462
728 0.1634657
729 0.1634695
730 0.1634731
731 0.1634767
732 0.1634804
733 0.1634839
734 0.1634874
735 0.1634909
736 0.1634943
737 0.1634977
738 0.1635011
739 0.1635044
740 0.1635077
741 0.1635109
742 0.163514
743 0.163517
744 0.1635201
745 0.1635231
746 0.1635261
747 0.1635289
748 0.1635317
749 0.1635346
750 0.1635374
751 0.1635401
752 0.1635428
753 0.1635454
754 0.1635481
755 0.1635506
756 0.163553
757 0.1635556
758 0.1635581
759 0.1635617
760 0.1635636
761 0.1635669
762 0.1635697
763 0.1635722
764 0.1635745
765 0.163577
766 0.1635797
767 0.163582
768 0.1635846
769 0.1635871
770 0.1635896
771 0.1635918
772 0.1635942
773 0.1635965
774 0.1635988
775 0.1636012
776 0.1636036
777 0.1636062
778 0.1636092
779 0.1636122
780 0.1636155
781 0.1636189
782 0.1636226
783 0.1636264
784 0.1636303
785 0.1636337
786 0.1636387
787 0.1636434
788 0.1636479
789 0.1636527
790 0.1636576
791 0.1636629
792 0.1636683
793 0.1636735
794 0.1636799
795 0.1636864
796 0.1636932
797 0.1637004
798 0.1637079
799 0.1637158
800 0.163724
801 0.1637323
802 0.1637412
803 0.1637502
804 0.1637596
805 0.1637693
806 0.1637801
807 0.163791
808 0.1638015
809 0.1638124
810 0.1638239
811 0.1638404
812 0.1638509
813 0.1638626
814 0.163875
815 0.1638902
816 0.1639014
817 0.1639134
818 0.1639307
819 0.1639429
820 0.1639568
821 0.1639746
822 0.1639873
823 0.1640019
824 0.1640204
825 0.1640334
826 0.1640516
827 0.1640659
828 0.1640842
829 0.164098
830 0.1641158
831 0.1641297
832 0.164149
833 0.1641632
834 0.1641828
835 0.1641973
836 0.1642171
837 0.1642315
838 0.1642511
839 0.1642654
840 0.1642849
841 0.1643016
842 0.1643168
843 0.1643348
844 0.1643507
845 0.164369
846 0.1643833
847 0.1643987
848 0.1644143
849 0.1644304
850 0.1644455
851 0.1644593
852 0.1644716
853 0.1644822
854 0.1644987
855 0.1645054
856 0.1645137
857 0.1645195
858 0.1645244
859 0.1645302
860 0.1645355
861 0.1645398
862 0.1645431
863 0.1645455
864 0.1645463
865 0.164546
866 0.1645432
867 0.1645403
868 0.1645361
869 0.1645324
870 0.164522
871 0.1645133
872 0.1644957
873 0.1644813
874 0.1644615
875 0.1644364
876 0.1644068
877 0.1643728
878 0.1643345
879 0.1642918
880 0.1642448
881 0.1641931
882 0.164137
883 0.1640763
884 0.164011
885 0.1639412
886 0.163867
887 0.1637886
888 0.1637059
889 0.1636194
890 0.1635295
891 0.1634362
892 0.1633401
893 0.1632414
894 0.1631407
895 0.1630385
896 0.1629357
897 0.1628327
898 0.1627299
899 0.1626282
900 0.1625284
901 0.1624311
902 0.1623367
903 0.1622459
904 0.1621593
905 0.1620775
906 0.162001
907 0.16193
908 0.1618648
909 0.1618057
910 0.1617527
911 0.1617061
912 0.1616658
913 0.1616318
914 0.1616036
915 0.1615845
916 0.1615663
917 0.1615532
918 0.1615454
919 0.1615425
920 0.1615444
921 0.1615506
922 0.1615606
923 0.1615741
924 0.1615907
925 0.16161
926 0.1616317
927 0.1616553
928 0.1616809
929 0.1617077
930 0.1617362
931 0.1617655
932 0.1617962
933 0.1618277
934 0.1618595
935 0.1618921
936 0.1619258
937 0.1619595
938 0.1619938
939 0.1620279
940 0.1620622
941 0.1620964
942 0.1621305
943 0.1621643
944 0.1621978
945 0.1622307
946 0.1622632
947 0.1622954
948 0.1623267
949 0.1623576
950 0.1623878
951 0.1624174
952 0.1624461
953 0.1624745
954 0.1625021
955 0.1625291
956 0.1625554
957 0.1625808
958 0.1626057
959 0.1626298
960 0.1626534
961 0.1626762
962 0.1626985
963 0.1627201
964 0.1627412
965 0.1627617
966 0.1627816
967 0.162801
968 0.16282
969 0.1628383
970 0.1628563
971 0.1628738
972 0.1628908
973 0.1629074
974 0.1629238
975 0.1629396
976 0.1629551
977 0.1629705
978 0.1629854
979 0.1629998
980 0.163014
981 0.163028
982 0.1630416
983 0.163055
984 0.1630682
985 0.1630809
986 0.1630935
987 0.1631059
988 0.1631181
989 0.1631298
990 0.1631415
991 0.1631506
992 0.163163
993 0.1631751
994 0.163186
995 0.1631942
996 0.1632055
997 0.1632141
998 0.1632252
999 0.1632335
1000 0.1632441
1001 0.1632518
1002 0.1632615
1003 0.1632708
1004 0.1632773
1005 0.1632858
1006 0.1632923
1007 0.1633005
1008 0.1633068
1009 0.1633145
1010 0.1633203
1011 0.1633276
1012 0.1633328
1013 0.1633382
1014 0.1633455
1015 0.1633505
1016 0.1633554
1017 0.1633622
1018 0.1633666
1019 0.1633711
1020 0.1633773
1021 0.1633813
1022 0.1633856
1023 0.16339
1024 0.1633947
1025 0.1633993
1026 0.163404
1027 0.1634084
1028 0.163413
1029 0.1634172
1030 0.1634218
1031 0.163426
1032 0.1634301
1033 0.1634341
1034 0.1634383
1035 0.1634423
1036 0.1634463
1037 0.1634504
1038 0.1634543
1039 0.1634583
1040 0.1634622
1041 0.1634661
1042 0.1634699
1043 0.1634737
1044 0.1634776
1045 0.1634811
1046 0.1634848
1047 0.1634884
1048 0.163492
1049 0.1634956
1050 0.163499
1051 0.1635025
1052 0.1635058
1053 0.1635091
1054 0.1635125
1055 0.1635157
1056 0.1635189
1057 0.163522
1058 0.1635251
1059 0.1635281
1060 0.1635312
1061 0.163534
1062 0.163537
1063 0.1635397
1064 0.1635425
1065 0.1635453
1066 0.163548
1067 0.1635506
1068 0.1635531
1069 0.1635558
1070 0.1635582
1071 0.1635608
1072 0.1635634
1073 0.1635671
1074 0.1635691
1075 0.1635723
1076 0.1635751
1077 0.1635776
1078 0.16358
1079 0.1635824
1080 0.1635851
1081 0.1635875
1082 0.16359
1083 0.1635925
1084 0.1635949
1085 0.1635973
1086 0.1635997
1087 0.1636019
1088 0.1636041
1089 0.1636065
1090 0.1636091
1091 0.1636119
1092 0.1636147
1093 0.1636178
1094 0.1636212
1095 0.1636246
1096 0.1636285
1097 0.1636323
1098 0.1636363
1099 0.1636407
1100 0.1636451
1101 0.1636496
1102 0.1636541
1103 0.163659
1104 0.163664
1105 0.1636692
1106 0.1636741
1107 0.1636803
1108 0.1636866
1109 0.1636932
1110 0.1637002
