"report-drag-rfile"
"Iteration" "report-drag"
("Iteration" "report-drag")
1 1.957098
2 1.583601
3 0.9958891
4 0.6884532
5 0.4872048
6 0.3538219
7 0.2636654
8 0.2026021
9 0.1559092
10 0.1237222
11 0.1013379
12 0.08535369
13 0.07377452
14 0.0648358
15 0.05787706
16 0.05251474
17 0.04841378
18 0.04514706
19 0.04252625
20 0.04043769
21 0.0384845
22 0.03672104
23 0.0351502
24 0.03377273
25 0.03252177
26 0.0312986
27 0.03013904
28 0.02898838
29 0.02785801
30 0.02682821
31 0.02582402
32 0.02492503
33 0.02407026
34 0.02318192
35 0.02237794
36 0.02165824
37 0.02098512
38 0.02035958
39 0.01982135
40 0.01930361
41 0.01882348
42 0.01837404
43 0.01794337
44 0.01754654
45 0.01718776
46 0.0168461
47 0.01654018
48 0.01624075
49 0.01596782
50 0.01570462
51 0.01545761
52 0.01520908
53 0.01499095
54 0.01476401
55 0.01456603
56 0.01436223
57 0.01418434
58 0.01400159
59 0.01384339
60 0.01368016
61 0.01353997
62 0.0133949
63 0.01327303
64 0.01314528
65 0.01303965
66 0.01292873
67 0.01283724
68 0.012742
69 0.01266266
70 0.0125782
71 0.01250563
72 0.01243144
73 0.01237008
74 0.01230556
75 0.0122507
76 0.01219424
77 0.01214086
78 0.01209285
79 0.01205455
80 0.01201426
81 0.01197553
82 0.01193842
83 0.01190252
84 0.01186945
85 0.01183723
86 0.0118082
87 0.01177983
88 0.01175405
89 0.01172845
90 0.01170522
91 0.01168288
92 0.01166208
93 0.01164143
94 0.01162257
95 0.01160341
96 0.01158594
97 0.01156811
98 0.01155184
99 0.01153514
100 0.01151883
101 0.01150302
102 0.01148729
103 0.01147202
104 0.01145674
105 0.01144181
106 0.01142716
107 0.01141311
108 0.01139857
109 0.01138418
110 0.01136965
111 0.01135532
112 0.01133859
113 0.01132339
114 0.01130844
115 0.01129565
116 0.01127817
117 0.01126161
118 0.01124864
119 0.01123496
120 0.01122065
121 0.01120638
122 0.01119149
123 0.01117654
124 0.01116127
125 0.01114724
126 0.01113062
127 0.0111147
128 0.01109864
129 0.01108306
130 0.01106669
131 0.0110512
132 0.01103405
133 0.01101686
134 0.0110026
135 0.01098638
136 0.01096896
137 0.0109535
138 0.01094086
139 0.0109256
140 0.01091011
141 0.01089561
142 0.01088148
143 0.01086755
144 0.01085384
145 0.01084037
146 0.01082713
147 0.01081418
148 0.01080155
149 0.01078926
150 0.01077719
151 0.01076539
152 0.01075389
153 0.01074263
154 0.01073157
155 0.01072081
156 0.01071056
157 0.0107003
158 0.01069024
159 0.01068039
160 0.01067087
161 0.0106616
162 0.01065258
163 0.0106438
164 0.01063521
165 0.01062683
166 0.01061856
167 0.01061048
168 0.01060254
169 0.01059479
170 0.01058657
171 0.01057864
172 0.01057082
173 0.01056317
174 0.01055572
175 0.01054845
176 0.01054136
177 0.01053436
178 0.01052751
179 0.01052081
180 0.01051418
181 0.01050761
182 0.01050113
183 0.01049549
184 0.01048939
185 0.01048297
186 0.01047668
187 0.01047042
188 0.01046421
189 0.010458
190 0.01045179
191 0.0104453
192 0.01043934
193 0.0104331
194 0.0104272
195 0.01042098
196 0.01041486
197 0.01040886
198 0.01040288
199 0.01039691
200 0.01039092
201 0.01038496
202 0.01037898
203 0.010373
204 0.01036704
205 0.01036111
206 0.01035514
207 0.01034917
208 0.01034323
209 0.01033737
210 0.01033151
211 0.01032571
212 0.01031998
213 0.01031443
214 0.01030886
215 0.01030332
216 0.01029786
217 0.01029246
218 0.01028715
219 0.01028189
220 0.01027672
221 0.01027163
222 0.01026665
223 0.01026177
224 0.01025701
225 0.01025235
226 0.0102478
227 0.01024337
228 0.01023909
229 0.010235
230 0.01023107
231 0.01022754
232 0.01022406
233 0.01022094
234 0.01021793
235 0.01021518
236 0.01021272
237 0.0102106
238 0.01020883
239 0.01020747
240 0.01020655
241 0.01020609
242 0.01020616
243 0.01020693
244 0.01020821
245 0.01020961
246 0.01021169
247 0.01021507
248 0.01021877
249 0.01022422
250 0.01022901
251 0.01023608
252 0.01024233
253 0.01025103
254 0.01025875
255 0.01026888
256 0.01027709
257 0.01028966
258 0.01029995
259 0.0103136
260 0.01032485
261 0.01033895
262 0.01035217
263 0.01036624
264 0.01038071
265 0.01039546
266 0.01041044
267 0.01042552
268 0.01044064
269 0.01045581
270 0.01047059
271 0.01048541
272 0.01050015
273 0.01051467
274 0.01052899
275 0.01054308
276 0.01055693
277 0.01057042
278 0.01058355
279 0.01059812
280 0.01061032
281 0.01062257
282 0.01063367
283 0.01064475
284 0.0106541
285 0.01066425
286 0.01067287
287 0.01068229
288 0.0106908
289 0.01069886
290 0.01070654
291 0.01071385
292 0.0107208
293 0.01072739
294 0.01073364
295 0.01073956
296 0.01074515
297 0.01075041
298 0.01075535
299 0.01075784
300 0.01076178
301 0.01076605
302 0.01077022
303 0.01077413
304 0.01077775
305 0.01078106
306 0.01078405
307 0.01078669
308 0.01078904
309 0.01079108
310 0.01079282
311 0.01079432
312 0.01079557
313 0.0107966
314 0.01079742
315 0.01079806
316 0.01079864
317 0.01079892
318 0.01079894
319 0.01079884
320 0.01079861
321 0.01079827
322 0.01079784
323 0.01079728
324 0.01079657
325 0.01079587
326 0.01079499
327 0.01079398
328 0.01079288
329 0.01079162
330 0.01079029
331 0.01078887
332 0.01078736
333 0.01078579
334 0.01078416
335 0.01078249
336 0.01078075
337 0.01077899
338 0.01077717
339 0.01077534
340 0.01077345
341 0.01077158
342 0.01076966
343 0.01076777
344 0.01076585
345 0.01076391
346 0.01076198
347 0.01076002
348 0.01075808
349 0.01075614
350 0.01075417
351 0.01075226
352 0.01075031
353 0.0107484
354 0.01074649
355 0.01074458
356 0.01074272
357 0.01074085
358 0.01073901
359 0.01073718
360 0.01073536
361 0.01073357
362 0.01073181
363 0.01073006
364 0.01072834
365 0.01072666
366 0.010725
367 0.01072334
368 0.01072171
369 0.01072015
370 0.01071856
371 0.01071701
372 0.01071546
373 0.01071394
374 0.01071239
375 0.01071084
376 0.01070931
377 0.01070775
378 0.01070626
379 0.01070467
380 0.01070303
381 0.01070117
382 0.01069937
383 0.01069761
384 0.01069517
385 0.01069324
386 0.01069135
387 0.01068953
388 0.01068766
389 0.01068573
390 0.01068352
391 0.01068127
392 0.01067887
393 0.01067644
394 0.01067393
395 0.01067138
396 0.01066876
397 0.0106661
398 0.0106634
399 0.01066052
400 0.01065775
401 0.01065493
402 0.01065212
403 0.01064924
404 0.01064583
405 0.01064264
406 0.01063949
407 0.01063675
408 0.01063383
409 0.01063057
410 0.01062709
411 0.0106233
412 0.01061962
413 0.01061597
414 0.01061229
415 0.01060858
416 0.01060482
417 0.01060101
418 0.01059715
419 0.01059319
420 0.01058918
421 0.01058512
422 0.01058096
423 0.01057716
424 0.01057306
425 0.0105688
426 0.01056449
427 0.01056016
428 0.01055579
429 0.01055142
430 0.01054703
431 0.01054264
432 0.01053819
433 0.01053375
434 0.01052926
435 0.01052476
436 0.01051948
437 0.0105146
438 0.01050978
439 0.01050507
440 0.01050037
441 0.01049568
442 0.01049098
443 0.01048626
444 0.01048155
445 0.0104768
446 0.01047206
447 0.0104673
448 0.01046255
449 0.01045779
450 0.01045394
451 0.01044936
452 0.01044452
453 0.0104396
454 0.01043465
455 0.01042968
456 0.01042471
457 0.01041975
458 0.01041481
459 0.01040991
460 0.010405
461 0.0104001
462 0.01039521
463 0.01039034
464 0.01038548
465 0.01038066
466 0.01037593
467 0.01037117
468 0.01036645
469 0.01036175
470 0.01035709
471 0.01035247
472 0.01034778
473 0.01034329
474 0.0103388
475 0.01033438
476 0.01033004
477 0.01032537
478 0.01032105
479 0.01031698
480 0.01031311
481 0.01030943
482 0.01030597
483 0.01030295
484 0.01030014
485 0.01029737
486 0.01029476
487 0.01029239
488 0.01029026
489 0.01028847
490 0.01028701
491 0.01028589
492 0.01028514
493 0.01028482
494 0.0102849
495 0.01028538
496 0.01028631
497 0.01028767
498 0.01028954
499 0.01029184
500 0.01029465
501 0.01029765
502 0.01030136
503 0.01030564
504 0.0103104
505 0.01031565
506 0.01032156
507 0.01032749
508 0.01033432
509 0.01034117
510 0.01034888
511 0.01035665
512 0.01036523
513 0.01037381
514 0.01038321
515 0.01039275
516 0.01040253
517 0.01041263
518 0.01042295
519 0.0104335
520 0.01044424
521 0.01045512
522 0.01046609
523 0.01047705
524 0.0104879
525 0.01049867
526 0.01050939
527 0.01052004
528 0.01053062
529 0.01054103
530 0.01055128
531 0.01056135
532 0.01057114
533 0.01058074
534 0.01059004
535 0.01059907
536 0.01060782
537 0.01061624
538 0.01062434
539 0.0106317
540 0.01063948
541 0.01064621
542 0.01065294
543 0.01065982
544 0.0106662
545 0.01067214
546 0.01067772
547 0.01068296
548 0.0106879
549 0.01069248
550 0.0106968
551 0.01070079
552 0.01070452
553 0.01070797
554 0.01071116
555 0.01071409
556 0.01071677
557 0.01071924
558 0.01072148
559 0.01072353
560 0.01072539
561 0.01072705
562 0.01072852
563 0.01072984
564 0.01073099
565 0.01073198
566 0.01073291
567 0.01073364
568 0.0107342
569 0.01073465
570 0.01073517
571 0.01073541
572 0.01073549
573 0.01073549
574 0.01073538
575 0.01073523
576 0.01073494
577 0.01073462
578 0.01073421
579 0.01073371
580 0.01073316
581 0.01073252
582 0.01073182
583 0.01073106
584 0.01073023
585 0.01072938
586 0.01072846
587 0.0107275
588 0.01072647
589 0.01072543
590 0.01072435
591 0.01072323
592 0.01072207
593 0.01072089
594 0.01071968
595 0.01071844
596 0.01071717
597 0.01071588
598 0.01071458
599 0.01071326
600 0.01071195
