"mom_report-rfile"
"Iteration" "mom_report"
("Iteration" "mom_report")
800 0.08916963
801 0.08915756
802 0.0891454
803 0.08913318
804 0.08912113
805 0.08910924
806 0.08909737
807 0.08908587
808 0.0890747
809 0.08906383
810 0.0890534
811 0.08904347
812 0.08903399
813 0.08902513
814 0.08901655
815 0.08900885
816 0.08900208
817 0.08899606
818 0.08899069
819 0.08898611
820 0.08898234
821 0.08897918
822 0.08897664
823 0.08897487
824 0.08897378
825 0.08897312
826 0.08897325
827 0.08897395
828 0.08897527
829 0.08897727
830 0.08897955
831 0.08898216
832 0.08898543
833 0.08898884
834 0.08899232
835 0.08899619
836 0.08900026
837 0.08900464
838 0.0890092
839 0.08901387
840 0.08901857
841 0.08902335
842 0.08902815
843 0.08903296
844 0.0890378
845 0.08904252
846 0.08904719
847 0.08905181
848 0.08905584
849 0.0890602
850 0.08906448
851 0.08906867
852 0.08907269
853 0.08907662
854 0.0890803
855 0.08908378
856 0.08908717
857 0.08909042
858 0.08909339
859 0.08909608
860 0.08909839
861 0.08910049
862 0.08910234
863 0.08910386
864 0.08910512
865 0.08910608
866 0.08910677
867 0.08910716
868 0.08910757
869 0.08910758
870 0.08910723
871 0.08910663
872 0.08910577
873 0.08910476
874 0.08910345
875 0.08910187
876 0.08910018
877 0.0890982
878 0.08909608
879 0.08909272
880 0.08909025
881 0.08908769
882 0.089085
883 0.08908216
884 0.08907904
885 0.08907577
886 0.08907228
887 0.08906876
888 0.089065
889 0.08906113
890 0.08905728
891 0.08905323
892 0.08904909
893 0.08904497
894 0.08904078
895 0.08903653
896 0.0890323
897 0.08902808
898 0.08902399
899 0.08901984
900 0.0890158
901 0.08901189
902 0.08900806
903 0.08900437
904 0.0890007
905 0.08899738
906 0.08899417
907 0.08899169
908 0.08898856
909 0.08898609
910 0.08898399
911 0.0889819
912 0.08897994
913 0.08897819
914 0.08897674
915 0.08897556
916 0.08897471
917 0.08897411
918 0.08897377
919 0.08897373
920 0.08897397
921 0.08897443
922 0.08897518
923 0.08897616
924 0.08897728
925 0.0889788
926 0.08898037
927 0.08898214
928 0.08898409
929 0.08898617
930 0.08898836
931 0.08899079
932 0.08899315
933 0.0889956
934 0.08899815
935 0.08900072
936 0.08900332
937 0.08900589
938 0.08900967
939 0.08901162
940 0.08901365
941 0.08901594
942 0.08901951
943 0.08902117
944 0.08902306
945 0.0890252
946 0.08902735
947 0.08902953
948 0.08903168
949 0.08903375
950 0.08903573
951 0.08903761
952 0.08903945
953 0.08904112
954 0.08904275
955 0.08904431
956 0.08904579
957 0.08904719
958 0.08904849
959 0.08904972
960 0.08905093
961 0.08905198
962 0.08905298
963 0.08905397
964 0.08905488
965 0.08905571
966 0.08905652
967 0.0890572
968 0.08905791
969 0.08905846
970 0.08905906
971 0.08905954
972 0.08906001
973 0.08906049
974 0.08906085
975 0.08906125
976 0.08906157
977 0.08906192
978 0.08906221
979 0.0890625
980 0.08906279
981 0.08906312
982 0.08906367
983 0.08906389
984 0.08906399
985 0.08906435
986 0.08906451
987 0.08906484
988 0.08906504
989 0.08906518
990 0.08906569
991 0.08906605
992 0.08906628
993 0.08906667
994 0.08906706
995 0.08906757
996 0.08906809
997 0.08906864
998 0.08906922
999 0.08906987
1000 0.08907048
1001 0.08907115
1002 0.0890718
1003 0.08907254
1004 0.08907324
1005 0.089074
1006 0.08907478
1007 0.08907563
1008 0.08907654
1009 0.08907739
1010 0.08907833
1011 0.0890793
1012 0.08908034
1013 0.08908132
1014 0.0890824
1015 0.0890835
1016 0.08908479
1017 0.08908607
1018 0.08908731
1019 0.08908858
1020 0.08909044
1021 0.08909152
1022 0.08909313
1023 0.08909456
1024 0.08909589
1025 0.08909722
1026 0.0890985
1027 0.08909985
1028 0.08910131
1029 0.08910292
1030 0.08910454
1031 0.08910625
1032 0.08910798
1033 0.08910983
1034 0.0891117
1035 0.0891137
1036 0.08911571
1037 0.08911777
1038 0.0891202
1039 0.08912194
1040 0.08912419
1041 0.08912663
1042 0.08912924
1043 0.0891319
1044 0.08913513
1045 0.08913819
1046 0.08914126
1047 0.0891444
1048 0.08914765
1049 0.08915111
1050 0.08915468
1051 0.08915833
1052 0.08916229
1053 0.08916616
1054 0.08916999
1055 0.08917388
1056 0.08917788
1057 0.08918194
1058 0.08918615
1059 0.08919047
1060 0.08919498
1061 0.08919949
1062 0.08920417
1063 0.0892089
1064 0.0892138
1065 0.08921867
1066 0.08922365
1067 0.08922855
1068 0.08923356
1069 0.08923862
1070 0.08924373
1071 0.08924893
1072 0.08925415
1073 0.08925929
1074 0.08926456
1075 0.08926973
1076 0.08927479
1077 0.08927979
1078 0.08928471
1079 0.08928965
1080 0.08929451
1081 0.08929928
1082 0.08930399
1083 0.08930901
1084 0.08931342
1085 0.08931756
1086 0.08932155
1087 0.08932483
1088 0.08932836
1089 0.08933179
1090 0.08933493
1091 0.0893377
1092 0.08934031
1093 0.0893427
1094 0.08934464
1095 0.08934616
1096 0.08934729
1097 0.08934788
1098 0.08934859
1099 0.08934818
1100 0.08934824
1101 0.08934719
1102 0.08934577
1103 0.08934393
1104 0.08934153
1105 0.08933863
1106 0.08933511
1107 0.08933099
1108 0.08932648
1109 0.08932125
1110 0.08931525
1111 0.08930851
1112 0.08930124
1113 0.08929361
1114 0.08928517
1115 0.08927589
1116 0.08926597
1117 0.0892557
1118 0.08924484
1119 0.08923361
1120 0.08922186
1121 0.08920989
1122 0.08919755
1123 0.08918495
1124 0.08917227
1125 0.08915935
1126 0.08914634
1127 0.08913331
1128 0.08912042
1129 0.08910754
1130 0.08909494
1131 0.08908264
1132 0.08907048
1133 0.08905875
1134 0.08904756
1135 0.0890368
1136 0.08902662
1137 0.08901703
1138 0.08900807
1139 0.08899945
1140 0.0889919
1141 0.08898522
1142 0.08897936
1143 0.08897426
1144 0.08896999
1145 0.08896646
1146 0.08896364
1147 0.08896152
1148 0.08896009
1149 0.08895931
1150 0.08895911
1151 0.08895968
1152 0.08896071
1153 0.08896247
1154 0.08896463
1155 0.08896724
1156 0.08897049
1157 0.08897397
1158 0.0889776
1159 0.08898142
1160 0.0889859
1161 0.08899046
1162 0.08899513
1163 0.08899991
1164 0.08900478
1165 0.08900979
1166 0.08901475
1167 0.08901983
1168 0.08902485
1169 0.08902983
1170 0.08903477
1171 0.08903967
1172 0.08904443
1173 0.08904918
1174 0.0890533
1175 0.08905762
1176 0.08906195
1177 0.0890662
1178 0.08907025
1179 0.08907415
1180 0.08907789
1181 0.08908137
1182 0.08908483
1183 0.08908788
1184 0.08909076
1185 0.08909335
1186 0.08909567
1187 0.08909766
1188 0.0890994
1189 0.08910077
1190 0.08910193
1191 0.08910276
1192 0.08910337
1193 0.08910371
1194 0.08910401
1195 0.08910387
1196 0.08910343
1197 0.08910275
1198 0.08910178
1199 0.08910059
1200 0.08909919
1201 0.08909758
1202 0.08909573
1203 0.08909376
1204 0.08909158
1205 0.08908816
1206 0.08908553
1207 0.08908299
1208 0.0890802
1209 0.0890773
1210 0.08907425
1211 0.08907104
1212 0.0890676
1213 0.08906408
1214 0.08906043
1215 0.08905672
1216 0.08905283
1217 0.08904893
1218 0.08904497
1219 0.08904092
1220 0.08903685
1221 0.08903275
1222 0.08902864
1223 0.08902459
1224 0.0890205
1225 0.0890165
1226 0.08901262
1227 0.08900886
1228 0.08900511
1229 0.08900148
1230 0.088998
1231 0.08899464
1232 0.08899207
1233 0.08898886
1234 0.08898619
1235 0.088984
1236 0.08898162
1237 0.08897947
1238 0.08897744
1239 0.08897567
1240 0.08897416
1241 0.08897297
1242 0.08897201
1243 0.08897131
1244 0.08897088
1245 0.08897074
1246 0.08897088
1247 0.08897126
1248 0.08897183
1249 0.08897265
1250 0.08897379
1251 0.08897511
1252 0.08897655
1253 0.08897816
1254 0.08898
1255 0.08898196
1256 0.08898409
1257 0.08898627
1258 0.08898856
1259 0.08899096
1260 0.08899343
1261 0.08899587
1262 0.08899838
1263 0.08900094
1264 0.08900348
1265 0.08900604
1266 0.0890085
1267 0.08901098
1268 0.08901349
1269 0.08901585
1270 0.0890182
1271 0.08902054
1272 0.08902273
1273 0.08902493
1274 0.08902702
1275 0.08902904
1276 0.08903097
1277 0.08903284
1278 0.08903462
1279 0.08903632
1280 0.08903793
1281 0.08903957
1282 0.08904106
1283 0.08904256
1284 0.0890439
1285 0.08904531
1286 0.08904649
1287 0.08904767
1288 0.08904878
1289 0.08904984
1290 0.08905088
1291 0.08905181
1292 0.0890527
1293 0.08905351
1294 0.08905428
1295 0.08905495
1296 0.08905569
1297 0.08905625
1298 0.08905686
1299 0.0890574
1300 0.08905798
1301 0.08905841
1302 0.08905891
1303 0.08905932
1304 0.08905976
1305 0.08906016
1306 0.08906054
1307 0.089061
1308 0.08906137
1309 0.08906178
1310 0.08906244
1311 0.08906274
1312 0.089063
1313 0.08906353
1314 0.0890638
1315 0.08906411
1316 0.0890644
1317 0.08906478
1318 0.08906525
1319 0.08906579
1320 0.0890663
1321 0.0890669
1322 0.08906749
1323 0.08906811
1324 0.08906879
1325 0.08906944
1326 0.08907013
1327 0.08907086
1328 0.08907161
1329 0.08907235
1330 0.08907313
1331 0.08907396
1332 0.08907478
1333 0.08907561
1334 0.0890765
1335 0.08907745
1336 0.0890784
1337 0.08907937
1338 0.08908037
1339 0.08908147
1340 0.08908255
1341 0.08908379
1342 0.08908503
1343 0.08908625
1344 0.08908752
1345 0.08908878
1346 0.0890907
1347 0.08909219
1348 0.08909348
1349 0.08909471
1350 0.08909599
1351 0.08909728
1352 0.08909869
1353 0.08910013
1354 0.08910167
1355 0.0891033
1356 0.08910495
1357 0.08910672
1358 0.08910853
1359 0.0891104
1360 0.08911234
1361 0.08911427
1362 0.08911633
1363 0.0891188
1364 0.08912051
1365 0.08912273
1366 0.08912523
1367 0.08912775
1368 0.08913038
1369 0.08913364
1370 0.08913671
1371 0.08913977
1372 0.08914299
1373 0.08914622
1374 0.08914966
1375 0.08915326
1376 0.08915696
1377 0.08916094
1378 0.08916479
1379 0.0891687
1380 0.08917264
1381 0.08917661
1382 0.08918071
1383 0.08918501
1384 0.08918942
1385 0.08919395
1386 0.08919857
1387 0.08920325
1388 0.08920801
1389 0.08921289
1390 0.08921789
1391 0.08922286
1392 0.08922786
1393 0.08923298
1394 0.08923812
1395 0.08924334
1396 0.08924864
1397 0.0892539
1398 0.0892591
1399 0.08926445
1400 0.08926966
1401 0.08927482
1402 0.08927988
1403 0.08928493
1404 0.08928996
1405 0.08929484
1406 0.08929972
1407 0.08930444
1408 0.08930958
1409 0.08931402
1410 0.0893182
1411 0.08932223
1412 0.08932559
1413 0.08932958
1414 0.08933263
1415 0.08933567
1416 0.08933843
1417 0.08934099
1418 0.08934344
1419 0.08934543
1420 0.08934695
1421 0.08934814
1422 0.08934888
1423 0.08934922
1424 0.08934914
1425 0.08934867
1426 0.08934816
1427 0.08934654
1428 0.08934455
1429 0.08934204
1430 0.08933897
1431 0.08933537
1432 0.08933107
1433 0.08932621
1434 0.08932071
1435 0.08931524
1436 0.08930847
1437 0.08930077
1438 0.08929224
1439 0.08928324
1440 0.08927368
1441 0.08926356
1442 0.08925308
1443 0.08924212
1444 0.08923063
1445 0.08921869
1446 0.08920635
1447 0.08919378
1448 0.08918094
1449 0.08916786
1450 0.08915468
1451 0.08914144
1452 0.08912814
1453 0.08911506
1454 0.089102
1455 0.08908902
1456 0.08907647
1457 0.08906417
1458 0.08905231
1459 0.08904091
1460 0.08902997
1461 0.08901963
1462 0.08900992
1463 0.08900091
1464 0.08899252
1465 0.08898501
1466 0.08897822
1467 0.0889722
1468 0.08896704
1469 0.08896242
1470 0.08895892
1471 0.08895616
1472 0.08895425
1473 0.08895303
1474 0.08895239
1475 0.08895244
1476 0.08895306
1477 0.0889543
1478 0.08895605
1479 0.0889583
1480 0.08896104
1481 0.08896409
1482 0.0889676
1483 0.0889715
1484 0.08897603
1485 0.08898057
1486 0.08898522
1487 0.08899005
1488 0.08899496
1489 0.0889999
1490 0.08900492
1491 0.08900997
1492 0.08901498
1493 0.08902002
1494 0.08902506
1495 0.08903003
1496 0.08903499
1497 0.08903973
1498 0.08904453
1499 0.08904914
1500 0.08905356
