"report-lift-rfile"
"Iteration" "report-lift"
("Iteration" "report-lift")
500 -0.3415494
501 -0.3415993
502 -0.3416509
503 -0.3417009
504 -0.3417534
505 -0.3418038
506 -0.3418563
507 -0.3419061
508 -0.3419586
509 -0.3420087
510 -0.3420613
511 -0.3421114
512 -0.3421643
513 -0.3422143
514 -0.3422671
515 -0.342317
516 -0.3423699
517 -0.3424201
518 -0.3424733
519 -0.342524
520 -0.342577
521 -0.3426269
522 -0.3426799
523 -0.34273
524 -0.3427828
525 -0.342833
526 -0.3428861
527 -0.3429359
528 -0.3429886
529 -0.3430387
530 -0.3430914
531 -0.3431415
532 -0.3431944
533 -0.3432442
534 -0.343297
535 -0.343347
536 -0.3433997
537 -0.3434496
538 -0.3435019
539 -0.3435515
540 -0.343604
541 -0.3436538
542 -0.3437061
543 -0.3437558
544 -0.343808
545 -0.3438577
546 -0.34391
547 -0.3439595
548 -0.3440117
549 -0.3440615
550 -0.3441134
551 -0.3441629
552 -0.3442149
553 -0.3442646
554 -0.3443167
555 -0.3443662
556 -0.3444181
557 -0.3444675
558 -0.3445194
559 -0.3445688
560 -0.3446207
561 -0.3446702
562 -0.344722
563 -0.3447713
564 -0.344823
565 -0.3448722
566 -0.3449239
567 -0.344973
568 -0.3450247
569 -0.3450736
570 -0.3451254
571 -0.3451742
572 -0.3452254
573 -0.3452742
574 -0.3453256
575 -0.3453743
576 -0.3454258
577 -0.3454746
578 -0.3455259
579 -0.3455746
580 -0.3456258
581 -0.3456747
582 -0.345726
583 -0.3457747
584 -0.3458258
585 -0.3458745
586 -0.345926
587 -0.3459745
588 -0.3460259
589 -0.3460746
590 -0.3461259
591 -0.3461743
592 -0.3462254
593 -0.3462741
594 -0.3463253
595 -0.3463738
596 -0.346425
597 -0.3464736
598 -0.3465247
599 -0.3465733
600 -0.3466243
601 -0.3466729
602 -0.3467239
603 -0.3467724
604 -0.3468232
605 -0.3468715
606 -0.3469223
607 -0.3469708
608 -0.3470215
609 -0.3470702
610 -0.3471209
611 -0.3471691
612 -0.3472197
613 -0.3472682
614 -0.3473183
615 -0.3473666
616 -0.3474163
617 -0.3474652
618 -0.3475145
619 -0.3475634
620 -0.3476124
621 -0.3476615
622 -0.3477101
623 -0.3477591
624 -0.3478075
625 -0.3478565
626 -0.3479043
627 -0.3479535
628 -0.3480007
629 -0.3480495
630 -0.3480966
631 -0.3481456
632 -0.3481922
633 -0.3482413
634 -0.3482878
635 -0.3483366
636 -0.3483826
637 -0.3484312
638 -0.3484775
639 -0.3485258
640 -0.3485716
641 -0.3486199
642 -0.3486656
643 -0.3487137
644 -0.3487595
645 -0.3488074
646 -0.3488525
647 -0.3489003
648 -0.348945
649 -0.3489924
650 -0.349037
651 -0.3490845
652 -0.3491288
653 -0.3491759
654 -0.34922
655 -0.3492667
656 -0.3493106
657 -0.3493572
660 -0.3494906
661 -0.3495365
662 -0.3495794
663 -0.3496256
664 -0.3496684
665 -0.3497139
666 -0.3497562
667 -0.3498015
668 -0.349844
669 -0.3498891
670 -0.349931
671 -0.3499761
672 -0.3500178
673 -0.3500623
674 -0.3501038
675 -0.3501479
676 -0.3501894
677 -0.3502336
678 -0.3502746
679 -0.3503183
680 -0.350359
681 -0.3504022
682 -0.350443
683 -0.3504858
684 -0.3505266
685 -0.3505691
686 -0.35061
687 -0.3506518
688 -0.3506925
689 -0.350734
690 -0.3507746
691 -0.3508156
692 -0.3508559
693 -0.3508967
694 -0.3509367
695 -0.350977
696 -0.3510169
697 -0.3510567
698 -0.3510965
699 -0.3511358
700 -0.3511752
701 -0.3512144
702 -0.3512535
703 -0.3512921
704 -0.3513311
705 -0.3513696
706 -0.3514084
707 -0.3514459
708 -0.3514846
709 -0.3515221
710 -0.3515604
711 -0.3515977
712 -0.3516355
713 -0.3516725
714 -0.35171
715 -0.3517465
716 -0.3517838
717 -0.3518199
718 -0.3518572
719 -0.3518931
720 -0.3519297
721 -0.3519651
722 -0.3520017
723 -0.3520368
724 -0.3520733
725 -0.3521076
726 -0.352144
727 -0.3521784
728 -0.3522139
729 -0.3522479
730 -0.3522829
731 -0.3523168
732 -0.3523518
733 -0.3523849
734 -0.3524197
735 -0.3524528
736 -0.3524869
737 -0.3525201
738 -0.3525537
739 -0.3525864
740 -0.3526195
741 -0.3526524
742 -0.3526852
743 -0.3527178
744 -0.3527501
745 -0.3527822
746 -0.3528141
747 -0.3528461
748 -0.3528776
749 -0.3529092
750 -0.35294
751 -0.3529716
752 -0.3530023
753 -0.3530332
754 -0.3530636
755 -0.3530944
756 -0.3531242
757 -0.353151
758 -0.3531833
759 -0.3532147
760 -0.3532407
761 -0.3532722
762 -0.353304
763 -0.353329
764 -0.3533599
765 -0.3533911
766 -0.3534153
767 -0.3534456
768 -0.3534766
769 -0.3535002
770 -0.3535298
771 -0.3535603
772 -0.3535836
773 -0.3536127
774 -0.3536426
775 -0.3536654
776 -0.3536941
777 -0.3537237
778 -0.3537463
779 -0.3537744
780 -0.353803
781 -0.3538252
782 -0.353853
783 -0.3538778
784 -0.3539067
785 -0.3539297
786 -0.3539572
787 -0.3539794
788 -0.3540066
789 -0.3540294
790 -0.3540567
791 -0.3540785
792 -0.3541019
793 -0.3541292
794 -0.3541556
795 -0.3541757
796 -0.3541974
797 -0.3542241
798 -0.354248
799 -0.3542743
800 -0.3542949
801 -0.3543194
802 -0.3543399
803 -0.3543643
804 -0.3543848
805 -0.3544097
806 -0.3544292
807 -0.3544498
808 -0.3544717
809 -0.3544936
810 -0.3545151
811 -0.3545372
812 -0.3545588
813 -0.3545805
814 -0.3546017
815 -0.3546228
816 -0.3546441
817 -0.3546651
818 -0.354686
819 -0.3547066
820 -0.3547269
821 -0.3547473
822 -0.3547674
823 -0.3547874
824 -0.3548069
825 -0.3548268
826 -0.3548463
827 -0.3548657
828 -0.354885
829 -0.3549043
830 -0.3549228
831 -0.3549418
832 -0.3549607
833 -0.3549793
834 -0.3549979
835 -0.3550162
836 -0.3550344
837 -0.3550526
838 -0.3550707
839 -0.3550887
840 -0.3551065
841 -0.3551241
842 -0.3551416
843 -0.3551591
844 -0.3551763
845 -0.3551932
846 -0.3552104
847 -0.3552273
848 -0.3552443
849 -0.3552607
850 -0.3552773
851 -0.3552938
852 -0.3553102
853 -0.3553265
854 -0.3553425
855 -0.3553583
856 -0.3553744
857 -0.3553899
858 -0.3554058
859 -0.3554213
860 -0.3554365
861 -0.3554519
862 -0.3554671
863 -0.3554823
864 -0.3554971
865 -0.3555122
866 -0.3555269
867 -0.3555414
868 -0.3555562
869 -0.3555704
870 -0.3555846
871 -0.3555989
872 -0.355613
873 -0.3556268
874 -0.3556407
875 -0.3556547
876 -0.3556682
877 -0.3556818
878 -0.3556952
879 -0.3557082
880 -0.3557217
881 -0.3557348
882 -0.355748
883 -0.3557608
884 -0.3557737
885 -0.3557864
886 -0.3557992
887 -0.3558117
888 -0.3558242
889 -0.3558364
890 -0.3558487
891 -0.3558608
892 -0.3558728
893 -0.3558847
894 -0.3558968
895 -0.3559086
896 -0.3559201
897 -0.3559317
898 -0.3559434
899 -0.3559547
900 -0.3559661
901 -0.3559773
902 -0.3559887
903 -0.3559996
904 -0.3560106
905 -0.3560216
906 -0.3560325
907 -0.3560432
908 -0.356054
909 -0.3560645
910 -0.3560751
911 -0.3560857
912 -0.3560961
913 -0.3561062
914 -0.3561163
915 -0.3561262
916 -0.3561365
917 -0.3561463
918 -0.3561561
919 -0.3561659
920 -0.3561758
921 -0.3561856
922 -0.3561948
923 -0.356204
924 -0.3562135
925 -0.3562231
926 -0.3562323
927 -0.3562416
928 -0.3562505
929 -0.3562594
930 -0.3562684
931 -0.3562771
932 -0.356286
933 -0.3562948
934 -0.3563035
935 -0.3563122
936 -0.3563208
937 -0.3563291
938 -0.3563374
939 -0.3563459
940 -0.356354
941 -0.3563624
942 -0.3563705
943 -0.3563784
944 -0.3563864
945 -0.3563944
946 -0.3564024
947 -0.3564103
948 -0.356418
949 -0.3564257
950 -0.356433
951 -0.3564405
952 -0.356448
953 -0.3564556
954 -0.356463
955 -0.3564704
956 -0.3564776
957 -0.3564847
958 -0.3564917
959 -0.356499
960 -0.356506
961 -0.3565128
962 -0.3565197
963 -0.3565266
964 -0.3565332
965 -0.3565398
966 -0.3565465
967 -0.3565531
968 -0.3565596
969 -0.3565661
970 -0.3565724
971 -0.3565789
972 -0.3565851
973 -0.3565913
974 -0.3565975
975 -0.3566037
976 -0.3566097
977 -0.3566155
978 -0.3566217
979 -0.3566277
980 -0.3566338
981 -0.3566395
982 -0.3566453
983 -0.3566511
984 -0.3566568
985 -0.3566626
986 -0.3566681
987 -0.3566737
988 -0.3566791
989 -0.3566845
990 -0.3566898
991 -0.3566952
992 -0.3567006
993 -0.3567061
994 -0.3567111
995 -0.3567162
996 -0.3567214
997 -0.3567265
998 -0.3567316
999 -0.3567367
1000 -0.3567413
1001 -0.3567462
1002 -0.3567512
1003 -0.3567562
1004 -0.356761
1005 -0.3567658
1006 -0.3567704
1007 -0.3567751
1008 -0.3567797
1009 -0.3567842
1010 -0.3567888
1011 -0.3567932
1012 -0.3567977
1013 -0.3568023
1014 -0.3568068
1015 -0.3568111
1016 -0.3568153
1017 -0.3568198
1018 -0.356824
1019 -0.3568282
1020 -0.3568323
1021 -0.3568363
1022 -0.3568405
1023 -0.3568445
1024 -0.3568487
1025 -0.3568525
1026 -0.3568566
1027 -0.3568605
1028 -0.3568643
1029 -0.3568684
1030 -0.3568722
1031 -0.3568759
1032 -0.3568797
1033 -0.3568834
1034 -0.3568871
1035 -0.3568907
1036 -0.3568942
1037 -0.356898
1038 -0.3569015
1039 -0.3569052
1040 -0.3569088
1041 -0.3569122
1042 -0.3569155
1043 -0.3569189
1044 -0.3569227
1045 -0.3569258
1046 -0.3569292
1047 -0.3569323
1048 -0.3569357
1049 -0.3569389
1050 -0.3569419
1051 -0.3569451
1052 -0.3569482
1053 -0.3569514
1054 -0.3569543
1055 -0.3569574
1056 -0.3569604
1057 -0.3569634
1058 -0.3569663
1059 -0.3569696
1060 -0.3569724
1061 -0.3569753
1062 -0.3569782
1063 -0.356981
1064 -0.356984
1065 -0.3569863
1066 -0.356989
1067 -0.3569917
1068 -0.3569946
1069 -0.3569974
1070 -0.3570002
1071 -0.3570029
1072 -0.3570055
1073 -0.357008
1074 -0.3570108
1075 -0.3570134
1076 -0.3570156
1077 -0.3570183
1078 -0.3570209
1079 -0.3570232
1080 -0.3570257
1081 -0.357028
1082 -0.3570305
1083 -0.357033
1084 -0.3570352
1085 -0.3570374
1086 -0.3570397
1087 -0.3570421
1088 -0.3570445
1089 -0.3570468
1090 -0.3570491
1091 -0.3570516
1092 -0.3570535
1093 -0.3570558
1094 -0.3570578
1095 -0.3570601
1096 -0.3570622
1097 -0.3570642
1098 -0.3570664
1099 -0.3570686
1100 -0.357071
1101 -0.3570727
1102 -0.3570746
1103 -0.3570766
1104 -0.3570785
1105 -0.3570805
1106 -0.3570825
1107 -0.3570847
1108 -0.3570862
1109 -0.3570881
1110 -0.3570901
1111 -0.3570919
1112 -0.3570936
1113 -0.3570954
1114 -0.3570971
1115 -0.357099
1116 -0.3571009
1117 -0.3571028
1118 -0.3571047
1119 -0.3571065
1120 -0.3571084
1121 -0.3571102
1122 -0.3571119
1123 -0.3571136
1124 -0.3571154
1125 -0.357117
1126 -0.3571185
1127 -0.3571203
1128 -0.3571217
1129 -0.3571236
1130 -0.3571249
1131 -0.3571262
1132 -0.3571278
1133 -0.3571294
1134 -0.3571308
1135 -0.3571324
1136 -0.3571342
1137 -0.3571357
1138 -0.3571369
1139 -0.3571386
1140 -0.35714
1141 -0.3571413
1142 -0.3571429
1143 -0.3571444
1144 -0.357146
1145 -0.3571471
1146 -0.3571488
1147 -0.3571498
1148 -0.3571511
1149 -0.3571526
1150 -0.357154
1151 -0.3571553
1152 -0.3571568
1153 -0.357158
1154 -0.3571592
1155 -0.3571605
1156 -0.3571616
1157 -0.3571626
1158 -0.357164
1159 -0.357165
1160 -0.3571663
1161 -0.3571674
1162 -0.3571688
1163 -0.35717
1164 -0.3571714
1165 -0.3571726
1166 -0.3571735
1167 -0.3571749
1168 -0.3571762
1169 -0.3571771
1170 -0.3571782
1171 -0.3571796
1172 -0.3571806
1173 -0.3571819
1174 -0.3571827
1175 -0.3571837
1176 -0.3571847
1177 -0.357186
1178 -0.3571869
1179 -0.357188
1180 -0.3571892
1181 -0.3571906
1182 -0.3571913
1183 -0.3571921
1184 -0.3571931
1185 -0.3571939
1186 -0.357195
1187 -0.3571961
1188 -0.3571972
1189 -0.357198
1190 -0.357199
1191 -0.3571997
1192 -0.3572006
1193 -0.3572016
1194 -0.3572027
1195 -0.3572034
1196 -0.3572043
1197 -0.3572054
1198 -0.357206
1199 -0.3572071
1200 -0.3572079
1201 -0.3572088
1202 -0.3572097
1203 -0.3572105
1204 -0.3572116
1205 -0.3572125
1206 -0.3572129
1207 -0.3572139
1208 -0.3572146
1209 -0.3572153
1210 -0.3572165
1211 -0.3572173
1212 -0.3572179
1213 -0.3572188
1214 -0.3572194
1215 -0.3572206
1216 -0.3572212
1217 -0.3572218
1218 -0.3572225
1219 -0.3572236
1220 -0.3572241
1221 -0.3572248
1222 -0.3572258
1223 -0.3572263
1224 -0.3572269
1225 -0.3572277
1226 -0.3572283
1227 -0.3572291
1228 -0.3572298
1229 -0.3572306
1230 -0.3572311
1231 -0.3572319
1232 -0.3572326
1233 -0.3572333
1234 -0.3572339
1235 -0.3572345
1236 -0.3572351
1237 -0.3572358
1238 -0.3572362
1239 -0.357237
1240 -0.3572378
1241 -0.3572383
1242 -0.3572391
1243 -0.3572399
1244 -0.3572404
1245 -0.3572411
1246 -0.3572417
1247 -0.3572422
1248 -0.3572429
1249 -0.3572432
1250 -0.357244
1251 -0.3572444
1252 -0.3572448
1253 -0.3572458
1254 -0.3572464
1255 -0.3572471
1256 -0.3572476
1257 -0.3572478
1258 -0.3572482
1259 -0.3572489
1260 -0.3572494
1261 -0.3572499
1262 -0.3572505
1263 -0.3572513
1264 -0.3572516
1265 -0.357252
1266 -0.3572527
1267 -0.3572531
1268 -0.3572538
1269 -0.3572539
1270 -0.3572544
1271 -0.3572549
1272 -0.3572553
1273 -0.3572558
1274 -0.3572563
1275 -0.357257
1276 -0.3572576
1277 -0.3572578
1278 -0.3572583
1279 -0.3572587
1280 -0.357259
1281 -0.3572594
1282 -0.3572597
1283 -0.3572602
1284 -0.3572606
1285 -0.3572611
1286 -0.3572616
1287 -0.3572621
1288 -0.3572624
1289 -0.357263
1290 -0.3572637
1291 -0.357264
1292 -0.3572644
1293 -0.3572651
1294 -0.3572653
1295 -0.3572658
1296 -0.3572662
1297 -0.3572668
1298 -0.357267
1299 -0.3572675
1300 -0.357268
1301 -0.3572685
1302 -0.3572686
1303 -0.3572689
1304 -0.3572693
1305 -0.3572695
1306 -0.3572698
1307 -0.3572702
1308 -0.3572704
1309 -0.3572708
1310 -0.3572713
1311 -0.3572716
1312 -0.357272
1313 -0.3572724
1314 -0.3572727
1315 -0.357273
1316 -0.3572736
1317 -0.3572739
1318 -0.3572742
1319 -0.3572744
1320 -0.3572747
1321 -0.357275
1322 -0.3572754
1323 -0.3572759
1324 -0.3572762
1325 -0.3572764
1326 -0.3572767
1327 -0.3572772
1328 -0.3572774
1329 -0.3572776
1330 -0.357278
1331 -0.3572783
1332 -0.3572786
1333 -0.357279
1334 -0.3572794
1335 -0.3572798
1336 -0.35728
1337 -0.3572804
1338 -0.3572808
1339 -0.357281
1340 -0.3572813
1341 -0.3572815
1342 -0.3572818
1343 -0.357282
1344 -0.3572823
1345 -0.3572825
1346 -0.3572827
1347 -0.3572831
1348 -0.3572832
1349 -0.3572835
1350 -0.3572837
1351 -0.3572841
1352 -0.3572844
1353 -0.3572846
1354 -0.357285
1355 -0.3572852
1356 -0.3572855
1357 -0.3572858
1358 -0.3572861
1359 -0.3572865
1360 -0.3572868
1361 -0.3572869
1362 -0.3572872
1363 -0.3572874
1364 -0.3572875
1365 -0.3572879
1366 -0.3572882
1367 -0.3572885
1368 -0.3572886
1369 -0.3572889
1370 -0.3572889
1371 -0.3572892
1372 -0.3572894
1373 -0.3572896
1374 -0.3572898
1375 -0.3572902
1376 -0.3572903
1377 -0.3572908
1378 -0.3572909
1379 -0.3572911
1380 -0.3572913
1381 -0.3572918
1382 -0.3572921
1383 -0.3572922
1384 -0.3572924
1385 -0.3572927
1386 -0.3572929
1387 -0.3572934
1388 -0.3572935
1389 -0.3572936
1390 -0.3572938
1391 -0.3572941
1392 -0.3572941
1393 -0.3572943
1394 -0.3572946
1395 -0.3572947
1396 -0.3572949
1397 -0.357295
1398 -0.3572951
1399 -0.3572953
1400 -0.3572955
1401 -0.3572958
1402 -0.3572962
1403 -0.3572963
1404 -0.3572964
1405 -0.3572964
1406 -0.3572966
1407 -0.3572968
1408 -0.357297
1409 -0.3572973
1410 -0.3572975
1411 -0.3572976
1412 -0.3572979
1413 -0.357298
1414 -0.3572984
1415 -0.3572984
1416 -0.3572986
1417 -0.3572986
1418 -0.3572987
1419 -0.3572988
1420 -0.3572989
1421 -0.357299
1422 -0.3572992
1423 -0.3572996
1424 -0.3572996
1425 -0.3572997
1426 -0.3572999
1427 -0.3573
1428 -0.3573001
1429 -0.3573002
1430 -0.3573003
1431 -0.3573004
1432 -0.3573007
1433 -0.3573008
1434 -0.3573012
1435 -0.3573013
1436 -0.3573016
1437 -0.3573016
1438 -0.3573017
1439 -0.3573018
1440 -0.357302
1441 -0.3573021
1442 -0.3573021
1443 -0.3573023
1444 -0.3573025
1445 -0.3573026
1446 -0.3573027
1447 -0.3573028
1448 -0.357303
1449 -0.357303
1450 -0.3573031
1451 -0.3573031
1452 -0.3573033
1453 -0.3573034
1454 -0.3573036
1455 -0.3573036
1456 -0.3573037
1457 -0.3573039
1458 -0.357304
1459 -0.357304
1460 -0.3573041
1461 -0.3573043
1462 -0.3573044
1463 -0.3573046
1464 -0.3573048
1465 -0.357305
1466 -0.3573051
1467 -0.3573053
1468 -0.3573053
1469 -0.3573055
1470 -0.3573055
1471 -0.3573058
1472 -0.3573059
1473 -0.357306
1474 -0.3573061
1475 -0.3573061
1476 -0.3573063
1477 -0.3573064
1478 -0.3573065
1479 -0.3573066
1480 -0.3573068
1481 -0.3573069
1482 -0.3573069
1483 -0.357307
1484 -0.3573071
1485 -0.3573072
1486 -0.3573072
1487 -0.3573073
1488 -0.3573074
1489 -0.3573076
1490 -0.3573076
1491 -0.3573077
1492 -0.3573079
1493 -0.3573079
1494 -0.3573079
1495 -0.357308
1496 -0.3573081
1497 -0.3573082
1498 -0.3573083
1499 -0.3573084
1500 -0.3573084
