"report-drag-rfile"
"Iteration" "report-drag"
("Iteration" "report-drag")
500 0.01214328
501 0.01213191
502 0.01212054
503 0.01210925
504 0.01209803
505 0.01208698
506 0.0120762
507 0.01206563
508 0.01205541
509 0.01204544
510 0.01203576
511 0.01202629
512 0.01201705
513 0.01200801
514 0.0119992
515 0.01199062
516 0.01198234
517 0.01197436
518 0.01196672
519 0.01195953
520 0.01195283
521 0.01194665
522 0.01194107
523 0.01193602
524 0.011925
525 0.01191972
526 0.01191685
527 0.01191523
528 0.01191424
529 0.01191366
530 0.01191345
531 0.01191359
532 0.01191415
533 0.01191513
534 0.01191665
535 0.01191873
536 0.01192144
537 0.0119248
538 0.01192879
539 0.01193351
540 0.01194672
541 0.01195302
542 0.01195724
543 0.01196113
544 0.01196537
545 0.01197015
546 0.01197532
547 0.01198073
548 0.01198641
549 0.01199271
550 0.01199973
551 0.0120085
552 0.01201815
553 0.01203005
554 0.01204775
555 0.01206529
556 0.01208379
557 0.01210434
558 0.01212703
559 0.01214398
560 0.01217465
561 0.01220306
562 0.01223385
563 0.01226724
564 0.0123042
565 0.01234404
566 0.01238285
567 0.01242215
568 0.01246286
569 0.01250438
570 0.01254658
571 0.01258928
572 0.01263242
573 0.01267504
574 0.01271738
575 0.01276179
576 0.01280683
577 0.01285186
578 0.01289651
579 0.01294065
580 0.01298425
581 0.01302739
582 0.01307005
583 0.0131122
584 0.01315388
585 0.01319497
586 0.01323546
587 0.01327534
588 0.01331461
589 0.0133532
590 0.01339113
591 0.01342835
592 0.01346489
593 0.01350064
594 0.01353555
595 0.01356958
596 0.01360262
597 0.0136346
598 0.01366552
599 0.01369529
600 0.01372383
601 0.01375102
602 0.01377681
603 0.01380111
604 0.01382383
605 0.01384484
606 0.01386413
607 0.01388156
608 0.01389717
609 0.0139108
610 0.01392253
611 0.0139325
612 0.0139404
613 0.01394635
614 0.01395042
615 0.01395258
616 0.01395305
617 0.01395181
618 0.0139496
619 0.0139458
620 0.01394016
621 0.01393281
622 0.01392381
623 0.01391314
624 0.01390123
625 0.01388796
626 0.01387368
627 0.01385835
628 0.01384221
629 0.0138252
630 0.01380755
631 0.01378925
632 0.01377045
633 0.01375123
634 0.01373164
635 0.01371181
636 0.01369172
637 0.01367152
638 0.01365131
639 0.01363107
640 0.01361091
641 0.01359083
642 0.01357091
643 0.01355114
644 0.01353158
645 0.01351222
646 0.01349314
647 0.01347431
648 0.01345582
649 0.0134376
650 0.01341972
651 0.01340223
652 0.01338509
653 0.01336836
654 0.01335199
655 0.01333602
656 0.0133204
657 0.01330519
658 0.01329035
659 0.01327585
660 0.01326173
661 0.01324794
662 0.01323452
663 0.01322139
664 0.01320867
665 0.01319611
666 0.01318389
667 0.01317193
668 0.01316021
669 0.0131488
670 0.01313759
671 0.01312664
672 0.01311593
673 0.01310542
674 0.01309512
675 0.01308505
676 0.01307516
677 0.01306547
678 0.01305597
679 0.01304663
680 0.01303752
681 0.01302855
682 0.01301971
683 0.01301105
684 0.01300255
685 0.01299422
686 0.01298598
687 0.01297791
688 0.01296996
689 0.01296216
690 0.01295449
691 0.01294693
692 0.01293946
693 0.01293213
694 0.01292492
695 0.01291776
696 0.0129107
697 0.01290375
698 0.01289686
699 0.01289009
700 0.01288339
701 0.01287676
702 0.01287018
703 0.0128637
704 0.01285727
705 0.01285091
706 0.01284463
707 0.01283839
708 0.01283223
709 0.0128261
710 0.01282004
711 0.012814
712 0.01280807
713 0.0128022
714 0.01279634
715 0.01279051
716 0.01278477
717 0.01277912
718 0.0127735
719 0.01276793
720 0.0127624
721 0.01275691
722 0.01275146
723 0.01274607
724 0.01274213
725 0.01273648
726 0.01273043
727 0.01272651
728 0.01272107
729 0.01271515
730 0.01271133
731 0.01270738
732 0.01270156
733 0.01269558
734 0.0126919
735 0.01268811
736 0.01268404
737 0.01267976
738 0.01267363
739 0.01266928
740 0.01266538
741 0.01266142
742 0.01265724
743 0.01265134
744 0.01264683
745 0.01264333
746 0.01263951
747 0.01263554
748 0.01262992
749 0.01262573
750 0.01262236
751 0.01261871
752 0.01261496
753 0.01261116
754 0.01260737
755 0.01260358
756 0.01259834
757 0.01259443
758 0.01259123
759 0.01258783
760 0.01258302
761 0.01257937
762 0.01257629
763 0.01257306
764 0.01256974
765 0.01256639
766 0.01256303
767 0.01255966
768 0.01255504
769 0.0125516
770 0.01254867
771 0.01254557
772 0.0125424
773 0.0125381
774 0.01253488
775 0.01253202
776 0.01252904
777 0.01252599
778 0.01252184
779 0.01251866
780 0.01251588
781 0.01251195
782 0.01250893
783 0.0125062
784 0.01250251
785 0.01249945
786 0.01249667
787 0.0124929
788 0.01248983
789 0.01248705
790 0.01248331
791 0.01248027
792 0.01247746
793 0.01247374
794 0.01247064
795 0.01246777
796 0.01246399
797 0.01246084
798 0.01245795
799 0.01245413
800 0.01245083
801 0.01244782
802 0.01244385
803 0.01243945
804 0.01243598
805 0.01243186
806 0.01242702
807 0.01242246
808 0.01241778
809 0.0124129
810 0.01240777
811 0.01240244
812 0.01239679
813 0.01239081
814 0.01238451
815 0.0123779
816 0.01237102
817 0.01235973
818 0.01235153
819 0.0123441
820 0.01233677
821 0.01232929
822 0.01232146
823 0.0123132
824 0.01230455
825 0.01229577
826 0.01228601
827 0.01227938
828 0.01226962
829 0.01225877
830 0.01224765
831 0.01223651
832 0.01222546
833 0.01221459
834 0.01220391
835 0.01219354
836 0.0121801
837 0.01217321
838 0.01216417
839 0.01215431
840 0.01214398
841 0.01213336
842 0.0121226
843 0.01211174
844 0.01210078
845 0.01208984
846 0.01207897
847 0.01206828
848 0.01205764
849 0.01204717
850 0.01203693
851 0.01202703
852 0.01201744
853 0.01200819
854 0.01199922
855 0.01199047
856 0.0119819
857 0.01197359
858 0.01196547
859 0.01195752
860 0.01194983
861 0.01194245
862 0.01193538
863 0.0119287
864 0.01192252
865 0.01191684
866 0.01191169
867 0.01190713
868 0.01189643
869 0.01189155
870 0.01188912
871 0.01188796
872 0.01188751
873 0.01188749
874 0.01188781
875 0.01188846
876 0.01188948
877 0.01189086
878 0.01189276
879 0.01189513
880 0.01189809
881 0.01190165
882 0.01190579
883 0.01191063
884 0.01191607
885 0.01192944
886 0.01193617
887 0.01194082
888 0.01194521
889 0.01194995
890 0.01195513
891 0.01196072
892 0.01196669
893 0.01197332
894 0.01198068
895 0.01198977
896 0.01199953
897 0.01201151
898 0.01202923
899 0.01204684
900 0.01206544
901 0.01208603
902 0.01211022
903 0.01212706
904 0.01215692
905 0.01218534
906 0.01221859
907 0.01225342
908 0.01228822
909 0.01232587
910 0.01236417
911 0.01240333
912 0.01244411
913 0.01248564
914 0.01252787
915 0.0125707
916 0.01261396
917 0.01265675
918 0.0126993
919 0.01274388
920 0.01278913
921 0.01283439
922 0.01287932
923 0.01292379
924 0.01296772
925 0.01301113
926 0.01305402
927 0.01309638
928 0.01313825
929 0.01317961
930 0.01322036
931 0.01326048
932 0.01329998
933 0.01333879
934 0.01337693
935 0.01341438
936 0.01345107
937 0.01348699
938 0.01352209
939 0.01355625
940 0.01358951
941 0.01362175
942 0.01365286
943 0.01368285
944 0.01371165
945 0.01373911
946 0.01376515
947 0.01378972
948 0.01381271
949 0.01383405
950 0.01385366
951 0.01387143
952 0.01388737
953 0.01390132
954 0.0139133
955 0.01392337
956 0.01393154
957 0.01393793
958 0.01394223
959 0.01394465
960 0.01394524
961 0.01394458
962 0.01394269
963 0.01393881
964 0.01393321
965 0.01392586
966 0.01391692
967 0.01390651
968 0.01389467
969 0.01388164
970 0.01386752
971 0.01385242
972 0.01383643
973 0.01381968
974 0.01380217
975 0.01378406
976 0.01376539
977 0.01374627
978 0.01372678
979 0.01370707
980 0.01368714
981 0.01366708
982 0.01364698
983 0.01362687
984 0.01360678
985 0.01358682
986 0.01356697
987 0.01354733
988 0.01352782
989 0.01350858
990 0.01348953
991 0.01347074
992 0.01345225
993 0.01343408
994 0.01341624
995 0.01339877
996 0.01338161
997 0.01336482
998 0.01334843
999 0.01333241
1000 0.01331672
1001 0.01330142
1002 0.01328648
1003 0.0132719
1004 0.01325767
1005 0.01324376
1006 0.01323021
1007 0.01321697
1008 0.01320404
1009 0.01319142
1010 0.01317907
1011 0.01316701
1012 0.01315519
1013 0.01314367
1014 0.01313237
1015 0.01312137
1016 0.01311051
1017 0.01309991
1018 0.01308956
1019 0.01307934
1020 0.01306939
1021 0.01305963
1022 0.01305008
1023 0.01304066
1024 0.01303145
1025 0.01302239
1026 0.01301352
1027 0.01300476
1028 0.01299622
1029 0.01298779
1030 0.01297953
1031 0.0129714
1032 0.01296342
1033 0.01295556
1034 0.01294787
1035 0.01294024
1036 0.01293274
1037 0.01292537
1038 0.01291811
1039 0.01291096
1040 0.0129039
1041 0.01289692
1042 0.01289008
1043 0.01288325
1044 0.01287661
1045 0.01286993
1046 0.01286336
1047 0.01285691
1048 0.01285051
1049 0.01284418
1050 0.0128379
1051 0.01283174
1052 0.0128256
1053 0.01281955
1054 0.01281353
1055 0.01280757
1056 0.01280167
1057 0.0127958
1058 0.01278998
1059 0.01278429
1060 0.01277858
1061 0.01277291
1062 0.01276734
1063 0.01276178
1064 0.01275628
1065 0.01275084
1066 0.01274545
1067 0.01274009
1068 0.01273476
1069 0.01272949
1070 0.01272431
1071 0.0127201
1072 0.01271513
1073 0.01270925
1074 0.01270509
1075 0.01270017
1076 0.01269442
1077 0.01269039
1078 0.01268557
1079 0.01267997
1080 0.01267606
1081 0.01267258
1082 0.0126672
1083 0.01266151
1084 0.01265774
1085 0.01265435
1086 0.01264911
1087 0.01264361
1088 0.01264
1089 0.01263677
1090 0.01263313
1091 0.01262777
1092 0.01262244
1093 0.01261905
1094 0.01261594
1095 0.01261247
1096 0.01260737
1097 0.01260336
1098 0.01260023
1099 0.01259683
1100 0.01259329
1101 0.01258823
1102 0.01258442
1103 0.01258135
1104 0.01257809
1105 0.01257469
1106 0.01257126
1107 0.01256779
1108 0.01256299
1109 0.01255941
1110 0.01255647
1111 0.01255337
1112 0.01255012
1113 0.01254688
1114 0.01254361
1115 0.0125403
1116 0.01253699
1117 0.01253373
1118 0.01253046
1119 0.01252719
1120 0.01252392
1121 0.01252064
1122 0.01251745
1123 0.01251423
1124 0.01251102
1125 0.01250782
1126 0.01250466
1127 0.01250154
1128 0.01249837
1129 0.01249519
1130 0.01249199
1131 0.01248879
1132 0.01248561
1133 0.0124824
1134 0.01247922
1135 0.01247604
1136 0.01247286
1137 0.01246967
1138 0.01246649
1139 0.01246325
1140 0.01246001
1141 0.01245676
1142 0.0124535
1143 0.01245021
1144 0.01244605
1145 0.0124424
1146 0.01243924
1147 0.01243578
1148 0.01243123
1149 0.01242706
1150 0.01242254
1151 0.01241732
1152 0.01241244
1153 0.01240744
1154 0.01240224
1155 0.01239682
1156 0.01239107
1157 0.012385
1158 0.01237861
1159 0.01237193
1160 0.01236494
1161 0.01235345
1162 0.01234515
1163 0.01233765
1164 0.01233028
1165 0.01232275
1166 0.01231485
1167 0.01230657
1168 0.01229788
1169 0.01228881
1170 0.01227964
1171 0.01227285
1172 0.012263
1173 0.01225211
1174 0.01224092
1175 0.01222975
1176 0.01221865
1177 0.01220778
1178 0.01219716
1179 0.0121868
1180 0.01217339
1181 0.01216649
1182 0.0121575
1183 0.01214762
1184 0.01213726
1185 0.01212665
1186 0.01211588
1187 0.01210504
1188 0.01209413
1189 0.01208327
1190 0.0120725
1191 0.01206183
1192 0.01205122
1193 0.01204082
1194 0.0120307
1195 0.01202087
1196 0.0120114
1197 0.01200226
1198 0.01199342
1199 0.01198477
1200 0.01197629
1201 0.01196803
1202 0.01195998
1203 0.01195213
1204 0.01194453
1205 0.01193723
1206 0.01193029
1207 0.01192374
1208 0.01191774
1209 0.01191217
1210 0.01190718
1211 0.01190281
1212 0.01189225
1213 0.01188755
1214 0.01188532
1215 0.01188434
1216 0.01188404
1217 0.01188417
1218 0.01188461
1219 0.01188539
1220 0.01188654
1221 0.01188808
1222 0.01189013
1223 0.01189268
1224 0.01189581
1225 0.01189954
1226 0.01190384
1227 0.01190884
1228 0.01192207
1229 0.01192858
1230 0.01193304
1231 0.0119372
1232 0.01194181
1233 0.01194695
1234 0.01195256
1235 0.01195852
1236 0.0119648
1237 0.01197174
1238 0.01198029
1239 0.01198929
1240 0.01199946
1241 0.01201196
1242 0.01203061
1243 0.01204881
1244 0.01206793
1245 0.01208897
1246 0.01211365
1247 0.0121309
1248 0.01216129
1249 0.01219018
1250 0.01222151
1251 0.01225522
1252 0.01229708
1253 0.01233044
1254 0.0123701
1255 0.01241065
1256 0.01245183
1257 0.01249363
1258 0.01253606
1259 0.01257904
1260 0.01262241
1261 0.01266529
1262 0.01270792
1263 0.01275255
1264 0.01279783
1265 0.01284309
1266 0.01288798
1267 0.0129324
1268 0.01297635
1269 0.01301972
1270 0.01306257
1271 0.0131049
1272 0.01314673
1273 0.01318799
1274 0.01322864
1275 0.01326867
1276 0.01330809
1277 0.0133468
1278 0.01338486
1279 0.01342218
1280 0.01345876
1281 0.01349454
1282 0.01352948
1283 0.01356354
1284 0.0135966
1285 0.01362861
1286 0.01365953
1287 0.0136893
1288 0.01371782
1289 0.01374497
1290 0.01377068
1291 0.01379492
1292 0.01381753
1293 0.01383846
1294 0.01385766
1295 0.01387501
1296 0.01389047
1297 0.01390394
1298 0.0139155
1299 0.01392511
1300 0.01393281
1301 0.01393874
1302 0.0139426
1303 0.01394454
1304 0.01394472
1305 0.01394369
1306 0.01394137
1307 0.0139371
1308 0.01393108
1309 0.01392337
1310 0.01391409
1311 0.01390332
1312 0.01389123
1313 0.01387795
1314 0.01386359
1315 0.01384827
1316 0.01383209
1317 0.01381514
1318 0.01379748
1319 0.01377923
1320 0.01376046
1321 0.01374124
1322 0.01372169
1323 0.0137019
1324 0.01368192
1325 0.01366185
1326 0.0136417
1327 0.01362161
1328 0.01360154
1329 0.01358161
1330 0.0135618
1331 0.01354218
1332 0.01352272
1333 0.01350353
1334 0.01348457
1335 0.01346586
1336 0.01344747
1337 0.01342938
1338 0.01341158
1339 0.01339417
1340 0.01337711
1341 0.01336043
1342 0.01334408
1343 0.01332816
1344 0.01331257
1345 0.01329736
1346 0.01328248
1347 0.013268
1348 0.01325378
1349 0.01323998
1350 0.01322651
1351 0.01321336
1352 0.01320046
1353 0.01318791
1354 0.01317563
1355 0.01316363
1356 0.01315189
1357 0.01314039
1358 0.01312917
1359 0.01311818
1360 0.01310739
1361 0.01309685
1362 0.01308654
1363 0.01307642
1364 0.01306649
1365 0.01305678
1366 0.01304722
1367 0.01303787
1368 0.01302869
1369 0.01301967
1370 0.01301082
1371 0.01300215
1372 0.01299358
1373 0.01298518
1374 0.01297694
1375 0.01296886
1376 0.0129609
1377 0.01295309
1378 0.0129454
1379 0.01293779
1380 0.01293034
1381 0.01292302
1382 0.0129158
1383 0.01290865
1384 0.01290161
1385 0.01289466
1386 0.0128878
1387 0.01288101
1388 0.01287434
1389 0.01286774
1390 0.01286123
1391 0.01285479
1392 0.01284842
1393 0.01284213
1394 0.0128359
1395 0.01282973
1396 0.01282365
1397 0.01281759
1398 0.01281157
1399 0.01280562
1400 0.01279971
