"report-drag-rfile"
"Iteration" "report-drag"
("Iteration" "report-drag")
500 0.01213831
501 0.01213689
502 0.01213547
503 0.0121341
504 0.01213274
505 0.01213133
506 0.01212996
507 0.01212862
508 0.01212726
509 0.01212586
510 0.01212451
511 0.01212309
512 0.01212183
513 0.01212037
514 0.01211913
515 0.01211765
516 0.01211669
517 0.01211516
518 0.01211429
519 0.01211278
520 0.01211183
521 0.01211024
522 0.01210923
523 0.01210758
524 0.01210656
525 0.01210491
526 0.01210391
527 0.01210222
528 0.01210121
529 0.01209953
530 0.01209851
531 0.01209688
532 0.01209588
533 0.01209425
534 0.01209322
535 0.01209161
536 0.0120906
537 0.012089
538 0.01208802
539 0.01208644
540 0.0120854
541 0.01208383
542 0.01208282
543 0.01208127
544 0.01208023
545 0.01207872
546 0.01207771
547 0.0120762
548 0.01207521
549 0.01207367
550 0.01207269
551 0.01207116
552 0.01207016
553 0.0120686
554 0.01206762
555 0.01206611
556 0.01206514
557 0.0120636
558 0.01206263
559 0.01206108
560 0.0120601
561 0.01205859
562 0.0120576
563 0.01205608
564 0.01205511
565 0.01205363
566 0.01205263
567 0.01205115
568 0.01205017
569 0.01204869
570 0.01204768
571 0.01204625
572 0.01204527
573 0.0120438
574 0.01204285
575 0.01204141
576 0.0120405
577 0.01203907
578 0.01203815
579 0.01203677
580 0.01203584
581 0.01203446
582 0.01203354
583 0.01203217
584 0.01203127
585 0.01202996
586 0.01202908
587 0.01202772
588 0.01202682
589 0.0120255
590 0.01202461
591 0.01202334
592 0.01202247
593 0.01202119
594 0.01202031
595 0.01201906
596 0.01201819
597 0.01201697
598 0.01201611
599 0.01201485
600 0.01201401
601 0.01201274
602 0.0120119
603 0.01201067
604 0.01200985
605 0.01200864
606 0.0120078
607 0.01200659
608 0.0120058
609 0.0120046
610 0.01200376
611 0.0120026
612 0.01200191
613 0.01200111
614 0.01199991
615 0.01199916
616 0.01199837
617 0.01199713
618 0.01199639
619 0.0119956
620 0.01199439
621 0.01199361
622 0.01199283
623 0.0119921
624 0.01199083
625 0.01199004
626 0.01198907
627 0.01198834
628 0.01198708
629 0.01198635
630 0.01198549
631 0.01198479
632 0.01198358
633 0.01198285
634 0.01198198
635 0.01198127
636 0.01198012
637 0.01197938
638 0.01197849
639 0.01197777
640 0.0119766
641 0.01197588
642 0.01197503
643 0.01197427
644 0.01197319
645 0.01197247
646 0.01197161
647 0.0119709
648 0.01196991
649 0.01196921
650 0.01196838
651 0.01196771
652 0.01196678
653 0.01196611
654 0.01196523
655 0.01196461
656 0.01196378
657 0.01196316
658 0.01196235
659 0.01196168
660 0.01196086
661 0.01196023
662 0.01195944
663 0.01195883
664 0.01195805
665 0.01195744
666 0.0119567
667 0.01195612
668 0.01195558
669 0.01195484
670 0.01195422
671 0.01195367
672 0.0119531
673 0.0119523
674 0.01195168
675 0.01195112
676 0.01195031
677 0.01194968
678 0.01194917
679 0.01194839
680 0.01194778
681 0.0119473
682 0.01194655
683 0.01194599
684 0.01194547
685 0.01194496
686 0.01194442
687 0.01194387
688 0.01194332
689 0.01194275
690 0.01194216
691 0.01194158
692 0.01194103
693 0.01194044
694 0.01193988
695 0.01193933
696 0.01193879
697 0.01193823
698 0.01193765
699 0.01193713
700 0.01193654
701 0.01193603
702 0.0119355
703 0.01193496
704 0.01193442
705 0.01193393
706 0.01193341
707 0.01193291
708 0.0119324
709 0.01193191
710 0.01193142
711 0.01193092
712 0.01193045
713 0.01192994
714 0.01192949
715 0.01192899
716 0.01192851
717 0.01192806
718 0.01192755
719 0.01192707
720 0.0119266
721 0.01192615
722 0.01192567
723 0.01192523
724 0.01192482
725 0.01192437
726 0.01192394
727 0.01192348
728 0.01192309
729 0.01192264
730 0.01192226
731 0.01192185
732 0.01192143
733 0.01192104
734 0.01192064
735 0.01192025
736 0.01191987
737 0.01191947
738 0.01191908
739 0.01191871
740 0.01191834
741 0.01191798
742 0.0119176
743 0.01191724
744 0.01191688
745 0.01191651
746 0.01191618
747 0.01191579
748 0.01191541
749 0.0119151
750 0.01191475
751 0.01191442
752 0.01191403
753 0.01191371
754 0.01191339
755 0.01191302
756 0.01191269
757 0.01191237
758 0.01191204
759 0.01191171
760 0.01191139
761 0.01191108
762 0.01191077
763 0.01191049
764 0.01191016
765 0.01190984
766 0.01190955
767 0.01190928
768 0.01190897
769 0.01190865
770 0.01190836
771 0.01190807
772 0.01190779
773 0.0119075
774 0.01190723
775 0.01190693
776 0.01190668
777 0.0119064
778 0.01190612
779 0.01190586
780 0.01190559
781 0.01190535
782 0.0119051
783 0.01190483
784 0.01190456
785 0.01190432
786 0.01190406
787 0.01190383
788 0.01190357
789 0.01190333
790 0.01190308
791 0.01190279
792 0.01190256
793 0.01190237
794 0.01190216
795 0.01190193
796 0.01190172
797 0.01190151
798 0.0119013
799 0.01190107
800 0.01190084
801 0.01190063
802 0.01190044
803 0.01190022
804 0.01190002
805 0.01189983
806 0.01189962
807 0.01189943
808 0.01189923
809 0.01189904
810 0.01189885
811 0.01189869
812 0.01189848
813 0.01189823
814 0.01189811
815 0.01189789
816 0.01189772
817 0.01189753
818 0.01189734
819 0.01189718
820 0.01189702
821 0.0118969
822 0.0118967
823 0.01189649
824 0.01189636
825 0.0118962
826 0.01189605
827 0.01189589
828 0.0118957
829 0.01189556
830 0.01189539
831 0.01189527
832 0.0118951
833 0.01189492
834 0.0118948
835 0.01189466
836 0.01189452
837 0.01189437
838 0.01189422
839 0.01189409
840 0.01189395
841 0.01189382
842 0.01189367
843 0.01189356
844 0.01189344
845 0.01189328
846 0.0118932
847 0.01189307
848 0.01189294
849 0.01189283
850 0.0118927
851 0.01189257
852 0.01189245
853 0.01189231
854 0.0118922
855 0.0118921
856 0.01189201
857 0.0118919
858 0.01189175
859 0.01189169
860 0.01189155
861 0.01189144
862 0.01189133
863 0.01189122
864 0.01189114
865 0.01189102
866 0.01189093
867 0.01189081
868 0.01189074
869 0.01189061
870 0.01189052
871 0.01189039
872 0.01189026
873 0.01189016
874 0.01189005
875 0.01188999
876 0.01188986
877 0.01188977
878 0.01188968
879 0.01188958
880 0.01188946
881 0.01188939
882 0.01188929
883 0.01188921
884 0.01188911
885 0.01188903
886 0.01188896
887 0.01188888
888 0.01188878
889 0.0118887
890 0.01188861
891 0.01188853
892 0.01188844
893 0.01188834
894 0.01188827
895 0.01188817
896 0.01188812
897 0.01188802
898 0.01188794
899 0.01188785
900 0.01188778
901 0.01188771
902 0.01188762
903 0.01188756
904 0.0118875
905 0.01188741
906 0.01188737
907 0.01188729
908 0.01188723
909 0.01188717
910 0.01188712
911 0.01188708
912 0.01188702
913 0.01188694
914 0.01188686
915 0.0118868
916 0.01188674
917 0.01188667
918 0.01188662
919 0.01188656
920 0.01188653
921 0.0118865
922 0.01188642
923 0.01188632
924 0.01188627
925 0.01188623
926 0.0118862
927 0.01188615
928 0.01188609
929 0.01188604
930 0.01188598
931 0.01188596
932 0.01188589
933 0.01188582
934 0.01188579
935 0.01188577
936 0.01188571
937 0.01188567
938 0.01188562
939 0.01188558
940 0.01188552
941 0.01188547
942 0.0118854
943 0.01188535
944 0.01188531
945 0.01188526
946 0.01188521
947 0.01188515
948 0.01188509
949 0.01188504
950 0.01188495
951 0.0118849
952 0.01188487
953 0.01188482
954 0.01188481
955 0.01188476
956 0.01188472
957 0.01188467
958 0.01188462
959 0.01188459
960 0.01188456
961 0.01188452
962 0.0118845
963 0.01188446
964 0.01188441
965 0.01188438
966 0.01188434
967 0.01188429
968 0.01188425
969 0.0118842
970 0.01188418
971 0.01188416
972 0.01188411
973 0.01188408
974 0.01188404
975 0.01188402
976 0.01188398
977 0.01188395
978 0.0118839
979 0.01188388
980 0.01188383
981 0.01188382
982 0.01188377
983 0.01188373
984 0.0118837
985 0.01188367
986 0.01188361
987 0.01188359
988 0.01188354
989 0.01188352
990 0.01188347
991 0.01188342
992 0.01188343
993 0.01188336
994 0.01188332
995 0.01188333
996 0.01188326
997 0.01188322
998 0.01188317
999 0.01188314
1000 0.01188311
1001 0.01188308
1002 0.01188307
1003 0.01188303
1004 0.01188302
1005 0.011883
1006 0.01188299
1007 0.01188296
1008 0.01188293
1009 0.01188289
1010 0.01188288
1011 0.01188285
1012 0.01188283
1013 0.01188281
1014 0.01188279
1015 0.01188275
1016 0.01188274
1017 0.01188272
1018 0.01188268
1019 0.01188264
1020 0.01188263
1021 0.01188261
1022 0.01188261
1023 0.01188257
1024 0.01188255
1025 0.01188254
1026 0.01188251
1027 0.01188251
1028 0.01188249
1029 0.01188249
1030 0.01188247
1031 0.01188243
1032 0.01188238
1033 0.01188237
1034 0.01188234
1035 0.0118823
1036 0.01188229
1037 0.01188226
1038 0.01188224
1039 0.01188223
1040 0.0118822
1041 0.01188217
1042 0.01188215
1043 0.01188213
1044 0.01188213
1045 0.01188212
1046 0.0118821
1047 0.01188207
1048 0.01188202
1049 0.01188201
1050 0.01188197
1051 0.01188191
1052 0.01188191
1053 0.0118819
1054 0.01188188
1055 0.01188185
1056 0.01188184
1057 0.01188183
1058 0.01188181
1059 0.01188182
1060 0.01188182
1061 0.0118818
1062 0.01188179
1063 0.01188176
1064 0.01188174
1065 0.0118817
1066 0.01188171
1067 0.01188167
1068 0.01188165
1069 0.01188164
1070 0.01188161
1071 0.0118816
1072 0.01188157
1073 0.01188155
1074 0.01188153
1075 0.01188152
1076 0.01188147
1077 0.01188145
1078 0.01188146
1079 0.01188146
1080 0.01188144
1081 0.01188143
1082 0.01188142
1083 0.01188141
1084 0.01188143
1085 0.0118814
1086 0.01188138
1087 0.01188136
1088 0.01188134
1089 0.01188131
1090 0.01188128
1091 0.01188126
1092 0.01188123
1093 0.01188123
1094 0.01188121
1095 0.01188118
1096 0.01188115
1097 0.01188115
1098 0.01188112
1099 0.01188111
1100 0.0118811
1101 0.01188108
1102 0.01188105
1103 0.01188106
1104 0.01188105
1105 0.01188105
1106 0.01188104
1107 0.01188102
1108 0.01188101
1109 0.01188101
1110 0.01188102
1111 0.011881
1112 0.011881
1113 0.01188101
1114 0.01188101
1115 0.01188101
1116 0.01188098
1117 0.01188096
1118 0.01188096
1119 0.01188096
1120 0.01188095
1121 0.01188095
1122 0.01188096
1123 0.01188095
1124 0.01188093
1125 0.0118809
1126 0.0118809
1127 0.01188088
1128 0.01188087
1129 0.01188087
1130 0.01188087
1131 0.01188085
1132 0.01188084
1133 0.01188083
1134 0.01188084
1135 0.01188083
1136 0.01188084
1137 0.01188086
1138 0.01188081
1139 0.01188081
1140 0.01188077
1141 0.01188079
1142 0.01188076
1143 0.01188074
1144 0.01188072
1145 0.0118807
1146 0.01188069
1147 0.01188068
1148 0.01188064
1149 0.01188065
1150 0.01188064
1151 0.0118806
1152 0.0118806
1153 0.0118806
1154 0.0118806
1155 0.01188055
1156 0.01188053
1157 0.01188051
1158 0.0118805
1159 0.01188051
1160 0.01188051
1161 0.01188049
1162 0.01188049
1163 0.01188049
1164 0.01188049
1165 0.01188049
1166 0.0118805
1167 0.01188051
1168 0.01188051
1169 0.01188049
1170 0.01188047
1171 0.01188046
1172 0.01188045
1173 0.01188048
1174 0.01188046
1175 0.01188043
1176 0.01188041
1177 0.01188042
1178 0.0118804
1179 0.01188041
1180 0.01188038
1181 0.01188037
1182 0.01188036
1183 0.01188038
1184 0.01188036
1185 0.01188034
1186 0.01188034
1187 0.01188036
1188 0.01188036
1189 0.01188036
1190 0.01188035
1191 0.01188032
1192 0.01188031
1193 0.01188031
1194 0.01188029
1195 0.0118803
1196 0.01188024
1197 0.01188025
1198 0.01188025
1199 0.01188027
1200 0.01188028
