"report-drag-rfile"
"Iteration" "report-drag"
("Iteration" "report-drag")
497 0.01818112
498 0.01817764
499 0.01817413
500 0.01817066
501 0.01816715
502 0.01816374
503 0.01816024
504 0.01815679
505 0.01815336
506 0.01814996
507 0.01814656
508 0.01814315
509 0.01813969
510 0.01813631
511 0.01813282
512 0.01812949
513 0.01812599
514 0.01812264
515 0.01811916
516 0.01811586
517 0.01811254
518 0.01810919
519 0.01810582
520 0.01810248
521 0.0180991
522 0.01809579
523 0.01809249
524 0.01808917
525 0.01808584
526 0.01808262
527 0.01807938
528 0.01807613
529 0.01807285
530 0.01806972
531 0.01806642
532 0.0180633
533 0.01806008
534 0.01805689
535 0.01805368
536 0.01805053
537 0.01804732
538 0.0180442
539 0.01804106
540 0.01803789
541 0.01803476
542 0.01803174
543 0.01802843
544 0.01802496
545 0.01802135
546 0.01801787
547 0.01801455
548 0.01801127
549 0.0180079
550 0.01800461
551 0.01800143
552 0.01799829
553 0.01799525
554 0.01799231
555 0.01798936
556 0.01798643
557 0.01798351
558 0.01798066
559 0.01797802
560 0.01797508
561 0.01797184
562 0.017969
563 0.01796585
564 0.01796299
565 0.0179598
566 0.01795686
567 0.01795356
568 0.01795048
569 0.01794709
570 0.01794379
571 0.01794043
572 0.01793747
573 0.01793414
574 0.01793128
575 0.0179281
576 0.01792526
577 0.01792218
578 0.01791932
579 0.0179163
580 0.01791358
581 0.01791048
582 0.01790768
583 0.01790475
584 0.01790204
585 0.01789916
586 0.01789643
587 0.01789358
588 0.01789083
589 0.01788796
590 0.01788508
591 0.01788238
592 0.01787941
593 0.01787654
594 0.01787385
595 0.01787101
596 0.01786834
597 0.01786556
598 0.01786278
599 0.01786005
600 0.01785731
601 0.01785464
602 0.01785194
603 0.01784925
604 0.01784653
605 0.01784392
606 0.01784129
607 0.01783864
608 0.01783605
609 0.01783342
610 0.01783085
611 0.01782833
612 0.01782573
613 0.01782319
614 0.01782062
615 0.01781818
616 0.0178156
617 0.01781317
618 0.01781059
619 0.01780823
620 0.0178059
621 0.01780345
622 0.01780104
623 0.01779866
624 0.01779616
625 0.01779378
626 0.01779113
627 0.01778871
628 0.01778614
629 0.01778377
630 0.01778125
631 0.0177789
632 0.01777643
633 0.01777402
634 0.01777164
635 0.01776928
636 0.0177673
637 0.01776488
638 0.01776257
639 0.01776027
640 0.01775788
641 0.01775551
642 0.01775336
643 0.01775114
644 0.01774892
645 0.01774665
646 0.01774449
647 0.01774219
648 0.0177399
649 0.01773757
650 0.01773533
651 0.01773298
652 0.01773072
653 0.01772845
654 0.01772623
655 0.01772401
656 0.01772178
657 0.01771951
658 0.01771737
659 0.01771513
660 0.01771297
661 0.01771075
662 0.0177086
663 0.01770639
664 0.01770426
665 0.0177021
666 0.01769992
667 0.01769776
668 0.01769564
669 0.01769345
670 0.01769142
671 0.01768923
672 0.01768713
673 0.01768502
674 0.01768289
675 0.01768078
676 0.01767871
677 0.01767658
678 0.01767447
679 0.01767242
680 0.01767039
681 0.0176683
682 0.01766629
683 0.01766424
684 0.01766221
685 0.01766013
686 0.01765813
687 0.0176561
688 0.01765407
689 0.01765206
690 0.01765015
691 0.01764809
692 0.01764617
693 0.01764415
694 0.0176422
695 0.01764024
696 0.01763833
697 0.01763628
698 0.01763444
699 0.01763249
700 0.01763059
701 0.01762866
702 0.01762682
703 0.01762491
704 0.01762308
705 0.01762124
706 0.01761943
707 0.01761758
708 0.01761585
709 0.01761398
710 0.01761224
711 0.01761042
712 0.0176087
713 0.01760687
714 0.01760515
715 0.01760336
716 0.01760161
717 0.01759985
718 0.01759821
719 0.01759638
720 0.01759468
721 0.0175929
722 0.01759126
723 0.01758949
724 0.01758785
725 0.01758611
726 0.01758443
727 0.01758273
728 0.01758112
729 0.01757946
730 0.01757784
731 0.01757614
732 0.01757461
733 0.01757298
734 0.01757136
735 0.01756975
736 0.01756815
737 0.01756655
738 0.017565
739 0.01756341
740 0.01756187
741 0.01756035
742 0.01755882
743 0.01755728
744 0.01755575
745 0.01755422
746 0.01755266
747 0.01755118
748 0.01754964
749 0.0175481
750 0.01754662
751 0.01754509
752 0.01754363
753 0.01754213
754 0.01754073
755 0.01753932
756 0.01753787
757 0.01753647
758 0.01753513
759 0.01753369
760 0.0175323
761 0.01753091
762 0.01752956
763 0.01752822
764 0.01752687
765 0.01752548
766 0.0175242
767 0.01752287
768 0.01752148
769 0.01752019
770 0.01751893
771 0.01751762
772 0.01751632
773 0.01751508
774 0.01751382
775 0.01751255
776 0.01751132
777 0.01751003
778 0.01750923
779 0.01750788
780 0.01750661
781 0.01750573
782 0.01750433
783 0.01750343
784 0.01750211
785 0.01750108
786 0.01749979
787 0.01749884
788 0.01749744
789 0.0174965
790 0.01749515
791 0.0174942
792 0.01749288
793 0.01749197
794 0.01749069
795 0.01748974
796 0.01748851
797 0.01748757
798 0.01748637
799 0.01748545
800 0.01748421
801 0.01748328
802 0.01748209
803 0.01748114
804 0.01748
805 0.01747913
806 0.01747796
807 0.01747705
808 0.01747618
809 0.01747503
810 0.01747414
811 0.0174733
812 0.01747214
813 0.01747125
814 0.01747043
815 0.01746921
816 0.01746841
817 0.01746759
818 0.01746647
819 0.01746561
820 0.01746475
821 0.01746396
822 0.01746294
823 0.01746212
824 0.01746128
825 0.01746041
826 0.01745937
827 0.01745859
828 0.01745783
829 0.01745702
830 0.01745624
831 0.01745546
832 0.01745464
833 0.01745383
834 0.01745301
835 0.01745201
836 0.01745119
837 0.01745048
838 0.01744971
839 0.01744896
840 0.01744825
841 0.01744755
842 0.01744681
843 0.01744607
844 0.01744535
845 0.01744467
846 0.01744399
847 0.01744323
848 0.01744256
849 0.01744185
850 0.01744121
851 0.01744054
852 0.01743991
853 0.01743922
854 0.01743857
855 0.01743791
856 0.01743724
857 0.01743661
858 0.01743607
859 0.01743535
860 0.01743477
861 0.01743411
862 0.01743353
863 0.01743291
864 0.01743229
865 0.01743165
866 0.01743102
867 0.01743041
868 0.01742981
869 0.01742913
870 0.01742852
871 0.0174279
872 0.01742734
873 0.01742668
874 0.0174261
875 0.01742552
876 0.01742495
877 0.01742435
878 0.01742376
879 0.01742319
880 0.01742265
881 0.01742201
882 0.01742147
883 0.01742088
884 0.01742034
885 0.01741977
886 0.01741926
887 0.01741869
888 0.01741817
889 0.01741756
890 0.01741704
891 0.01741647
892 0.0174159
893 0.01741541
894 0.01741483
895 0.0174143
896 0.01741381
897 0.01741328
898 0.01741278
899 0.01741224
900 0.01741174
901 0.0174113
902 0.01741078
903 0.01741031
904 0.01740984
905 0.01740927
906 0.01740881
907 0.01740838
908 0.01740792
909 0.01740748
910 0.01740699
911 0.0174065
912 0.01740608
913 0.01740564
914 0.01740518
915 0.01740475
916 0.01740433
917 0.01740387
918 0.01740346
919 0.01740301
920 0.01740252
921 0.01740213
922 0.01740168
923 0.01740124
924 0.01740086
925 0.0174004
926 0.01740002
927 0.0173996
928 0.0173992
929 0.01739883
930 0.01739848
931 0.01739809
932 0.01739772
933 0.01739734
934 0.01739691
935 0.0173965
936 0.01739615
937 0.01739578
938 0.01739541
939 0.01739509
940 0.01739471
941 0.01739437
942 0.01739396
943 0.01739359
944 0.01739326
945 0.01739288
946 0.01739254
947 0.01739215
948 0.01739185
949 0.01739144
950 0.01739112
951 0.01739078
952 0.01739051
953 0.0173901
954 0.01738982
955 0.01738949
956 0.0173892
957 0.01738882
958 0.01738854
959 0.01738822
960 0.01738792
961 0.01738761
962 0.01738731
963 0.01738699
964 0.01738669
965 0.01738639
966 0.01738611
967 0.01738579
968 0.01738546
969 0.0173852
970 0.01738485
971 0.01738456
972 0.01738429
973 0.01738393
974 0.01738361
975 0.01738337
976 0.01738303
977 0.01738275
978 0.01738251
979 0.01738219
980 0.01738196
981 0.01738163
982 0.01738143
983 0.01738111
984 0.01738091
985 0.01738059
986 0.01738034
987 0.01738007
988 0.01737979
989 0.0173795
990 0.01737934
991 0.01737902
992 0.01737881
993 0.01737858
994 0.01737831
995 0.01737805
996 0.01737787
997 0.01737761
998 0.01737741
999 0.01737716
1000 0.01737696
1001 0.01737675
1002 0.01737654
1003 0.01737632
1004 0.01737611
1005 0.01737587
1006 0.01737568
1007 0.01737553
1008 0.0173753
1009 0.0173751
1010 0.01737486
1011 0.01737461
1012 0.01737442
1013 0.01737419
1014 0.01737404
1015 0.01737382
1016 0.01737364
1017 0.01737342
1018 0.01737321
1019 0.01737303
1020 0.01737288
1021 0.01737263
1022 0.01737244
1023 0.01737221
1024 0.01737203
1025 0.01737188
1026 0.0173717
1027 0.01737149
1028 0.01737132
1029 0.01737116
1030 0.01737099
1031 0.0173708
1032 0.01737063
1033 0.0173704
1034 0.01737023
1035 0.01737004
1036 0.01736995
1037 0.01736973
1038 0.01736956
1039 0.0173694
1040 0.01736928
1041 0.01736907
1042 0.01736888
1043 0.01736875
1044 0.01736861
1045 0.01736839
1046 0.01736823
1047 0.01736805
1048 0.01736794
1049 0.01736779
1050 0.01736767
1051 0.01736748
1052 0.01736734
1053 0.01736717
1054 0.01736707
1055 0.01736689
1056 0.01736674
1057 0.0173666
1058 0.01736642
1059 0.01736628
1060 0.01736618
1061 0.01736601
1062 0.01736585
1063 0.01736566
1064 0.01736555
1065 0.01736541
1066 0.01736525
1067 0.01736511
1068 0.01736497
1069 0.01736484
1070 0.01736475
1071 0.01736455
1072 0.01736446
1073 0.0173643
1074 0.0173642
1075 0.01736404
1076 0.01736396
1077 0.01736383
1078 0.01736373
1079 0.01736358
1080 0.0173635
1081 0.01736334
1082 0.01736321
1083 0.01736306
1084 0.01736299
1085 0.01736284
1086 0.01736274
1087 0.01736262
1088 0.01736251
1089 0.01736234
1090 0.01736226
1091 0.0173622
1092 0.01736205
1093 0.01736193
1094 0.0173618
1095 0.01736165
1096 0.01736152
1097 0.01736138
1098 0.01736134
1099 0.0173612
1100 0.01736111
1101 0.01736096
1102 0.01736091
1103 0.01736071
1104 0.01736062
1105 0.01736053
1106 0.01736043
1107 0.01736032
1108 0.01736024
1109 0.01736015
1110 0.01736004
1111 0.01735992
1112 0.01735987
1113 0.01735976
1114 0.01735962
1115 0.01735955
1116 0.01735949
1117 0.01735939
1118 0.01735929
1119 0.01735914
1120 0.01735914
1121 0.01735904
1122 0.01735897
1123 0.01735882
1124 0.01735872
1125 0.01735861
1126 0.01735855
1127 0.01735835
1128 0.01735828
1129 0.01735824
1130 0.01735816
1131 0.01735807
1132 0.01735796
1133 0.01735787
1134 0.01735781
1135 0.01735765
1136 0.0173576
1137 0.01735754
1138 0.01735745
1139 0.01735737
1140 0.01735736
1141 0.01735724
1142 0.01735718
1143 0.01735706
1144 0.01735705
1145 0.01735694
1146 0.0173569
1147 0.01735681
1148 0.01735672
1149 0.0173566
1150 0.01735655
1151 0.01735649
1152 0.01735641
1153 0.01735626
1154 0.0173562
1155 0.01735611
1156 0.01735611
1157 0.017356
1158 0.01735595
1159 0.0173558
1160 0.01735575
1161 0.01735566
1162 0.01735561
1163 0.01735551
1164 0.01735545
1165 0.01735536
1166 0.01735533
1167 0.01735523
1168 0.01735511
1169 0.01735501
1170 0.01735501
1171 0.01735493
1172 0.01735487
1173 0.01735477
1174 0.01735477
1175 0.01735466
1176 0.01735467
1177 0.01735458
1178 0.01735452
1179 0.01735448
1180 0.01735446
1181 0.01735437
1182 0.01735432
1183 0.01735428
1184 0.01735424
1185 0.01735417
1186 0.01735411
1187 0.01735406
1188 0.01735397
1189 0.01735395
1190 0.01735388
1191 0.01735376
1192 0.01735372
1193 0.01735368
1194 0.01735359
1195 0.01735345
1196 0.01735342
1197 0.01735337
1198 0.01735335
1199 0.01735327
1200 0.01735325
1201 0.01735322
1202 0.01735315
1203 0.01735311
1204 0.01735307
1205 0.01735298
1206 0.01735292
1207 0.01735291
1208 0.01735286
1209 0.0173528
1210 0.01735274
1211 0.01735271
1212 0.01735263
1213 0.0173526
1214 0.01735259
1215 0.01735254
1216 0.0173525
1217 0.01735246
1218 0.01735244
1219 0.0173524
1220 0.01735245
1221 0.01735229
1222 0.01735228
1223 0.01735221
1224 0.01735217
1225 0.01735208
1226 0.01735207
1227 0.01735201
1228 0.01735197
1229 0.0173519
1230 0.01735188
1231 0.01735178
1232 0.01735179
1233 0.0173517
1234 0.01735166
1235 0.01735158
1236 0.01735155
1237 0.01735149
1238 0.01735148
1239 0.01735139
1240 0.0173514
1241 0.0173513
1242 0.01735126
1243 0.01735117
1244 0.01735116
1245 0.01735113
1246 0.01735112
1247 0.01735109
1248 0.01735104
1249 0.01735102
1250 0.01735102
1251 0.01735099
1252 0.01735097
1253 0.01735091
1254 0.01735085
1255 0.01735081
1256 0.01735084
1257 0.01735079
1258 0.01735074
1259 0.01735068
1260 0.01735066
1261 0.01735058
1262 0.01735059
1263 0.01735053
1264 0.01735051
1265 0.01735048
1266 0.01735042
1267 0.01735037
1268 0.01735038
1269 0.01735034
1270 0.01735031
1271 0.01735018
1272 0.01735016
1273 0.01735016
1274 0.01735009
1275 0.01735006
1276 0.01735001
1277 0.01734994
1278 0.01734997
1279 0.01734991
1280 0.01734991
1281 0.01734988
1282 0.01734987
1283 0.01734982
1284 0.01734979
1285 0.01734977
1286 0.01734972
1287 0.01734974
1288 0.01734973
1289 0.01734967
1290 0.01734964
1291 0.01734959
1292 0.01734957
1293 0.01734956
1294 0.0173495
1295 0.01734943
1296 0.01734943
1297 0.01734936
1298 0.01734936
1299 0.01734931
1300 0.01734932
1301 0.01734927
1302 0.01734925
1303 0.01734925
1304 0.01734925
1305 0.01734917
1306 0.01734921
1307 0.01734917
1308 0.01734918
1309 0.01734914
1310 0.01734912
1311 0.01734906
1312 0.01734911
1313 0.01734906
1314 0.01734899
1315 0.017349
1316 0.01734896
1317 0.01734889
1318 0.01734888
1319 0.01734883
1320 0.01734883
1321 0.01734878
1322 0.0173488
1323 0.01734874
1324 0.0173487
1325 0.0173487
1326 0.01734868
1327 0.01734862
1328 0.01734861
1329 0.01734857
1330 0.01734858
1331 0.01734851
1332 0.01734851
1333 0.01734854
1334 0.01734854
1335 0.01734853
1336 0.01734854
1337 0.01734848
1338 0.01734845
1339 0.01734843
1340 0.01734846
1341 0.01734841
1342 0.01734845
1343 0.0173484
1344 0.01734839
1345 0.01734832
1346 0.01734833
1347 0.01734829
1348 0.0173483
1349 0.01734828
1350 0.01734823
1351 0.01734817
1352 0.01734815
1353 0.01734811
1354 0.0173481
1355 0.01734805
1356 0.017348
1357 0.01734798
1358 0.017348
1359 0.017348
1360 0.01734799
1361 0.017348
1362 0.01734795
1363 0.01734793
1364 0.01734794
1365 0.01734789
1366 0.01734791
1367 0.01734787
1368 0.01734786
1369 0.01734784
1370 0.01734783
1371 0.01734778
1372 0.01734778
1373 0.01734771
1374 0.01734772
1375 0.01734767
1376 0.01734771
1377 0.01734767
1378 0.01734768
1379 0.01734765
1380 0.01734764
1381 0.01734761
1382 0.01734761
1383 0.01734758
1384 0.01734756
1385 0.01734756
1386 0.01734752
1387 0.01734747
1388 0.01734747
1389 0.01734745
1390 0.01734743
1391 0.0173474
1392 0.01734744
1393 0.01734745
1394 0.01734743
1395 0.01734743
1396 0.01734744
1397 0.01734743
1398 0.01734744
1399 0.01734741
1400 0.01734742
1401 0.01734738
1402 0.0173474
1403 0.01734736
1404 0.01734734
1405 0.01734731
1406 0.01734731
1407 0.01734731
1408 0.01734735
1409 0.01734725
1410 0.01734728
1411 0.01734723
1412 0.01734721
1413 0.0173472
1414 0.01734718
1415 0.01734717
1416 0.01734715
1417 0.01734712
1418 0.01734713
1419 0.01734706
1420 0.0173471
1421 0.01734707
1422 0.01734707
1423 0.01734701
1424 0.01734707
1425 0.01734702
1426 0.01734702
1427 0.01734697
1428 0.01734698
1429 0.01734693
1430 0.01734695
1431 0.01734692
1432 0.01734692
1433 0.01734688
1434 0.0173469
1435 0.01734687
1436 0.01734691
1437 0.01734692
1438 0.01734695
1439 0.01734694
1440 0.01734695
1441 0.01734691
1442 0.01734692
1443 0.0173469
1444 0.01734687
1445 0.01734682
1446 0.01734682
1447 0.01734678
1448 0.01734679
1449 0.01734678
1450 0.01734674
1451 0.01734672
1452 0.01734672
1453 0.01734672
1454 0.0173467
1455 0.01734664
1456 0.01734669
1457 0.01734665
1458 0.01734662
1459 0.0173466
1460 0.01734661
1461 0.01734659
1462 0.01734659
1463 0.01734661
1464 0.01734661
1465 0.0173466
1466 0.01734662
1467 0.0173466
1468 0.01734659
1469 0.01734656
1470 0.01734653
1471 0.01734648
1472 0.01734653
1473 0.0173465
1474 0.01734646
1475 0.01734644
1476 0.01734645
1477 0.01734645
1478 0.01734643
1479 0.0173464
1480 0.0173464
1481 0.01734637
1482 0.01734637
1483 0.01734635
1484 0.01734639
1485 0.01734634
1486 0.01734634
1487 0.01734634
1488 0.01734634
1489 0.01734629
1490 0.01734631
1491 0.01734628
1492 0.01734628
1493 0.01734629
1494 0.01734628
1495 0.01734626
1496 0.01734629
1497 0.01734629
1498 0.01734629
1499 0.01734628
1500 0.01734626
1501 0.01734629
1502 0.01734628
1503 0.01734628
1504 0.01734628
1505 0.01734626
1506 0.01734626
1507 0.01734626
1508 0.01734628
1509 0.01734626
1510 0.01734625
1511 0.01734623
1512 0.01734623
1513 0.01734622
1514 0.01734622
1515 0.01734623
1516 0.0173462
1517 0.01734616
1518 0.01734617
1519 0.01734611
1520 0.01734614
1521 0.01734613
1522 0.01734613
1523 0.01734609
1524 0.01734613
1525 0.01734611
1526 0.01734611
1527 0.01734609
1528 0.01734611
1529 0.01734609
1530 0.01734611
1531 0.0173461
1532 0.0173461
1533 0.01734611
1534 0.01734611
1535 0.01734612
1536 0.01734615
1537 0.01734611
1538 0.01734609
1539 0.01734608
1540 0.01734607
1541 0.01734607
1542 0.01734609
1543 0.0173461
1544 0.01734613
1545 0.0173461
1546 0.01734612
1547 0.01734609
1548 0.01734615
1549 0.01734608
1550 0.0173461
1551 0.01734609
1552 0.01734611
1553 0.0173461
1554 0.0173461
1555 0.01734609
1556 0.01734613
1557 0.01734611
1558 0.01734613
1559 0.01734612
1560 0.01734609
1561 0.01734605
1562 0.01734602
1563 0.01734598
1564 0.01734601
1565 0.01734594
1566 0.01734595
1567 0.0173459
1568 0.01734588
1569 0.01734586
1570 0.01734587
1571 0.01734585
1572 0.01734586
1573 0.01734586
1574 0.01734587
1575 0.01734586
1576 0.01734587
1577 0.01734582
1578 0.01734581
1579 0.0173458
1580 0.01734581
1581 0.01734581
1582 0.01734581
1583 0.01734581
1584 0.01734585
1585 0.01734586
1586 0.01734589
1587 0.01734582
1588 0.01734583
1589 0.01734583
1590 0.01734585
1591 0.01734583
1592 0.01734584
1593 0.01734582
1594 0.01734583
1595 0.01734579
1596 0.01734579
1597 0.01734578
1598 0.01734584
1599 0.0173458
1600 0.01734582
1601 0.01734578
1602 0.01734581
1603 0.0173458
1604 0.01734583
1605 0.0173458
1606 0.01734582
1607 0.01734582
1608 0.01734586
1609 0.01734583
1610 0.01734585
1611 0.01734584
1612 0.01734586
1613 0.01734584
1614 0.01734585
1615 0.01734583
1616 0.0173458
1617 0.01734581
1618 0.01734581
1619 0.01734579
1620 0.01734579
1621 0.0173458
1622 0.01734577
1623 0.01734578
1624 0.01734578
1625 0.01734576
1626 0.01734575
1627 0.01734574
1628 0.01734574
1629 0.01734573
1630 0.01734578
1631 0.01734571
1632 0.01734571
1633 0.01734573
1634 0.01734575
1635 0.0173457
1636 0.0173457
1637 0.01734569
1638 0.01734571
1639 0.0173457
1640 0.01734571
1641 0.01734566
1642 0.01734564
1643 0.01734561
1644 0.01734565
1645 0.01734563
1646 0.01734565
1647 0.01734558
1648 0.01734563
1649 0.01734564
1650 0.01734565
1651 0.01734561
1652 0.01734564
1653 0.01734564
1654 0.01734566
1655 0.01734566
1656 0.01734569
1657 0.01734565
1658 0.01734564
1659 0.01734564
1660 0.01734566
1661 0.01734564
1662 0.01734563
1663 0.01734563
1664 0.01734559
1665 0.01734561
1666 0.01734564
1667 0.01734561
1668 0.01734563
1669 0.01734561
1670 0.01734556
1671 0.01734552
1672 0.01734554
1673 0.01734552
1674 0.01734553
1675 0.01734548
1676 0.01734549
1677 0.01734547
1678 0.01734548
1679 0.01734546
1680 0.01734546
1681 0.01734546
1682 0.01734546
1683 0.01734545
1684 0.01734546
1685 0.01734545
1686 0.01734545
1687 0.01734544
1688 0.01734546
1689 0.01734547
1690 0.01734545
1691 0.01734545
1692 0.01734551
1693 0.01734548
1694 0.01734549
1695 0.01734552
1696 0.01734554
1697 0.01734553
1698 0.0173455
1699 0.01734551
1700 0.01734552
1701 0.01734551
1702 0.01734553
1703 0.01734551
1704 0.0173455
1705 0.01734549
1706 0.01734551
1707 0.0173455
1708 0.01734547
1709 0.01734552
1710 0.01734553
1711 0.01734552
1712 0.01734553
1713 0.01734554
1714 0.01734557
1715 0.01734554
1716 0.01734556
1717 0.01734557
1718 0.01734556
1719 0.01734553
1720 0.01734558
1721 0.01734558
1722 0.01734559
1723 0.01734556
1724 0.01734555
1725 0.01734553
1726 0.01734556
1727 0.01734553
1728 0.01734556
1729 0.01734555
1730 0.01734555
1731 0.01734553
1732 0.01734553
1733 0.0173455
1734 0.01734548
1735 0.01734546
1736 0.01734547
1737 0.01734546
1738 0.01734545
1739 0.01734546
1740 0.01734548
1741 0.01734544
1742 0.01734542
1743 0.01734545
1744 0.01734546
1745 0.01734544
1746 0.01734542
1747 0.01734544
1748 0.01734539
1749 0.01734539
1750 0.01734544
1751 0.01734542
1752 0.01734542
1753 0.01734539
1754 0.01734541
1755 0.0173454
1756 0.01734544
1757 0.01734542
1758 0.01734543
1759 0.01734543
1760 0.01734545
1761 0.01734543
1762 0.01734544
1763 0.01734539
1764 0.01734538
1765 0.01734534
1766 0.01734537
1767 0.01734536
1768 0.01734538
1769 0.01734536
1770 0.01734539
1771 0.01734533
1772 0.01734537
1773 0.01734534
1774 0.01734535
1775 0.01734535
1776 0.01734535
1777 0.01734534
1778 0.01734535
1779 0.01734535
1780 0.01734536
1781 0.01734535
1782 0.01734536
1783 0.01734535
1784 0.01734536
1785 0.01734533
1786 0.01734534
1787 0.01734532
1788 0.01734533
1789 0.01734532
1790 0.01734536
1791 0.01734534
1792 0.01734536
1793 0.01734535
1794 0.01734535
1795 0.01734534
1796 0.01734537
1797 0.01734536
1798 0.01734539
1799 0.01734535
1800 0.01734537
1801 0.01734535
1802 0.01734538
1803 0.01734535
1804 0.01734538
1805 0.01734539
1806 0.0173454
1807 0.01734538
1808 0.01734538
1809 0.01734536
1810 0.01734534
1811 0.01734532
1812 0.01734534
1813 0.0173453
1814 0.01734531
1815 0.0173453
1816 0.0173453
1817 0.01734528
1818 0.01734529
1819 0.01734528
1820 0.0173453
1821 0.0173453
1822 0.01734532
1823 0.01734533
1824 0.01734535
1825 0.01734535
1826 0.01734538
1827 0.0173454
1828 0.01734542
1829 0.01734542
1830 0.01734545
1831 0.01734543
1832 0.01734544
1833 0.01734542
1834 0.01734545
1835 0.01734541
1836 0.01734542
1837 0.01734542
1838 0.01734541
1839 0.01734539
1840 0.0173454
1841 0.01734538
1842 0.01734537
1843 0.01734535
1844 0.0173454
1845 0.01734536
1846 0.01734534
1847 0.01734534
1848 0.01734534
1849 0.0173453
1850 0.01734532
1851 0.01734527
1852 0.01734528
1853 0.01734526
1854 0.01734526
1855 0.0173452
1856 0.01734522
1857 0.0173452
1858 0.01734521
1859 0.01734523
1860 0.01734522
1861 0.0173452
1862 0.01734521
1863 0.01734521
1864 0.01734525
1865 0.01734521
1866 0.01734521
1867 0.01734517
1868 0.01734519
1869 0.01734518
1870 0.01734519
1871 0.01734518
1872 0.01734522
1873 0.01734517
1874 0.0173452
1875 0.01734515
1876 0.0173452
1877 0.01734517
1878 0.01734516
1879 0.01734515
1880 0.01734514
1881 0.01734512
1882 0.01734516
1883 0.01734515
1884 0.0173452
1885 0.01734519
1886 0.01734521
1887 0.01734521
1888 0.01734524
1889 0.01734523
1890 0.01734524
1891 0.0173452
1892 0.01734523
1893 0.01734523
1894 0.01734528
1895 0.01734526
1896 0.01734527
1897 0.01734527
