"report-mom-rfile"
"Iteration" "report-mom"
("Iteration" "report-mom")
497 0.4328546
498 0.4328985
499 0.4329429
500 0.4329867
501 0.4330308
502 0.4330745
503 0.4331184
504 0.4331623
505 0.4332063
506 0.4332497
507 0.4332939
508 0.4333371
509 0.4333808
510 0.4334244
511 0.4334677
512 0.4335108
513 0.4335543
514 0.4335975
515 0.4336409
516 0.4336837
517 0.4337273
518 0.43377
519 0.4338132
520 0.4338557
521 0.4338984
522 0.4339406
523 0.4339836
524 0.4340259
525 0.4340683
526 0.4341108
527 0.4341533
528 0.4341953
529 0.4342376
530 0.4342794
531 0.4343219
532 0.4343634
533 0.4344057
534 0.4344471
535 0.4344891
536 0.4345303
537 0.4345722
538 0.4346132
539 0.4346548
540 0.4346956
541 0.4347371
542 0.4347775
543 0.4348222
544 0.4348648
545 0.4349047
546 0.4349409
547 0.4349836
548 0.4350244
549 0.435064
550 0.4351033
551 0.4351424
552 0.4351818
553 0.4352212
554 0.435261
555 0.4353007
556 0.4353398
557 0.4353792
558 0.4354155
559 0.4354598
560 0.4355006
561 0.4355353
562 0.4355777
563 0.4356131
564 0.4356545
565 0.4356894
566 0.43573
567 0.435765
568 0.435805
569 0.4358421
570 0.4358788
571 0.435912
572 0.4359531
573 0.4359857
574 0.436026
575 0.436059
576 0.4360992
577 0.4361318
578 0.4361716
579 0.4362041
580 0.4362439
581 0.4362761
582 0.4363154
583 0.4363472
584 0.436386
585 0.4364181
586 0.4364561
587 0.4364882
588 0.4365258
589 0.4365606
590 0.4365917
591 0.4366298
592 0.4366637
593 0.4366941
594 0.4367316
595 0.4367614
596 0.436799
597 0.4368287
598 0.4368658
599 0.4368952
600 0.436932
601 0.436961
602 0.4369976
603 0.4370263
604 0.4370624
605 0.4370907
606 0.4371271
607 0.4371548
608 0.4371907
609 0.4372185
610 0.437254
611 0.4372818
612 0.4373168
613 0.4373442
614 0.4373788
615 0.4374065
616 0.4374405
617 0.4374675
618 0.4375017
619 0.4375286
620 0.4375583
621 0.4375925
622 0.4376191
623 0.4376484
624 0.4376819
625 0.4377077
626 0.4377403
627 0.4377657
628 0.4377979
629 0.4378231
630 0.4378546
631 0.4378798
632 0.4379115
633 0.4379365
634 0.4379675
635 0.4379921
636 0.4380236
637 0.4380479
638 0.4380747
639 0.4381059
640 0.4381303
641 0.4381564
642 0.4381834
643 0.4382104
644 0.4382374
645 0.4382638
646 0.4382901
647 0.4383162
648 0.4383421
649 0.4383678
650 0.4383935
651 0.4384189
652 0.4384439
653 0.4384688
654 0.438494
655 0.4385189
656 0.4385433
657 0.4385682
658 0.4385924
659 0.4386165
660 0.4386407
661 0.4386647
662 0.4386887
663 0.4387121
664 0.4387359
665 0.4387592
666 0.4387823
667 0.4388056
668 0.4388286
669 0.4388509
670 0.4388737
671 0.4388962
672 0.4389187
673 0.4389406
674 0.4389628
675 0.4389847
676 0.4390065
677 0.439028
678 0.4390495
679 0.4390711
680 0.439092
681 0.4391131
682 0.4391341
683 0.4391547
684 0.4391754
685 0.4391959
686 0.4392161
687 0.4392362
688 0.4392564
689 0.4392762
690 0.4392961
691 0.4393157
692 0.4393352
693 0.4393544
694 0.4393739
695 0.4393928
696 0.439412
697 0.4394307
698 0.4394495
699 0.4394678
700 0.4394864
701 0.4395044
702 0.4395228
703 0.4395407
704 0.4395588
705 0.4395767
706 0.4395945
707 0.4396117
708 0.4396297
709 0.4396467
710 0.4396643
711 0.4396811
712 0.439698
713 0.439715
714 0.4397318
715 0.4397482
716 0.4397648
717 0.4397812
718 0.4397974
719 0.4398134
720 0.4398294
721 0.4398451
722 0.4398609
723 0.4398765
724 0.439892
725 0.4399072
726 0.4399228
727 0.4399377
728 0.4399529
729 0.4399677
730 0.4399824
731 0.4399971
732 0.440012
733 0.4400263
734 0.4400405
735 0.4400546
736 0.4400687
737 0.4400828
738 0.4400966
739 0.4401105
740 0.4401243
741 0.4401379
742 0.4401512
743 0.4401647
744 0.4401777
745 0.440191
746 0.4402041
747 0.4402167
748 0.44023
749 0.4402424
750 0.440255
751 0.4402675
752 0.4402799
753 0.4402923
754 0.4403044
755 0.4403166
756 0.4403287
757 0.4403405
758 0.4403526
759 0.4403642
760 0.4403757
761 0.4403874
762 0.4403989
763 0.4404105
764 0.4404217
765 0.4404327
766 0.440444
767 0.4404551
768 0.440466
769 0.4404768
770 0.4404873
771 0.4404982
772 0.4405087
773 0.4405193
774 0.4405296
775 0.4405399
776 0.4405502
777 0.4405603
778 0.4405679
779 0.4405809
780 0.4405912
781 0.4405981
782 0.4406111
783 0.440618
784 0.4406306
785 0.4406379
786 0.4406497
787 0.4406565
788 0.4406684
789 0.4406751
790 0.4406868
791 0.4406934
792 0.4407049
793 0.4407116
794 0.4407227
795 0.4407291
796 0.4407399
797 0.4407465
798 0.4407574
799 0.4407634
800 0.4407743
801 0.4407802
802 0.440791
803 0.4407968
804 0.4408074
805 0.4408132
806 0.4408234
807 0.4408291
808 0.440837
809 0.4408473
810 0.4408532
811 0.4408605
812 0.4408708
813 0.4408766
814 0.4408835
815 0.440893
816 0.4408987
817 0.4409061
818 0.4409153
819 0.4409207
820 0.4409275
821 0.4409345
822 0.4409437
823 0.4409494
824 0.4409562
825 0.440963
826 0.4409715
827 0.4409772
828 0.4409832
829 0.4409902
830 0.440997
831 0.4410036
832 0.4410103
833 0.4410168
834 0.4410232
835 0.4410305
836 0.441036
837 0.4410423
838 0.4410481
839 0.4410542
840 0.4410605
841 0.4410666
842 0.4410728
843 0.4410787
844 0.4410844
845 0.4410906
846 0.4410964
847 0.4411021
848 0.4411079
849 0.4411134
850 0.4411194
851 0.4411247
852 0.4411306
853 0.4411361
854 0.4411414
855 0.4411471
856 0.4411522
857 0.4411577
858 0.4411634
859 0.4411685
860 0.4411738
861 0.4411792
862 0.4411844
863 0.4411894
864 0.4411945
865 0.4411995
866 0.4412047
867 0.4412094
868 0.4412145
869 0.4412193
870 0.4412243
871 0.4412289
872 0.4412336
873 0.4412384
874 0.4412432
875 0.4412479
876 0.4412524
877 0.4412571
878 0.4412617
879 0.4412663
880 0.4412708
881 0.441275
882 0.4412794
883 0.4412838
884 0.4412885
885 0.4412926
886 0.441297
887 0.441301
888 0.4413054
889 0.4413094
890 0.4413139
891 0.4413179
892 0.4413218
893 0.4413256
894 0.4413298
895 0.4413338
896 0.4413378
897 0.4413418
898 0.4413456
899 0.4413493
900 0.4413533
901 0.4413572
902 0.4413609
903 0.4413645
904 0.4413683
905 0.441372
906 0.4413758
907 0.4413793
908 0.441383
909 0.4413866
910 0.4413903
911 0.4413935
912 0.4413971
913 0.4414007
914 0.441404
915 0.4414073
916 0.4414107
917 0.4414141
918 0.4414177
919 0.4414209
920 0.441424
921 0.4414272
922 0.4414305
923 0.4414336
924 0.4414369
925 0.44144
926 0.4414432
927 0.4414462
928 0.4414493
929 0.4414524
930 0.4414555
931 0.4414585
932 0.4414615
933 0.4414645
934 0.4414675
935 0.4414704
936 0.4414735
937 0.4414762
938 0.4414791
939 0.4414821
940 0.441485
941 0.4414877
942 0.4414906
943 0.4414931
944 0.4414959
945 0.4414987
946 0.4415015
947 0.4415038
948 0.4415067
949 0.4415093
950 0.441512
951 0.4415144
952 0.4415171
953 0.4415196
954 0.4415221
955 0.4415248
956 0.4415271
957 0.4415296
958 0.4415319
959 0.4415346
960 0.4415372
961 0.4415395
962 0.4415418
963 0.4415442
964 0.4415466
965 0.4415489
966 0.4415514
967 0.4415537
968 0.4415559
969 0.4415583
970 0.4415603
971 0.4415625
972 0.4415649
973 0.4415668
974 0.4415691
975 0.4415712
976 0.4415734
977 0.4415753
978 0.4415777
979 0.4415797
980 0.4415819
981 0.441584
982 0.4415859
983 0.4415879
984 0.4415897
985 0.441592
986 0.4415939
987 0.4415959
988 0.4415978
989 0.4415997
990 0.4416018
991 0.4416035
992 0.4416055
993 0.4416072
994 0.4416092
995 0.4416109
996 0.4416125
997 0.4416142
998 0.4416162
999 0.4416181
1000 0.4416202
1001 0.4416219
1002 0.4416239
1003 0.4416254
1004 0.4416272
1005 0.4416288
1006 0.4416305
1007 0.4416321
1008 0.4416338
1009 0.4416356
1010 0.4416374
1011 0.4416388
1012 0.4416406
1013 0.4416422
1014 0.441644
1015 0.4416455
1016 0.4416472
1017 0.4416487
1018 0.4416503
1019 0.4416519
1020 0.4416535
1021 0.441655
1022 0.4416565
1023 0.441658
1024 0.4416594
1025 0.4416609
1026 0.4416624
1027 0.4416639
1028 0.4416655
1029 0.4416668
1030 0.4416684
1031 0.4416694
1032 0.441671
1033 0.4416725
1034 0.4416742
1035 0.4416754
1036 0.4416768
1037 0.4416781
1038 0.4416795
1039 0.4416806
1040 0.4416821
1041 0.4416831
1042 0.4416848
1043 0.441686
1044 0.4416873
1045 0.4416885
1046 0.4416899
1047 0.4416913
1048 0.4416924
1049 0.4416937
1050 0.441695
1051 0.4416963
1052 0.4416974
1053 0.4416986
1054 0.4416997
1055 0.4417011
1056 0.4417023
1057 0.4417032
1058 0.4417046
1059 0.4417058
1060 0.441707
1061 0.4417081
1062 0.4417094
1063 0.4417104
1064 0.4417115
1065 0.4417125
1066 0.4417138
1067 0.4417147
1068 0.441716
1069 0.441717
1070 0.4417183
1071 0.4417191
1072 0.4417202
1073 0.4417211
1074 0.4417225
1075 0.4417232
1076 0.4417242
1077 0.4417254
1078 0.4417265
1079 0.4417276
1080 0.4417287
1081 0.4417293
1082 0.4417306
1083 0.4417316
1084 0.4417327
1085 0.4417336
1086 0.4417345
1087 0.4417354
1088 0.4417366
1089 0.4417375
1090 0.4417384
1091 0.4417393
1092 0.4417402
1093 0.4417411
1094 0.4417419
1095 0.4417429
1096 0.4417439
1097 0.4417447
1098 0.4417455
1099 0.4417462
1100 0.4417472
1101 0.4417481
1102 0.4417489
1103 0.4417496
1104 0.4417504
1105 0.4417515
1106 0.4417526
1107 0.4417532
1108 0.4417541
1109 0.441755
1110 0.4417557
1111 0.4417568
1112 0.4417575
1113 0.4417581
1114 0.441759
1115 0.4417597
1116 0.4417606
1117 0.4417615
1118 0.4417623
1119 0.4417631
1120 0.4417636
1121 0.4417644
1122 0.4417652
1123 0.441766
1124 0.4417667
1125 0.4417673
1126 0.4417681
1127 0.4417687
1128 0.4417696
1129 0.4417702
1130 0.4417709
1131 0.4417714
1132 0.4417722
1133 0.4417728
1134 0.4417738
1135 0.4417744
1136 0.4417751
1137 0.4417757
1138 0.4417763
1139 0.4417771
1140 0.4417778
1141 0.4417785
1142 0.4417791
1143 0.4417796
1144 0.4417806
1145 0.4417814
1146 0.4417818
1147 0.4417824
1148 0.441783
1149 0.4417836
1150 0.4417843
1151 0.441785
1152 0.4417856
1153 0.4417861
1154 0.4417867
1155 0.4417874
1156 0.4417882
1157 0.4417887
1158 0.4417892
1159 0.4417896
1160 0.4417902
1161 0.4417906
1162 0.4417914
1163 0.441792
1164 0.4417925
1165 0.4417929
1166 0.4417937
1167 0.4417942
1168 0.4417951
1169 0.4417952
1170 0.4417957
1171 0.4417962
1172 0.4417967
1173 0.4417971
1174 0.4417978
1175 0.4417982
1176 0.4417991
1177 0.4417994
1178 0.4418
1179 0.4418005
1180 0.4418011
1181 0.4418015
1182 0.441802
1183 0.4418025
1184 0.4418032
1185 0.4418037
1186 0.4418043
1187 0.4418044
1188 0.441805
1189 0.4418055
1190 0.441806
1191 0.4418062
1192 0.4418072
1193 0.4418075
1194 0.4418079
1195 0.4418081
1196 0.4418084
1197 0.4418089
1198 0.4418095
1199 0.4418098
1200 0.4418105
1201 0.4418108
1202 0.4418114
1203 0.4418117
1204 0.4418122
1205 0.4418124
1206 0.4418129
1207 0.4418133
1208 0.4418138
1209 0.4418142
1210 0.4418145
1211 0.4418147
1212 0.4418151
1213 0.4418154
1214 0.4418161
1215 0.4418167
1216 0.4418171
1217 0.4418174
1218 0.4418179
1219 0.4418182
1220 0.4418187
1221 0.4418189
1222 0.4418193
1223 0.4418197
1224 0.4418201
1225 0.4418205
1226 0.4418208
1227 0.4418212
1228 0.4418214
1229 0.4418217
1230 0.4418223
1231 0.4418224
1232 0.441823
1233 0.4418232
1234 0.4418236
1235 0.4418239
1236 0.4418245
1237 0.4418246
1238 0.441825
1239 0.4418252
1240 0.4418257
1241 0.4418257
1242 0.4418264
1243 0.4418266
1244 0.4418271
1245 0.4418272
1246 0.4418277
1247 0.4418277
1248 0.4418279
1249 0.4418284
1250 0.441829
1251 0.441829
1252 0.4418295
1253 0.4418297
1254 0.4418299
1255 0.4418302
1256 0.4418307
1257 0.4418311
1258 0.4418315
1259 0.4418319
1260 0.4418322
1261 0.4418324
1262 0.4418328
1263 0.441833
1264 0.4418331
1265 0.4418336
1266 0.4418339
1267 0.4418342
1268 0.4418344
1269 0.4418347
1270 0.441835
1271 0.4418353
1272 0.4418354
1273 0.4418355
1274 0.4418357
1275 0.441836
1276 0.4418362
1277 0.4418364
1278 0.4418367
1279 0.4418368
1280 0.441837
1281 0.4418373
1282 0.4418379
1283 0.441838
1284 0.4418384
1285 0.4418384
1286 0.4418386
1287 0.4418388
1288 0.4418392
1289 0.4418394
1290 0.4418397
1291 0.4418398
1292 0.44184
1293 0.4418402
1294 0.4418405
1295 0.4418406
1296 0.4418409
1297 0.4418411
1298 0.4418414
1299 0.4418418
1300 0.4418421
1301 0.4418422
1302 0.4418424
1303 0.4418426
1304 0.4418429
1305 0.4418431
1306 0.4418433
1307 0.4418435
1308 0.4418436
1309 0.4418439
1310 0.4418442
1311 0.4418443
1312 0.4418446
1313 0.4418447
1314 0.441845
1315 0.441845
1316 0.4418454
1317 0.4418455
1318 0.4418457
1319 0.4418459
1320 0.4418461
1321 0.4418463
1322 0.4418465
1323 0.4418466
1324 0.4418469
1325 0.441847
1326 0.4418472
1327 0.4418472
1328 0.4418475
1329 0.4418477
1330 0.4418478
1331 0.4418479
1332 0.4418481
1333 0.4418483
1334 0.4418485
1335 0.4418487
1336 0.4418489
1337 0.4418491
1338 0.4418492
1339 0.4418493
1340 0.4418498
1341 0.4418498
1342 0.44185
1343 0.4418501
1344 0.4418502
1345 0.4418503
1346 0.4418507
1347 0.4418508
1348 0.4418509
1349 0.441851
1350 0.4418512
1351 0.4418512
1352 0.4418516
1353 0.4418516
1354 0.4418518
1355 0.4418518
1356 0.4418522
1357 0.4418522
1358 0.4418525
1359 0.4418526
1360 0.4418527
1361 0.4418529
1362 0.4418533
1363 0.4418533
1364 0.4418535
1365 0.4418536
1366 0.4418537
1367 0.4418538
1368 0.4418539
1369 0.441854
1370 0.4418542
1371 0.4418542
1372 0.4418546
1373 0.4418546
1374 0.4418548
1375 0.4418549
1376 0.441855
1377 0.441855
1378 0.4418553
1379 0.4418554
1380 0.4418555
1381 0.4418555
1382 0.4418557
1383 0.4418558
1384 0.441856
1385 0.4418561
1386 0.4418562
1387 0.4418562
1388 0.4418564
1389 0.4418564
1390 0.4418565
1391 0.4418565
1392 0.4418568
1393 0.4418568
1394 0.4418572
1395 0.4418571
1396 0.4418573
1397 0.4418573
1398 0.4418576
1399 0.4418578
1400 0.4418579
1401 0.4418581
1402 0.4418582
1403 0.4418583
1404 0.4418583
1405 0.4418584
1406 0.4418585
1407 0.4418586
1408 0.4418587
1409 0.4418587
1410 0.4418589
1411 0.441859
1412 0.441859
1413 0.4418591
1414 0.4418592
1415 0.4418592
1416 0.4418592
1417 0.4418594
1418 0.4418596
1419 0.4418596
1420 0.4418598
1421 0.4418598
1422 0.4418599
1423 0.4418599
1424 0.4418601
1425 0.4418601
1426 0.4418605
1427 0.4418603
1428 0.4418605
1429 0.4418604
1430 0.4418607
1431 0.4418606
1432 0.4418608
1433 0.4418608
1434 0.441861
1435 0.441861
1436 0.4418611
1437 0.4418612
1438 0.4418616
1439 0.4418616
1440 0.4418617
1441 0.4418617
1442 0.441862
1443 0.441862
1444 0.4418622
1445 0.4418621
1446 0.4418623
1447 0.4418625
1448 0.4418626
1449 0.4418626
1450 0.4418627
1451 0.4418627
1452 0.4418629
1453 0.4418629
1454 0.441863
1455 0.4418629
1456 0.4418632
1457 0.4418631
1458 0.4418634
1459 0.4418633
1460 0.4418635
1461 0.4418635
1462 0.4418636
1463 0.4418637
1464 0.4418637
1465 0.4418638
1466 0.4418639
1467 0.441864
1468 0.441864
1469 0.441864
1470 0.4418641
1471 0.4418641
1472 0.4418642
1473 0.4418643
1474 0.4418643
1475 0.4418643
1476 0.4418644
1477 0.4418645
1478 0.4418645
1479 0.4418645
1480 0.4418646
1481 0.4418646
1482 0.4418646
1483 0.4418647
1484 0.441865
1485 0.441865
1486 0.441865
1487 0.4418649
1488 0.4418649
1489 0.441865
1490 0.4418651
1491 0.4418651
1492 0.4418652
1493 0.4418653
1494 0.4418653
1495 0.4418653
1496 0.4418654
1497 0.4418653
1498 0.4418656
1499 0.4418656
1500 0.4418656
1501 0.4418657
1502 0.4418658
1503 0.4418659
1504 0.4418659
1505 0.441866
1506 0.441866
1507 0.441866
1508 0.4418661
1509 0.4418662
1510 0.4418663
1511 0.4418663
1512 0.4418664
1513 0.4418664
1514 0.4418665
1515 0.4418667
1516 0.4418667
1517 0.4418667
1518 0.4418667
1519 0.4418667
1520 0.4418667
1521 0.4418667
1522 0.4418667
1523 0.4418668
1524 0.4418669
1525 0.4418668
1526 0.4418669
1527 0.4418669
1528 0.4418671
1529 0.441867
1530 0.4418671
1531 0.4418671
1532 0.4418671
1533 0.4418671
1534 0.4418671
1535 0.4418672
1536 0.4418673
1537 0.4418672
1538 0.4418674
1539 0.4418674
1540 0.4418674
1541 0.4418675
1542 0.4418676
1543 0.4418676
1544 0.4418677
1545 0.4418678
1546 0.4418678
1547 0.4418678
1548 0.4418678
1549 0.4418679
1550 0.441868
1551 0.441868
1552 0.4418681
1553 0.4418681
1554 0.4418681
1555 0.4418682
1556 0.4418682
1557 0.4418682
1558 0.4418683
1559 0.4418683
1560 0.4418683
1561 0.4418683
1562 0.4418684
1563 0.4418684
1564 0.4418685
1565 0.4418685
1566 0.4418685
1567 0.4418685
1568 0.4418685
1569 0.4418685
1570 0.4418685
1571 0.4418685
1572 0.4418686
1573 0.4418685
1574 0.4418687
1575 0.4418687
1576 0.4418688
1577 0.4418688
1578 0.4418688
1579 0.4418687
1580 0.441869
1581 0.4418688
1582 0.4418688
1583 0.4418689
1584 0.441869
1585 0.4418691
1586 0.4418693
1587 0.4418691
1588 0.4418692
1589 0.4418693
1590 0.4418693
1591 0.4418693
1592 0.4418693
1593 0.4418693
1594 0.4418695
1595 0.4418693
1596 0.4418694
1597 0.4418694
1598 0.4418696
1599 0.4418694
1600 0.4418695
1601 0.4418693
1602 0.4418695
1603 0.4418695
1604 0.4418696
1605 0.4418695
1606 0.4418695
1607 0.4418696
1608 0.4418696
1609 0.4418696
1610 0.4418697
1611 0.4418697
1612 0.4418698
1613 0.4418697
1614 0.4418699
1615 0.4418699
1616 0.4418699
1617 0.4418701
1618 0.4418701
1619 0.44187
1620 0.4418702
1621 0.4418701
1622 0.4418702
1623 0.4418703
1624 0.4418703
1625 0.4418703
1626 0.4418704
1627 0.4418704
1628 0.4418704
1629 0.4418704
1630 0.4418706
1631 0.4418705
1632 0.4418706
1633 0.4418705
1634 0.4418707
1635 0.4418705
1636 0.4418706
1637 0.4418706
1638 0.4418708
1639 0.4418707
1640 0.4418707
1641 0.4418707
1642 0.4418707
1643 0.4418706
1644 0.4418709
1645 0.4418706
1646 0.4418707
1647 0.4418706
1648 0.4418708
1649 0.4418707
1650 0.4418708
1651 0.4418707
1652 0.4418708
1653 0.4418708
1654 0.4418709
1655 0.4418709
1656 0.441871
1657 0.4418709
1658 0.441871
1659 0.4418709
1660 0.441871
1661 0.4418709
1662 0.441871
1663 0.441871
1664 0.441871
1665 0.441871
1666 0.4418712
1667 0.4418711
1668 0.4418713
1669 0.4418711
1670 0.4418711
1671 0.4418711
1672 0.4418712
1673 0.4418712
1674 0.4418712
1675 0.4418712
1676 0.4418713
1677 0.4418713
1678 0.4418713
1679 0.4418712
1680 0.4418713
1681 0.4418712
1682 0.4418713
1683 0.4418712
1684 0.4418713
1685 0.4418713
1686 0.4418714
1687 0.4418713
1688 0.4418715
1689 0.4418715
1690 0.4418713
1691 0.4418713
1692 0.4418714
1693 0.4418714
1694 0.4418715
1695 0.4418715
1696 0.4418716
1697 0.4418715
1698 0.4418716
1699 0.4418715
1700 0.4418716
1701 0.4418715
1702 0.4418716
1703 0.4418715
1704 0.4418715
1705 0.4418715
1706 0.4418716
1707 0.4418716
1708 0.4418716
1709 0.4418716
1710 0.4418716
1711 0.4418717
1712 0.4418717
1713 0.4418717
1714 0.4418718
1715 0.4418718
1716 0.4418719
1717 0.4418719
1718 0.4418719
1719 0.4418718
1720 0.4418719
1721 0.4418719
1722 0.441872
1723 0.4418719
1724 0.441872
1725 0.4418719
1726 0.441872
1727 0.441872
1728 0.441872
1729 0.441872
1730 0.441872
1731 0.441872
1732 0.4418721
1733 0.441872
1734 0.4418722
1735 0.4418722
1736 0.4418722
1737 0.441872
1738 0.4418721
1739 0.441872
1740 0.4418721
1741 0.4418721
1742 0.4418721
1743 0.4418722
1744 0.4418722
1745 0.4418722
1746 0.4418722
1747 0.4418723
1748 0.4418722
1749 0.4418722
1750 0.4418723
1751 0.4418722
1752 0.4418723
1753 0.4418721
1754 0.4418723
1755 0.4418721
1756 0.4418724
1757 0.4418722
1758 0.4418724
1759 0.4418724
1760 0.4418724
1761 0.4418724
1762 0.4418725
1763 0.4418724
1764 0.4418724
1765 0.4418723
1766 0.4418724
1767 0.4418724
1768 0.4418724
1769 0.4418724
1770 0.4418724
1771 0.4418725
1772 0.4418725
1773 0.4418724
1774 0.4418724
1775 0.4418724
1776 0.4418725
1777 0.4418724
1778 0.4418725
1779 0.4418725
1780 0.4418725
1781 0.4418725
1782 0.4418725
1783 0.4418726
1784 0.4418725
1785 0.4418725
1786 0.4418726
1787 0.4418725
1788 0.4418725
1789 0.4418725
1790 0.4418726
1791 0.4418726
1792 0.4418726
1793 0.4418726
1794 0.4418725
1795 0.4418725
1796 0.4418727
1797 0.4418727
1798 0.4418729
1799 0.4418728
1800 0.4418728
1801 0.4418727
1802 0.4418728
1803 0.4418728
1804 0.4418728
1805 0.4418728
1806 0.4418729
1807 0.4418728
1808 0.4418729
1809 0.4418728
1810 0.4418729
1811 0.4418728
1812 0.4418729
1813 0.4418729
1814 0.441873
1815 0.4418729
1816 0.4418729
1817 0.4418728
1818 0.4418728
1819 0.4418728
1820 0.4418729
1821 0.4418726
1822 0.4418727
1823 0.4418727
1824 0.4418728
1825 0.4418728
1826 0.4418729
1827 0.4418728
1828 0.441873
1829 0.441873
1830 0.441873
1831 0.441873
1832 0.4418731
1833 0.441873
1834 0.4418732
1835 0.4418732
1836 0.4418732
1837 0.4418732
1838 0.4418732
1839 0.4418733
1840 0.4418733
1841 0.4418732
1842 0.4418732
1843 0.4418732
1844 0.4418734
1845 0.4418733
1846 0.4418734
1847 0.4418733
1848 0.4418733
1849 0.4418732
1850 0.4418732
1851 0.4418731
1852 0.4418732
1853 0.4418732
1854 0.4418732
1855 0.4418732
1856 0.4418733
1857 0.4418731
1858 0.4418732
1859 0.4418731
1860 0.4418732
1861 0.4418731
1862 0.4418731
1863 0.4418731
1864 0.4418732
1865 0.441873
1866 0.4418731
1867 0.441873
1868 0.441873
1869 0.441873
1870 0.4418731
1871 0.441873
1872 0.4418731
1873 0.441873
1874 0.441873
1875 0.4418729
1876 0.4418731
1877 0.441873
1878 0.441873
1879 0.4418729
1880 0.441873
1881 0.4418729
1882 0.441873
1883 0.441873
1884 0.4418732
1885 0.441873
1886 0.4418732
1887 0.4418731
1888 0.4418732
1889 0.4418731
1890 0.4418732
1891 0.441873
1892 0.441873
1893 0.441873
1894 0.4418732
1895 0.4418731
1896 0.4418732
1897 0.4418731
