"report-mom-rfile"
"Iteration" "report-mom"
("Iteration" "report-mom")
784 0.4335424
785 0.4335562
786 0.4335702
787 0.4335842
788 0.433596
789 0.4336093
790 0.4336231
791 0.4336372
792 0.4336512
793 0.4336652
794 0.4336792
795 0.433693
796 0.4337066
797 0.4337202
798 0.4337336
799 0.4337472
800 0.4337608
801 0.4337744
802 0.4337878
803 0.4338013
804 0.4338149
805 0.4338285
806 0.4338422
807 0.4338556
808 0.433869
809 0.4338827
810 0.4338964
811 0.4339099
812 0.4339236
813 0.4339373
814 0.4339512
815 0.4339649
816 0.4339789
817 0.433993
818 0.434007
819 0.4340206
820 0.4340349
821 0.4340489
822 0.434063
823 0.4340769
824 0.4340908
825 0.4341047
826 0.4341186
827 0.4341327
828 0.4341465
829 0.4341604
830 0.4341743
831 0.4341879
832 0.4342019
833 0.4342157
834 0.4342294
835 0.4342433
836 0.4342571
837 0.4342711
838 0.4342852
839 0.434299
840 0.4343129
841 0.4343269
842 0.434341
843 0.434355
844 0.4343691
845 0.434383
846 0.4343972
847 0.4344112
848 0.4344251
849 0.4344393
850 0.4344536
851 0.4344675
852 0.4344817
853 0.4344956
854 0.4345094
855 0.4345236
856 0.4345376
857 0.4345515
858 0.4345653
859 0.4345793
860 0.4345933
861 0.4346068
862 0.4346203
863 0.4346339
864 0.4346476
865 0.4346612
866 0.4346748
867 0.4346886
868 0.4347022
869 0.4347162
870 0.4347303
871 0.4347442
872 0.4347583
873 0.4347726
874 0.4347871
875 0.4348014
876 0.4348159
877 0.4348307
878 0.4348458
879 0.4348609
880 0.4348759
881 0.4348913
882 0.4349067
883 0.4349221
884 0.4349379
885 0.4349536
886 0.4349692
887 0.4349851
888 0.4350005
889 0.4350161
890 0.4350317
891 0.4350471
892 0.4350624
893 0.4350777
894 0.4350929
895 0.4351088
896 0.4351241
897 0.4351386
898 0.4351531
899 0.4351678
900 0.4351819
901 0.4351962
902 0.4352105
903 0.4352256
904 0.4352401
905 0.4352543
906 0.4352688
907 0.4352831
908 0.4352975
909 0.4353122
910 0.4353267
911 0.4353415
912 0.4353565
913 0.4353713
914 0.4353863
915 0.4354015
916 0.4354167
917 0.4354322
918 0.4354475
919 0.4354628
920 0.4354784
921 0.4354941
922 0.43551
923 0.4355255
924 0.4355413
925 0.4355571
926 0.4355727
927 0.4355884
928 0.4356038
929 0.4356195
930 0.4356351
931 0.4356504
932 0.435666
933 0.4356811
934 0.4356964
935 0.4357114
936 0.4357262
937 0.4357415
938 0.4357561
939 0.4357704
940 0.4357851
941 0.4357992
942 0.4358134
943 0.4358277
944 0.4358416
945 0.4358557
946 0.4358697
947 0.4358833
948 0.4358963
949 0.4359097
950 0.4359225
951 0.4359354
952 0.435948
953 0.4359601
954 0.435972
955 0.4359841
956 0.4359955
957 0.4360069
958 0.4360184
959 0.4360294
960 0.4360401
961 0.4360509
962 0.4360615
963 0.436072
964 0.4360825
965 0.4360927
966 0.436103
967 0.4361134
968 0.4361235
969 0.4361337
970 0.436144
971 0.4361541
972 0.4361642
973 0.4361743
974 0.4361843
975 0.4361947
976 0.4362047
977 0.436215
978 0.436225
979 0.4362352
980 0.4362454
981 0.4362557
982 0.4362659
983 0.4362764
984 0.4362865
985 0.4362969
986 0.4363073
987 0.4363178
988 0.4363282
989 0.4363392
990 0.43635
991 0.436361
992 0.436372
993 0.436383
994 0.4363945
995 0.4364059
996 0.4364174
997 0.436429
998 0.4364404
999 0.4364521
1000 0.436464
1001 0.4364762
1002 0.4364881
1003 0.4364999
1004 0.4365119
1005 0.4365238
1006 0.4365362
1007 0.436548
1008 0.4365597
1009 0.4365713
1010 0.4365833
1011 0.4365945
1012 0.4366062
1013 0.4366175
1014 0.4366303
1015 0.4366415
1016 0.4366523
1017 0.4366626
1018 0.4366728
1019 0.4366833
1020 0.4366937
1021 0.4367039
1022 0.4367141
1023 0.4367248
1024 0.4367352
1025 0.4367457
1026 0.4367563
1027 0.4367668
1028 0.4367774
1029 0.4367882
1030 0.4367986
1031 0.4368097
1032 0.4368204
1033 0.436831
1034 0.4368418
1035 0.4368525
1036 0.4368632
1037 0.4368739
1038 0.4368844
1039 0.4368948
1040 0.4369056
1041 0.4369157
1042 0.436926
1043 0.4369359
1044 0.4369459
1045 0.4369558
1046 0.4369654
1047 0.4369751
1048 0.4369845
1049 0.4369939
1050 0.4370033
1051 0.4370126
1052 0.4370218
1053 0.4370311
1054 0.4370402
1055 0.4370494
1056 0.4370587
1057 0.437068
1058 0.4370769
1059 0.4370861
1060 0.437095
1061 0.4371036
1062 0.4371127
1063 0.4371213
1064 0.43713
1065 0.4371386
1066 0.4371473
1067 0.4371561
1068 0.4371652
1069 0.4371742
1070 0.4371835
1071 0.4371927
1072 0.437203
1073 0.4372127
1074 0.4372233
1075 0.4372337
1076 0.4372449
1077 0.4372557
1078 0.437267
1079 0.4372784
1080 0.43729
1081 0.4373014
1082 0.4373129
1083 0.4373237
1084 0.4373354
1085 0.4373466
1086 0.4373574
1087 0.4373683
1088 0.4373786
1089 0.4373893
1090 0.4373997
1091 0.4374099
1092 0.4374201
1093 0.43743
1094 0.43744
1095 0.43745
1096 0.4374603
1097 0.4374706
1098 0.4374805
1099 0.4374909
1100 0.4375013
1101 0.4375066
1102 0.4375233
1103 0.4375349
1104 0.4375455
1105 0.4375512
1106 0.4375679
1107 0.4375795
1108 0.4375848
1109 0.437602
1110 0.4376138
1111 0.4376191
1112 0.4376359
1113 0.4376478
1114 0.4376532
1115 0.4376696
1116 0.4376811
1117 0.4376862
1118 0.4377024
1119 0.4377132
1120 0.4377182
1121 0.4377337
1122 0.4377447
1123 0.4377494
1124 0.4377643
1125 0.4377747
1126 0.4377796
1127 0.4377943
1128 0.4378046
1129 0.4378096
1130 0.4378243
1131 0.4378345
1132 0.4378397
1133 0.4378546
1134 0.4378653
1135 0.4378751
1136 0.4378809
1137 0.4378954
1138 0.437906
1139 0.4379158
1140 0.4379261
1141 0.4379362
1142 0.4379463
1143 0.4379565
1144 0.4379667
1145 0.4379765
1146 0.4379869
1147 0.4379969
1148 0.4380066
1149 0.4380164
1150 0.4380259
1151 0.438035
1152 0.4380443
1153 0.4380533
1154 0.438062
1155 0.4380709
1156 0.4380797
1157 0.4380881
1158 0.4380933
1159 0.4381058
1160 0.4381146
1161 0.4381231
1162 0.4381281
1163 0.43814
1164 0.4381489
1165 0.4381538
1166 0.4381661
1167 0.438175
1168 0.4381798
1169 0.4381924
1170 0.4382012
1171 0.4382063
1172 0.4382187
1173 0.4382281
1174 0.4382329
1175 0.4382455
1176 0.4382548
1177 0.4382599
1178 0.4382724
1179 0.4382779
1180 0.4382907
1181 0.4383002
1182 0.4383054
1183 0.4383183
1184 0.4383274
1185 0.4383332
1186 0.4383465
1187 0.4383563
1188 0.4383622
1189 0.4383762
1190 0.4383867
1191 0.4383929
1192 0.4384076
1193 0.4384184
1194 0.4384251
1195 0.4384397
1196 0.4384511
1197 0.4384578
1198 0.438473
1199 0.438484
1200 0.4384907
1201 0.4385057
1202 0.4385167
1203 0.4385225
1204 0.4385372
1205 0.4385436
1206 0.4385579
1207 0.4385679
1208 0.4385729
1209 0.4385863
1210 0.4385956
1211 0.4386004
1212 0.4386132
1213 0.4386184
1214 0.4386311
1215 0.4386361
1216 0.4386486
1217 0.4386536
1218 0.4386658
1219 0.4386706
1220 0.4386829
1221 0.4386882
1222 0.4387001
1223 0.4387053
1224 0.4387174
1225 0.4387226
1226 0.4387349
1227 0.4387401
1228 0.4387525
1229 0.4387578
1230 0.4387702
1231 0.4387756
1232 0.4387878
1233 0.438793
1234 0.438805
1235 0.4388104
1236 0.4388222
1237 0.4388275
1238 0.4388386
1239 0.4388441
1240 0.4388552
1241 0.43886
1242 0.4388714
1243 0.4388766
1244 0.4388872
1245 0.4388925
1246 0.4389032
1247 0.4389082
1248 0.4389184
1249 0.4389237
1250 0.4389343
1251 0.4389393
1252 0.4389496
1253 0.4389549
1254 0.4389653
1255 0.4389705
1256 0.4389808
1257 0.438986
1258 0.4389964
1259 0.4390016
1260 0.4390121
1261 0.4390172
1262 0.4390277
1263 0.439033
1264 0.4390436
1265 0.4390487
1266 0.4390589
1267 0.4390643
1268 0.4390746
1269 0.4390799
1270 0.4390902
1271 0.4390955
1272 0.4391054
1273 0.4391105
1274 0.4391208
1275 0.4391259
1276 0.4391359
1277 0.4391408
1278 0.4391511
1279 0.4391559
1280 0.4391662
1281 0.4391711
1282 0.4391809
1283 0.4391855
1284 0.4391955
1285 0.4392002
1286 0.43921
1287 0.4392148
1288 0.4392243
1289 0.4392291
1290 0.4392386
1291 0.439243
1292 0.4392525
1293 0.4392573
1294 0.4392668
1295 0.4392717
1296 0.4392813
1297 0.4392861
1298 0.4392958
1299 0.4393007
1300 0.4393101
1301 0.4393156
1302 0.4393253
1303 0.4393304
1304 0.4393405
1305 0.4393453
1306 0.4393554
1307 0.4393607
1308 0.4393709
1309 0.4393758
1310 0.4393861
1311 0.4393913
1312 0.4394014
1313 0.4394066
1314 0.4394169
1315 0.439422
1316 0.4394318
1317 0.439437
1318 0.4394472
1319 0.4394524
1320 0.4394623
1321 0.4394675
1322 0.4394771
1323 0.4394824
1324 0.4394923
1325 0.439497
1326 0.4395068
1327 0.4395118
1328 0.4395213
1329 0.4395264
1330 0.4395362
1331 0.4395409
1332 0.4395505
1333 0.4395553
1334 0.4395649
1335 0.4395695
1336 0.4395787
1337 0.4395838
1338 0.4395931
1339 0.4395978
1340 0.4396074
1341 0.4396117
1342 0.4396211
1343 0.4396255
1344 0.4396349
1345 0.4396392
1346 0.4396485
1347 0.4396532
1348 0.4396622
1349 0.4396669
1350 0.4396758
1351 0.4396802
1352 0.4396893
1353 0.4396937
1354 0.4397023
1355 0.4397066
1356 0.4397156
1357 0.4397201
1358 0.4397287
1359 0.439733
1360 0.4397421
1361 0.4397464
1362 0.4397549
1363 0.4397595
1364 0.4397683
1365 0.4397726
1366 0.4397813
1367 0.4397857
1368 0.4397944
1369 0.4397986
1370 0.4398073
1371 0.4398114
1372 0.4398202
1373 0.4398245
1374 0.4398331
1375 0.4398375
1376 0.4398461
1377 0.4398502
1378 0.439859
1379 0.4398633
1380 0.4398715
1381 0.4398759
1382 0.4398844
1383 0.4398887
1384 0.4398973
1385 0.4399015
1386 0.4399098
1387 0.4399142
1388 0.4399227
1389 0.439927
1390 0.4399354
1391 0.4399399
1392 0.4399479
1393 0.4399523
1394 0.4399609
1395 0.4399651
1396 0.4399734
1397 0.4399779
1398 0.4399864
1399 0.4399907
1400 0.4399991
1401 0.4400036
1402 0.4400121
1403 0.4400164
1404 0.4400252
1405 0.4400295
1406 0.4400381
1407 0.4400446
1408 0.4400489
1409 0.4400571
1410 0.4400615
1411 0.4400701
1412 0.4400743
1413 0.4400827
1414 0.440089
1415 0.4400927
1416 0.4401006
1417 0.4401066
1418 0.4401104
1419 0.4401184
1420 0.4401218
1421 0.4401298
1422 0.4401357
1423 0.4401392
1424 0.4401465
1425 0.44015
1426 0.4401576
1427 0.4401611
1428 0.4401687
1429 0.4401723
1430 0.4401794
1431 0.4401831
1432 0.4401903
1433 0.4401937
1434 0.4402009
1435 0.440206
1436 0.4402094
1437 0.4402165
1438 0.4402222
1439 0.4402252
1440 0.4402325
1441 0.4402381
1442 0.4402418
1443 0.4402487
1444 0.4402544
1445 0.4402575
1446 0.4402647
1447 0.4402704
1448 0.4402735
1449 0.4402808
1450 0.4402861
1451 0.4402893
1452 0.440297
1453 0.4403027
1454 0.4403062
1455 0.4403138
1456 0.4403204
1457 0.4403241
1458 0.4403328
1459 0.4403395
1460 0.4403434
1461 0.4403526
1462 0.4403598
1463 0.4403661
1464 0.4403703
1465 0.44038
1466 0.4403872
1467 0.4403942
1468 0.4403981
1469 0.440408
1470 0.440415
1471 0.4404216
1472 0.4404281
1473 0.4404346
1474 0.4404409
1475 0.4404473
1476 0.4404536
1477 0.4404601
1478 0.4404665
1479 0.4404729
1480 0.4404794
1481 0.4404858
1482 0.4404924
1483 0.4404989
1484 0.4405059
1485 0.4405128
1486 0.4405198
1487 0.4405266
1488 0.4405335
1489 0.4405405
1490 0.4405478
1491 0.4405549
1492 0.4405622
1493 0.4405692
1494 0.4405765
1495 0.4405836
1496 0.4405907
1497 0.4405976
1498 0.4406045
1499 0.4406115
1500 0.4406184
1501 0.4406248
1502 0.4406315
1503 0.4406379
1504 0.4406446
1505 0.4406508
1506 0.4406573
1507 0.4406631
1508 0.4406674
1509 0.4406762
1510 0.4406828
1511 0.440689
1512 0.4406928
1513 0.4407014
1514 0.4407076
1515 0.4407139
1516 0.4407177
1517 0.4407262
1518 0.440733
1519 0.4407369
1520 0.4407454
1521 0.4407521
1522 0.4407583
1523 0.4407644
1524 0.4407707
1525 0.4407768
1526 0.4407831
1527 0.4407897
1528 0.4407958
1529 0.4408021
1530 0.4408084
1531 0.4408127
1532 0.4408214
1533 0.440828
1534 0.4408343
1535 0.440838
1536 0.4408462
1537 0.4408528
1538 0.4408569
1539 0.4408649
1540 0.4408715
1541 0.4408755
1542 0.4408834
1543 0.4408904
1544 0.4408945
1545 0.4409027
1546 0.4409095
1547 0.4409136
1548 0.440922
1549 0.4409288
1550 0.4409329
1551 0.4409415
1552 0.4409481
1553 0.4409524
1554 0.4409605
1555 0.4409671
1556 0.4409713
1557 0.4409792
1558 0.4409859
1559 0.4409898
1560 0.4409981
1561 0.4410045
1562 0.4410083
1563 0.4410164
1564 0.4410231
1565 0.4410269
1566 0.441035
1567 0.4410417
1568 0.4410457
1569 0.4410541
1570 0.4410585
1571 0.4410674
1572 0.4410745
1573 0.4410782
1574 0.4410869
1575 0.4410937
1576 0.4410977
1577 0.4411064
1578 0.441113
1579 0.4411169
1580 0.4411255
1581 0.4411319
1582 0.4411362
1583 0.4411443
1584 0.4411507
1585 0.4411546
1586 0.4411624
1587 0.4411689
1588 0.4411724
1589 0.4411803
1590 0.4411866
1591 0.4411899
1592 0.4411981
1593 0.441202
1594 0.44121
1595 0.4412141
1596 0.4412217
1597 0.4412261
1598 0.4412337
1599 0.4412381
1600 0.4412457
1601 0.44125
1602 0.4412578
1603 0.4412619
1604 0.4412697
1605 0.4412737
1606 0.4412815
1607 0.4412855
1608 0.4412933
1609 0.4412978
1610 0.4413054
1611 0.4413096
1612 0.441317
1613 0.441321
1614 0.4413289
1615 0.4413325
1616 0.4413404
1617 0.4413443
1618 0.4413519
1619 0.4413556
1620 0.4413629
1621 0.441367
1622 0.4413748
1623 0.4413784
1624 0.441386
1625 0.44139
1626 0.4413977
1627 0.4414016
1628 0.4414091
1629 0.441413
1630 0.4414209
1631 0.441425
1632 0.4414326
1633 0.4414364
1634 0.4414444
1635 0.4414481
1636 0.4414558
1637 0.4414597
1638 0.4414674
1639 0.4414713
1640 0.4414789
1641 0.4414827
1642 0.4414902
1643 0.4414941
1644 0.4415011
1645 0.4415049
1646 0.441512
1647 0.4415159
1648 0.4415232
1649 0.4415269
1650 0.441534
1651 0.4415377
1652 0.4415448
1653 0.4415488
1654 0.441556
1655 0.4415599
1656 0.4415672
1657 0.441571
1658 0.4415787
1659 0.4415828
1660 0.4415905
1661 0.4415944
1662 0.4416025
1663 0.4416063
1664 0.4416147
1665 0.4416186
1666 0.4416266
1667 0.441631
1668 0.4416393
1669 0.4416436
1670 0.4416519
1671 0.4416561
1672 0.4416646
1673 0.441669
1674 0.4416772
1675 0.4416838
1676 0.4416877
1677 0.4416957
1678 0.4416997
1679 0.4417082
1680 0.4417121
1681 0.4417202
1682 0.4417242
1683 0.4417319
1684 0.4417361
1685 0.4417436
1686 0.4417476
1687 0.4417549
1688 0.4417607
1689 0.4417643
1690 0.4417714
1691 0.4417772
1692 0.4417807
1693 0.4417876
1694 0.4417916
1695 0.441799
1696 0.4418028
1697 0.4418098
1698 0.4418155
1699 0.4418187
1700 0.4418256
1701 0.4418294
1702 0.4418366
1703 0.4418403
1704 0.4418473
1705 0.4418511
1706 0.4418578
1707 0.4418632
1708 0.4418667
1709 0.4418732
1710 0.4418788
1711 0.4418819
1712 0.4418884
1713 0.4418923
1714 0.441899
1715 0.4419027
1716 0.4419093
1717 0.4419132
1718 0.4419199
1719 0.4419248
1720 0.4419281
1721 0.4419346
1722 0.4419382
1723 0.4419447
1724 0.4419497
1725 0.4419531
1726 0.4419599
1727 0.4419635
1728 0.4419702
1729 0.4419737
1730 0.4419807
1731 0.4419841
1732 0.4419907
1733 0.4419944
1734 0.4420012
1735 0.4420046
1736 0.4420114
1737 0.4420151
1738 0.4420217
1739 0.4420253
1740 0.4420322
1741 0.4420358
1742 0.4420423
1743 0.4420461
1744 0.4420532
1745 0.4420566
1746 0.4420632
1747 0.4420667
1748 0.4420736
1749 0.4420771
1750 0.4420839
1751 0.4420875
1752 0.4420944
1753 0.442098
1754 0.4421048
1755 0.4421081
1756 0.442115
1757 0.4421188
1758 0.4421256
1759 0.4421292
1760 0.442136
1761 0.4421396
1762 0.4421468
1763 0.4421502
1764 0.4421571
1765 0.4421607
1766 0.4421675
1767 0.4421712
1768 0.4421782
1769 0.4421817
1770 0.4421887
1771 0.4421923
1772 0.4421991
1773 0.4422027
1774 0.4422095
1775 0.442213
1776 0.4422198
1777 0.4422234
1778 0.44223
1779 0.4422337
1780 0.4422403
1781 0.4422437
1782 0.4422504
1783 0.4422538
1784 0.4422603
1785 0.4422638
1786 0.4422703
1787 0.4422737
1788 0.4422802
1789 0.4422834
1790 0.4422899
1791 0.4422931
1792 0.4422994
1793 0.4423029
1794 0.4423091
1795 0.4423124
1796 0.4423187
1797 0.442322
1798 0.4423279
1799 0.4423313
1800 0.4423372
1801 0.4423404
1802 0.4423461
1803 0.4423497
1804 0.4423556
1805 0.4423589
1806 0.4423648
1807 0.4423677
1808 0.4423738
1809 0.4423771
1810 0.4423831
1811 0.4423864
1812 0.4423922
1813 0.4423954
1814 0.4424018
1815 0.4424053
1816 0.4424112
1817 0.4424144
1818 0.4424205
1819 0.4424238
1820 0.44243
1821 0.4424333
1822 0.4424393
1823 0.4424424
1824 0.4424487
1825 0.4424518
1826 0.4424579
1827 0.4424612
1828 0.4424672
1829 0.4424706
1830 0.4424766
1831 0.44248
1832 0.4424857
1833 0.4424888
1834 0.4424949
1835 0.4424982
1836 0.4425041
1837 0.4425072
1838 0.4425134
1839 0.4425165
1840 0.4425226
1841 0.4425257
1842 0.4425318
1843 0.4425348
1844 0.4425409
1845 0.442544
1846 0.4425497
1847 0.442553
1848 0.4425587
1849 0.4425621
1850 0.4425681
1851 0.4425711
1852 0.4425772
1853 0.4425806
1854 0.4425862
1855 0.4425894
1856 0.4425952
1857 0.4425986
1858 0.4426045
1859 0.4426076
1860 0.4426137
1861 0.4426168
1862 0.4426228
1863 0.4426259
1864 0.442632
1865 0.4426351
1866 0.4426412
1867 0.4426445
1868 0.4426505
1869 0.4426537
1870 0.4426599
1871 0.442663
1872 0.4426689
1873 0.4426721
1874 0.4426782
1875 0.4426814
1876 0.4426876
1877 0.4426905
1878 0.4426965
1879 0.4426997
1880 0.4427055
1881 0.4427088
1882 0.4427148
1883 0.4427178
1884 0.4427238
1885 0.4427269
1886 0.4427328
1887 0.4427358
1888 0.4427416
1889 0.4427448
1890 0.4427506
1891 0.442754
1892 0.4427596
1893 0.4427626
1894 0.4427682
1895 0.4427715
1896 0.4427775
1897 0.4427805
1898 0.4427865
1899 0.4427895
1900 0.4427956
1901 0.4427985
1902 0.4428043
1903 0.4428071
1904 0.4428131
1905 0.442816
1906 0.4428223
1907 0.4428252
1908 0.442831
1909 0.4428342
1910 0.44284
1911 0.442843
1912 0.442849
1913 0.442852
1914 0.442858
1915 0.442861
1916 0.4428667
1917 0.4428698
1918 0.4428756
1919 0.4428786
1920 0.4428847
1921 0.4428879
1922 0.4428937
1923 0.4428968
1924 0.4429024
1925 0.4429055
1926 0.4429114
1927 0.4429144
1928 0.4429203
1929 0.4429232
1930 0.4429291
1931 0.4429325
1932 0.4429382
1933 0.4429413
1934 0.4429472
1935 0.4429501
1936 0.4429559
1937 0.4429587
1938 0.4429647
1939 0.4429674
1940 0.4429735
1941 0.4429766
1942 0.4429822
1943 0.4429852
1944 0.4429909
1945 0.4429939
1946 0.4429997
1947 0.4430029
1948 0.443009
1949 0.4430119
1950 0.4430176
1951 0.4430207
1952 0.4430263
1953 0.4430296
1954 0.4430353
1955 0.4430381
1956 0.4430442
1957 0.4430472
1958 0.4430531
1959 0.443056
1960 0.443062
1961 0.4430649
1962 0.4430709
1963 0.4430736
1964 0.4430796
1965 0.4430826
1966 0.4430883
1967 0.4430912
1968 0.4430974
1969 0.4431001
1970 0.443106
1971 0.4431087
1972 0.4431147
1973 0.4431177
1974 0.4431233
1975 0.4431262
1976 0.443132
1977 0.443135
1978 0.4431405
1979 0.4431434
1980 0.443149
1981 0.4431518
1982 0.4431575
1983 0.4431603
1984 0.4431657
1985 0.4431686
1986 0.4431742
1987 0.443177
1988 0.4431823
1989 0.4431852
1990 0.4431908
1991 0.4431936
1992 0.4431991
1993 0.4432018
1994 0.4432071
1995 0.4432101
1996 0.4432152
1997 0.4432183
1998 0.4432237
1999 0.4432266
2000 0.4432317
2001 0.4432344
2002 0.4432397
2003 0.4432426
2004 0.4432481
2005 0.4432508
2006 0.4432558
2007 0.4432585
2008 0.4432643
2009 0.4432669
2010 0.4432721
2011 0.4432747
2012 0.4432797
2013 0.4432825
2014 0.4432878
2015 0.4432906
2016 0.443296
2017 0.4432985
2018 0.4433037
2019 0.4433065
2020 0.4433118
2021 0.4433145
2022 0.4433199
2023 0.4433226
2024 0.4433278
2025 0.4433302
2026 0.4433357
2027 0.4433385
2028 0.4433435
2029 0.4433465
2030 0.4433518
2031 0.4433545
2032 0.4433596
2033 0.4433624
2034 0.4433678
2035 0.4433705
2036 0.4433759
2037 0.4433785
2038 0.4433837
2039 0.4433865
2040 0.4433918
2041 0.4433945
2042 0.4433999
2043 0.4434024
2044 0.4434075
2045 0.4434105
2046 0.4434157
2047 0.4434183
2048 0.4434236
2049 0.4434261
2050 0.4434314
2051 0.4434342
2052 0.4434395
2053 0.443442
2054 0.4434474
2055 0.4434499
2056 0.4434552
2057 0.4434583
2058 0.4434635
2059 0.443466
2060 0.4434714
2061 0.4434742
2062 0.4434796
2063 0.4434822
2064 0.4434879
2065 0.4434905
2066 0.443496
2067 0.4434987
2068 0.4435041
2069 0.4435069
2070 0.4435121
2071 0.4435149
2072 0.4435202
2073 0.443523
2074 0.4435283
2075 0.4435311
2076 0.4435365
2077 0.4435388
2078 0.4435444
2079 0.4435469
2080 0.4435523
2081 0.4435548
2082 0.4435598
2083 0.4435625
2084 0.4435677
2085 0.4435702
2086 0.443575
2087 0.4435776
2088 0.4435827
2089 0.4435852
2090 0.4435901
2091 0.4435926
2092 0.4435975
2093 0.4436001
2094 0.4436051
2095 0.4436076
2096 0.4436127
2097 0.4436156
2098 0.4436207
2099 0.4436231
2100 0.4436281
2101 0.4436309
2102 0.4436361
2103 0.4436393
2104 0.4436444
2105 0.4436475
2106 0.4436527
2107 0.4436557
2108 0.4436611
2109 0.443664
2110 0.4436696
2111 0.4436725
2112 0.4436782
2113 0.4436809
2114 0.4436862
2115 0.443689
2116 0.4436943
2117 0.4436974
2118 0.4437028
2119 0.4437055
2120 0.4437104
2121 0.4437132
2122 0.4437183
2123 0.4437211
2124 0.4437259
2125 0.4437285
2126 0.4437335
2127 0.4437359
2128 0.4437409
2129 0.4437436
2130 0.4437478
2131 0.4437506
2132 0.4437555
2133 0.4437581
2134 0.4437633
2135 0.4437658
2136 0.4437711
2137 0.4437737
2138 0.4437785
2139 0.4437811
2140 0.4437862
2141 0.4437886
2142 0.443794
2143 0.4437963
2144 0.4438013
2145 0.4438039
2146 0.4438092
2147 0.4438116
2148 0.4438162
2149 0.4438189
2150 0.4438238
2151 0.4438264
2152 0.4438312
2153 0.4438339
2154 0.4438387
2155 0.4438411
2156 0.4438458
2157 0.4438485
2158 0.4438532
2159 0.4438558
2160 0.4438606
2161 0.4438629
2162 0.4438677
2163 0.4438702
2164 0.4438751
2165 0.4438773
2166 0.4438823
2167 0.4438845
2168 0.4438895
2169 0.4438919
2170 0.4438967
2171 0.4438992
2172 0.4439041
2173 0.4439064
2174 0.4439111
2175 0.4439135
2176 0.4439183
2177 0.4439209
2178 0.4439261
2179 0.4439284
2180 0.4439332
2181 0.4439359
2182 0.4439406
2183 0.4439434
2184 0.443948
2185 0.4439506
2186 0.4439556
2187 0.443958
2188 0.4439631
2189 0.4439655
2190 0.4439707
2191 0.4439732
2192 0.4439781
2193 0.4439804
2194 0.4439857
2195 0.4439882
2196 0.443993
2197 0.4439956
2198 0.4440007
2199 0.4440032
2200 0.4440081
2201 0.4440108
2202 0.4440155
2203 0.4440179
2204 0.4440229
2205 0.4440254
2206 0.4440305
2207 0.444033
2208 0.4440378
2209 0.4440404
2210 0.4440452
2211 0.4440477
2212 0.4440528
2213 0.4440553
2214 0.4440599
2215 0.4440622
2216 0.4440672
2217 0.4440698
2218 0.4440745
2219 0.4440771
2220 0.4440818
2221 0.444084
2222 0.4440891
2223 0.4440915
2224 0.4440962
2225 0.4440986
2226 0.4441032
2227 0.4441057
2228 0.4441105
2229 0.4441128
2230 0.4441178
2231 0.4441198
2232 0.4441247
2233 0.4441271
2234 0.4441318
2235 0.4441339
2236 0.4441386
2237 0.444141
2238 0.4441457
2239 0.4441479
2240 0.4441525
2241 0.4441548
2242 0.4441596
2243 0.444162
2244 0.4441664
2245 0.4441688
2246 0.4441732
2247 0.4441754
2248 0.4441798
2249 0.4441819
2250 0.4441863
2251 0.4441886
2252 0.444193
2253 0.4441952
2254 0.4441997
2255 0.4442019
2256 0.4442065
2257 0.4442086
2258 0.444213
2259 0.4442151
2260 0.4442197
2261 0.4442219
2262 0.4442265
2263 0.4442286
2264 0.4442333
2265 0.4442352
2266 0.4442399
2267 0.4442419
2268 0.4442464
2269 0.4442486
2270 0.4442531
2271 0.444255
2272 0.4442595
2273 0.4442614
2274 0.4442659
2275 0.4442678
2276 0.4442722
2277 0.4442741
2278 0.4442786
2279 0.4442805
2280 0.4442852
2281 0.4442871
2282 0.4442914
2283 0.4442933
2284 0.4442979
2285 0.4442998
2286 0.4443045
2287 0.4443061
2288 0.444309
2289 0.4443138
2290 0.444316
2291 0.4443205
2292 0.4443226
2293 0.4443266
2294 0.4443286
2295 0.4443312
2296 0.4443361
2297 0.4443379
2298 0.4443423
2299 0.4443441
2300 0.4443471
2301 0.4443519
2302 0.4443537
2303 0.4443579
2304 0.4443597
2305 0.4443641
2306 0.444366
2307 0.4443703
2308 0.4443722
2309 0.4443766
2310 0.4443786
2311 0.4443831
2312 0.4443847
2313 0.4443891
2314 0.444391
2315 0.4443958
2316 0.4443975
2317 0.4444019
2318 0.444404
2319 0.4444086
2320 0.4444102
2321 0.4444133
2322 0.4444184
2323 0.4444199
2324 0.4444227
2325 0.4444275
2326 0.4444297
2327 0.4444339
2328 0.4444356
2329 0.4444399
2330 0.4444417
2331 0.4444443
2332 0.444449
2333 0.4444507
2334 0.4444537
2335 0.4444585
2336 0.4444604
2337 0.444463
2338 0.4444674
2339 0.4444694
2340 0.444472
2341 0.4444767
2342 0.4444787
2343 0.4444828
2344 0.4444846
2345 0.4444873
2346 0.4444918
2347 0.4444938
2348 0.4444981
2349 0.4445
2350 0.444503
2351 0.4445073
2352 0.4445094
2353 0.4445139
2354 0.444516
2355 0.44452
2356 0.4445222
2357 0.4445266
2358 0.4445284
2359 0.4445327
2360 0.4445347
2361 0.4445391
2362 0.4445408
2363 0.4445453
2364 0.4445472
2365 0.4445514
2366 0.4445529
2367 0.444556
2368 0.4445607
2369 0.4445627
2370 0.4445653
2371 0.4445699
2372 0.4445718
2373 0.4445757
2374 0.4445776
2375 0.4445799
2376 0.4445843
2377 0.4445863
2378 0.4445888
2379 0.4445933
2380 0.4445951
2381 0.4445978
2382 0.4446022
2383 0.4446038
2384 0.4446063
2385 0.4446103
2386 0.4446124
2387 0.4446149
2388 0.4446193
2389 0.4446212
2390 0.4446235
2391 0.4446282
2392 0.4446299
2393 0.4446329
2394 0.4446369
2395 0.4446386
2396 0.4446411
2397 0.4446457
2398 0.4446476
2399 0.44465
2400 0.4446546
2401 0.4446564
2402 0.4446607
2403 0.4446624
2404 0.444665
2405 0.4446694
2406 0.4446715
2407 0.4446738
2408 0.4446784
2409 0.4446805
2410 0.444683
2411 0.4446874
2412 0.4446892
2413 0.4446918
2414 0.4446963
2415 0.4446981
2416 0.4447007
2417 0.444705
2418 0.4447068
2419 0.4447094
2420 0.4447133
2421 0.4447153
2422 0.4447189
2423 0.4447206
2424 0.4447231
2425 0.4447275
2426 0.4447293
2427 0.4447317
2428 0.4447346
2429 0.4447376
2430 0.4447419
2431 0.444744
2432 0.4447464
2433 0.4447504
2434 0.4447521
2435 0.4447545
2436 0.4447585
2437 0.4447604
2438 0.4447629
2439 0.444767
2440 0.4447688
2441 0.4447713
2442 0.4447741
2443 0.4447782
2444 0.4447799
2445 0.4447823
2446 0.4447864
2447 0.4447878
2448 0.4447905
2449 0.4447943
2450 0.444796
2451 0.4447985
2452 0.4448022
2453 0.444804
2454 0.4448065
2455 0.4448105
2456 0.4448124
2457 0.4448145
2458 0.4448185
2459 0.4448202
2460 0.4448226
2461 0.4448254
2462 0.4448296
2463 0.4448314
2464 0.4448337
2465 0.4448362
2466 0.4448407
2467 0.4448422
2468 0.4448446
2469 0.4448472
2470 0.4448512
2471 0.4448532
2472 0.4448554
2473 0.4448594
2474 0.4448608
2475 0.4448632
2476 0.444866
2477 0.44487
2478 0.4448717
2479 0.4448737
2480 0.4448764
2481 0.4448807
2482 0.4448821
2483 0.4448845
2484 0.4448873
2485 0.4448901
2486 0.4448929
2487 0.444897
2488 0.4448985
2489 0.4449008
2490 0.4449047
2491 0.4449063
2492 0.4449084
2493 0.4449111
2494 0.4449154
2495 0.4449173
2496 0.4449195
2497 0.4449221
2498 0.4449264
2499 0.4449281
2500 0.4449303
2501 0.4449332
2502 0.4449356
2503 0.4449386
2504 0.4449415
2505 0.4449443
2506 0.4449469
2507 0.44495
2508 0.4449524
2509 0.4449551
2510 0.4449588
2511 0.4449603
2512 0.4449626
2513 0.444965
2514 0.4449678
2515 0.444972
2516 0.4449735
2517 0.4449756
2518 0.444978
2519 0.444982
2520 0.4449837
2521 0.4449859
2522 0.4449886
2523 0.4449914
2524 0.4449953
2525 0.4449968
2526 0.4449993
2527 0.445002
2528 0.4450049
2529 0.4450087
2530 0.4450105
2531 0.4450128
2532 0.4450152
2533 0.4450181
2534 0.4450222
2535 0.4450236
2536 0.4450259
2537 0.4450284
2538 0.4450312
2539 0.4450338
2540 0.4450364
2541 0.445039
2542 0.4450428
2543 0.4450443
2544 0.4450463
2545 0.4450487
2546 0.4450513
2547 0.4450538
2548 0.4450561
2549 0.4450586
2550 0.4450612
2551 0.4450635
2552 0.4450659
2553 0.4450685
2554 0.445071
2555 0.4450732
2556 0.4450757
2557 0.4450783
2558 0.4450808
2559 0.4450833
2560 0.4450857
2561 0.4450895
2562 0.4450907
2563 0.4450927
2564 0.4450952
2565 0.4450977
2566 0.4451002
2567 0.4451031
2568 0.4451055
2569 0.4451079
2570 0.4451106
2571 0.4451132
2572 0.4451157
2573 0.4451182
2574 0.4451208
2575 0.445123
2576 0.4451256
2577 0.4451293
2578 0.4451306
2579 0.4451328
2580 0.4451353
2581 0.4451377
2582 0.4451404
2583 0.4451431
2584 0.4451452
2585 0.4451479
2586 0.4451503
2587 0.4451528
2588 0.4451552
2589 0.4451578
2590 0.4451601
2591 0.4451627
2592 0.4451651
2593 0.4451673
2594 0.4451696
2595 0.4451719
2596 0.4451742
2597 0.4451763
2598 0.4451791
2599 0.4451816
2600 0.4451836
2601 0.445186
2602 0.4451883
2603 0.4451904
2604 0.445194
2605 0.4451952
2606 0.4451971
2607 0.4451995
2608 0.445202
2609 0.445204
2610 0.4452066
2611 0.4452093
2612 0.4452114
2613 0.4452139
2614 0.4452161
2615 0.4452186
2616 0.4452208
2617 0.4452231
2618 0.4452255
2619 0.4452279
2620 0.4452303
2621 0.4452323
2622 0.4452347
2623 0.4452369
2624 0.4452389
2625 0.4452413
2626 0.4452437
2627 0.4452458
2628 0.445248
2629 0.4452502
2630 0.4452524
2631 0.4452549
2632 0.4452569
2633 0.4452591
2634 0.4452613
2635 0.4452637
2636 0.4452658
2637 0.445268
2638 0.4452704
2639 0.4452727
2640 0.4452749
2641 0.445277
2642 0.4452792
2643 0.4452814
2644 0.4452837
2645 0.4452859
2646 0.4452883
2647 0.4452908
2648 0.4452931
2649 0.4452956
2650 0.4452977
2651 0.4452998
2652 0.4453021
2653 0.4453044
2654 0.4453069
2655 0.445309
2656 0.4453112
2657 0.4453135
2658 0.4453158
2659 0.4453179
2660 0.4453202
2661 0.4453223
2662 0.4453247
2663 0.4453269
2664 0.4453291
2665 0.4453313
2666 0.4453335
2667 0.4453357
2668 0.445338
2669 0.4453402
2670 0.4453424
2671 0.4453445
2672 0.4453467
2673 0.4453488
2674 0.4453508
2675 0.4453532
2676 0.4453556
2677 0.4453577
2678 0.44536
2679 0.4453621
2680 0.4453643
2681 0.4453663
2682 0.4453689
2683 0.4453712
2684 0.4453731
2685 0.4453753
2686 0.4453777
2687 0.4453797
2688 0.4453818
2689 0.445384
2690 0.445386
2691 0.4453882
2692 0.4453904
2693 0.4453925
2694 0.4453945
2695 0.4453967
2696 0.4453988
2697 0.4454011
2698 0.4454032
2699 0.4454053
2700 0.4454077
2701 0.4454097
2702 0.4454118
2703 0.4454143
2704 0.4454163
2705 0.4454186
2706 0.4454203
2707 0.4454225
2708 0.4454248
2709 0.445427
2710 0.4454291
2711 0.4454314
2712 0.4454336
2713 0.4454357
2714 0.4454377
2715 0.4454399
2716 0.445442
2717 0.4454441
2718 0.4454466
2719 0.4454487
2720 0.4454509
2721 0.4454532
2722 0.4454555
2723 0.4454576
2724 0.4454597
2725 0.4454619
2726 0.4454641
2727 0.4454661
2728 0.4454683
2729 0.4454704
2730 0.4454727
2731 0.4454746
2732 0.4454767
2733 0.445479
2734 0.4454811
2735 0.4454833
2736 0.445485
2737 0.4454875
2738 0.4454897
2739 0.4454918
2740 0.4454936
2741 0.4454958
2742 0.4454981
2743 0.4455002
2744 0.4455021
2745 0.4455045
2746 0.4455065
2747 0.4455086
2748 0.4455105
2749 0.4455127
2750 0.4455151
2751 0.4455171
2752 0.4455189
2753 0.4455211
2754 0.4455232
2755 0.4455253
2756 0.4455275
2757 0.4455294
2758 0.4455314
2759 0.4455337
2760 0.4455357
2761 0.4455377
2762 0.4455397
2763 0.4455418
2764 0.4455438
2765 0.4455459
2766 0.4455479
2767 0.44555
2768 0.4455521
2769 0.4455543
2770 0.4455561
2771 0.445558
2772 0.4455601
2773 0.4455622
2774 0.4455642
2775 0.4455662
2776 0.4455681
2777 0.4455701
2778 0.445572
2779 0.4455739
2780 0.4455757
2781 0.4455777
2782 0.4455798
2783 0.4455817
2784 0.4455837
2785 0.4455856
2786 0.4455874
2787 0.4455896
2788 0.4455913
2789 0.4455931
2790 0.4455953
2791 0.4455972
2792 0.445599
2793 0.4456009
2794 0.445603
2795 0.4456048
2796 0.4456069
2797 0.4456087
2798 0.4456107
2799 0.4456126
2800 0.4456145
2801 0.4456165
2802 0.4456182
2803 0.4456202
2804 0.4456221
2805 0.4456241
2806 0.4456258
2807 0.4456279
2808 0.44563
2809 0.4456318
2810 0.4456336
2811 0.4456353
2812 0.4456374
2813 0.4456391
2814 0.4456411
2815 0.4456431
2816 0.4456451
2817 0.4456468
2818 0.4456489
2819 0.4456505
2820 0.4456525
2821 0.4456543
2822 0.4456561
2823 0.445658
2824 0.4456598
2825 0.4456617
2826 0.4456636
2827 0.4456656
2828 0.4456675
2829 0.4456691
2830 0.4456709
2831 0.4456729
2832 0.445675
2833 0.4456768
2834 0.4456788
2835 0.4456808
2836 0.4456823
2837 0.4456842
2838 0.445686
2839 0.4456882
2840 0.44569
2841 0.4456918
2842 0.4456936
2843 0.4456955
2844 0.4456975
2845 0.4456995
2846 0.4457009
2847 0.4457029
2848 0.4457049
2849 0.4457067
2850 0.4457084
2851 0.4457103
2852 0.4457121
2853 0.445714
2854 0.4457158
2855 0.4457178
2856 0.4457197
2857 0.4457216
2858 0.4457232
2859 0.445725
2860 0.4457269
2861 0.4457287
2862 0.4457305
2863 0.4457323
2864 0.4457342
2865 0.445736
2866 0.4457377
2867 0.4457394
2868 0.4457415
2869 0.4457434
2870 0.4457452
2871 0.4457467
2872 0.4457486
2873 0.4457504
2874 0.445752
2875 0.445754
2876 0.4457558
2877 0.4457573
2878 0.445759
2879 0.4457606
2880 0.4457624
2881 0.4457644
2882 0.445766
2883 0.4457679
2884 0.4457694
2885 0.445771
2886 0.4457729
2887 0.4457745
2888 0.4457763
2889 0.4457783
2890 0.4457799
2891 0.4457816
2892 0.4457834
2893 0.4457851
2894 0.4457869
2895 0.4457887
2896 0.4457905
2897 0.4457922
2898 0.445794
2899 0.4457958
2900 0.4457978
2901 0.4457994
2902 0.4458013
2903 0.4458031
2904 0.445805
2905 0.4458067
2906 0.4458085
2907 0.4458105
2908 0.4458125
2909 0.4458145
2910 0.4458162
2911 0.4458181
2912 0.4458198
2913 0.4458218
2914 0.4458241
2915 0.445826
2916 0.4458279
2917 0.4458297
2918 0.4458317
2919 0.4458335
2920 0.4458355
2921 0.4458371
2922 0.4458392
2923 0.445841
2924 0.445843
2925 0.4458446
2926 0.4458466
2927 0.4458483
2928 0.4458502
2929 0.4458519
2930 0.4458539
2931 0.4458556
2932 0.4458574
2933 0.4458592
2934 0.4458607
2935 0.4458627
2936 0.4458646
2937 0.4458664
2938 0.445868
2939 0.44587
2940 0.4458717
2941 0.4458734
2942 0.4458753
2943 0.4458768
2944 0.4458787
2945 0.4458804
2946 0.4458824
2947 0.445884
2948 0.4458861
2949 0.4458878
2950 0.4458892
2951 0.4458912
2952 0.445893
2953 0.4458948
2954 0.4458963
2955 0.4458981
2956 0.4458998
2957 0.4459015
2958 0.4459033
2959 0.4459048
2960 0.4459064
2961 0.4459081
2962 0.4459099
2963 0.4459117
2964 0.4459132
2965 0.445915
2966 0.4459168
2967 0.4459181
2968 0.4459202
2969 0.4459218
2970 0.4459234
2971 0.4459248
2972 0.4459263
2973 0.4459284
2974 0.4459302
2975 0.4459318
2976 0.4459333
2977 0.445935
2978 0.4459368
2979 0.4459384
2980 0.4459401
2981 0.4459417
2982 0.4459437
2983 0.4459453
2984 0.4459471
2985 0.4459486
2986 0.4459502
2987 0.445952
2988 0.4459535
2989 0.4459551
2990 0.445957
2991 0.4459584
2992 0.4459603
2993 0.445962
2994 0.4459635
2995 0.4459654
2996 0.445967
2997 0.4459687
2998 0.4459704
2999 0.4459721
3000 0.4459738
3001 0.4459754
3002 0.4459772
3003 0.4459787
3004 0.4459807
3005 0.4459822
3006 0.4459838
3007 0.4459856
3008 0.4459874
3009 0.4459891
3010 0.4459908
3011 0.4459922
3012 0.4459939
3013 0.4459957
3014 0.4459974
3015 0.4459991
3016 0.4460006
3017 0.4460022
3018 0.4460038
3019 0.4460057
3020 0.4460074
3021 0.446009
3022 0.4460108
3023 0.4460125
3024 0.4460142
3025 0.446016
3026 0.4460179
3027 0.4460195
3028 0.4460212
3029 0.4460227
3030 0.4460243
3031 0.4460261
3032 0.4460278
3033 0.4460294
3034 0.4460311
3035 0.4460326
3036 0.4460341
3037 0.4460359
3038 0.4460372
3039 0.4460388
3040 0.4460404
3041 0.4460418
3042 0.4460434
3043 0.4460447
3044 0.4460464
3045 0.4460476
3046 0.4460491
3047 0.4460508
3048 0.4460521
3049 0.4460534
3050 0.4460551
3051 0.4460565
3052 0.4460579
3053 0.4460595
3054 0.4460609
3055 0.4460622
3056 0.4460635
3057 0.4460653
3058 0.4460666
3059 0.4460682
3060 0.4460692
3061 0.4460706
3062 0.4460723
3063 0.4460737
3064 0.4460753
3065 0.4460767
3066 0.4460781
3067 0.4460795
3068 0.4460811
3069 0.4460825
3070 0.446084
3071 0.4460853
3072 0.4460867
3073 0.4460881
3074 0.4460897
3075 0.4460911
3076 0.4460925
3077 0.446094
3078 0.4460954
3079 0.446097
3080 0.4460981
3081 0.4460995
3082 0.4461008
3083 0.4461023
3084 0.4461039
3085 0.4461053
3086 0.4461066
3087 0.4461079
3088 0.4461094
3089 0.4461108
3090 0.4461122
3091 0.4461137
3092 0.446115
3093 0.4461161
3094 0.4461175
3095 0.4461192
3096 0.4461206
3097 0.4461222
3098 0.4461237
3099 0.446125
3100 0.4461264
3101 0.4461276
3102 0.446129
3103 0.4461305
3104 0.4461319
3105 0.4461335
3106 0.4461348
3107 0.4461362
3108 0.4461378
3109 0.4461391
3110 0.4461406
3111 0.4461418
3112 0.4461433
3113 0.446145
3114 0.4461462
3115 0.4461477
3116 0.4461491
3117 0.4461505
3118 0.4461519
3119 0.4461534
3120 0.4461547
3121 0.4461561
3122 0.4461575
3123 0.4461588
3124 0.4461602
3125 0.4461615
3126 0.4461629
3127 0.4461643
3128 0.4461657
3129 0.4461672
3130 0.4461685
3131 0.4461696
3132 0.4461711
3133 0.4461725
3134 0.4461738
3135 0.446175
3136 0.4461764
3137 0.4461779
3138 0.4461795
3139 0.4461807
3140 0.4461821
3141 0.4461834
3142 0.446185
3143 0.4461865
3144 0.4461876
3145 0.446189
3146 0.4461906
3147 0.4461919
3148 0.4461932
3149 0.4461945
3150 0.4461959
3151 0.4461974
3152 0.4461985
3153 0.4461998
3154 0.4462014
3155 0.4462026
3156 0.4462042
3157 0.4462056
3158 0.4462067
3159 0.446208
3160 0.4462093
3161 0.4462104
3162 0.4462119
3163 0.4462133
3164 0.4462146
3165 0.446216
3166 0.4462173
3167 0.4462187
3168 0.44622
3169 0.4462211
3170 0.4462225
3171 0.4462239
3172 0.4462252
3173 0.4462266
3174 0.4462275
3175 0.4462287
3176 0.4462301
3177 0.4462314
3178 0.4462327
3179 0.446234
3180 0.4462356
3181 0.4462365
3182 0.4462377
3183 0.4462391
3184 0.4462406
3185 0.4462416
3186 0.446243
3187 0.4462443
3188 0.4462458
3189 0.446247
3190 0.4462481
3191 0.4462494
3192 0.4462505
3193 0.4462518
3194 0.446253
3195 0.4462543
3196 0.4462556
3197 0.4462568
3198 0.446258
3199 0.4462593
3200 0.4462605
3201 0.4462616
3202 0.4462628
3203 0.446264
3204 0.4462652
3205 0.4462665
3206 0.4462677
3207 0.4462688
3208 0.44627
3209 0.4462713
3210 0.4462725
3211 0.446274
3212 0.4462752
3213 0.4462765
3214 0.4462776
3215 0.4462789
3216 0.4462802
3217 0.4462814
3218 0.4462826
3219 0.4462837
3220 0.4462846
3221 0.4462863
3222 0.4462875
3223 0.4462886
3224 0.4462898
3225 0.4462911
3226 0.4462922
3227 0.4462934
3228 0.4462945
3229 0.4462959
3230 0.4462972
3231 0.4462983
3232 0.4462997
3233 0.446301
3234 0.4463019
3235 0.4463032
3236 0.4463046
3237 0.4463057
3238 0.4463069
3239 0.4463082
3240 0.4463094
3241 0.4463107
3242 0.4463117
3243 0.4463128
3244 0.4463141
3245 0.4463152
3246 0.4463162
3247 0.4463175
3248 0.4463184
3249 0.4463197
3250 0.4463209
3251 0.4463221
3252 0.4463232
3253 0.4463244
3254 0.4463257
3255 0.4463267
3256 0.4463279
3257 0.4463292
3258 0.4463301
3259 0.4463313
3260 0.4463323
3261 0.4463336
3262 0.4463346
3263 0.4463358
3264 0.446337
3265 0.4463381
3266 0.4463392
3267 0.4463403
3268 0.4463413
3269 0.4463426
3270 0.4463437
3271 0.4463448
3272 0.4463458
3273 0.446347
3274 0.4463482
3275 0.4463495
3276 0.4463504
3277 0.4463515
3278 0.4463525
3279 0.4463536
3280 0.4463544
3281 0.4463558
3282 0.4463567
3283 0.446358
3284 0.4463588
3285 0.44636
3286 0.4463613
3287 0.4463622
3288 0.4463633
3289 0.4463643
3290 0.4463654
3291 0.4463665
3292 0.4463675
3293 0.4463684
3294 0.4463697
3295 0.446371
3296 0.4463719
3297 0.446373
3298 0.4463741
3299 0.4463751
3300 0.446376
3301 0.446377
3302 0.4463784
3303 0.4463793
3304 0.4463804
3305 0.4463816
3306 0.4463827
3307 0.4463837
3308 0.4463846
3309 0.4463858
3310 0.4463868
3311 0.446388
3312 0.4463889
3313 0.44639
3314 0.4463909
3315 0.4463921
3316 0.4463931
3317 0.446394
3318 0.4463951
3319 0.4463964
3320 0.4463974
3321 0.4463983
3322 0.4463993
3323 0.4464003
3324 0.4464014
3325 0.4464025
3326 0.4464035
3327 0.4464046
3328 0.4464058
3329 0.4464068
3330 0.4464078
3331 0.4464088
3332 0.44641
3333 0.446411
3334 0.446412
3335 0.446413
3336 0.4464139
3337 0.4464149
3338 0.446416
3339 0.4464169
3340 0.446418
3341 0.446419
3342 0.4464199
3343 0.446421
3344 0.446422
3345 0.4464229
3346 0.4464239
3347 0.4464251
3348 0.446426
3349 0.4464268
3350 0.4464279
3351 0.4464288
3352 0.4464297
3353 0.4464309
3354 0.4464316
3355 0.4464328
3356 0.4464337
3357 0.4464348
3358 0.4464357
3359 0.4464367
3360 0.4464376
3361 0.4464386
3362 0.4464396
3363 0.4464405
3364 0.4464414
3365 0.4464424
3366 0.4464432
3367 0.4464443
3368 0.4464452
3369 0.4464461
3370 0.4464469
3371 0.4464481
3372 0.4464489
3373 0.44645
3374 0.4464509
3375 0.4464521
3376 0.4464528
3377 0.446454
3378 0.4464549
3379 0.4464558
3380 0.4464567
3381 0.4464577
3382 0.4464584
3383 0.4464596
3384 0.4464606
3385 0.4464617
3386 0.4464626
3387 0.4464633
3388 0.4464645
3389 0.4464654
3390 0.4464663
3391 0.4464673
3392 0.4464684
3393 0.4464692
3394 0.4464701
3395 0.4464712
3396 0.4464721
3397 0.4464727
3398 0.4464737
3399 0.4464747
3400 0.4464757
3401 0.4464767
3402 0.4464778
3403 0.4464789
3404 0.4464796
3405 0.4464805
3406 0.4464814
3407 0.4464825
3408 0.4464835
3409 0.4464845
3410 0.4464854
3411 0.4464864
3412 0.4464873
3413 0.4464881
3414 0.4464891
3415 0.44649
3416 0.446491
3417 0.4464921
3418 0.4464928
3419 0.4464939
3420 0.4464949
3421 0.4464959
3422 0.4464968
3423 0.4464979
3424 0.4464988
3425 0.4464999
3426 0.4465008
3427 0.4465019
3428 0.4465027
3429 0.4465035
3430 0.4465044
3431 0.4465053
3432 0.4465064
3433 0.4465071
3434 0.4465082
3435 0.446509
3436 0.4465099
3437 0.4465109
3438 0.4465119
3439 0.446513
3440 0.4465138
3441 0.4465146
3442 0.4465156
3443 0.4465166
3444 0.4465176
3445 0.4465183
3446 0.4465193
3447 0.4465204
3448 0.4465211
3449 0.4465221
3450 0.4465231
3451 0.4465241
3452 0.4465249
3453 0.446526
3454 0.4465269
3455 0.4465277
3456 0.4465287
3457 0.4465296
3458 0.4465304
3459 0.4465315
3460 0.4465324
3461 0.4465333
3462 0.4465341
3463 0.4465352
3464 0.4465361
3465 0.4465369
3466 0.4465377
3467 0.4465385
3468 0.4465393
3469 0.44654
3470 0.446541
3471 0.4465418
3472 0.4465424
3473 0.4465433
3474 0.4465442
3475 0.4465451
3476 0.446546
3477 0.446547
3478 0.4465478
3479 0.4465485
3480 0.4465494
3481 0.4465503
3482 0.4465512
3483 0.4465519
3484 0.4465531
3485 0.4465539
3486 0.4465546
3487 0.4465556
3488 0.4465564
3489 0.446557
3490 0.446558
3491 0.4465589
3492 0.4465598
3493 0.4465608
3494 0.4465615
3495 0.4465623
3496 0.4465632
3497 0.446564
3498 0.446565
3499 0.4465655
3500 0.4465665
3501 0.4465674
3502 0.4465682
3503 0.4465689
3504 0.4465699
3505 0.4465707
3506 0.4465715
3507 0.4465725
3508 0.4465733
3509 0.4465742
3510 0.4465751
3511 0.4465759
3512 0.4465767
3513 0.4465776
3514 0.4465783
3515 0.4465791
3516 0.4465798
3517 0.4465809
3518 0.4465818
3519 0.4465826
3520 0.4465836
3521 0.4465844
3522 0.4465852
3523 0.446586
3524 0.4465868
3525 0.4465877
3526 0.4465883
3527 0.4465891
3528 0.44659
3529 0.4465908
3530 0.4465916
3531 0.4465924
3532 0.446593
3533 0.4465939
3534 0.4465945
3535 0.4465952
3536 0.4465958
3537 0.4465967
3538 0.4465974
3539 0.4465982
3540 0.4465992
3541 0.4466001
3542 0.446601
3543 0.4466015
3544 0.4466024
3545 0.4466031
3546 0.446604
3547 0.446605
3548 0.4466057
3549 0.4466064
3550 0.4466073
3551 0.4466082
3552 0.4466089
3553 0.4466098
3554 0.4466105
3555 0.4466113
3556 0.4466122
3557 0.446613
3558 0.4466138
3559 0.4466144
3560 0.4466152
3561 0.4466162
3562 0.4466168
3563 0.4466177
3564 0.4466184
3565 0.4466193
3566 0.4466198
3567 0.4466206
3568 0.4466217
3569 0.4466224
3570 0.446623
3571 0.4466238
3572 0.4466246
3573 0.4466256
3574 0.4466261
3575 0.4466271
3576 0.4466279
3577 0.4466285
3578 0.4466292
3579 0.4466302
3580 0.4466308
3581 0.4466316
3582 0.4466324
3583 0.4466331
3584 0.4466337
3585 0.4466343
3586 0.4466351
3587 0.4466359
3588 0.4466367
3589 0.4466373
3590 0.4466383
3591 0.4466388
3592 0.4466394
3593 0.4466403
3594 0.4466408
3595 0.4466415
3596 0.4466422
3597 0.4466429
3598 0.4466439
3599 0.4466446
3600 0.4466453
3601 0.4466461
3602 0.4466469
3603 0.4466475
3604 0.4466483
3605 0.446649
3606 0.4466498
3607 0.4466504
3608 0.4466515
3609 0.4466523
3610 0.446653
3611 0.4466537
3612 0.4466545
3613 0.4466552
3614 0.446656
3615 0.4466568
3616 0.4466573
3617 0.446658
3618 0.4466588
3619 0.4466596
3620 0.4466604
3621 0.446661
3622 0.4466617
3623 0.4466624
3624 0.446663
3625 0.4466639
3626 0.4466645
3627 0.446665
3628 0.4466657
3629 0.4466665
3630 0.4466673
3631 0.4466678
3632 0.4466687
3633 0.4466693
3634 0.4466698
3635 0.4466707
3636 0.4466714
3637 0.4466721
3638 0.4466726
3639 0.4466734
3640 0.4466742
3641 0.4466749
3642 0.4466757
3643 0.4466764
3644 0.446677
3645 0.4466776
3646 0.4466785
3647 0.446679
3648 0.4466796
3649 0.4466802
3650 0.446681
3651 0.4466819
3652 0.4466825
3653 0.4466832
3654 0.4466836
3655 0.4466842
3656 0.4466848
3657 0.4466855
3658 0.4466861
3659 0.446687
3660 0.4466876
3661 0.4466882
3662 0.4466891
3663 0.4466897
3664 0.4466905
3665 0.4466911
3666 0.4466919
3667 0.4466927
3668 0.4466933
3669 0.4466939
3670 0.4466948
3671 0.4466951
3672 0.446696
3673 0.4466968
3674 0.4466974
3675 0.4466981
3676 0.4466987
3677 0.4466996
3678 0.4467002
3679 0.446701
3680 0.4467016
3681 0.4467023
3682 0.4467029
3683 0.4467037
3684 0.4467045
3685 0.4467052
3686 0.4467059
3687 0.4467066
3688 0.4467072
3689 0.4467077
3690 0.4467085
3691 0.4467091
3692 0.4467098
3693 0.4467105
3694 0.446711
3695 0.4467118
3696 0.4467124
3697 0.446713
3698 0.4467137
3699 0.4467143
3700 0.4467149
3701 0.4467158
3702 0.4467162
3703 0.4467169
3704 0.4467175
3705 0.4467181
3706 0.4467186
3707 0.4467196
3708 0.4467203
3709 0.4467209
3710 0.4467216
3711 0.4467221
3712 0.4467228
3713 0.4467236
3714 0.4467242
3715 0.4467247
3716 0.4467253
3717 0.4467261
3718 0.4467268
3719 0.4467275
3720 0.446728
3721 0.4467286
3722 0.4467292
3723 0.4467297
3724 0.4467305
3725 0.4467311
3726 0.4467317
3727 0.4467323
3728 0.446733
3729 0.4467335
3730 0.446734
3731 0.4467346
3732 0.4467351
3733 0.4467357
3734 0.4467362
3735 0.4467368
3736 0.4467375
3737 0.4467381
3738 0.4467386
3739 0.4467393
3740 0.44674
3741 0.4467406
3742 0.4467413
3743 0.4467419
3744 0.4467424
3745 0.4467431
3746 0.4467436
3747 0.4467442
3748 0.4467448
3749 0.4467454
3750 0.4467459
3751 0.4467465
3752 0.4467471
3753 0.4467479
3754 0.4467484
3755 0.446749
3756 0.4467497
3757 0.4467503
3758 0.4467509
3759 0.4467516
3760 0.4467521
3761 0.4467526
3762 0.4467532
3763 0.4467538
3764 0.4467547
3765 0.446755
3766 0.4467558
3767 0.4467563
3768 0.446757
3769 0.4467576
3770 0.4467582
3771 0.4467588
3772 0.4467594
3773 0.4467599
3774 0.4467607
3775 0.4467611
3776 0.4467619
3777 0.4467622
3778 0.4467629
3779 0.4467637
3780 0.4467643
3781 0.4467651
3782 0.4467656
3783 0.4467663
3784 0.4467668
3785 0.4467674
3786 0.4467681
3787 0.4467687
3788 0.4467692
3789 0.4467698
3790 0.4467704
3791 0.446771
3792 0.4467714
3793 0.4467722
3794 0.4467728
3795 0.4467735
3796 0.4467739
3797 0.4467745
3798 0.4467752
3799 0.4467755
3800 0.4467762
3801 0.4467768
3802 0.4467772
3803 0.4467777
3804 0.4467784
3805 0.446779
3806 0.4467794
3807 0.4467799
3808 0.4467803
3809 0.4467811
3810 0.4467815
3811 0.4467822
3812 0.4467829
3813 0.4467834
3814 0.4467839
3815 0.4467846
3816 0.4467852
3817 0.4467857
3818 0.4467861
3819 0.4467866
3820 0.4467871
3821 0.4467879
3822 0.4467885
3823 0.446789
3824 0.4467896
3825 0.4467901
3826 0.4467906
3827 0.4467912
3828 0.4467917
3829 0.4467923
3830 0.4467927
3831 0.4467932
3832 0.4467938
3833 0.4467944
3834 0.446795
3835 0.4467956
3836 0.4467962
3837 0.446797
3838 0.4467973
3839 0.4467977
3840 0.4467983
3841 0.4467988
3842 0.4467994
3843 0.4467998
3844 0.4468004
3845 0.4468009
3846 0.4468014
3847 0.4468018
3848 0.4468024
3849 0.4468029
3850 0.4468035
3851 0.4468039
3852 0.4468044
3853 0.4468052
3854 0.4468057
3855 0.4468063
3856 0.4468067
3857 0.4468071
3858 0.4468075
3859 0.4468081
3860 0.4468086
3861 0.4468091
3862 0.4468094
3863 0.4468099
3864 0.4468103
3865 0.4468109
3866 0.4468116
3867 0.4468122
3868 0.4468127
3869 0.446813
3870 0.4468136
3871 0.4468141
3872 0.4468146
3873 0.4468152
3874 0.4468156
3875 0.4468161
3876 0.4468167
3877 0.4468172
3878 0.4468176
3879 0.4468183
3880 0.4468185
3881 0.4468193
3882 0.4468198
3883 0.4468203
3884 0.4468207
3885 0.4468213
3886 0.4468218
3887 0.4468225
3888 0.4468229
3889 0.4468231
3890 0.4468236
3891 0.4468243
3892 0.4468248
3893 0.4468252
3894 0.4468258
3895 0.4468265
3896 0.4468271
3897 0.4468275
3898 0.4468279
3899 0.4468286
3900 0.4468291
3901 0.4468294
3902 0.4468299
3903 0.4468305
3904 0.446831
3905 0.4468314
3906 0.446832
3907 0.4468324
3908 0.446833
3909 0.4468334
3910 0.446834
3911 0.4468342
3912 0.4468349
3913 0.4468352
3914 0.4468357
3915 0.4468361
3916 0.4468365
3917 0.446837
3918 0.4468375
3919 0.4468379
3920 0.4468383
3921 0.4468387
3922 0.4468393
3923 0.4468398
3924 0.4468403
3925 0.4468408
3926 0.4468412
3927 0.4468417
3928 0.4468421
3929 0.4468426
3930 0.446843
3931 0.4468435
3932 0.4468438
3933 0.4468445
3934 0.4468448
3935 0.4468454
3936 0.446846
3937 0.4468465
3938 0.4468468
3939 0.4468472
3940 0.4468477
3941 0.446848
3942 0.4468485
3943 0.446849
3944 0.4468493
3945 0.4468499
3946 0.4468505
3947 0.4468508
3948 0.4468514
3949 0.4468519
3950 0.4468522
3951 0.4468528
3952 0.4468533
3953 0.4468536
3954 0.446854
3955 0.4468543
3956 0.4468547
3957 0.4468554
3958 0.4468559
3959 0.4468563
3960 0.4468567
3961 0.4468572
3962 0.4468578
3963 0.4468581
3964 0.4468586
3965 0.4468589
3966 0.4468595
3967 0.44686
3968 0.4468606
3969 0.4468609
3970 0.4468614
3971 0.4468617
3972 0.4468623
3973 0.4468627
3974 0.4468632
3975 0.4468638
3976 0.4468641
3977 0.4468646
3978 0.4468649
3979 0.4468656
3980 0.446866
3981 0.4468665
3982 0.4468669
3983 0.4468675
3984 0.4468677
3985 0.4468684
3986 0.4468689
3987 0.4468695
3988 0.4468698
3989 0.4468701
3990 0.4468705
3991 0.446871
3992 0.4468714
3993 0.4468718
3994 0.4468724
3995 0.4468726
3996 0.4468729
3997 0.4468733
3998 0.4468739
3999 0.4468743
4000 0.4468746
4001 0.4468752
4002 0.4468756
4003 0.4468759
4004 0.4468763
4005 0.4468767
4006 0.4468771
4007 0.4468775
4008 0.446878
4009 0.4468784
4010 0.4468789
4011 0.4468792
4012 0.4468797
4013 0.44688
4014 0.4468805
4015 0.446881
4016 0.4468812
4017 0.4468815
4018 0.446882
4019 0.4468824
4020 0.4468828
4021 0.4468832
4022 0.4468835
4023 0.4468837
4024 0.4468843
4025 0.4468847
4026 0.4468852
4027 0.4468858
4028 0.446886
4029 0.4468864
4030 0.4468868
4031 0.4468874
4032 0.4468878
4033 0.4468883
4034 0.4468887
4035 0.4468892
4036 0.4468895
4037 0.44689
4038 0.4468903
4039 0.4468908
4040 0.4468912
4041 0.4468916
4042 0.4468919
4043 0.4468924
4044 0.4468929
4045 0.4468932
4046 0.4468936
4047 0.4468942
4048 0.4468947
4049 0.4468951
4050 0.4468955
4051 0.4468958
4052 0.4468961
4053 0.4468966
4054 0.4468972
4055 0.4468976
4056 0.4468981
4057 0.4468984
4058 0.4468989
4059 0.4468994
4060 0.4468996
4061 0.4468999
4062 0.4469003
4063 0.4469008
4064 0.4469012
4065 0.4469016
4066 0.446902
4067 0.4469025
4068 0.4469029
4069 0.4469032
4070 0.4469036
4071 0.4469038
4072 0.4469042
4073 0.4469044
4074 0.446905
4075 0.4469052
4076 0.4469056
4077 0.4469059
4078 0.4469062
4079 0.4469066
4080 0.4469071
4081 0.4469075
4082 0.446908
4083 0.4469083
4084 0.4469089
4085 0.4469094
4086 0.4469097
4087 0.4469102
4088 0.4469107
4089 0.4469112
4090 0.4469114
4091 0.4469117
4092 0.4469121
4093 0.4469125
4094 0.446913
4095 0.4469131
4096 0.4469136
4097 0.4469138
4098 0.4469142
4099 0.4469146
4100 0.4469151
4101 0.4469155
4102 0.4469158
4103 0.4469163
4104 0.4469168
4105 0.4469171
4106 0.4469175
4107 0.4469178
4108 0.4469181
4109 0.4469185
4110 0.4469189
4111 0.4469193
4112 0.4469197
4113 0.44692
4114 0.4469205
4115 0.4469208
4116 0.4469212
4117 0.4469217
4118 0.4469221
4119 0.4469223
4120 0.4469227
4121 0.4469229
4122 0.4469235
4123 0.4469238
4124 0.4469243
4125 0.4469247
4126 0.4469251
4127 0.4469254
4128 0.4469258
4129 0.4469261
4130 0.4469264
4131 0.4469269
4132 0.4469272
4133 0.4469275
4134 0.4469279
4135 0.4469283
4136 0.4469286
4137 0.4469288
4138 0.4469293
4139 0.4469299
4140 0.4469303
4141 0.4469307
4142 0.446931
4143 0.4469312
4144 0.4469316
4145 0.4469318
4146 0.4469323
4147 0.4469326
4148 0.446933
4149 0.4469336
4150 0.4469339
4151 0.4469342
4152 0.4469347
4153 0.4469352
4154 0.4469355
4155 0.4469357
4156 0.446936
4157 0.4469363
4158 0.4469368
4159 0.4469372
4160 0.4469373
4161 0.4469376
4162 0.4469382
4163 0.4469385
4164 0.4469388
4165 0.4469392
4166 0.4469395
4167 0.4469399
4168 0.4469401
4169 0.4469404
4170 0.4469407
4171 0.4469411
4172 0.4469415
4173 0.4469416
4174 0.4469422
4175 0.4469425
4176 0.4469428
4177 0.4469433
4178 0.4469435
4179 0.4469438
4180 0.4469444
4181 0.4469447
4182 0.4469451
4183 0.4469454
4184 0.4469457
4185 0.4469461
4186 0.4469464
4187 0.4469468
4188 0.4469473
4189 0.4469477
4190 0.4469482
4191 0.4469484
4192 0.4469486
4193 0.4469489
4194 0.4469494
4195 0.4469498
4196 0.44695
4197 0.4469502
4198 0.4469503
4199 0.446951
4200 0.4469512
4201 0.4469515
4202 0.4469518
4203 0.446952
4204 0.4469523
4205 0.4469525
4206 0.4469528
4207 0.4469531
4208 0.4469535
4209 0.4469541
4210 0.4469543
4211 0.4469547
4212 0.4469551
4213 0.4469556
4214 0.4469559
4215 0.446956
4216 0.4469564
4217 0.4469566
4218 0.4469571
4219 0.4469576
4220 0.4469578
4221 0.446958
4222 0.4469586
4223 0.4469588
4224 0.4469591
4225 0.4469595
4226 0.4469597
4227 0.4469601
4228 0.4469605
4229 0.4469608
4230 0.4469611
4231 0.4469616
4232 0.4469618
4233 0.4469621
4234 0.4469625
4235 0.4469628
4236 0.4469632
4237 0.4469635
4238 0.4469638
4239 0.4469641
4240 0.4469645
4241 0.4469648
4242 0.4469649
4243 0.4469655
4244 0.4469659
4245 0.4469661
4246 0.4469665
4247 0.4469668
4248 0.4469671
4249 0.4469674
4250 0.4469678
4251 0.446968
4252 0.4469682
4253 0.4469686
4254 0.4469689
4255 0.4469692
4256 0.4469695
4257 0.4469698
4258 0.44697
4259 0.4469703
4260 0.4469706
4261 0.4469709
4262 0.4469713
4263 0.4469717
4264 0.4469719
4265 0.4469722
4266 0.4469724
4267 0.4469726
4268 0.4469731
4269 0.4469734
4270 0.4469737
4271 0.4469739
4272 0.4469742
4273 0.4469745
4274 0.4469748
4275 0.4469752
4276 0.4469755
4277 0.4469757
4278 0.4469759
4279 0.4469762
4280 0.4469764
4281 0.4469766
4282 0.4469768
4283 0.4469772
4284 0.4469776
4285 0.4469781
4286 0.4469784
4287 0.4469787
4288 0.446979
4289 0.4469793
4290 0.4469796
4291 0.44698
4292 0.4469804
4293 0.4469808
4294 0.446981
4295 0.4469814
4296 0.4469817
4297 0.446982
4298 0.4469822
4299 0.4469825
4300 0.4469831
4301 0.4469834
4302 0.4469837
4303 0.4469839
4304 0.4469842
4305 0.4469845
4306 0.4469847
4307 0.446985
4308 0.4469853
4309 0.4469856
4310 0.4469857
4311 0.446986
4312 0.4469863
4313 0.4469865
4314 0.4469867
4315 0.4469872
4316 0.4469874
4317 0.4469878
4318 0.4469881
4319 0.4469886
4320 0.4469889
4321 0.4469891
4322 0.4469894
4323 0.4469894
4324 0.4469898
4325 0.4469901
4326 0.4469903
4327 0.4469905
4328 0.4469909
4329 0.4469913
4330 0.4469917
4331 0.4469919
4332 0.4469923
4333 0.4469923
4334 0.4469927
4335 0.4469929
4336 0.4469933
4337 0.4469936
4338 0.4469939
4339 0.4469941
4340 0.4469943
4341 0.4469945
4342 0.4469947
4343 0.446995
4344 0.4469954
4345 0.4469957
4346 0.4469958
4347 0.4469963
4348 0.4469965
4349 0.4469969
4350 0.4469971
4351 0.4469973
4352 0.4469976
4353 0.4469979
4354 0.4469981
4355 0.4469983
4356 0.4469986
4357 0.4469989
4358 0.4469993
4359 0.4469994
4360 0.4469998
4361 0.4470001
4362 0.4470004
4363 0.4470007
4364 0.4470009
4365 0.4470012
4366 0.4470014
4367 0.4470016
4368 0.4470018
4369 0.4470022
4370 0.4470026
4371 0.4470029
4372 0.447003
4373 0.4470033
4374 0.4470035
4375 0.4470038
4376 0.4470041
4377 0.4470044
4378 0.4470046
4379 0.4470049
4380 0.4470049
4381 0.4470056
4382 0.4470057
4383 0.447006
4384 0.4470062
4385 0.4470066
4386 0.4470069
4387 0.4470072
4388 0.4470074
4389 0.4470077
4390 0.4470078
4391 0.447008
4392 0.4470083
4393 0.4470086
4394 0.4470088
4395 0.447009
4396 0.4470091
4397 0.4470094
4398 0.4470096
4399 0.44701
4400 0.4470101
4401 0.4470103
4402 0.4470107
4403 0.4470112
4404 0.4470115
4405 0.4470117
4406 0.4470119
4407 0.4470121
4408 0.4470124
4409 0.4470126
4410 0.447013
4411 0.4470132
4412 0.4470134
4413 0.4470137
4414 0.4470141
4415 0.4470144
4416 0.4470146
4417 0.4470149
4418 0.4470152
4419 0.4470153
4420 0.4470155
4421 0.4470158
4422 0.4470159
4423 0.4470163
4424 0.4470167
4425 0.4470168
4426 0.4470171
4427 0.4470173
4428 0.4470176
4429 0.4470179
4430 0.4470182
4431 0.4470183
4432 0.4470187
4433 0.447019
4434 0.4470192
4435 0.4470194
4436 0.4470197
4437 0.44702
4438 0.4470201
4439 0.4470204
4440 0.4470206
4441 0.447021
4442 0.4470212
4443 0.4470213
4444 0.4470215
4445 0.4470216
4446 0.447022
4447 0.4470223
4448 0.4470225
4449 0.4470226
4450 0.4470229
4451 0.4470231
4452 0.4470235
4453 0.4470235
4454 0.4470237
4455 0.4470239
4456 0.4470241
4457 0.4470244
4458 0.4470248
4459 0.4470251
4460 0.4470253
4461 0.4470254
4462 0.4470257
4463 0.4470259
4464 0.447026
4465 0.4470264
4466 0.4470266
4467 0.4470269
4468 0.4470272
4469 0.4470273
4470 0.4470276
4471 0.4470277
4472 0.4470279
4473 0.4470281
4474 0.4470284
4475 0.4470287
4476 0.4470287
4477 0.4470289
4478 0.4470291
4479 0.4470293
4480 0.4470296
4481 0.4470298
4482 0.4470301
4483 0.4470304
4484 0.4470306
4485 0.4470307
4486 0.4470308
4487 0.4470311
4488 0.4470314
4489 0.4470317
4490 0.4470319
4491 0.4470324
4492 0.4470325
4493 0.4470326
4494 0.4470327
4495 0.447033
4496 0.4470332
4497 0.4470334
4498 0.4470338
4499 0.4470341
4500 0.4470343
4501 0.4470344
4502 0.4470346
4503 0.4470348
4504 0.447035
4505 0.4470351
4506 0.4470355
4507 0.4470357
4508 0.4470359
4509 0.447036
4510 0.4470363
4511 0.4470364
4512 0.4470367
4513 0.447037
4514 0.4470371
4515 0.4470374
4516 0.4470378
4517 0.447038
4518 0.4470383
4519 0.4470386
4520 0.4470387
4521 0.4470389
4522 0.4470392
4523 0.4470391
4524 0.4470392
4525 0.4470395
4526 0.4470394
4527 0.4470397
4528 0.4470398
4529 0.44704
4530 0.4470403
4531 0.4470405
4532 0.4470408
4533 0.4470409
4534 0.4470411
4535 0.4470413
4536 0.4470413
4537 0.4470414
4538 0.4470417
4539 0.4470419
4540 0.4470421
4541 0.4470424
4542 0.4470427
4543 0.4470428
4544 0.4470427
4545 0.447043
4546 0.4470431
4547 0.4470434
4548 0.4470436
4549 0.4470438
4550 0.4470441
4551 0.4470443
4552 0.4470445
4553 0.4470446
4554 0.447045
4555 0.447045
4556 0.4470451
4557 0.4470452
4558 0.4470454
4559 0.4470457
4560 0.4470459
4561 0.4470461
4562 0.4470462
4563 0.4470463
4564 0.4470465
4565 0.4470467
4566 0.4470468
4567 0.4470469
4568 0.4470471
4569 0.4470472
4570 0.4470473
4571 0.4470476
4572 0.4470476
4573 0.4470477
4574 0.447048
4575 0.4470483
4576 0.4470484
4577 0.4470486
4578 0.4470486
4579 0.4470489
4580 0.447049
4581 0.4470492
4582 0.4470494
4583 0.4470496
4584 0.4470499
4585 0.4470499
4586 0.4470504
4587 0.4470505
4588 0.4470505
4589 0.4470508
4590 0.447051
4591 0.4470513
4592 0.4470515
4593 0.4470516
4594 0.4470518
4595 0.447052
4596 0.4470522
4597 0.4470524
4598 0.4470526
4599 0.4470528
4600 0.4470531
4601 0.4470534
4602 0.4470536
4603 0.4470537
4604 0.4470538
4605 0.4470541
4606 0.4470542
4607 0.4470544
4608 0.4470545
4609 0.4470547
4610 0.4470549
4611 0.4470552
4612 0.4470552
4613 0.4470555
4614 0.4470555
4615 0.4470557
4616 0.4470558
4617 0.447056
4618 0.4470562
4619 0.4470567
4620 0.4470569
4621 0.447057
4622 0.4470571
4623 0.4470572
4624 0.4470574
4625 0.4470576
4626 0.4470578
4627 0.447058
4628 0.4470581
4629 0.4470582
4630 0.4470584
4631 0.4470586
4632 0.4470587
4633 0.4470587
4634 0.4470589
4635 0.4470591
4636 0.4470593
4637 0.4470594
4638 0.4470595
4639 0.4470598
4640 0.4470598
4641 0.44706
4642 0.4470601
4643 0.4470602
4644 0.4470604
4645 0.4470606
4646 0.4470607
4647 0.447061
4648 0.4470609
4649 0.4470611
4650 0.4470612
4651 0.4470614
4652 0.4470616
4653 0.4470619
4654 0.447062
4655 0.4470623
4656 0.4470624
4657 0.4470626
4658 0.4470629
4659 0.4470629
4660 0.447063
4661 0.4470631
4662 0.4470632
4663 0.4470635
4664 0.4470637
4665 0.4470637
4666 0.447064
4667 0.4470642
4668 0.4470645
4669 0.4470646
4670 0.4470647
4671 0.447065
4672 0.4470651
4673 0.4470652
4674 0.4470654
4675 0.4470656
4676 0.4470657
4677 0.4470659
4678 0.447066
4679 0.4470661
4680 0.4470663
4681 0.4470665
4682 0.4470665
4683 0.4470666
4684 0.4470667
4685 0.4470669
4686 0.4470671
4687 0.4470675
4688 0.4470676
4689 0.4470679
4690 0.4470681
4691 0.4470682
4692 0.4470683
4693 0.4470685
4694 0.4470686
4695 0.4470688
4696 0.447069
4697 0.4470692
4698 0.4470694
4699 0.4470695
4700 0.4470696
4701 0.4470699
4702 0.44707
4703 0.4470701
4704 0.4470702
4705 0.4470703
4706 0.4470705
4707 0.4470707
4708 0.4470707
4709 0.4470709
4710 0.4470711
4711 0.4470712
4712 0.4470713
4713 0.4470715
4714 0.4470714
4715 0.4470716
4716 0.4470717
4717 0.4470718
4718 0.447072
4719 0.4470722
4720 0.4470724
4721 0.4470727
4722 0.447073
4723 0.4470731
4724 0.4470732
4725 0.4470733
4726 0.4470735
4727 0.4470736
4728 0.4470738
4729 0.4470741
4730 0.4470744
4731 0.4470744
4732 0.4470747
4733 0.4470749
4734 0.447075
4735 0.4470751
4736 0.4470751
4737 0.4470754
4738 0.4470755
4739 0.4470756
4740 0.4470758
4741 0.447076
4742 0.447076
4743 0.4470761
4744 0.4470761
4745 0.4470763
4746 0.4470765
4747 0.4470766
4748 0.4470766
4749 0.4470768
4750 0.4470769
4751 0.447077
4752 0.4470772
4753 0.4470774
4754 0.4470775
4755 0.4470776
4756 0.4470777
4757 0.4470779
4758 0.447078
4759 0.4470781
4760 0.4470783
4761 0.4470783
4762 0.4470784
4763 0.4470785
4764 0.4470787
4765 0.4470789
4766 0.447079
4767 0.4470793
4768 0.4470794
4769 0.4470796
4770 0.4470797
4771 0.44708
4772 0.4470802
4773 0.4470802
4774 0.4470804
4775 0.4470806
4776 0.4470808
4777 0.4470808
4778 0.4470813
4779 0.4470813
4780 0.4470815
4781 0.4470816
4782 0.4470818
4783 0.4470818
4784 0.4470821
4785 0.4470822
4786 0.4470824
4787 0.4470824
4788 0.4470825
4789 0.4470827
4790 0.4470829
4791 0.447083
4792 0.4470832
4793 0.4470834
4794 0.4470837
4795 0.4470837
4796 0.4470838
4797 0.447084
4798 0.4470841
4799 0.4470842
4800 0.4470843
4801 0.4470844
4802 0.4470844
4803 0.4470845
4804 0.4470846
4805 0.4470846
4806 0.4470849
4807 0.4470849
4808 0.4470851
4809 0.4470851
4810 0.4470854
4811 0.4470854
4812 0.4470856
4813 0.4470856
4814 0.4470857
4815 0.4470857
4816 0.4470858
4817 0.4470859
4818 0.4470861
4819 0.4470863
4820 0.4470864
4821 0.4470865
4822 0.4470867
4823 0.4470869
4824 0.4470872
4825 0.4470874
4826 0.4470876
4827 0.4470878
4828 0.4470882
4829 0.4470882
4830 0.4470884
4831 0.4470886
4832 0.4470888
4833 0.4470889
4834 0.447089
4835 0.4470892
4836 0.4470893
4837 0.4470894
4838 0.4470896
4839 0.4470896
4840 0.4470899
4841 0.44709
4842 0.4470903
4843 0.4470905
4844 0.4470907
4845 0.4470908
4846 0.447091
4847 0.4470911
4848 0.4470912
4849 0.4470914
4850 0.4470916
4851 0.4470917
4852 0.4470917
4853 0.4470918
4854 0.447092
4855 0.447092
4856 0.4470921
4857 0.4470922
4858 0.4470923
4859 0.4470924
4860 0.4470926
4861 0.4470927
4862 0.447093
4863 0.447093
4864 0.4470932
4865 0.4470932
4866 0.4470934
4867 0.4470935
4868 0.4470936
4869 0.4470938
4870 0.447094
4871 0.4470941
4872 0.4470942
4873 0.4470942
4874 0.4470943
4875 0.4470944
4876 0.4470946
4877 0.4470946
4878 0.4470947
4879 0.447095
4880 0.4470951
4881 0.4470951
4882 0.4470952
4883 0.4470953
4884 0.4470953
4885 0.4470955
4886 0.4470956
4887 0.4470956
4888 0.4470957
4889 0.4470958
4890 0.4470958
4891 0.4470958
4892 0.4470958
4893 0.4470959
4894 0.4470959
4895 0.4470961
4896 0.4470962
4897 0.4470963
4898 0.4470964
4899 0.4470965
4900 0.4470967
4901 0.4470969
4902 0.4470969
4903 0.447097
4904 0.447097
4905 0.4470972
4906 0.4470972
4907 0.4470972
4908 0.4470975
4909 0.4470977
4910 0.447098
4911 0.4470983
4912 0.4470983
4913 0.4470984
4914 0.4470986
4915 0.4470987
4916 0.4470988
4917 0.4470989
4918 0.4470991
4919 0.4470991
4920 0.4470992
4921 0.4470993
4922 0.4470994
4923 0.4470995
4924 0.4470996
4925 0.4470997
4926 0.4470997
4927 0.4470998
4928 0.4470999
4929 0.4471
4930 0.4471
4931 0.4471002
4932 0.4471004
4933 0.4471005
4934 0.4471006
4935 0.4471008
4936 0.4471008
4937 0.4471011
4938 0.4471012
4939 0.4471012
4940 0.4471011
4941 0.4471013
4942 0.4471015
4943 0.4471016
4944 0.4471017
4945 0.4471018
4946 0.4471019
4947 0.447102
4948 0.4471021
4949 0.4471023
4950 0.4471024
4951 0.4471025
4952 0.4471025
4953 0.4471026
4954 0.4471026
4955 0.4471027
4956 0.4471028
4957 0.447103
4958 0.4471031
4959 0.4471031
4960 0.4471032
4961 0.4471034
4962 0.4471035
4963 0.4471035
4964 0.4471035
4965 0.4471036
4966 0.4471037
4967 0.4471039
4968 0.447104
4969 0.4471042
4970 0.4471043
4971 0.4471043
4972 0.4471044
4973 0.4471045
4974 0.4471045
4975 0.4471047
4976 0.4471051
4977 0.4471051
4978 0.4471053
4979 0.4471056
4980 0.4471056
4981 0.4471056
4982 0.4471056
4983 0.4471058
4984 0.447106
4985 0.447106
4986 0.4471061
4987 0.4471062
4988 0.4471063
4989 0.4471065
4990 0.4471066
4991 0.4471067
4992 0.4471069
4993 0.4471069
4994 0.4471072
4995 0.4471073
4996 0.4471072
4997 0.4471072
4998 0.4471073
4999 0.4471074
5000 0.4471075
5001 0.4471076
5002 0.4471078
5003 0.4471078
5004 0.4471079
5005 0.4471081
5006 0.4471083
5007 0.4471083
5008 0.4471082
5009 0.4471083
5010 0.4471085
5011 0.4471086
5012 0.4471087
5013 0.4471087
5014 0.4471087
5015 0.4471089
5016 0.447109
5017 0.4471092
5018 0.4471093
5019 0.4471095
5020 0.4471097
5021 0.4471098
5022 0.4471099
5023 0.44711
5024 0.4471103
5025 0.4471103
5026 0.4471105
5027 0.4471107
5028 0.4471107
5029 0.4471107
5030 0.4471108
5031 0.4471108
5032 0.447111
5033 0.4471111
5034 0.4471112
5035 0.4471111
5036 0.4471112
5037 0.4471113
5038 0.4471113
5039 0.4471114
5040 0.4471114
5041 0.4471115
5042 0.4471117
5043 0.4471118
5044 0.4471119
5045 0.4471121
5046 0.4471121
5047 0.4471122
5048 0.4471123
5049 0.4471124
5050 0.4471126
5051 0.4471128
5052 0.4471129
5053 0.447113
5054 0.4471132
5055 0.4471135
5056 0.4471135
5057 0.4471135
5058 0.4471135
5059 0.4471136
5060 0.4471136
5061 0.4471136
5062 0.4471137
5063 0.4471139
5064 0.447114
5065 0.4471141
5066 0.4471143
5067 0.4471144
5068 0.4471145
5069 0.4471146
5070 0.4471146
5071 0.4471149
5072 0.4471151
5073 0.4471152
5074 0.4471153
5075 0.4471154
5076 0.4471155
5077 0.4471157
5078 0.4471159
5079 0.447116
5080 0.4471163
5081 0.4471164
5082 0.4471166
5083 0.4471166
5084 0.4471167
5085 0.4471168
5086 0.4471169
5087 0.447117
5088 0.4471171
5089 0.4471171
5090 0.4471171
5091 0.4471172
5092 0.4471173
5093 0.4471172
5094 0.4471174
5095 0.4471174
5096 0.4471174
5097 0.4471177
5098 0.4471178
5099 0.4471178
5100 0.4471178
5101 0.4471179
5102 0.447118
5103 0.447118
5104 0.4471182
5105 0.4471182
5106 0.4471182
5107 0.4471183
5108 0.4471185
5109 0.4471186
5110 0.4471187
5111 0.4471188
5112 0.4471189
5113 0.447119
5114 0.447119
5115 0.4471191
5116 0.4471191
5117 0.4471192
5118 0.4471192
5119 0.4471194
5120 0.4471194
5121 0.4471196
5122 0.4471197
5123 0.44712
5124 0.44712
5125 0.4471201
5126 0.4471201
5127 0.4471202
5128 0.4471204
5129 0.4471205
5130 0.4471206
5131 0.4471206
5132 0.4471208
5133 0.4471209
5134 0.4471211
5135 0.4471211
5136 0.4471212
5137 0.4471214
5138 0.4471214
5139 0.4471214
5140 0.4471216
5141 0.4471217
5142 0.4471218
5143 0.4471219
5144 0.447122
5145 0.4471221
5146 0.4471221
5147 0.4471222
5148 0.4471222
5149 0.4471222
5150 0.4471222
5151 0.4471224
5152 0.4471225
5153 0.4471226
5154 0.4471227
5155 0.4471228
5156 0.447123
5157 0.447123
5158 0.4471231
5159 0.4471232
5160 0.4471232
5161 0.4471234
5162 0.4471236
5163 0.4471237
5164 0.4471237
5165 0.4471239
5166 0.4471239
5167 0.447124
5168 0.4471241
5169 0.4471241
5170 0.4471242
5171 0.4471242
5172 0.4471243
5173 0.4471243
5174 0.4471244
5175 0.4471245
5176 0.4471246
5177 0.4471246
5178 0.4471246
5179 0.4471247
5180 0.4471247
5181 0.4471248
5182 0.4471247
5183 0.4471248
5184 0.4471249
5185 0.4471249
5186 0.447125
5187 0.4471253
5188 0.4471253
5189 0.4471254
5190 0.4471256
5191 0.4471256
5192 0.4471257
5193 0.4471257
5194 0.4471258
5195 0.4471258
5196 0.4471259
5197 0.4471261
5198 0.4471262
5199 0.4471262
5200 0.4471263
5201 0.4471263
5202 0.4471264
5203 0.4471265
5204 0.4471264
5205 0.4471267
5206 0.4471268
5207 0.447127
5208 0.4471271
5209 0.4471272
5210 0.4471272
5211 0.4471273
5212 0.4471273
5213 0.4471274
5214 0.4471276
5215 0.4471276
5216 0.4471277
5217 0.4471277
5218 0.4471278
5219 0.4471279
5220 0.447128
5221 0.4471281
5222 0.4471282
5223 0.4471282
5224 0.4471284
5225 0.4471284
5226 0.4471285
5227 0.4471285
5228 0.4471286
5229 0.4471286
5230 0.4471286
5231 0.4471287
5232 0.4471287
5233 0.4471287
5234 0.4471288
5235 0.4471291
5236 0.447129
5237 0.4471292
5238 0.4471292
5239 0.4471293
5240 0.4471293
5241 0.4471295
5242 0.4471295
5243 0.4471296
5244 0.4471297
5245 0.4471298
5246 0.4471299
5247 0.44713
5248 0.4471301
5249 0.4471302
5250 0.4471303
5251 0.4471303
5252 0.4471304
5253 0.4471305
5254 0.4471306
5255 0.4471306
5256 0.4471306
5257 0.4471307
5258 0.4471307
5259 0.4471309
5260 0.4471309
5261 0.4471309
5262 0.4471311
5263 0.4471311
5264 0.4471312
5265 0.4471313
5266 0.4471314
5267 0.4471314
5268 0.4471316
5269 0.4471316
5270 0.4471317
5271 0.4471317
5272 0.4471318
5273 0.4471319
5274 0.447132
5275 0.4471321
5276 0.4471323
5277 0.4471323
5278 0.4471325
5279 0.4471325
5280 0.4471326
5281 0.4471326
5282 0.4471327
5283 0.4471327
5284 0.4471327
5285 0.4471328
5286 0.4471329
5287 0.4471329
5288 0.4471329
5289 0.447133
5290 0.4471331
5291 0.4471332
5292 0.4471334
5293 0.4471334
5294 0.4471334
5295 0.4471335
5296 0.4471335
5297 0.4471337
5298 0.4471338
5299 0.4471338
5300 0.4471339
5301 0.4471339
5302 0.447134
5303 0.447134
5304 0.447134
5305 0.4471342
5306 0.4471343
5307 0.4471343
5308 0.4471344
5309 0.4471346
5310 0.4471346
5311 0.4471346
5312 0.4471346
5313 0.4471347
5314 0.4471348
5315 0.4471349
5316 0.4471352
5317 0.4471352
5318 0.4471352
5319 0.4471353
5320 0.4471353
5321 0.4471354
5322 0.4471356
5323 0.4471357
5324 0.4471356
5325 0.4471357
5326 0.4471358
5327 0.4471359
5328 0.447136
5329 0.4471361
5330 0.4471362
5331 0.4471362
5332 0.4471363
5333 0.4471364
5334 0.4471365
5335 0.4471367
5336 0.4471367
5337 0.4471367
5338 0.4471368
5339 0.4471368
5340 0.4471368
5341 0.4471368
5342 0.4471368
5343 0.4471369
5344 0.4471369
5345 0.447137
5346 0.4471369
5347 0.4471369
5348 0.4471371
5349 0.447137
5350 0.4471371
5351 0.4471371
5352 0.4471374
5353 0.4471373
5354 0.4471373
5355 0.4471373
5356 0.4471374
5357 0.4471374
5358 0.4471375
5359 0.4471377
5360 0.4471377
5361 0.4471378
5362 0.4471379
5363 0.447138
5364 0.4471382
5365 0.4471382
5366 0.4471382
5367 0.4471382
5368 0.4471383
5369 0.4471383
5370 0.4471384
5371 0.4471384
5372 0.4471385
5373 0.4471385
5374 0.4471386
5375 0.4471388
5376 0.4471389
5377 0.447139
5378 0.447139
5379 0.4471391
5380 0.4471392
5381 0.4471393
5382 0.4471394
5383 0.4471395
5384 0.4471397
5385 0.4471397
5386 0.4471398
5387 0.4471399
5388 0.4471399
5389 0.44714
5390 0.4471401
5391 0.4471403
5392 0.4471404
5393 0.4471404
5394 0.4471406
5395 0.4471406
5396 0.4471406
5397 0.4471408
5398 0.4471408
5399 0.4471409
5400 0.4471408
5401 0.4471409
5402 0.447141
5403 0.447141
5404 0.4471412
5405 0.4471413
5406 0.4471413
5407 0.4471413
5408 0.4471414
5409 0.4471415
5410 0.4471416
5411 0.4471416
5412 0.4471416
5413 0.4471417
5414 0.4471419
5415 0.4471419
5416 0.4471419
5417 0.4471421
5418 0.4471422
5419 0.4471422
5420 0.4471423
5421 0.4471423
5422 0.4471424
5423 0.4471424
5424 0.4471426
5425 0.4471426
5426 0.4471427
5427 0.4471428
5428 0.4471427
5429 0.4471427
5430 0.4471428
5431 0.4471428
5432 0.4471429
5433 0.4471429
5434 0.4471431
5435 0.4471432
5436 0.4471433
5437 0.4471433
5438 0.4471435
5439 0.4471436
5440 0.4471435
5441 0.4471436
5442 0.4471438
5443 0.4471438
5444 0.4471439
5445 0.4471439
5446 0.4471439
5447 0.447144
5448 0.4471441
5449 0.4471441
5450 0.4471442
5451 0.4471442
5452 0.4471442
5453 0.4471443
5454 0.4471444
5455 0.4471444
5456 0.4471445
5457 0.4471445
5458 0.4471446
5459 0.4471445
5460 0.4471445
5461 0.4471445
5462 0.4471446
5463 0.4471447
5464 0.4471447
5465 0.4471447
5466 0.4471448
5467 0.447145
5468 0.4471452
5469 0.4471453
5470 0.4471452
5471 0.4471452
5472 0.4471453
5473 0.4471454
5474 0.4471455
5475 0.4471456
5476 0.4471456
5477 0.4471454
5478 0.4471455
5479 0.4471457
5480 0.4471458
5481 0.4471457
5482 0.4471458
5483 0.4471458
5484 0.4471459
