"report-lift-rfile"
"Iteration" "report-lift"
("Iteration" "report-lift")
784 1.311939
785 1.312022
786 1.312106
787 1.312189
788 1.312269
789 1.31235
790 1.312433
791 1.312517
792 1.312599
793 1.312683
794 1.312765
795 1.312848
796 1.31293
797 1.313012
798 1.313095
799 1.313177
800 1.313259
801 1.31334
802 1.313422
803 1.313504
804 1.313586
805 1.313668
806 1.31375
807 1.313831
808 1.313913
809 1.313994
810 1.314076
811 1.314158
812 1.314239
813 1.314321
814 1.314402
815 1.314484
816 1.314566
817 1.314648
818 1.314729
819 1.314811
820 1.314893
821 1.314975
822 1.315056
823 1.315138
824 1.31522
825 1.315302
826 1.315384
827 1.315465
828 1.315547
829 1.315627
830 1.315709
831 1.31579
832 1.315871
833 1.315953
834 1.316034
835 1.316115
836 1.316196
837 1.316277
838 1.316358
839 1.31644
840 1.316521
841 1.316603
842 1.316683
843 1.316765
844 1.316846
845 1.316927
846 1.317009
847 1.31709
848 1.317171
849 1.317252
850 1.317334
851 1.317415
852 1.317496
853 1.317578
854 1.317658
855 1.31774
856 1.317821
857 1.317901
858 1.317982
859 1.318063
860 1.318143
861 1.318224
862 1.318304
863 1.318385
864 1.318465
865 1.318545
866 1.318626
867 1.318706
868 1.318786
869 1.318866
870 1.318947
871 1.319027
872 1.319108
873 1.319188
874 1.319269
875 1.31935
876 1.319431
877 1.319513
878 1.319593
879 1.319675
880 1.319757
881 1.319839
882 1.319921
883 1.320003
884 1.320085
885 1.320168
886 1.32025
887 1.320332
888 1.320414
889 1.320496
890 1.320578
891 1.32066
892 1.320743
893 1.320824
894 1.320905
895 1.320987
896 1.321069
897 1.32115
898 1.32123
899 1.321311
900 1.32139
901 1.32147
902 1.32155
903 1.321629
904 1.321709
905 1.321789
906 1.321868
907 1.321947
908 1.322026
909 1.322106
910 1.322185
911 1.322264
912 1.322343
913 1.322422
914 1.322502
915 1.322582
916 1.32266
917 1.32274
918 1.322819
919 1.322898
920 1.322977
921 1.323057
922 1.323136
923 1.323215
924 1.323294
925 1.323374
926 1.323452
927 1.323531
928 1.32361
929 1.323687
930 1.323766
931 1.323844
932 1.323922
933 1.323999
934 1.324076
935 1.324152
936 1.32423
937 1.324307
938 1.324382
939 1.324458
940 1.324533
941 1.324608
942 1.324684
943 1.324758
944 1.324832
945 1.324906
946 1.32498
947 1.325054
948 1.325127
949 1.325198
950 1.325271
951 1.325343
952 1.325413
953 1.325485
954 1.325555
955 1.325624
956 1.325694
957 1.325763
958 1.325832
959 1.3259
960 1.325967
961 1.326035
962 1.326102
963 1.326169
964 1.326236
965 1.326301
966 1.326367
967 1.326434
968 1.326499
969 1.326565
970 1.32663
971 1.326696
972 1.326761
973 1.326827
974 1.326891
975 1.326956
976 1.327021
977 1.327086
978 1.327151
979 1.327216
980 1.327281
981 1.327345
982 1.32741
983 1.327475
984 1.32754
985 1.327605
986 1.32767
987 1.327734
988 1.327799
989 1.327864
990 1.327929
991 1.327994
992 1.32806
993 1.328125
994 1.328191
995 1.328257
996 1.328322
997 1.328389
998 1.328455
999 1.328522
1000 1.328588
1001 1.328655
1002 1.328721
1003 1.328787
1004 1.328854
1005 1.32892
1006 1.328987
1007 1.329054
1008 1.32912
1009 1.329187
1010 1.329252
1011 1.329318
1012 1.329384
1013 1.32945
1014 1.329517
1015 1.329583
1016 1.329647
1017 1.329711
1018 1.329775
1019 1.329839
1020 1.329903
1021 1.329967
1022 1.33003
1023 1.330094
1024 1.330157
1025 1.33022
1026 1.330284
1027 1.330348
1028 1.330411
1029 1.330474
1030 1.330537
1031 1.330602
1032 1.330664
1033 1.330728
1034 1.330791
1035 1.330855
1036 1.330918
1037 1.330981
1038 1.331044
1039 1.331107
1040 1.331169
1041 1.331231
1042 1.331294
1043 1.331356
1044 1.331417
1045 1.331479
1046 1.331541
1047 1.331601
1048 1.331662
1049 1.331722
1050 1.331783
1051 1.331843
1052 1.331903
1053 1.331964
1054 1.332024
1055 1.332084
1056 1.332144
1057 1.332203
1058 1.332263
1059 1.332323
1060 1.332382
1061 1.332441
1062 1.3325
1063 1.332559
1064 1.332618
1065 1.332677
1066 1.332735
1067 1.332794
1068 1.332852
1069 1.332912
1070 1.33297
1071 1.33303
1072 1.33309
1073 1.333151
1074 1.333211
1075 1.333272
1076 1.333333
1077 1.333395
1078 1.333458
1079 1.33352
1080 1.333583
1081 1.333645
1082 1.333707
1083 1.33377
1084 1.333832
1085 1.333894
1086 1.333955
1087 1.334018
1088 1.33408
1089 1.334141
1090 1.334202
1091 1.334263
1092 1.334323
1093 1.334384
1094 1.334444
1095 1.334504
1096 1.334564
1097 1.334625
1098 1.334685
1099 1.334746
1100 1.334806
1101 1.334844
1102 1.334929
1103 1.334995
1104 1.335057
1105 1.335092
1106 1.335177
1107 1.335242
1108 1.335279
1109 1.335364
1110 1.335428
1111 1.335465
1112 1.335548
1113 1.335612
1114 1.335649
1115 1.335732
1116 1.335796
1117 1.335832
1118 1.335914
1119 1.335976
1120 1.336012
1121 1.336094
1122 1.336156
1123 1.336191
1124 1.336271
1125 1.336332
1126 1.336367
1127 1.336446
1128 1.336508
1129 1.336543
1130 1.336621
1131 1.336682
1132 1.336717
1133 1.336795
1134 1.336855
1135 1.336913
1136 1.336949
1137 1.337025
1138 1.337086
1139 1.337143
1140 1.337199
1141 1.337257
1142 1.337313
1143 1.337369
1144 1.337426
1145 1.337484
1146 1.337541
1147 1.337598
1148 1.337654
1149 1.337711
1150 1.337767
1151 1.337823
1152 1.337878
1153 1.337933
1154 1.337988
1155 1.338043
1156 1.338097
1157 1.338151
1158 1.338188
1159 1.338261
1160 1.338318
1161 1.338371
1162 1.338405
1163 1.338477
1164 1.338534
1165 1.338568
1166 1.338639
1167 1.338695
1168 1.33873
1169 1.338801
1170 1.338857
1171 1.338891
1172 1.338962
1173 1.339017
1174 1.339051
1175 1.339122
1176 1.339179
1177 1.339212
1178 1.339283
1179 1.339319
1180 1.339391
1181 1.339446
1182 1.339479
1183 1.33955
1184 1.339605
1185 1.339639
1186 1.33971
1187 1.339765
1188 1.3398
1189 1.339872
1190 1.339928
1191 1.339963
1192 1.340036
1193 1.340092
1194 1.340127
1195 1.340201
1196 1.340258
1197 1.340293
1198 1.340366
1199 1.340423
1200 1.340458
1201 1.340531
1202 1.340588
1203 1.340622
1204 1.340695
1205 1.340731
1206 1.340804
1207 1.340858
1208 1.340891
1209 1.340961
1210 1.341014
1211 1.341047
1212 1.341115
1213 1.34115
1214 1.341218
1215 1.341253
1216 1.34132
1217 1.341355
1218 1.341421
1219 1.341455
1220 1.341521
1221 1.341554
1222 1.34162
1223 1.341655
1224 1.34172
1225 1.341754
1226 1.341819
1227 1.341853
1228 1.341918
1229 1.341952
1230 1.342017
1231 1.34205
1232 1.342116
1233 1.342149
1234 1.342214
1235 1.342247
1236 1.342311
1237 1.342343
1238 1.342406
1239 1.34244
1240 1.342502
1241 1.342535
1242 1.342597
1243 1.34263
1244 1.342691
1245 1.342724
1246 1.342785
1247 1.342818
1248 1.342879
1249 1.342911
1250 1.342972
1251 1.343005
1252 1.343064
1253 1.343097
1254 1.343157
1255 1.343189
1256 1.34325
1257 1.343282
1258 1.343342
1259 1.343374
1260 1.343433
1261 1.343466
1262 1.343525
1263 1.343558
1264 1.343617
1265 1.343649
1266 1.343708
1267 1.34374
1268 1.343799
1269 1.343831
1270 1.34389
1271 1.343922
1272 1.343981
1273 1.344013
1274 1.344071
1275 1.344102
1276 1.34416
1277 1.344192
1278 1.34425
1279 1.344282
1280 1.344339
1281 1.34437
1282 1.344428
1283 1.34446
1284 1.344516
1285 1.344547
1286 1.344604
1287 1.344635
1288 1.344692
1289 1.344722
1290 1.34478
1291 1.34481
1292 1.344866
1293 1.344897
1294 1.344953
1295 1.344983
1296 1.345039
1297 1.34507
1298 1.345126
1299 1.345156
1300 1.345213
1301 1.345244
1302 1.3453
1303 1.345331
1304 1.345387
1305 1.345419
1306 1.345474
1307 1.345506
1308 1.345561
1309 1.345592
1310 1.345649
1311 1.345679
1312 1.345735
1313 1.345766
1314 1.345822
1315 1.345852
1316 1.345909
1317 1.345939
1318 1.345995
1319 1.346025
1320 1.34608
1321 1.346111
1322 1.346165
1323 1.346196
1324 1.346251
1325 1.346281
1326 1.346336
1327 1.346366
1328 1.346421
1329 1.34645
1330 1.346504
1331 1.346534
1332 1.346588
1333 1.346618
1334 1.346672
1335 1.346701
1336 1.346755
1337 1.346784
1338 1.346837
1339 1.346867
1340 1.346919
1341 1.346949
1342 1.347001
1343 1.34703
1344 1.347083
1345 1.347112
1346 1.347165
1347 1.347194
1348 1.347246
1349 1.347275
1350 1.347326
1351 1.347355
1352 1.347407
1353 1.347435
1354 1.347487
1355 1.347515
1356 1.347566
1357 1.347594
1358 1.347646
1359 1.347674
1360 1.347725
1361 1.347753
1362 1.347804
1363 1.347832
1364 1.347883
1365 1.347911
1366 1.347962
1367 1.34799
1368 1.34804
1369 1.348067
1370 1.348118
1371 1.348147
1372 1.348196
1373 1.348224
1374 1.348274
1375 1.348302
1376 1.348351
1377 1.348379
1378 1.348429
1379 1.348457
1380 1.348507
1381 1.348534
1382 1.348584
1383 1.348612
1384 1.348661
1385 1.348688
1386 1.348738
1387 1.348765
1388 1.348814
1389 1.348842
1390 1.348891
1391 1.348919
1392 1.348968
1393 1.348995
1394 1.349044
1395 1.349071
1396 1.34912
1397 1.349148
1398 1.349196
1399 1.349223
1400 1.349272
1401 1.349299
1402 1.349348
1403 1.349375
1404 1.349424
1405 1.349452
1406 1.3495
1407 1.34954
1408 1.349564
1409 1.349613
1410 1.34964
1411 1.349688
1412 1.349715
1413 1.349764
1414 1.349803
1415 1.349827
1416 1.349874
1417 1.349913
1418 1.349938
1419 1.349985
1420 1.350011
1421 1.350058
1422 1.350096
1423 1.350121
1424 1.350167
1425 1.350193
1426 1.35024
1427 1.350266
1428 1.350312
1429 1.350338
1430 1.350384
1431 1.35041
1432 1.350456
1433 1.350481
1434 1.350527
1435 1.350565
1436 1.350588
1437 1.350633
1438 1.350669
1439 1.350693
1440 1.350739
1441 1.350776
1442 1.3508
1443 1.350846
1444 1.350883
1445 1.350907
1446 1.350952
1447 1.350989
1448 1.351012
1449 1.351058
1450 1.351096
1451 1.351119
1452 1.351165
1453 1.351201
1454 1.351226
1455 1.351272
1456 1.35131
1457 1.351334
1458 1.351382
1459 1.35142
1460 1.351445
1461 1.351495
1462 1.351534
1463 1.35157
1464 1.351595
1465 1.351645
1466 1.351686
1467 1.351722
1468 1.351747
1469 1.351797
1470 1.351837
1471 1.351874
1472 1.351911
1473 1.351948
1474 1.351986
1475 1.352023
1476 1.35206
1477 1.352098
1478 1.352135
1479 1.352172
1480 1.352209
1481 1.352247
1482 1.352284
1483 1.352322
1484 1.35236
1485 1.352398
1486 1.352436
1487 1.352474
1488 1.352512
1489 1.35255
1490 1.352589
1491 1.352627
1492 1.352666
1493 1.352704
1494 1.352742
1495 1.352781
1496 1.352819
1497 1.352857
1498 1.352895
1499 1.352932
1500 1.352971
1501 1.353009
1502 1.353046
1503 1.353083
1504 1.35312
1505 1.353157
1506 1.353194
1507 1.353231
1508 1.353257
1509 1.353306
1510 1.353344
1511 1.353381
1512 1.353405
1513 1.353453
1514 1.353492
1515 1.353528
1516 1.353552
1517 1.3536
1518 1.353638
1519 1.353663
1520 1.35371
1521 1.353749
1522 1.353784
1523 1.35382
1524 1.353856
1525 1.353891
1526 1.353927
1527 1.353963
1528 1.353999
1529 1.354036
1530 1.354072
1531 1.354097
1532 1.354145
1533 1.354184
1534 1.35422
1535 1.354244
1536 1.35429
1537 1.354328
1538 1.354352
1539 1.354399
1540 1.354436
1541 1.35446
1542 1.354505
1543 1.354543
1544 1.354568
1545 1.354614
1546 1.354651
1547 1.354676
1548 1.354722
1549 1.35476
1550 1.354784
1551 1.35483
1552 1.354868
1553 1.354892
1554 1.354937
1555 1.354975
1556 1.354998
1557 1.355045
1558 1.355082
1559 1.355106
1560 1.355151
1561 1.355188
1562 1.355212
1563 1.355257
1564 1.355294
1565 1.355318
1566 1.355362
1567 1.355399
1568 1.355423
1569 1.355469
1570 1.355495
1571 1.35554
1572 1.355578
1573 1.355603
1574 1.355647
1575 1.355684
1576 1.355709
1577 1.355752
1578 1.35579
1579 1.355814
1580 1.355859
1581 1.355895
1582 1.355919
1583 1.355964
1584 1.356
1585 1.356023
1586 1.356067
1587 1.356103
1588 1.356126
1589 1.35617
1590 1.356206
1591 1.35623
1592 1.356273
1593 1.356298
1594 1.356341
1595 1.356367
1596 1.35641
1597 1.356435
1598 1.356479
1599 1.356504
1600 1.356547
1601 1.356572
1602 1.356615
1603 1.35664
1604 1.356683
1605 1.356708
1606 1.35675
1607 1.356775
1608 1.356819
1609 1.356843
1610 1.356886
1611 1.35691
1612 1.356953
1613 1.356977
1614 1.357019
1615 1.357044
1616 1.357086
1617 1.357111
1618 1.357153
1619 1.357177
1620 1.357219
1621 1.357244
1622 1.357285
1623 1.35731
1624 1.357351
1625 1.357375
1626 1.357417
1627 1.357442
1628 1.357483
1629 1.357508
1630 1.35755
1631 1.357574
1632 1.357616
1633 1.35764
1634 1.357682
1635 1.357706
1636 1.357748
1637 1.357771
1638 1.357813
1639 1.357837
1640 1.357879
1641 1.357904
1642 1.357944
1643 1.357969
1644 1.35801
1645 1.358033
1646 1.358073
1647 1.358097
1648 1.358139
1649 1.358162
1650 1.358203
1651 1.358226
1652 1.358267
1653 1.358291
1654 1.358331
1655 1.358355
1656 1.358395
1657 1.358419
1658 1.35846
1659 1.358484
1660 1.358525
1661 1.358549
1662 1.35859
1663 1.358613
1664 1.358654
1665 1.358678
1666 1.35872
1667 1.358743
1668 1.358786
1669 1.35881
1670 1.35885
1671 1.358875
1672 1.358916
1673 1.35894
1674 1.358982
1675 1.359016
1676 1.359038
1677 1.359079
1678 1.359102
1679 1.359143
1680 1.359168
1681 1.359209
1682 1.359232
1683 1.359273
1684 1.359296
1685 1.359337
1686 1.359359
1687 1.359399
1688 1.359432
1689 1.359453
1690 1.359492
1691 1.359524
1692 1.359545
1693 1.359585
1694 1.359608
1695 1.359647
1696 1.35967
1697 1.35971
1698 1.359741
1699 1.359762
1700 1.3598
1701 1.359823
1702 1.359862
1703 1.359884
1704 1.359923
1705 1.359946
1706 1.359984
1707 1.360015
1708 1.360035
1709 1.360072
1710 1.360104
1711 1.360125
1712 1.360162
1713 1.360184
1714 1.360222
1715 1.360244
1716 1.360283
1717 1.360305
1718 1.360341
1719 1.360372
1720 1.360393
1721 1.36043
1722 1.360451
1723 1.360488
1724 1.36052
1725 1.36054
1726 1.360577
1727 1.360599
1728 1.360636
1729 1.360658
1730 1.360695
1731 1.360717
1732 1.360754
1733 1.360776
1734 1.360813
1735 1.360835
1736 1.360872
1737 1.360894
1738 1.36093
1739 1.360953
1740 1.36099
1741 1.361012
1742 1.361048
1743 1.36107
1744 1.361107
1745 1.361129
1746 1.361165
1747 1.361187
1748 1.361224
1749 1.361246
1750 1.361282
1751 1.361304
1752 1.361341
1753 1.361362
1754 1.361399
1755 1.361421
1756 1.361458
1757 1.361479
1758 1.361516
1759 1.361537
1760 1.361574
1761 1.361596
1762 1.361633
1763 1.361654
1764 1.361691
1765 1.361712
1766 1.361749
1767 1.361771
1768 1.361807
1769 1.361829
1770 1.361866
1771 1.361886
1772 1.361922
1773 1.361944
1774 1.36198
1775 1.362002
1776 1.362038
1777 1.36206
1778 1.362096
1779 1.362117
1780 1.362153
1781 1.362173
1782 1.362209
1783 1.36223
1784 1.362266
1785 1.362287
1786 1.362322
1787 1.362343
1788 1.362379
1789 1.362399
1790 1.362435
1791 1.362456
1792 1.362491
1793 1.362512
1794 1.362547
1795 1.362568
1796 1.362603
1797 1.362623
1798 1.362658
1799 1.362678
1800 1.362712
1801 1.362733
1802 1.362768
1803 1.362788
1804 1.362822
1805 1.362843
1806 1.362877
1807 1.362897
1808 1.362931
1809 1.362952
1810 1.362986
1811 1.363006
1812 1.363039
1813 1.363061
1814 1.363094
1815 1.363115
1816 1.363149
1817 1.363169
1818 1.363204
1819 1.363224
1820 1.363259
1821 1.363279
1822 1.363313
1823 1.363334
1824 1.363368
1825 1.363388
1826 1.363421
1827 1.363441
1828 1.363476
1829 1.363496
1830 1.36353
1831 1.363549
1832 1.363584
1833 1.363605
1834 1.363638
1835 1.363658
1836 1.363692
1837 1.363712
1838 1.363746
1839 1.363766
1840 1.3638
1841 1.36382
1842 1.363854
1843 1.363874
1844 1.363906
1845 1.363927
1846 1.36396
1847 1.363981
1848 1.364014
1849 1.364034
1850 1.364068
1851 1.364087
1852 1.364122
1853 1.364141
1854 1.364174
1855 1.364194
1856 1.364228
1857 1.364248
1858 1.364281
1859 1.3643
1860 1.364334
1861 1.364353
1862 1.364387
1863 1.364407
1864 1.36444
1865 1.36446
1866 1.364493
1867 1.364514
1868 1.364547
1869 1.364567
1870 1.3646
1871 1.36462
1872 1.364653
1873 1.364673
1874 1.364707
1875 1.364727
1876 1.36476
1877 1.36478
1878 1.364812
1879 1.364832
1880 1.364865
1881 1.364885
1882 1.364917
1883 1.364936
1884 1.36497
1885 1.36499
1886 1.365023
1887 1.365042
1888 1.365076
1889 1.365095
1890 1.365128
1891 1.365147
1892 1.36518
1893 1.365198
1894 1.365231
1895 1.36525
1896 1.365284
1897 1.365303
1898 1.365336
1899 1.365355
1900 1.365389
1901 1.365407
1902 1.36544
1903 1.365459
1904 1.365492
1905 1.365511
1906 1.365544
1907 1.365562
1908 1.365595
1909 1.365614
1910 1.365647
1911 1.365666
1912 1.3657
1913 1.365718
1914 1.365751
1915 1.365769
1916 1.365802
1917 1.365821
1918 1.365854
1919 1.365873
1920 1.365905
1921 1.365924
1922 1.365957
1923 1.365975
1924 1.366008
1925 1.366027
1926 1.36606
1927 1.366078
1928 1.366111
1929 1.36613
1930 1.366161
1931 1.366181
1932 1.366213
1933 1.366232
1934 1.366264
1935 1.366283
1936 1.366315
1937 1.366334
1938 1.366366
1939 1.366384
1940 1.366416
1941 1.366436
1942 1.366467
1943 1.366486
1944 1.366518
1945 1.366537
1946 1.366569
1947 1.366588
1948 1.36662
1949 1.366639
1950 1.366671
1951 1.366689
1952 1.366721
1953 1.366739
1954 1.366771
1955 1.366789
1956 1.366821
1957 1.366839
1958 1.366872
1959 1.36689
1960 1.366922
1961 1.36694
1962 1.366972
1963 1.36699
1964 1.367022
1965 1.367041
1966 1.367072
1967 1.367091
1968 1.367123
1969 1.367141
1970 1.367172
1971 1.36719
1972 1.367221
1973 1.367239
1974 1.36727
1975 1.367289
1976 1.367321
1977 1.367339
1978 1.36737
1979 1.367388
1980 1.367419
1981 1.367437
1982 1.367468
1983 1.367486
1984 1.367517
1985 1.367535
1986 1.367566
1987 1.367584
1988 1.367614
1989 1.367632
1990 1.367662
1991 1.36768
1992 1.36771
1993 1.367729
1994 1.367759
1995 1.367778
1996 1.367808
1997 1.367825
1998 1.367855
1999 1.367873
2000 1.367903
2001 1.367921
2002 1.367951
2003 1.367969
2004 1.367999
2005 1.368016
2006 1.368047
2007 1.368064
2008 1.368094
2009 1.368112
2010 1.368141
2011 1.368159
2012 1.368188
2013 1.368206
2014 1.368235
2015 1.368253
2016 1.368283
2017 1.3683
2018 1.36833
2019 1.368347
2020 1.368377
2021 1.368395
2022 1.368424
2023 1.368441
2024 1.36847
2025 1.368487
2026 1.368517
2027 1.368535
2028 1.368564
2029 1.368581
2030 1.36861
2031 1.368628
2032 1.368657
2033 1.368675
2034 1.368704
2035 1.368722
2036 1.368751
2037 1.368768
2038 1.368798
2039 1.368815
2040 1.368844
2041 1.368862
2042 1.368891
2043 1.368907
2044 1.368936
2045 1.368954
2046 1.368983
2047 1.369
2048 1.369029
2049 1.369046
2050 1.369075
2051 1.369092
2052 1.369121
2053 1.369138
2054 1.369168
2055 1.369185
2056 1.369214
2057 1.369232
2058 1.36926
2059 1.369278
2060 1.369306
2061 1.369323
2062 1.369352
2063 1.36937
2064 1.369399
2065 1.369416
2066 1.369445
2067 1.369462
2068 1.369491
2069 1.369507
2070 1.369536
2071 1.369554
2072 1.369583
2073 1.3696
2074 1.369628
2075 1.369645
2076 1.369674
2077 1.369691
2078 1.36972
2079 1.369737
2080 1.369766
2081 1.369782
2082 1.369811
2083 1.369828
2084 1.369856
2085 1.369872
2086 1.369901
2087 1.369918
2088 1.369945
2089 1.369962
2090 1.369989
2091 1.370006
2092 1.370034
2093 1.370051
2094 1.370079
2095 1.370096
2096 1.370123
2097 1.37014
2098 1.370167
2099 1.370184
2100 1.370211
2101 1.370228
2102 1.370256
2103 1.370274
2104 1.370302
2105 1.370319
2106 1.370347
2107 1.370363
2108 1.370392
2109 1.370409
2110 1.370437
2111 1.370454
2112 1.370482
2113 1.370499
2114 1.370528
2115 1.370544
2116 1.370572
2117 1.370589
2118 1.370617
2119 1.370633
2120 1.370661
2121 1.370678
2122 1.370705
2123 1.370721
2124 1.370749
2125 1.370765
2126 1.370792
2127 1.370809
2128 1.370836
2129 1.370852
2130 1.370879
2131 1.370895
2132 1.370922
2133 1.370938
2134 1.370966
2135 1.370982
2136 1.371008
2137 1.371024
2138 1.371051
2139 1.371067
2140 1.371094
2141 1.37111
2142 1.371137
2143 1.371153
2144 1.371181
2145 1.371196
2146 1.371224
2147 1.37124
2148 1.371267
2149 1.371282
2150 1.371309
2151 1.371325
2152 1.371352
2153 1.371367
2154 1.371393
2155 1.371408
2156 1.371435
2157 1.371451
2158 1.371478
2159 1.371493
2160 1.37152
2161 1.371536
2162 1.371562
2163 1.371577
2164 1.371604
2165 1.37162
2166 1.371646
2167 1.371662
2168 1.371688
2169 1.371703
2170 1.371729
2171 1.371745
2172 1.371771
2173 1.371786
2174 1.371813
2175 1.371828
2176 1.371855
2177 1.37187
2178 1.371896
2179 1.371912
2180 1.371938
2181 1.371953
2182 1.371979
2183 1.371996
2184 1.372022
2185 1.372037
2186 1.372063
2187 1.372078
2188 1.372105
2189 1.37212
2190 1.372148
2191 1.372163
2192 1.372189
2193 1.372204
2194 1.37223
2195 1.372246
2196 1.372271
2197 1.372287
2198 1.372314
2199 1.372329
2200 1.372355
2201 1.37237
2202 1.372397
2203 1.372412
2204 1.372438
2205 1.372453
2206 1.372479
2207 1.372494
2208 1.37252
2209 1.372535
2210 1.372562
2211 1.372577
2212 1.372603
2213 1.372618
2214 1.372644
2215 1.37266
2216 1.372685
2217 1.3727
2218 1.372726
2219 1.372741
2220 1.372766
2221 1.372781
2222 1.372807
2223 1.372822
2224 1.372847
2225 1.372862
2226 1.372888
2227 1.372903
2228 1.372928
2229 1.372943
2230 1.372968
2231 1.372983
2232 1.373008
2233 1.373024
2234 1.373049
2235 1.373063
2236 1.373088
2237 1.373104
2238 1.373128
2239 1.373143
2240 1.373167
2241 1.373183
2242 1.373207
2243 1.373222
2244 1.373247
2245 1.373261
2246 1.373286
2247 1.3733
2248 1.373324
2249 1.373339
2250 1.373363
2251 1.373377
2252 1.373402
2253 1.373417
2254 1.373441
2255 1.373455
2256 1.373479
2257 1.373493
2258 1.373518
2259 1.373532
2260 1.373556
2261 1.373571
2262 1.373595
2263 1.37361
2264 1.373634
2265 1.373647
2266 1.373671
2267 1.373686
2268 1.37371
2269 1.373725
2270 1.373749
2271 1.373763
2272 1.373786
2273 1.3738
2274 1.373823
2275 1.373837
2276 1.373861
2277 1.373875
2278 1.373898
2279 1.373912
2280 1.373936
2281 1.37395
2282 1.373974
2283 1.373988
2284 1.374012
2285 1.374025
2286 1.374049
2287 1.374062
2288 1.37408
2289 1.374104
2290 1.374119
2291 1.374143
2292 1.374156
2293 1.374179
2294 1.374192
2295 1.37421
2296 1.374235
2297 1.374249
2298 1.374271
2299 1.374285
2300 1.374302
2301 1.374327
2302 1.374341
2303 1.374363
2304 1.374377
2305 1.3744
2306 1.374413
2307 1.374436
2308 1.374449
2309 1.374473
2310 1.374487
2311 1.37451
2312 1.374522
2313 1.374546
2314 1.37456
2315 1.374583
2316 1.374596
2317 1.374619
2318 1.374632
2319 1.374655
2320 1.374668
2321 1.374686
2322 1.37471
2323 1.374724
2324 1.374741
2325 1.374766
2326 1.374779
2327 1.374802
2328 1.374815
2329 1.374837
2330 1.374851
2331 1.374866
2332 1.37489
2333 1.374904
2334 1.374921
2335 1.374945
2336 1.374958
2337 1.374975
2338 1.374998
2339 1.375012
2340 1.375028
2341 1.375052
2342 1.375066
2343 1.375088
2344 1.375101
2345 1.375117
2346 1.375141
2347 1.375154
2348 1.375176
2349 1.37519
2350 1.375206
2351 1.375229
2352 1.375242
2353 1.375265
2354 1.375278
2355 1.3753
2356 1.375313
2357 1.375335
2358 1.375348
2359 1.37537
2360 1.375383
2361 1.375406
2362 1.375419
2363 1.375441
2364 1.375454
2365 1.375476
2366 1.375489
2367 1.375505
2368 1.375529
2369 1.375542
2370 1.375558
2371 1.375581
2372 1.375594
2373 1.375616
2374 1.375629
2375 1.375644
2376 1.375667
2377 1.37568
2378 1.375696
2379 1.375719
2380 1.375732
2381 1.375748
2382 1.37577
2383 1.375782
2384 1.375798
2385 1.37582
2386 1.375833
2387 1.375849
2388 1.375871
2389 1.375884
2390 1.375899
2391 1.375922
2392 1.375934
2393 1.37595
2394 1.375972
2395 1.375985
2396 1.376
2397 1.376022
2398 1.376035
2399 1.376051
2400 1.376073
2401 1.376086
2402 1.376107
2403 1.376119
2404 1.376135
2405 1.376157
2406 1.37617
2407 1.376185
2408 1.376208
2409 1.37622
2410 1.376236
2411 1.376257
2412 1.37627
2413 1.376285
2414 1.376307
2415 1.37632
2416 1.376335
2417 1.376356
2418 1.376369
2419 1.376385
2420 1.376406
2421 1.376418
2422 1.376438
2423 1.376451
2424 1.376465
2425 1.376487
2426 1.376499
2427 1.376515
2428 1.376531
2429 1.376548
2430 1.37657
2431 1.376582
2432 1.376597
2433 1.376618
2434 1.37663
2435 1.376644
2436 1.376665
2437 1.376678
2438 1.376692
2439 1.376713
2440 1.376726
2441 1.37674
2442 1.376756
2443 1.376778
2444 1.37679
2445 1.376804
2446 1.376826
2447 1.376837
2448 1.376852
2449 1.376873
2450 1.376884
2451 1.376898
2452 1.37692
2453 1.376932
2454 1.376946
2455 1.376967
2456 1.376978
2457 1.376993
2458 1.377014
2459 1.377026
2460 1.377041
2461 1.377056
2462 1.377077
2463 1.377088
2464 1.377103
2465 1.377119
2466 1.37714
2467 1.377151
2468 1.377165
2469 1.377181
2470 1.377202
2471 1.377213
2472 1.377226
2473 1.377248
2474 1.377259
2475 1.377273
2476 1.377289
2477 1.37731
2478 1.377321
2479 1.377335
2480 1.37735
2481 1.37737
2482 1.377382
2483 1.377397
2484 1.377412
2485 1.377428
2486 1.377443
2487 1.377464
2488 1.377475
2489 1.377489
2490 1.377509
2491 1.37752
2492 1.377534
2493 1.377549
2494 1.37757
2495 1.377581
2496 1.377595
2497 1.377611
2498 1.377631
2499 1.377643
2500 1.377656
2501 1.377671
2502 1.377687
2503 1.377703
2504 1.377718
2505 1.377733
2506 1.377748
2507 1.377763
2508 1.377778
2509 1.377794
2510 1.377814
2511 1.377825
2512 1.377838
2513 1.377852
2514 1.377868
2515 1.377887
2516 1.377899
2517 1.377913
2518 1.377926
2519 1.377947
2520 1.377958
2521 1.377972
2522 1.377986
2523 1.378001
2524 1.378021
2525 1.378032
2526 1.378046
2527 1.37806
2528 1.378075
2529 1.378095
2530 1.378106
2531 1.378119
2532 1.378135
2533 1.37815
2534 1.378169
2535 1.37818
2536 1.378193
2537 1.378207
2538 1.378222
2539 1.378237
2540 1.378252
2541 1.378266
2542 1.378286
2543 1.378296
2544 1.378309
2545 1.378323
2546 1.378338
2547 1.378353
2548 1.378367
2549 1.378381
2550 1.378396
2551 1.37841
2552 1.378424
2553 1.378438
2554 1.378452
2555 1.378466
2556 1.37848
2557 1.378494
2558 1.378509
2559 1.378523
2560 1.378536
2561 1.378555
2562 1.378565
2563 1.378578
2564 1.378591
2565 1.378605
2566 1.37862
2567 1.378634
2568 1.378647
2569 1.378662
2570 1.378676
2571 1.378691
2572 1.378704
2573 1.378718
2574 1.378733
2575 1.378747
2576 1.378761
2577 1.378779
2578 1.378789
2579 1.378801
2580 1.378815
2581 1.378829
2582 1.378843
2583 1.378856
2584 1.37887
2585 1.378884
2586 1.378898
2587 1.378912
2588 1.378926
2589 1.378939
2590 1.378953
2591 1.378967
2592 1.37898
2593 1.378994
2594 1.379008
2595 1.379021
2596 1.379035
2597 1.379048
2598 1.379062
2599 1.379075
2600 1.379088
2601 1.379102
2602 1.379115
2603 1.379129
2604 1.379146
2605 1.379155
2606 1.379166
2607 1.379179
2608 1.379193
2609 1.379206
2610 1.379219
2611 1.379233
2612 1.379247
2613 1.37926
2614 1.379274
2615 1.379286
2616 1.3793
2617 1.379313
2618 1.379326
2619 1.379339
2620 1.379352
2621 1.379365
2622 1.379378
2623 1.379391
2624 1.379404
2625 1.379417
2626 1.37943
2627 1.379443
2628 1.379456
2629 1.379469
2630 1.379482
2631 1.379495
2632 1.379506
2633 1.379519
2634 1.379533
2635 1.379546
2636 1.379558
2637 1.379572
2638 1.379585
2639 1.379597
2640 1.37961
2641 1.379622
2642 1.379636
2643 1.379649
2644 1.379661
2645 1.379674
2646 1.379687
2647 1.3797
2648 1.379713
2649 1.379725
2650 1.379738
2651 1.379751
2652 1.379763
2653 1.379777
2654 1.379789
2655 1.379802
2656 1.379815
2657 1.379827
2658 1.37984
2659 1.379852
2660 1.379865
2661 1.379878
2662 1.37989
2663 1.379903
2664 1.379915
2665 1.379928
2666 1.379941
2667 1.379953
2668 1.379966
2669 1.379979
2670 1.379991
2671 1.380004
2672 1.380016
2673 1.380028
2674 1.380041
2675 1.380054
2676 1.380066
2677 1.380078
2678 1.380091
2679 1.380103
2680 1.380115
2681 1.380128
2682 1.38014
2683 1.380152
2684 1.380164
2685 1.380177
2686 1.380189
2687 1.380201
2688 1.380214
2689 1.380226
2690 1.380239
2691 1.380251
2692 1.380264
2693 1.380276
2694 1.380288
2695 1.3803
2696 1.380312
2697 1.380324
2698 1.380337
2699 1.380348
2700 1.38036
2701 1.380373
2702 1.380385
2703 1.380397
2704 1.380409
2705 1.380421
2706 1.380433
2707 1.380446
2708 1.380458
2709 1.38047
2710 1.380482
2711 1.380494
2712 1.380506
2713 1.380518
2714 1.38053
2715 1.380542
2716 1.380554
2717 1.380566
2718 1.380578
2719 1.38059
2720 1.380602
2721 1.380614
2722 1.380627
2723 1.380639
2724 1.380652
2725 1.380664
2726 1.380675
2727 1.380687
2728 1.380699
2729 1.380711
2730 1.380723
2731 1.380735
2732 1.380746
2733 1.380758
2734 1.38077
2735 1.380782
2736 1.380793
2737 1.380805
2738 1.380818
2739 1.380829
2740 1.38084
2741 1.380852
2742 1.380865
2743 1.380876
2744 1.380888
2745 1.380899
2746 1.380911
2747 1.380923
2748 1.380934
2749 1.380946
2750 1.380958
2751 1.380969
2752 1.38098
2753 1.380993
2754 1.381004
2755 1.381015
2756 1.381027
2757 1.381038
2758 1.38105
2759 1.381061
2760 1.381073
2761 1.381085
2762 1.381095
2763 1.381107
2764 1.381119
2765 1.38113
2766 1.381142
2767 1.381153
2768 1.381164
2769 1.381176
2770 1.381186
2771 1.381198
2772 1.381209
2773 1.38122
2774 1.381232
2775 1.381244
2776 1.381255
2777 1.381266
2778 1.381277
2779 1.381289
2780 1.381299
2781 1.38131
2782 1.381322
2783 1.381332
2784 1.381344
2785 1.381355
2786 1.381365
2787 1.381376
2788 1.381387
2789 1.381398
2790 1.381409
2791 1.38142
2792 1.381432
2793 1.381443
2794 1.381453
2795 1.381464
2796 1.381474
2797 1.381486
2798 1.381496
2799 1.381507
2800 1.381518
2801 1.381529
2802 1.38154
2803 1.381551
2804 1.381562
2805 1.381572
2806 1.381583
2807 1.381594
2808 1.381605
2809 1.381615
2810 1.381627
2811 1.381637
2812 1.381648
2813 1.381658
2814 1.381669
2815 1.381679
2816 1.38169
2817 1.381701
2818 1.381712
2819 1.381722
2820 1.381733
2821 1.381744
2822 1.381754
2823 1.381764
2824 1.381775
2825 1.381786
2826 1.381797
2827 1.381808
2828 1.381818
2829 1.381829
2830 1.381839
2831 1.381849
2832 1.38186
2833 1.38187
2834 1.381881
2835 1.381891
2836 1.381901
2837 1.381912
2838 1.381922
2839 1.381933
2840 1.381943
2841 1.381954
2842 1.381964
2843 1.381974
2844 1.381985
2845 1.381994
2846 1.382005
2847 1.382015
2848 1.382026
2849 1.382036
2850 1.382047
2851 1.382056
2852 1.382068
2853 1.382078
2854 1.382088
2855 1.382098
2856 1.382109
2857 1.382119
2858 1.382129
2859 1.382139
2860 1.382149
2861 1.38216
2862 1.38217
2863 1.382181
2864 1.38219
2865 1.3822
2866 1.382211
2867 1.382221
2868 1.382231
2869 1.38224
2870 1.382251
2871 1.38226
2872 1.382271
2873 1.382281
2874 1.382291
2875 1.382301
2876 1.382311
2877 1.382321
2878 1.382331
2879 1.382341
2880 1.382351
2881 1.382361
2882 1.38237
2883 1.38238
2884 1.38239
2885 1.3824
2886 1.38241
2887 1.382419
2888 1.382429
2889 1.382438
2890 1.382449
2891 1.382458
2892 1.382468
2893 1.382478
2894 1.382488
2895 1.382498
2896 1.382508
2897 1.382517
2898 1.382527
2899 1.382537
2900 1.382547
2901 1.382557
2902 1.382568
2903 1.382576
2904 1.382587
2905 1.382597
2906 1.382607
2907 1.382617
2908 1.382627
2909 1.382636
2910 1.382646
2911 1.382656
2912 1.382666
2913 1.382676
2914 1.382686
2915 1.382696
2916 1.382706
2917 1.382716
2918 1.382726
2919 1.382736
2920 1.382746
2921 1.382755
2922 1.382765
2923 1.382775
2924 1.382785
2925 1.382795
2926 1.382805
2927 1.382814
2928 1.382824
2929 1.382834
2930 1.382843
2931 1.382854
2932 1.382863
2933 1.382872
2934 1.382882
2935 1.382892
2936 1.3829
2937 1.382911
2938 1.38292
2939 1.38293
2940 1.382939
2941 1.382948
2942 1.382958
2943 1.382967
2944 1.382977
2945 1.382986
2946 1.382996
2947 1.383006
2948 1.383016
2949 1.383025
2950 1.383035
2951 1.383044
2952 1.383054
2953 1.383063
2954 1.383072
2955 1.383082
2956 1.383091
2957 1.3831
2958 1.383109
2959 1.383118
2960 1.383128
2961 1.383137
2962 1.383146
2963 1.383155
2964 1.383164
2965 1.383173
2966 1.383183
2967 1.383192
2968 1.383201
2969 1.38321
2970 1.383219
2971 1.383229
2972 1.383238
2973 1.383247
2974 1.383256
2975 1.383266
2976 1.383274
2977 1.383283
2978 1.383293
2979 1.383302
2980 1.38331
2981 1.38332
2982 1.383329
2983 1.383338
2984 1.383347
2985 1.383356
2986 1.383365
2987 1.383373
2988 1.383382
2989 1.383392
2990 1.383401
2991 1.383409
2992 1.383418
2993 1.383427
2994 1.383437
2995 1.383445
2996 1.383454
2997 1.383463
2998 1.383472
2999 1.383481
3000 1.38349
3001 1.383499
3002 1.383508
3003 1.383517
3004 1.383526
3005 1.383535
3006 1.383544
3007 1.383552
3008 1.383561
3009 1.38357
3010 1.383578
3011 1.383587
3012 1.383595
3013 1.383605
3014 1.383613
3015 1.383622
3016 1.38363
3017 1.383639
3018 1.383648
3019 1.383657
3020 1.383665
3021 1.383674
3022 1.383683
3023 1.383692
3024 1.3837
3025 1.383709
3026 1.383717
3027 1.383726
3028 1.383734
3029 1.383743
3030 1.383752
3031 1.383761
3032 1.383769
3033 1.383778
3034 1.383786
3035 1.383795
3036 1.383803
3037 1.383811
3038 1.383819
3039 1.383828
3040 1.383836
3041 1.383845
3042 1.383852
3043 1.383861
3044 1.383869
3045 1.383877
3046 1.383885
3047 1.383893
3048 1.383901
3049 1.383909
3050 1.383917
3051 1.383925
3052 1.383933
3053 1.383941
3054 1.383949
3055 1.383957
3056 1.383965
3057 1.383973
3058 1.383981
3059 1.383988
3060 1.383996
3061 1.384004
3062 1.384012
3063 1.38402
3064 1.384028
3065 1.384035
3066 1.384043
3067 1.384051
3068 1.384059
3069 1.384067
3070 1.384074
3071 1.384083
3072 1.38409
3073 1.384098
3074 1.384105
3075 1.384113
3076 1.384121
3077 1.384129
3078 1.384137
3079 1.384144
3080 1.384152
3081 1.38416
3082 1.384168
3083 1.384175
3084 1.384182
3085 1.38419
3086 1.384198
3087 1.384205
3088 1.384212
3089 1.38422
3090 1.384228
3091 1.384235
3092 1.384242
3093 1.38425
3094 1.384258
3095 1.384265
3096 1.384272
3097 1.38428
3098 1.384287
3099 1.384295
3100 1.384302
3101 1.38431
3102 1.384317
3103 1.384325
3104 1.384333
3105 1.38434
3106 1.384347
3107 1.384355
3108 1.384362
3109 1.38437
3110 1.384377
3111 1.384385
3112 1.384392
3113 1.3844
3114 1.384407
3115 1.384415
3116 1.384422
3117 1.384429
3118 1.384437
3119 1.384444
3120 1.384451
3121 1.384458
3122 1.384466
3123 1.384473
3124 1.384481
3125 1.384488
3126 1.384495
3127 1.384503
3128 1.38451
3129 1.384517
3130 1.384524
3131 1.384531
3132 1.384538
3133 1.384546
3134 1.384553
3135 1.38456
3136 1.384567
3137 1.384575
3138 1.384582
3139 1.384589
3140 1.384597
3141 1.384604
3142 1.384611
3143 1.384618
3144 1.384625
3145 1.384632
3146 1.384638
3147 1.384646
3148 1.384654
3149 1.38466
3150 1.384667
3151 1.384675
3152 1.384681
3153 1.384688
3154 1.384696
3155 1.384703
3156 1.38471
3157 1.384717
3158 1.384724
3159 1.384731
3160 1.384738
3161 1.384745
3162 1.384753
3163 1.384759
3164 1.384766
3165 1.384773
3166 1.38478
3167 1.384787
3168 1.384793
3169 1.384801
3170 1.384807
3171 1.384814
3172 1.384821
3173 1.384828
3174 1.384834
3175 1.384841
3176 1.384848
3177 1.384855
3178 1.384861
3179 1.384868
3180 1.384875
3181 1.384882
3182 1.384888
3183 1.384895
3184 1.384901
3185 1.384909
3186 1.384916
3187 1.384923
3188 1.384929
3189 1.384936
3190 1.384942
3191 1.384949
3192 1.384956
3193 1.384962
3194 1.384969
3195 1.384976
3196 1.384982
3197 1.384989
3198 1.384996
3199 1.385002
3200 1.385009
3201 1.385015
3202 1.385022
3203 1.385029
3204 1.385035
3205 1.38504
3206 1.385047
3207 1.385054
3208 1.385061
3209 1.385067
3210 1.385074
3211 1.38508
3212 1.385087
3213 1.385093
3214 1.3851
3215 1.385105
3216 1.385112
3217 1.385119
3218 1.385125
3219 1.385132
3220 1.385138
3221 1.385145
3222 1.385151
3223 1.385158
3224 1.385165
3225 1.385171
3226 1.385177
3227 1.385183
3228 1.38519
3229 1.385196
3230 1.385203
3231 1.385209
3232 1.385215
3233 1.385222
3234 1.385228
3235 1.385234
3236 1.385239
3237 1.385246
3238 1.385252
3239 1.385259
3240 1.385265
3241 1.385272
3242 1.385278
3243 1.385284
3244 1.38529
3245 1.385296
3246 1.385302
3247 1.385308
3248 1.385314
3249 1.385321
3250 1.385327
3251 1.385333
3252 1.38534
3253 1.385346
3254 1.385352
3255 1.385358
3256 1.385364
3257 1.38537
3258 1.385376
3259 1.385382
3260 1.385388
3261 1.385394
3262 1.3854
3263 1.385405
3264 1.385412
3265 1.385418
3266 1.385424
3267 1.38543
3268 1.385435
3269 1.385441
3270 1.385447
3271 1.385453
3272 1.385459
3273 1.385465
3274 1.385471
3275 1.385477
3276 1.385483
3277 1.385489
3278 1.385495
3279 1.385501
3280 1.385507
3281 1.385512
3282 1.385518
3283 1.385524
3284 1.38553
3285 1.385536
3286 1.385541
3287 1.385547
3288 1.385553
3289 1.385559
3290 1.385565
3291 1.38557
3292 1.385576
3293 1.385582
3294 1.385587
3295 1.385593
3296 1.385599
3297 1.385604
3298 1.38561
3299 1.385615
3300 1.385621
3301 1.385627
3302 1.385633
3303 1.385639
3304 1.385644
3305 1.38565
3306 1.385655
3307 1.385662
3308 1.385666
3309 1.385672
3310 1.385678
3311 1.385684
3312 1.385689
3313 1.385695
3314 1.3857
3315 1.385706
3316 1.385712
3317 1.385717
3318 1.385724
3319 1.385728
3320 1.385734
3321 1.38574
3322 1.385745
3323 1.38575
3324 1.385756
3325 1.385762
3326 1.385767
3327 1.385773
3328 1.385778
3329 1.385784
3330 1.385789
3331 1.385795
3332 1.3858
3333 1.385806
3334 1.385811
3335 1.385817
3336 1.385822
3337 1.385827
3338 1.385833
3339 1.385839
3340 1.385844
3341 1.38585
3342 1.385855
3343 1.38586
3344 1.385866
3345 1.385871
3346 1.385877
3347 1.385882
3348 1.385887
3349 1.385892
3350 1.385897
3351 1.385902
3352 1.385908
3353 1.385913
3354 1.385918
3355 1.385924
3356 1.385929
3357 1.385934
3358 1.385939
3359 1.385944
3360 1.38595
3361 1.385955
3362 1.38596
3363 1.385966
3364 1.385971
3365 1.385976
3366 1.385981
3367 1.385987
3368 1.385992
3369 1.385997
3370 1.386002
3371 1.386008
3372 1.386013
3373 1.386018
3374 1.386023
3375 1.386028
3376 1.386033
3377 1.386038
3378 1.386043
3379 1.386048
3380 1.386053
3381 1.386058
3382 1.386064
3383 1.386069
3384 1.386074
3385 1.386079
3386 1.386085
3387 1.38609
3388 1.386095
3389 1.3861
3390 1.386105
3391 1.38611
3392 1.386116
3393 1.386121
3394 1.386125
3395 1.386131
3396 1.386135
3397 1.386141
3398 1.386146
3399 1.38615
3400 1.386155
3401 1.386161
3402 1.386166
3403 1.386171
3404 1.386176
3405 1.386182
3406 1.386186
3407 1.386192
3408 1.386197
3409 1.386202
3410 1.386207
3411 1.386212
3412 1.386217
3413 1.386222
3414 1.386227
3415 1.386231
3416 1.386237
3417 1.386241
3418 1.386246
3419 1.386251
3420 1.386256
3421 1.38626
3422 1.386266
3423 1.386271
3424 1.386276
3425 1.386282
3426 1.386287
3427 1.386292
3428 1.386297
3429 1.386302
3430 1.386307
3431 1.386312
3432 1.386316
3433 1.386321
3434 1.386326
3435 1.386331
3436 1.386336
3437 1.386341
3438 1.386346
3439 1.386351
3440 1.386356
3441 1.386361
3442 1.386366
3443 1.38637
3444 1.386375
3445 1.38638
3446 1.386385
3447 1.38639
3448 1.386395
3449 1.386399
3450 1.386404
3451 1.386409
3452 1.386414
3453 1.386419
3454 1.386423
3455 1.386428
3456 1.386433
3457 1.386438
3458 1.386442
3459 1.386447
3460 1.386452
3461 1.386456
3462 1.386461
3463 1.386466
3464 1.38647
3465 1.386475
3466 1.386479
3467 1.386485
3468 1.386489
3469 1.386494
3470 1.386499
3471 1.386503
3472 1.386507
3473 1.386512
3474 1.386516
3475 1.386521
3476 1.386525
3477 1.38653
3478 1.386534
3479 1.386539
3480 1.386544
3481 1.386549
3482 1.386554
3483 1.386558
3484 1.386563
3485 1.386567
3486 1.386572
3487 1.386576
3488 1.38658
3489 1.386585
3490 1.38659
3491 1.386594
3492 1.386599
3493 1.386603
3494 1.386607
3495 1.386612
3496 1.386616
3497 1.38662
3498 1.386625
3499 1.386629
3500 1.386634
3501 1.386638
3502 1.386643
3503 1.386647
3504 1.386652
3505 1.386656
3506 1.386661
3507 1.386665
3508 1.38667
3509 1.386674
3510 1.386678
3511 1.386683
3512 1.386687
3513 1.386692
3514 1.386696
3515 1.3867
3516 1.386705
3517 1.38671
3518 1.386714
3519 1.386718
3520 1.386723
3521 1.386727
3522 1.386731
3523 1.386736
3524 1.386741
3525 1.386744
3526 1.386749
3527 1.386753
3528 1.386758
3529 1.386761
3530 1.386765
3531 1.38677
3532 1.386774
3533 1.386779
3534 1.386783
3535 1.386787
3536 1.386791
3537 1.386795
3538 1.3868
3539 1.386804
3540 1.386808
3541 1.386813
3542 1.386817
3543 1.386822
3544 1.386826
3545 1.38683
3546 1.386834
3547 1.386838
3548 1.386842
3549 1.386847
3550 1.386851
3551 1.386856
3552 1.38686
3553 1.386864
3554 1.386868
3555 1.386873
3556 1.386876
3557 1.38688
3558 1.386884
3559 1.386888
3560 1.386892
3561 1.386897
3562 1.3869
3563 1.386904
3564 1.386908
3565 1.386912
3566 1.386917
3567 1.38692
3568 1.386925
3569 1.386929
3570 1.386933
3571 1.386937
3572 1.386941
3573 1.386946
3574 1.38695
3575 1.386954
3576 1.386958
3577 1.386962
3578 1.386966
3579 1.38697
3580 1.386974
3581 1.386978
3582 1.386982
3583 1.386986
3584 1.38699
3585 1.386994
3586 1.386998
3587 1.387002
3588 1.387006
3589 1.387009
3590 1.387014
3591 1.387017
3592 1.387022
3593 1.387026
3594 1.38703
3595 1.387033
3596 1.387037
3597 1.387041
3598 1.387045
3599 1.387049
3600 1.387053
3601 1.387057
3602 1.387061
3603 1.387065
3604 1.387068
3605 1.387072
3606 1.387075
3607 1.38708
3608 1.387084
3609 1.387087
3610 1.387092
3611 1.387095
3612 1.387099
3613 1.387103
3614 1.387107
3615 1.38711
3616 1.387115
3617 1.387119
3618 1.387122
3619 1.387126
3620 1.38713
3621 1.387134
3622 1.387138
3623 1.387141
3624 1.387145
3625 1.387149
3626 1.387152
3627 1.387156
3628 1.38716
3629 1.387163
3630 1.387167
3631 1.387171
3632 1.387175
3633 1.387178
3634 1.387182
3635 1.387186
3636 1.38719
3637 1.387193
3638 1.387197
3639 1.3872
3640 1.387204
3641 1.387208
3642 1.387213
3643 1.387216
3644 1.387221
3645 1.387224
3646 1.387227
3647 1.387231
3648 1.387235
3649 1.387238
3650 1.387242
3651 1.387245
3652 1.387249
3653 1.387253
3654 1.387256
3655 1.387259
3656 1.387263
3657 1.387267
3658 1.38727
3659 1.387274
3660 1.387278
3661 1.387281
3662 1.387285
3663 1.387288
3664 1.387292
3665 1.387296
3666 1.387299
3667 1.387303
3668 1.387306
3669 1.38731
3670 1.387314
3671 1.387317
3672 1.38732
3673 1.387324
3674 1.387328
3675 1.387332
3676 1.387335
3677 1.387339
3678 1.387343
3679 1.387347
3680 1.38735
3681 1.387353
3682 1.387357
3683 1.38736
3684 1.387364
3685 1.387368
3686 1.387371
3687 1.387375
3688 1.387378
3689 1.387382
3690 1.387385
3691 1.387389
3692 1.387392
3693 1.387395
3694 1.387399
3695 1.387402
3696 1.387406
3697 1.387409
3698 1.387413
3699 1.387416
3700 1.387419
3701 1.387423
3702 1.387427
3703 1.387429
3704 1.387434
3705 1.387437
3706 1.38744
3707 1.387444
3708 1.387447
3709 1.38745
3710 1.387454
3711 1.387457
3712 1.387461
3713 1.387464
3714 1.387468
3715 1.387471
3716 1.387474
3717 1.387478
3718 1.387481
3719 1.387485
3720 1.387488
3721 1.387491
3722 1.387494
3723 1.387498
3724 1.387501
3725 1.387505
3726 1.387509
3727 1.387511
3728 1.387514
3729 1.387518
3730 1.387521
3731 1.387524
3732 1.387527
3733 1.38753
3734 1.387534
3735 1.387537
3736 1.38754
3737 1.387543
3738 1.387546
3739 1.387549
3740 1.387552
3741 1.387556
3742 1.387559
3743 1.387563
3744 1.387566
3745 1.387569
3746 1.387573
3747 1.387576
3748 1.387579
3749 1.387582
3750 1.387585
3751 1.387589
3752 1.387592
3753 1.387595
3754 1.387598
3755 1.387601
3756 1.387604
3757 1.387608
3758 1.387611
3759 1.387614
3760 1.387617
3761 1.38762
3762 1.387623
3763 1.387626
3764 1.387629
3765 1.387633
3766 1.387636
3767 1.38764
3768 1.387643
3769 1.387647
3770 1.38765
3771 1.387653
3772 1.387656
3773 1.387659
3774 1.387663
3775 1.387665
3776 1.387669
3777 1.387672
3778 1.387675
3779 1.387678
3780 1.387682
3781 1.387685
3782 1.387687
3783 1.38769
3784 1.387694
3785 1.387697
3786 1.3877
3787 1.387703
3788 1.387707
3789 1.38771
3790 1.387712
3791 1.387716
3792 1.387719
3793 1.387722
3794 1.387725
3795 1.387728
3796 1.387731
3797 1.387734
3798 1.387737
3799 1.38774
3800 1.387743
3801 1.387745
3802 1.387749
3803 1.387752
3804 1.387754
3805 1.387758
3806 1.387761
3807 1.387763
3808 1.387766
3809 1.387769
3810 1.387772
3811 1.387775
3812 1.387778
3813 1.387782
3814 1.387784
3815 1.387787
3816 1.38779
3817 1.387793
3818 1.387796
3819 1.387798
3820 1.387802
3821 1.387805
3822 1.387808
3823 1.38781
3824 1.387813
3825 1.387816
3826 1.387819
3827 1.387822
3828 1.387825
3829 1.387828
3830 1.38783
3831 1.387833
3832 1.387836
3833 1.387839
3834 1.387842
3835 1.387845
3836 1.387848
3837 1.387851
3838 1.387854
3839 1.387856
3840 1.387859
3841 1.387862
3842 1.387865
3843 1.387867
3844 1.38787
3845 1.387873
3846 1.387876
3847 1.387879
3848 1.387882
3849 1.387884
3850 1.387887
3851 1.38789
3852 1.387894
3853 1.387896
3854 1.387899
3855 1.387901
3856 1.387904
3857 1.387907
3858 1.387909
3859 1.387912
3860 1.387915
3861 1.387917
3862 1.38792
3863 1.387923
3864 1.387925
3865 1.387928
3866 1.387931
3867 1.387933
3868 1.387936
3869 1.387938
3870 1.387941
3871 1.387944
3872 1.387947
3873 1.387949
3874 1.387952
3875 1.387955
3876 1.387958
3877 1.38796
3878 1.387963
3879 1.387966
3880 1.387968
3881 1.387971
3882 1.387973
3883 1.387976
3884 1.387979
3885 1.387982
3886 1.387984
3887 1.387987
3888 1.38799
3889 1.387992
3890 1.387995
3891 1.387998
3892 1.388
3893 1.388003
3894 1.388005
3895 1.388008
3896 1.388012
3897 1.388014
3898 1.388016
3899 1.388019
3900 1.388021
3901 1.388024
3902 1.388027
3903 1.388029
3904 1.388032
3905 1.388034
3906 1.388037
3907 1.388039
3908 1.388042
3909 1.388045
3910 1.388047
3911 1.38805
3912 1.388052
3913 1.388055
3914 1.388058
3915 1.38806
3916 1.388063
3917 1.388065
3918 1.388068
3919 1.388071
3920 1.388073
3921 1.388076
3922 1.388078
3923 1.388081
3924 1.388083
3925 1.388086
3926 1.388088
3927 1.38809
3928 1.388092
3929 1.388095
3930 1.388098
3931 1.3881
3932 1.388103
3933 1.388105
3934 1.388108
3935 1.38811
3936 1.388113
3937 1.388115
3938 1.388118
3939 1.38812
3940 1.388123
3941 1.388125
3942 1.388127
3943 1.38813
3944 1.388132
3945 1.388135
3946 1.388137
3947 1.38814
3948 1.388142
3949 1.388144
3950 1.388147
3951 1.388149
3952 1.388152
3953 1.388155
3954 1.388157
3955 1.388159
3956 1.388161
3957 1.388163
3958 1.388166
3959 1.388169
3960 1.388171
3961 1.388173
3962 1.388175
3963 1.388178
3964 1.38818
3965 1.388183
3966 1.388186
3967 1.388188
3968 1.38819
3969 1.388192
3970 1.388194
3971 1.388197
3972 1.388199
3973 1.388202
3974 1.388204
3975 1.388207
3976 1.388209
3977 1.388211
3978 1.388214
3979 1.388216
3980 1.388219
3981 1.388221
3982 1.388224
3983 1.388227
3984 1.388228
3985 1.38823
3986 1.388233
3987 1.388235
3988 1.388238
3989 1.38824
3990 1.388242
3991 1.388244
3992 1.388246
3993 1.388249
3994 1.388251
3995 1.388253
3996 1.388256
3997 1.388258
3998 1.38826
3999 1.388262
4000 1.388264
4001 1.388267
4002 1.388269
4003 1.388271
4004 1.388273
4005 1.388276
4006 1.388278
4007 1.38828
4008 1.388283
4009 1.388285
4010 1.388287
4011 1.388289
4012 1.388291
4013 1.388293
4014 1.388296
4015 1.388298
4016 1.3883
4017 1.388302
4018 1.388304
4019 1.388306
4020 1.388309
4021 1.388311
4022 1.388313
4023 1.388315
4024 1.388317
4025 1.388319
4026 1.388322
4027 1.388323
4028 1.388325
4029 1.388328
4030 1.388331
4031 1.388333
4032 1.388335
4033 1.388337
4034 1.388339
4035 1.388341
4036 1.388344
4037 1.388346
4038 1.388348
4039 1.38835
4040 1.388353
4041 1.388355
4042 1.388357
4043 1.38836
4044 1.388362
4045 1.388364
4046 1.388366
4047 1.388368
4048 1.38837
4049 1.388373
4050 1.388375
4051 1.388377
4052 1.388379
4053 1.388381
4054 1.388384
4055 1.388386
4056 1.388388
4057 1.38839
4058 1.388391
4059 1.388394
4060 1.388396
4061 1.388398
4062 1.3884
4063 1.388403
4064 1.388404
4065 1.388407
4066 1.388409
4067 1.38841
4068 1.388413
4069 1.388415
4070 1.388417
4071 1.388419
4072 1.388421
4073 1.388423
4074 1.388425
4075 1.388427
4076 1.388429
4077 1.388432
4078 1.388433
4079 1.388436
4080 1.388437
4081 1.38844
4082 1.388442
4083 1.388444
4084 1.388445
4085 1.388448
4086 1.388449
4087 1.388451
4088 1.388454
4089 1.388456
4090 1.388458
4091 1.38846
4092 1.388462
4093 1.388464
4094 1.388466
4095 1.388468
4096 1.38847
4097 1.388473
4098 1.388475
4099 1.388477
4100 1.388479
4101 1.388481
4102 1.388483
4103 1.388485
4104 1.388487
4105 1.388489
4106 1.388491
4107 1.388493
4108 1.388494
4109 1.388497
4110 1.388499
4111 1.388501
4112 1.388503
4113 1.388505
4114 1.388507
4115 1.388509
4116 1.388511
4117 1.388513
4118 1.388514
4119 1.388517
4120 1.388519
4121 1.38852
4122 1.388523
4123 1.388524
4124 1.388526
4125 1.388528
4126 1.38853
4127 1.388532
4128 1.388534
4129 1.388536
4130 1.388538
4131 1.38854
4132 1.388542
4133 1.388544
4134 1.388545
4135 1.388547
4136 1.388549
4137 1.388551
4138 1.388553
4139 1.388555
4140 1.388557
4141 1.388559
4142 1.388561
4143 1.388562
4144 1.388564
4145 1.388566
4146 1.388568
4147 1.38857
4148 1.388572
4149 1.388574
4150 1.388576
4151 1.388578
4152 1.388579
4153 1.388582
4154 1.388583
4155 1.388585
4156 1.388587
4157 1.388589
4158 1.388591
4159 1.388593
4160 1.388595
4161 1.388597
4162 1.388599
4163 1.3886
4164 1.388602
4165 1.388604
4166 1.388606
4167 1.388608
4168 1.388609
4169 1.38861
4170 1.388613
4171 1.388615
4172 1.388616
4173 1.388618
4174 1.38862
4175 1.388622
4176 1.388624
4177 1.388625
4178 1.388627
4179 1.388629
4180 1.388631
4181 1.388633
4182 1.388635
4183 1.388637
4184 1.388638
4185 1.38864
4186 1.388642
4187 1.388644
4188 1.388646
4189 1.388648
4190 1.38865
4191 1.388652
4192 1.388653
4193 1.388654
4194 1.388656
4195 1.388658
4196 1.38866
4197 1.388662
4198 1.388664
4199 1.388665
4200 1.388667
4201 1.388669
4202 1.38867
4203 1.388672
4204 1.388674
4205 1.388676
4206 1.388677
4207 1.38868
4208 1.388681
4209 1.388683
4210 1.388684
4211 1.388686
4212 1.388688
4213 1.38869
4214 1.388692
4215 1.388693
4216 1.388695
4217 1.388697
4218 1.388698
4219 1.3887
4220 1.388701
4221 1.388704
4222 1.388706
4223 1.388707
4224 1.388709
4225 1.388711
4226 1.388713
4227 1.388714
4228 1.388716
4229 1.388718
4230 1.388719
4231 1.388721
4232 1.388723
4233 1.388724
4234 1.388726
4235 1.388728
4236 1.38873
4237 1.388731
4238 1.388733
4239 1.388735
4240 1.388736
4241 1.388738
4242 1.388739
4243 1.388741
4244 1.388743
4245 1.388745
4246 1.388747
4247 1.388748
4248 1.38875
4249 1.388751
4250 1.388753
4251 1.388754
4252 1.388756
4253 1.388758
4254 1.38876
4255 1.388761
4256 1.388763
4257 1.388765
4258 1.388766
4259 1.388767
4260 1.388769
4261 1.388771
4262 1.388773
4263 1.388774
4264 1.388776
4265 1.388777
4266 1.388779
4267 1.38878
4268 1.388782
4269 1.388783
4270 1.388785
4271 1.388786
4272 1.388787
4273 1.388789
4274 1.388791
4275 1.388793
4276 1.388794
4277 1.388796
4278 1.388798
4279 1.388799
4280 1.3888
4281 1.388802
4282 1.388803
4283 1.388805
4284 1.388807
4285 1.388808
4286 1.38881
4287 1.388811
4288 1.388813
4289 1.388815
4290 1.388816
4291 1.388818
4292 1.38882
4293 1.388821
4294 1.388823
4295 1.388825
4296 1.388826
4297 1.388828
4298 1.38883
4299 1.388831
4300 1.388833
4301 1.388834
4302 1.388835
4303 1.388837
4304 1.388839
4305 1.38884
4306 1.388842
4307 1.388843
4308 1.388844
4309 1.388847
4310 1.388848
4311 1.388849
4312 1.388851
4313 1.388852
4314 1.388854
4315 1.388855
4316 1.388857
4317 1.388858
4318 1.38886
4319 1.388862
4320 1.388864
4321 1.388865
4322 1.388866
4323 1.388868
4324 1.38887
4325 1.388871
4326 1.388873
4327 1.388874
4328 1.388876
4329 1.388877
4330 1.388879
4331 1.38888
4332 1.388881
4333 1.388883
4334 1.388884
4335 1.388886
4336 1.388887
4337 1.388889
4338 1.38889
4339 1.388892
4340 1.388893
4341 1.388895
4342 1.388896
4343 1.388897
4344 1.388899
4345 1.388901
4346 1.388902
4347 1.388904
4348 1.388905
4349 1.388906
4350 1.388908
4351 1.38891
4352 1.388911
4353 1.388912
4354 1.388914
4355 1.388915
4356 1.388916
4357 1.388918
4358 1.388919
4359 1.388921
4360 1.388923
4361 1.388924
4362 1.388925
4363 1.388927
4364 1.388928
4365 1.388929
4366 1.388931
4367 1.388932
4368 1.388934
4369 1.388935
4370 1.388936
4371 1.388938
4372 1.388939
4373 1.388941
4374 1.388942
4375 1.388943
4376 1.388945
4377 1.388946
4378 1.388948
4379 1.388949
4380 1.38895
4381 1.388952
4382 1.388953
4383 1.388954
4384 1.388955
4385 1.388957
4386 1.388958
4387 1.388959
4388 1.388961
4389 1.388962
4390 1.388963
4391 1.388965
4392 1.388966
4393 1.388967
4394 1.388969
4395 1.38897
4396 1.388972
4397 1.388973
4398 1.388974
4399 1.388975
4400 1.388977
4401 1.388978
4402 1.388979
4403 1.388981
4404 1.388982
4405 1.388984
4406 1.388985
4407 1.388987
4408 1.388988
4409 1.388989
4410 1.388991
4411 1.388991
4412 1.388993
4413 1.388994
4414 1.388996
4415 1.388997
4416 1.388998
4417 1.389
4418 1.389001
4419 1.389003
4420 1.389004
4421 1.389005
4422 1.389006
4423 1.389008
4424 1.38901
4425 1.38901
4426 1.389012
4427 1.389013
4428 1.389014
4429 1.389016
4430 1.389017
4431 1.389019
4432 1.38902
4433 1.389021
4434 1.389022
4435 1.389023
4436 1.389025
4437 1.389026
4438 1.389027
4439 1.389029
4440 1.38903
4441 1.389032
4442 1.389033
4443 1.389034
4444 1.389035
4445 1.389036
4446 1.389038
4447 1.389039
4448 1.38904
4449 1.389041
4450 1.389043
4451 1.389044
4452 1.389045
4453 1.389047
4454 1.389048
4455 1.389049
4456 1.389051
4457 1.389051
4458 1.389053
4459 1.389054
4460 1.389055
4461 1.389056
4462 1.389058
4463 1.389059
4464 1.38906
4465 1.389061
4466 1.389063
4467 1.389064
4468 1.389065
4469 1.389066
4470 1.389068
4471 1.389069
4472 1.38907
4473 1.389071
4474 1.389072
4475 1.389073
4476 1.389074
4477 1.389076
4478 1.389077
4479 1.389078
4480 1.38908
4481 1.389081
4482 1.389082
4483 1.389083
4484 1.389084
4485 1.389085
4486 1.389086
4487 1.389088
4488 1.389089
4489 1.38909
4490 1.389091
4491 1.389093
4492 1.389094
4493 1.389095
4494 1.389096
4495 1.389097
4496 1.389099
4497 1.3891
4498 1.389101
4499 1.389103
4500 1.389103
4501 1.389104
4502 1.389105
4503 1.389106
4504 1.389107
4505 1.389108
4506 1.38911
4507 1.389111
4508 1.389113
4509 1.389114
4510 1.389115
4511 1.389116
4512 1.389117
4513 1.389118
4514 1.389119
4515 1.38912
4516 1.389121
4517 1.389123
4518 1.389124
4519 1.389125
4520 1.389126
4521 1.389127
4522 1.389128
4523 1.389129
4524 1.389129
4525 1.389131
4526 1.389132
4527 1.389133
4528 1.389134
4529 1.389135
4530 1.389136
4531 1.389137
4532 1.389138
4533 1.389139
4534 1.38914
4535 1.389141
4536 1.389142
4537 1.389143
4538 1.389144
4539 1.389145
4540 1.389146
4541 1.389148
4542 1.389149
4543 1.38915
4544 1.389151
4545 1.389152
4546 1.389153
4547 1.389155
4548 1.389156
4549 1.389156
4550 1.389157
4551 1.389158
4552 1.389159
4553 1.389161
4554 1.389162
4555 1.389162
4556 1.389163
4557 1.389164
4558 1.389166
4559 1.389166
4560 1.389168
4561 1.389168
4562 1.389169
4563 1.389171
4564 1.389172
4565 1.389173
4566 1.389174
4567 1.389174
4568 1.389175
4569 1.389176
4570 1.389178
4571 1.389178
4572 1.389179
4573 1.38918
4574 1.389182
4575 1.389183
4576 1.389184
4577 1.389185
4578 1.389186
4579 1.389187
4580 1.389188
4581 1.389189
4582 1.389189
4583 1.38919
4584 1.389191
4585 1.389192
4586 1.389193
4587 1.389194
4588 1.389195
4589 1.389197
4590 1.389198
4591 1.389199
4592 1.3892
4593 1.389201
4594 1.389202
4595 1.389203
4596 1.389204
4597 1.389205
4598 1.389206
4599 1.389207
4600 1.389208
4601 1.389209
4602 1.38921
4603 1.389212
4604 1.389212
4605 1.389213
4606 1.389214
4607 1.389215
4608 1.389216
4609 1.389217
4610 1.389218
4611 1.38922
4612 1.38922
4613 1.389222
4614 1.389222
4615 1.389223
4616 1.389224
4617 1.389225
4618 1.389226
4619 1.389227
4620 1.389228
4621 1.389229
4622 1.389229
4623 1.389231
4624 1.389232
4625 1.389233
4626 1.389234
4627 1.389235
4628 1.389235
4629 1.389236
4630 1.389237
4631 1.389238
4632 1.389239
4633 1.38924
4634 1.389241
4635 1.389241
4636 1.389242
4637 1.389243
4638 1.389244
4639 1.389245
4640 1.389245
4641 1.389246
4642 1.389247
4643 1.389248
4644 1.389249
4645 1.38925
4646 1.389251
4647 1.389252
4648 1.389253
4649 1.389254
4650 1.389255
4651 1.389255
4652 1.389256
4653 1.389257
4654 1.389258
4655 1.389259
4656 1.38926
4657 1.38926
4658 1.389262
4659 1.389263
4660 1.389263
4661 1.389264
4662 1.389265
4663 1.389266
4664 1.389267
4665 1.389268
4666 1.389269
4667 1.38927
4668 1.389271
4669 1.389272
4670 1.389273
4671 1.389274
4672 1.389275
4673 1.389275
4674 1.389276
4675 1.389277
4676 1.389278
4677 1.389279
4678 1.38928
4679 1.389281
4680 1.389282
4681 1.389282
4682 1.389283
4683 1.389284
4684 1.389285
4685 1.389286
4686 1.389287
4687 1.389288
4688 1.389289
4689 1.38929
4690 1.389291
4691 1.389292
4692 1.389292
4693 1.389294
4694 1.389294
4695 1.389295
4696 1.389296
4697 1.389297
4698 1.389298
4699 1.3893
4700 1.389301
4701 1.389301
4702 1.389302
4703 1.389303
4704 1.389303
4705 1.389304
4706 1.389305
4707 1.389306
4708 1.389307
4709 1.389307
4710 1.389308
4711 1.389309
4712 1.38931
4713 1.389311
4714 1.389312
4715 1.389313
4716 1.389313
4717 1.389314
4718 1.389315
4719 1.389316
4720 1.389317
4721 1.389317
4722 1.389318
4723 1.389319
4724 1.38932
4725 1.389321
4726 1.389322
4727 1.389323
4728 1.389323
4729 1.389324
4730 1.389325
4731 1.389326
4732 1.389327
4733 1.389328
4734 1.389328
4735 1.389329
4736 1.38933
4737 1.389331
4738 1.389332
4739 1.389333
4740 1.389333
4741 1.389335
4742 1.389335
4743 1.389336
4744 1.389337
4745 1.389338
4746 1.389338
4747 1.389339
4748 1.38934
4749 1.389341
4750 1.389341
4751 1.389342
4752 1.389343
4753 1.389343
4754 1.389344
4755 1.389345
4756 1.389346
4757 1.389346
4758 1.389347
4759 1.389348
4760 1.389349
4761 1.389349
4762 1.38935
4763 1.389351
4764 1.389351
4765 1.389352
4766 1.389353
4767 1.389354
4768 1.389355
4769 1.389356
4770 1.389357
4771 1.389358
4772 1.389359
4773 1.389359
4774 1.38936
4775 1.389361
4776 1.389362
4777 1.389363
4778 1.389364
4779 1.389365
4780 1.389366
4781 1.389366
4782 1.389367
4783 1.389368
4784 1.389369
4785 1.389369
4786 1.38937
4787 1.389371
4788 1.389372
4789 1.389372
4790 1.389373
4791 1.389374
4792 1.389375
4793 1.389376
4794 1.389377
4795 1.389378
4796 1.389378
4797 1.389379
4798 1.38938
4799 1.38938
4800 1.389381
4801 1.389382
4802 1.389382
4803 1.389383
4804 1.389384
4805 1.389385
4806 1.389385
4807 1.389386
4808 1.389387
4809 1.389387
4810 1.389388
4811 1.389389
4812 1.389389
4813 1.38939
4814 1.389391
4815 1.389392
4816 1.389392
4817 1.389393
4818 1.389394
4819 1.389395
4820 1.389396
4821 1.389396
4822 1.389397
4823 1.389398
4824 1.389398
4825 1.389399
4826 1.3894
4827 1.389401
4828 1.389402
4829 1.389402
4830 1.389404
4831 1.389404
4832 1.389405
4833 1.389406
4834 1.389407
4835 1.389408
4836 1.389408
4837 1.389409
4838 1.38941
4839 1.389411
4840 1.389411
4841 1.389412
4842 1.389413
4843 1.389413
4844 1.389414
4845 1.389415
4846 1.389416
4847 1.389416
4848 1.389417
4849 1.389418
4850 1.389419
4851 1.389419
4852 1.38942
4853 1.38942
4854 1.389421
4855 1.389422
4856 1.389422
4857 1.389423
4858 1.389424
4859 1.389425
4860 1.389425
4861 1.389426
4862 1.389427
4863 1.389428
4864 1.389428
4865 1.389428
4866 1.389429
4867 1.38943
4868 1.389431
4869 1.389431
4870 1.389432
4871 1.389433
4872 1.389433
4873 1.389434
4874 1.389434
4875 1.389435
4876 1.389436
4877 1.389436
4878 1.389437
4879 1.389438
4880 1.389438
4881 1.389439
4882 1.38944
4883 1.389441
4884 1.389441
4885 1.389442
4886 1.389442
4887 1.389443
4888 1.389444
4889 1.389444
4890 1.389445
4891 1.389445
4892 1.389446
4893 1.389446
4894 1.389447
4895 1.389448
4896 1.389448
4897 1.389449
4898 1.389449
4899 1.38945
4900 1.389451
4901 1.389451
4902 1.389452
4903 1.389453
4904 1.389453
4905 1.389454
4906 1.389454
4907 1.389455
4908 1.389455
4909 1.389455
4910 1.389457
4911 1.389457
4912 1.389458
4913 1.389458
4914 1.389459
4915 1.38946
4916 1.389461
4917 1.389461
4918 1.389462
4919 1.389462
4920 1.389463
4921 1.389463
4922 1.389464
4923 1.389464
4924 1.389464
4925 1.389465
4926 1.389466
4927 1.389467
4928 1.389467
4929 1.389468
4930 1.389469
4931 1.389469
4932 1.38947
4933 1.38947
4934 1.389471
4935 1.389472
4936 1.389472
4937 1.389473
4938 1.389474
4939 1.389474
4940 1.389475
4941 1.389476
4942 1.389476
4943 1.389477
4944 1.389477
4945 1.389478
4946 1.389479
4947 1.389479
4948 1.38948
4949 1.38948
4950 1.389481
4951 1.389481
4952 1.389482
4953 1.389483
4954 1.389483
4955 1.389484
4956 1.389485
4957 1.389485
4958 1.389486
4959 1.389486
4960 1.389487
4961 1.389488
4962 1.389488
4963 1.389489
4964 1.38949
4965 1.38949
4966 1.389491
4967 1.389492
4968 1.389492
4969 1.389493
4970 1.389494
4971 1.389494
4972 1.389495
4973 1.389495
4974 1.389496
4975 1.389497
4976 1.389497
4977 1.389498
4978 1.389498
4979 1.389499
4980 1.389499
4981 1.3895
4982 1.389501
4983 1.389502
4984 1.389502
4985 1.389502
4986 1.389503
4987 1.389503
4988 1.389504
4989 1.389505
4990 1.389505
4991 1.389506
4992 1.389507
4993 1.389508
4994 1.389508
4995 1.389509
4996 1.389509
4997 1.38951
4998 1.38951
4999 1.389511
5000 1.389511
5001 1.389512
5002 1.389513
5003 1.389513
5004 1.389513
5005 1.389514
5006 1.389515
5007 1.389515
5008 1.389516
5009 1.389516
5010 1.389517
5011 1.389517
5012 1.389519
5013 1.389519
5014 1.389519
5015 1.38952
5016 1.389521
5017 1.389521
5018 1.389522
5019 1.389523
5020 1.389523
5021 1.389523
5022 1.389524
5023 1.389525
5024 1.389525
5025 1.389526
5026 1.389526
5027 1.389527
5028 1.389527
5029 1.389528
5030 1.389529
5031 1.389529
5032 1.38953
5033 1.38953
5034 1.389531
5035 1.389531
5036 1.389532
5037 1.389532
5038 1.389533
5039 1.389534
5040 1.389534
5041 1.389535
5042 1.389535
5043 1.389536
5044 1.389536
5045 1.389537
5046 1.389537
5047 1.389538
5048 1.389539
5049 1.389539
5050 1.38954
5051 1.38954
5052 1.389541
5053 1.389542
5054 1.389542
5055 1.389543
5056 1.389543
5057 1.389544
5058 1.389544
5059 1.389545
5060 1.389545
5061 1.389546
5062 1.389547
5063 1.389547
5064 1.389548
5065 1.389548
5066 1.389549
5067 1.389549
5068 1.38955
5069 1.389551
5070 1.389551
5071 1.389552
5072 1.389553
5073 1.389553
5074 1.389554
5075 1.389555
5076 1.389555
5077 1.389556
5078 1.389557
5079 1.389557
5080 1.389558
5081 1.389558
5082 1.389559
5083 1.389559
5084 1.38956
5085 1.38956
5086 1.389561
5087 1.389561
5088 1.389562
5089 1.389562
5090 1.389563
5091 1.389563
5092 1.389564
5093 1.389564
5094 1.389565
5095 1.389565
5096 1.389566
5097 1.389567
5098 1.389567
5099 1.389567
5100 1.389568
5101 1.389568
5102 1.389569
5103 1.38957
5104 1.38957
5105 1.38957
5106 1.389571
5107 1.389571
5108 1.389572
5109 1.389572
5110 1.389573
5111 1.389573
5112 1.389574
5113 1.389574
5114 1.389574
5115 1.389575
5116 1.389575
5117 1.389576
5118 1.389576
5119 1.389576
5120 1.389577
5121 1.389578
5122 1.389578
5123 1.389579
5124 1.38958
5125 1.38958
5126 1.38958
5127 1.389581
5128 1.389581
5129 1.389582
5130 1.389582
5131 1.389583
5132 1.389584
5133 1.389584
5134 1.389584
5135 1.389585
5136 1.389585
5137 1.389586
5138 1.389586
5139 1.389587
5140 1.389588
5141 1.389588
5142 1.389588
5143 1.389589
5144 1.38959
5145 1.38959
5146 1.389591
5147 1.389591
5148 1.389592
5149 1.389592
5150 1.389592
5151 1.389593
5152 1.389593
5153 1.389594
5154 1.389594
5155 1.389595
5156 1.389595
5157 1.389596
5158 1.389596
5159 1.389597
5160 1.389597
5161 1.389598
5162 1.389598
5163 1.389598
5164 1.389599
5165 1.389599
5166 1.3896
5167 1.3896
5168 1.3896
5169 1.389601
5170 1.389601
5171 1.389602
5172 1.389602
5173 1.389603
5174 1.389603
5175 1.389603
5176 1.389604
5177 1.389604
5178 1.389605
5179 1.389605
5180 1.389605
5181 1.389606
5182 1.389606
5183 1.389607
5184 1.389607
5185 1.389607
5186 1.389608
5187 1.389608
5188 1.389609
5189 1.389609
5190 1.38961
5191 1.38961
5192 1.389611
5193 1.389611
5194 1.389611
5195 1.389612
5196 1.389612
5197 1.389613
5198 1.389613
5199 1.389614
5200 1.389614
5201 1.389615
5202 1.389615
5203 1.389616
5204 1.389616
5205 1.389616
5206 1.389617
5207 1.389618
5208 1.389618
5209 1.389618
5210 1.389619
5211 1.389619
5212 1.38962
5213 1.38962
5214 1.38962
5215 1.389621
5216 1.389621
5217 1.389621
5218 1.389622
5219 1.389622
5220 1.389623
5221 1.389624
5222 1.389624
5223 1.389624
5224 1.389625
5225 1.389625
5226 1.389626
5227 1.389626
5228 1.389627
5229 1.389627
5230 1.389628
5231 1.389628
5232 1.389628
5233 1.389629
5234 1.389629
5235 1.38963
5236 1.38963
5237 1.38963
5238 1.389631
5239 1.389632
5240 1.389632
5241 1.389632
5242 1.389632
5243 1.389632
5244 1.389633
5245 1.389634
5246 1.389634
5247 1.389635
5248 1.389635
5249 1.389635
5250 1.389636
5251 1.389636
5252 1.389637
5253 1.389637
5254 1.389638
5255 1.389638
5256 1.389638
5257 1.389638
5258 1.389639
5259 1.389639
5260 1.38964
5261 1.38964
5262 1.389641
5263 1.389641
5264 1.389642
5265 1.389642
5266 1.389643
5267 1.389643
5268 1.389644
5269 1.389644
5270 1.389644
5271 1.389645
5272 1.389645
5273 1.389646
5274 1.389646
5275 1.389646
5276 1.389647
5277 1.389647
5278 1.389648
5279 1.389648
5280 1.389649
5281 1.389649
5282 1.389649
5283 1.38965
5284 1.38965
5285 1.38965
5286 1.389651
5287 1.389651
5288 1.389652
5289 1.389652
5290 1.389653
5291 1.389653
5292 1.389654
5293 1.389654
5294 1.389654
5295 1.389654
5296 1.389655
5297 1.389655
5298 1.389656
5299 1.389656
5300 1.389657
5301 1.389657
5302 1.389657
5303 1.389658
5304 1.389658
5305 1.389659
5306 1.389659
5307 1.389659
5308 1.389659
5309 1.38966
5310 1.38966
5311 1.38966
5312 1.389661
5313 1.389661
5314 1.389662
5315 1.389662
5316 1.389663
5317 1.389663
5318 1.389663
5319 1.389663
5320 1.389664
5321 1.389664
5322 1.389665
5323 1.389665
5324 1.389665
5325 1.389666
5326 1.389666
5327 1.389667
5328 1.389667
5329 1.389668
5330 1.389668
5331 1.389668
5332 1.389669
5333 1.389669
5334 1.38967
5335 1.38967
5336 1.389671
5337 1.389671
5338 1.389671
5339 1.389672
5340 1.389672
5341 1.389673
5342 1.389673
5343 1.389673
5344 1.389673
5345 1.389674
5346 1.389674
5347 1.389674
5348 1.389675
5349 1.389675
5350 1.389675
5351 1.389676
5352 1.389677
5353 1.389677
5354 1.389677
5355 1.389677
5356 1.389678
5357 1.389678
5358 1.389678
5359 1.389679
5360 1.389679
5361 1.389679
5362 1.389679
5363 1.38968
5364 1.389681
5365 1.389681
5366 1.389681
5367 1.389682
5368 1.389682
5369 1.389683
5370 1.389683
5371 1.389683
5372 1.389683
5373 1.389684
5374 1.389685
5375 1.389685
5376 1.389685
5377 1.389685
5378 1.389686
5379 1.389686
5380 1.389687
5381 1.389687
5382 1.389687
5383 1.389688
5384 1.389688
5385 1.389689
5386 1.389689
5387 1.38969
5388 1.38969
5389 1.38969
5390 1.389691
5391 1.389691
5392 1.389691
5393 1.389692
5394 1.389692
5395 1.389693
5396 1.389693
5397 1.389693
5398 1.389694
5399 1.389694
5400 1.389694
5401 1.389695
5402 1.389695
5403 1.389695
5404 1.389696
5405 1.389696
5406 1.389697
5407 1.389697
5408 1.389698
5409 1.389698
5410 1.389698
5411 1.389699
5412 1.389699
5413 1.389699
5414 1.3897
5415 1.3897
5416 1.389701
5417 1.389701
5418 1.389702
5419 1.389702
5420 1.389702
5421 1.389702
5422 1.389703
5423 1.389703
5424 1.389703
5425 1.389704
5426 1.389704
5427 1.389704
5428 1.389704
5429 1.389705
5430 1.389705
5431 1.389705
5432 1.389706
5433 1.389706
5434 1.389707
5435 1.389707
5436 1.389708
5437 1.389708
5438 1.389708
5439 1.389709
5440 1.389709
5441 1.389709
5442 1.38971
5443 1.38971
5444 1.38971
5445 1.389711
5446 1.389711
5447 1.389711
5448 1.389711
5449 1.389712
5450 1.389712
5451 1.389712
5452 1.389713
5453 1.389713
5454 1.389714
5455 1.389714
5456 1.389714
5457 1.389715
5458 1.389715
5459 1.389715
5460 1.389716
5461 1.389716
5462 1.389716
5463 1.389716
5464 1.389717
5465 1.389717
5466 1.389717
5467 1.389718
5468 1.389718
5469 1.389719
5470 1.389719
5471 1.389719
5472 1.389719
5473 1.38972
5474 1.38972
5475 1.38972
5476 1.38972
5477 1.389721
5478 1.389722
5479 1.389722
5480 1.389722
5481 1.389722
5482 1.389722
5483 1.389723
5484 1.389723
