"report-drag-rfile"
"Iteration" "report-drag"
("Iteration" "report-drag")
784 0.1775971
785 0.1775813
786 0.1775657
787 0.1775498
788 0.1775325
789 0.1775165
790 0.1775009
791 0.1774854
792 0.17747
793 0.1774546
794 0.1774391
795 0.1774237
796 0.177408
797 0.1773925
798 0.1773769
799 0.1773613
800 0.1773457
801 0.1773301
802 0.1773145
803 0.177299
804 0.1772835
805 0.1772682
806 0.1772526
807 0.1772373
808 0.1772218
809 0.1772064
810 0.1771912
811 0.177176
812 0.1771606
813 0.1771456
814 0.1771304
815 0.1771154
816 0.1771005
817 0.1770855
818 0.1770707
819 0.1770559
820 0.177041
821 0.1770262
822 0.1770115
823 0.1769966
824 0.1769818
825 0.1769672
826 0.1769522
827 0.1769374
828 0.1769226
829 0.176908
830 0.1768932
831 0.1768783
832 0.1768636
833 0.1768489
834 0.1768341
835 0.1768195
836 0.1768049
837 0.1767903
838 0.1767756
839 0.1767611
840 0.1767465
841 0.176732
842 0.1767175
843 0.1767031
844 0.1766885
845 0.1766742
846 0.1766597
847 0.1766453
848 0.1766309
849 0.1766166
850 0.1766022
851 0.1765877
852 0.1765736
853 0.1765591
854 0.1765448
855 0.1765303
856 0.176516
857 0.1765015
858 0.176487
859 0.1764726
860 0.1764583
861 0.1764438
862 0.1764293
863 0.1764148
864 0.1764004
865 0.176386
866 0.1763715
867 0.1763571
868 0.1763429
869 0.1763288
870 0.1763147
871 0.1763006
872 0.1762869
873 0.176273
874 0.1762593
875 0.1762458
876 0.1762322
877 0.1762189
878 0.1762057
879 0.1761927
880 0.1761795
881 0.1761666
882 0.1761539
883 0.1761412
884 0.1761285
885 0.1761159
886 0.1761033
887 0.1760906
888 0.176078
889 0.1760655
890 0.1760527
891 0.1760399
892 0.1760273
893 0.1760143
894 0.1760014
895 0.175989
896 0.1759762
897 0.1759631
898 0.1759499
899 0.1759366
900 0.1759233
901 0.17591
902 0.1758966
903 0.1758839
904 0.1758709
905 0.1758575
906 0.1758442
907 0.1758309
908 0.1758177
909 0.1758046
910 0.1757917
911 0.1757787
912 0.1757661
913 0.1757535
914 0.175741
915 0.1757285
916 0.1757162
917 0.1757041
918 0.1756919
919 0.1756798
920 0.1756679
921 0.175656
922 0.1756442
923 0.1756325
924 0.1756207
925 0.1756089
926 0.1755972
927 0.1755855
928 0.1755739
929 0.1755621
930 0.1755504
931 0.1755386
932 0.1755268
933 0.1755149
934 0.175503
935 0.1754911
936 0.175479
937 0.175467
938 0.1754549
939 0.1754426
940 0.1754303
941 0.1754179
942 0.1754055
943 0.1753931
944 0.1753808
945 0.1753682
946 0.1753556
947 0.1753429
948 0.1753302
949 0.1753173
950 0.1753043
951 0.1752912
952 0.1752779
953 0.1752646
954 0.1752511
955 0.1752376
956 0.175224
957 0.1752102
958 0.1751964
959 0.1751825
960 0.1751687
961 0.1751548
962 0.1751408
963 0.1751269
964 0.1751131
965 0.1750989
966 0.1750852
967 0.1750713
968 0.1750576
969 0.1750437
970 0.1750302
971 0.1750165
972 0.1750029
973 0.1749895
974 0.1749762
975 0.1749627
976 0.1749495
977 0.1749363
978 0.174923
979 0.1749099
980 0.1748969
981 0.1748839
982 0.1748711
983 0.1748582
984 0.1748455
985 0.1748329
986 0.1748203
987 0.1748078
988 0.1747954
989 0.1747832
990 0.1747711
991 0.1747591
992 0.1747469
993 0.1747351
994 0.1747233
995 0.1747117
996 0.1747
997 0.1746885
998 0.1746772
999 0.1746657
1000 0.1746544
1001 0.1746432
1002 0.1746319
1003 0.1746207
1004 0.1746094
1005 0.1745984
1006 0.1745871
1007 0.174576
1008 0.1745646
1009 0.1745531
1010 0.1745419
1011 0.1745302
1012 0.1745185
1013 0.1745069
1014 0.1744965
1015 0.1744847
1016 0.1744726
1017 0.1744604
1018 0.1744481
1019 0.1744356
1020 0.1744233
1021 0.174411
1022 0.1743986
1023 0.1743866
1024 0.1743745
1025 0.1743623
1026 0.1743502
1027 0.1743381
1028 0.1743262
1029 0.1743143
1030 0.1743023
1031 0.1742904
1032 0.1742786
1033 0.1742669
1034 0.1742552
1035 0.1742432
1036 0.1742315
1037 0.1742197
1038 0.174208
1039 0.1741961
1040 0.1741842
1041 0.1741723
1042 0.1741603
1043 0.1741483
1044 0.1741362
1045 0.174124
1046 0.1741119
1047 0.1740995
1048 0.1740872
1049 0.1740747
1050 0.1740624
1051 0.17405
1052 0.1740376
1053 0.1740251
1054 0.1740128
1055 0.1740005
1056 0.1739881
1057 0.1739758
1058 0.1739635
1059 0.1739512
1060 0.1739386
1061 0.1739264
1062 0.173914
1063 0.1739014
1064 0.1738888
1065 0.1738763
1066 0.173864
1067 0.1738516
1068 0.1738394
1069 0.1738274
1070 0.1738153
1071 0.1738035
1072 0.1737921
1073 0.1737807
1074 0.1737696
1075 0.1737586
1076 0.1737478
1077 0.1737372
1078 0.1737267
1079 0.1737162
1080 0.1737058
1081 0.1736955
1082 0.173685
1083 0.1736745
1084 0.173664
1085 0.1736533
1086 0.1736428
1087 0.1736318
1088 0.1736207
1089 0.1736096
1090 0.1735985
1091 0.1735873
1092 0.1735758
1093 0.1735645
1094 0.173553
1095 0.1735416
1096 0.1735303
1097 0.1735189
1098 0.1735077
1099 0.1734966
1100 0.1734855
1101 0.1734774
1102 0.1734654
1103 0.1734543
1104 0.1734434
1105 0.1734352
1106 0.1734233
1107 0.1734124
1108 0.1734043
1109 0.1733926
1110 0.1733818
1111 0.1733735
1112 0.1733618
1113 0.1733508
1114 0.1733426
1115 0.1733309
1116 0.1733197
1117 0.1733115
1118 0.1732995
1119 0.1732882
1120 0.1732797
1121 0.1732675
1122 0.173256
1123 0.1732474
1124 0.1732349
1125 0.1732232
1126 0.1732145
1127 0.173202
1128 0.1731904
1129 0.1731818
1130 0.1731693
1131 0.1731579
1132 0.1731494
1133 0.1731371
1134 0.1731261
1135 0.173115
1136 0.1731078
1137 0.173095
1138 0.1730841
1139 0.1730734
1140 0.1730628
1141 0.1730523
1142 0.173042
1143 0.1730315
1144 0.1730214
1145 0.1730109
1146 0.1730005
1147 0.1729903
1148 0.1729799
1149 0.1729692
1150 0.1729586
1151 0.1729479
1152 0.172937
1153 0.172926
1154 0.1729151
1155 0.1729039
1156 0.1728929
1157 0.1728819
1158 0.1728741
1159 0.1728609
1160 0.1728495
1161 0.1728382
1162 0.1728306
1163 0.1728171
1164 0.1728058
1165 0.1727981
1166 0.1727848
1167 0.1727736
1168 0.1727662
1169 0.1727531
1170 0.172742
1171 0.1727349
1172 0.1727221
1173 0.1727115
1174 0.1727044
1175 0.1726917
1176 0.1726812
1177 0.1726742
1178 0.1726618
1179 0.1726546
1180 0.1726423
1181 0.172632
1182 0.1726252
1183 0.1726131
1184 0.1726029
1185 0.1725965
1186 0.1725847
1187 0.172575
1188 0.172569
1189 0.1725577
1190 0.1725482
1191 0.1725425
1192 0.1725317
1193 0.1725227
1194 0.172517
1195 0.1725063
1196 0.1724975
1197 0.172492
1198 0.1724816
1199 0.1724728
1200 0.1724672
1201 0.1724566
1202 0.1724476
1203 0.1724417
1204 0.1724309
1205 0.1724244
1206 0.1724133
1207 0.1724036
1208 0.1723969
1209 0.1723853
1210 0.172375
1211 0.1723682
1212 0.1723562
1213 0.1723493
1214 0.1723371
1215 0.17233
1216 0.1723178
1217 0.1723105
1218 0.1722982
1219 0.1722911
1220 0.1722787
1221 0.1722718
1222 0.1722597
1223 0.1722528
1224 0.1722408
1225 0.1722341
1226 0.1722223
1227 0.1722156
1228 0.172204
1229 0.1721974
1230 0.172186
1231 0.1721793
1232 0.1721679
1233 0.1721611
1234 0.1721497
1235 0.1721431
1236 0.1721317
1237 0.1721251
1238 0.1721135
1239 0.1721067
1240 0.1720952
1241 0.1720884
1242 0.1720769
1243 0.1720703
1244 0.1720587
1245 0.172052
1246 0.1720402
1247 0.1720335
1248 0.1720219
1249 0.1720153
1250 0.1720037
1251 0.1719971
1252 0.1719856
1253 0.1719791
1254 0.1719675
1255 0.171961
1256 0.1719496
1257 0.1719431
1258 0.1719317
1259 0.1719255
1260 0.1719144
1261 0.1719081
1262 0.1718967
1263 0.1718906
1264 0.1718795
1265 0.1718733
1266 0.1718622
1267 0.1718559
1268 0.1718448
1269 0.1718388
1270 0.1718278
1271 0.1718215
1272 0.1718105
1273 0.1718044
1274 0.1717933
1275 0.1717871
1276 0.171776
1277 0.1717699
1278 0.1717589
1279 0.1717528
1280 0.1717416
1281 0.1717355
1282 0.1717244
1283 0.1717182
1284 0.1717072
1285 0.1717009
1286 0.1716898
1287 0.1716835
1288 0.1716724
1289 0.1716661
1290 0.1716552
1291 0.1716488
1292 0.1716378
1293 0.1716316
1294 0.1716208
1295 0.1716147
1296 0.1716038
1297 0.1715979
1298 0.1715871
1299 0.1715812
1300 0.1715706
1301 0.1715648
1302 0.1715543
1303 0.1715485
1304 0.1715382
1305 0.1715326
1306 0.1715222
1307 0.1715167
1308 0.1715065
1309 0.1715008
1310 0.1714906
1311 0.1714852
1312 0.1714751
1313 0.1714695
1314 0.1714595
1315 0.171454
1316 0.1714437
1317 0.1714384
1318 0.1714283
1319 0.1714229
1320 0.1714126
1321 0.1714071
1322 0.1713969
1323 0.1713914
1324 0.1713813
1325 0.1713758
1326 0.1713654
1327 0.17136
1328 0.1713497
1329 0.1713442
1330 0.171334
1331 0.1713285
1332 0.1713183
1333 0.1713128
1334 0.1713027
1335 0.171297
1336 0.1712869
1337 0.1712813
1338 0.1712711
1339 0.1712654
1340 0.1712553
1341 0.1712496
1342 0.1712395
1343 0.1712339
1344 0.171224
1345 0.1712182
1346 0.1712082
1347 0.1712024
1348 0.1711927
1349 0.1711868
1350 0.1711769
1351 0.1711711
1352 0.1711613
1353 0.1711555
1354 0.1711455
1355 0.1711398
1356 0.1711299
1357 0.171124
1358 0.1711142
1359 0.1711084
1360 0.1710988
1361 0.1710931
1362 0.1710833
1363 0.1710778
1364 0.1710679
1365 0.1710623
1366 0.1710526
1367 0.1710469
1368 0.1710373
1369 0.1710317
1370 0.1710221
1371 0.1710165
1372 0.1710067
1373 0.1710013
1374 0.1709916
1375 0.1709862
1376 0.1709765
1377 0.1709711
1378 0.1709615
1379 0.170956
1380 0.1709463
1381 0.1709408
1382 0.1709314
1383 0.1709259
1384 0.1709164
1385 0.170911
1386 0.1709016
1387 0.1708962
1388 0.1708868
1389 0.1708814
1390 0.1708719
1391 0.1708665
1392 0.1708571
1393 0.1708517
1394 0.1708424
1395 0.170837
1396 0.1708276
1397 0.1708224
1398 0.1708132
1399 0.170808
1400 0.1707986
1401 0.1707934
1402 0.1707842
1403 0.170779
1404 0.1707699
1405 0.1707646
1406 0.1707555
1407 0.1707478
1408 0.1707428
1409 0.1707337
1410 0.1707284
1411 0.1707194
1412 0.1707141
1413 0.170705
1414 0.170697
1415 0.170692
1416 0.1706826
1417 0.1706746
1418 0.1706693
1419 0.17066
1420 0.1706544
1421 0.1706451
1422 0.170637
1423 0.1706315
1424 0.1706219
1425 0.1706161
1426 0.1706068
1427 0.170601
1428 0.1705914
1429 0.1705856
1430 0.170576
1431 0.1705704
1432 0.1705607
1433 0.170555
1434 0.1705454
1435 0.1705371
1436 0.1705317
1437 0.170522
1438 0.1705141
1439 0.1705089
1440 0.1704995
1441 0.1704917
1442 0.1704865
1443 0.1704772
1444 0.1704692
1445 0.1704641
1446 0.1704548
1447 0.170447
1448 0.1704415
1449 0.1704324
1450 0.1704245
1451 0.1704194
1452 0.1704102
1453 0.1704025
1454 0.1703977
1455 0.170389
1456 0.1703816
1457 0.1703768
1458 0.1703688
1459 0.1703617
1460 0.1703571
1461 0.1703492
1462 0.1703424
1463 0.1703357
1464 0.1703313
1465 0.1703238
1466 0.1703172
1467 0.1703106
1468 0.1703062
1469 0.1702985
1470 0.1702917
1471 0.1702849
1472 0.170278
1473 0.1702714
1474 0.1702646
1475 0.1702579
1476 0.1702508
1477 0.1702441
1478 0.1702372
1479 0.1702304
1480 0.1702235
1481 0.1702168
1482 0.1702101
1483 0.1702033
1484 0.1701966
1485 0.1701899
1486 0.1701834
1487 0.1701768
1488 0.1701702
1489 0.1701639
1490 0.1701573
1491 0.1701509
1492 0.1701445
1493 0.1701379
1494 0.1701316
1495 0.1701252
1496 0.1701187
1497 0.1701122
1498 0.1701056
1499 0.1700989
1500 0.1700923
1501 0.1700855
1502 0.1700787
1503 0.1700718
1504 0.170065
1505 0.1700581
1506 0.170051
1507 0.1700441
1508 0.1700392
1509 0.1700309
1510 0.1700237
1511 0.1700164
1512 0.1700115
1513 0.170003
1514 0.1699958
1515 0.1699885
1516 0.1699837
1517 0.1699752
1518 0.1699682
1519 0.1699635
1520 0.1699552
1521 0.169948
1522 0.169941
1523 0.1699339
1524 0.1699273
1525 0.1699206
1526 0.169914
1527 0.1699072
1528 0.1699006
1529 0.1698938
1530 0.1698872
1531 0.1698831
1532 0.1698746
1533 0.1698678
1534 0.1698609
1535 0.1698566
1536 0.169848
1537 0.1698409
1538 0.1698364
1539 0.169828
1540 0.169821
1541 0.1698168
1542 0.1698083
1543 0.1698012
1544 0.1697971
1545 0.1697888
1546 0.169782
1547 0.1697779
1548 0.1697697
1549 0.1697629
1550 0.1697587
1551 0.1697507
1552 0.1697439
1553 0.1697397
1554 0.1697315
1555 0.1697248
1556 0.1697206
1557 0.1697122
1558 0.1697054
1559 0.1697012
1560 0.1696928
1561 0.169686
1562 0.1696819
1563 0.1696735
1564 0.1696667
1565 0.1696625
1566 0.1696545
1567 0.1696478
1568 0.1696437
1569 0.1696357
1570 0.1696314
1571 0.1696235
1572 0.169617
1573 0.169613
1574 0.1696051
1575 0.1695988
1576 0.1695947
1577 0.1695867
1578 0.1695803
1579 0.1695762
1580 0.1695684
1581 0.1695619
1582 0.1695576
1583 0.1695497
1584 0.1695429
1585 0.1695389
1586 0.1695306
1587 0.1695239
1588 0.1695198
1589 0.1695115
1590 0.1695047
1591 0.1695005
1592 0.1694923
1593 0.1694879
1594 0.1694797
1595 0.1694754
1596 0.1694672
1597 0.1694629
1598 0.1694548
1599 0.1694503
1600 0.1694421
1601 0.169438
1602 0.1694297
1603 0.1694255
1604 0.1694174
1605 0.1694132
1606 0.169405
1607 0.1694009
1608 0.1693929
1609 0.1693887
1610 0.1693807
1611 0.1693764
1612 0.1693684
1613 0.1693642
1614 0.1693561
1615 0.1693519
1616 0.1693438
1617 0.1693396
1618 0.1693316
1619 0.1693272
1620 0.1693192
1621 0.169315
1622 0.1693069
1623 0.1693028
1624 0.1692949
1625 0.1692907
1626 0.1692828
1627 0.1692786
1628 0.1692706
1629 0.1692666
1630 0.1692589
1631 0.1692548
1632 0.169247
1633 0.1692429
1634 0.1692351
1635 0.1692312
1636 0.1692234
1637 0.1692193
1638 0.1692115
1639 0.1692075
1640 0.1691996
1641 0.1691955
1642 0.1691874
1643 0.1691834
1644 0.1691756
1645 0.1691715
1646 0.1691635
1647 0.1691593
1648 0.1691514
1649 0.1691474
1650 0.1691392
1651 0.1691354
1652 0.1691274
1653 0.1691234
1654 0.1691156
1655 0.1691116
1656 0.169104
1657 0.1691
1658 0.1690926
1659 0.1690887
1660 0.1690814
1661 0.1690776
1662 0.1690704
1663 0.1690667
1664 0.1690596
1665 0.1690559
1666 0.1690489
1667 0.1690453
1668 0.1690384
1669 0.1690349
1670 0.169028
1671 0.1690245
1672 0.1690178
1673 0.1690142
1674 0.1690075
1675 0.1690017
1676 0.1689982
1677 0.1689913
1678 0.1689878
1679 0.1689808
1680 0.1689772
1681 0.1689702
1682 0.1689664
1683 0.1689593
1684 0.1689554
1685 0.1689481
1686 0.1689441
1687 0.1689369
1688 0.1689309
1689 0.1689272
1690 0.1689197
1691 0.1689136
1692 0.1689099
1693 0.1689024
1694 0.1688986
1695 0.1688913
1696 0.1688873
1697 0.16888
1698 0.168874
1699 0.1688702
1700 0.1688629
1701 0.168859
1702 0.1688517
1703 0.1688479
1704 0.1688405
1705 0.1688366
1706 0.1688292
1707 0.1688232
1708 0.1688195
1709 0.1688121
1710 0.1688061
1711 0.1688025
1712 0.1687952
1713 0.1687914
1714 0.1687841
1715 0.1687805
1716 0.1687732
1717 0.1687694
1718 0.1687622
1719 0.1687562
1720 0.1687525
1721 0.1687453
1722 0.1687416
1723 0.1687345
1724 0.1687286
1725 0.168725
1726 0.1687179
1727 0.1687143
1728 0.1687074
1729 0.1687035
1730 0.1686965
1731 0.168693
1732 0.168686
1733 0.1686822
1734 0.1686753
1735 0.1686716
1736 0.1686646
1737 0.168661
1738 0.168654
1739 0.1686505
1740 0.1686435
1741 0.16864
1742 0.1686331
1743 0.1686295
1744 0.1686227
1745 0.1686192
1746 0.1686123
1747 0.1686088
1748 0.1686019
1749 0.1685984
1750 0.1685916
1751 0.1685881
1752 0.1685812
1753 0.1685779
1754 0.168571
1755 0.1685676
1756 0.1685608
1757 0.1685574
1758 0.1685507
1759 0.1685472
1760 0.1685404
1761 0.1685369
1762 0.1685304
1763 0.1685268
1764 0.1685201
1765 0.1685167
1766 0.1685102
1767 0.1685067
1768 0.1685
1769 0.1684966
1770 0.1684899
1771 0.1684865
1772 0.16848
1773 0.1684766
1774 0.1684698
1775 0.1684664
1776 0.1684598
1777 0.1684563
1778 0.1684496
1779 0.1684461
1780 0.1684395
1781 0.1684359
1782 0.1684292
1783 0.1684256
1784 0.1684189
1785 0.1684154
1786 0.1684086
1787 0.168405
1788 0.1683984
1789 0.1683947
1790 0.168388
1791 0.1683845
1792 0.1683776
1793 0.1683741
1794 0.1683671
1795 0.1683635
1796 0.1683566
1797 0.1683531
1798 0.1683463
1799 0.1683427
1800 0.1683357
1801 0.1683322
1802 0.1683253
1803 0.1683217
1804 0.1683148
1805 0.1683114
1806 0.1683044
1807 0.1683008
1808 0.1682941
1809 0.1682905
1810 0.1682837
1811 0.1682801
1812 0.1682734
1813 0.16827
1814 0.1682634
1815 0.1682599
1816 0.1682532
1817 0.1682498
1818 0.1682433
1819 0.1682399
1820 0.1682332
1821 0.1682299
1822 0.1682233
1823 0.1682199
1824 0.1682134
1825 0.16821
1826 0.1682034
1827 0.1681999
1828 0.1681934
1829 0.16819
1830 0.1681835
1831 0.1681801
1832 0.1681735
1833 0.1681699
1834 0.1681634
1835 0.1681601
1836 0.1681535
1837 0.16815
1838 0.1681435
1839 0.1681402
1840 0.1681336
1841 0.1681303
1842 0.1681238
1843 0.1681203
1844 0.1681136
1845 0.1681103
1846 0.1681036
1847 0.1681003
1848 0.1680937
1849 0.1680904
1850 0.1680838
1851 0.1680805
1852 0.1680741
1853 0.1680705
1854 0.1680643
1855 0.1680608
1856 0.1680543
1857 0.1680509
1858 0.1680447
1859 0.1680412
1860 0.1680348
1861 0.1680314
1862 0.1680252
1863 0.1680217
1864 0.1680154
1865 0.168012
1866 0.1680059
1867 0.1680026
1868 0.1679963
1869 0.167993
1870 0.1679867
1871 0.1679834
1872 0.1679771
1873 0.1679736
1874 0.1679675
1875 0.1679642
1876 0.1679579
1877 0.1679545
1878 0.1679481
1879 0.1679448
1880 0.1679386
1881 0.1679352
1882 0.1679289
1883 0.1679255
1884 0.1679193
1885 0.1679159
1886 0.1679097
1887 0.1679064
1888 0.1679001
1889 0.1678967
1890 0.1678904
1891 0.1678869
1892 0.1678809
1893 0.1678775
1894 0.1678713
1895 0.1678679
1896 0.1678617
1897 0.1678584
1898 0.1678521
1899 0.1678488
1900 0.1678426
1901 0.1678393
1902 0.167833
1903 0.1678297
1904 0.1678236
1905 0.1678202
1906 0.1678141
1907 0.1678109
1908 0.1678048
1909 0.1678014
1910 0.1677953
1911 0.167792
1912 0.1677859
1913 0.1677826
1914 0.1677766
1915 0.1677733
1916 0.1677671
1917 0.167764
1918 0.1677579
1919 0.1677545
1920 0.1677486
1921 0.1677454
1922 0.1677393
1923 0.167736
1924 0.1677301
1925 0.1677268
1926 0.1677207
1927 0.1677175
1928 0.1677113
1929 0.1677082
1930 0.1677021
1931 0.167699
1932 0.1676931
1933 0.1676899
1934 0.1676839
1935 0.1676805
1936 0.1676746
1937 0.1676713
1938 0.1676654
1939 0.1676621
1940 0.1676561
1941 0.167653
1942 0.1676472
1943 0.1676439
1944 0.1676381
1945 0.1676346
1946 0.1676289
1947 0.1676257
1948 0.1676199
1949 0.1676167
1950 0.1676108
1951 0.1676077
1952 0.1676018
1953 0.1675986
1954 0.1675927
1955 0.1675894
1956 0.1675838
1957 0.1675806
1958 0.1675747
1959 0.1675715
1960 0.1675659
1961 0.1675627
1962 0.167557
1963 0.1675537
1964 0.167548
1965 0.1675448
1966 0.1675391
1967 0.167536
1968 0.1675302
1969 0.1675271
1970 0.1675211
1971 0.1675181
1972 0.1675123
1973 0.167509
1974 0.1675033
1975 0.1675002
1976 0.1674943
1977 0.1674912
1978 0.1674853
1979 0.1674822
1980 0.1674763
1981 0.167473
1982 0.1674673
1983 0.167464
1984 0.1674582
1985 0.167455
1986 0.1674492
1987 0.167446
1988 0.1674402
1989 0.1674368
1990 0.167431
1991 0.1674278
1992 0.167422
1993 0.1674189
1994 0.1674129
1995 0.1674097
1996 0.1674039
1997 0.1674008
1998 0.167395
1999 0.1673918
2000 0.1673859
2001 0.1673827
2002 0.167377
2003 0.1673738
2004 0.167368
2005 0.1673648
2006 0.1673589
2007 0.1673559
2008 0.1673502
2009 0.167347
2010 0.1673412
2011 0.1673379
2012 0.1673322
2013 0.1673292
2014 0.1673234
2015 0.1673201
2016 0.1673145
2017 0.1673112
2018 0.1673055
2019 0.1673023
2020 0.1672966
2021 0.1672935
2022 0.1672879
2023 0.1672848
2024 0.1672792
2025 0.167276
2026 0.1672704
2027 0.1672673
2028 0.1672618
2029 0.1672586
2030 0.167253
2031 0.16725
2032 0.1672445
2033 0.1672415
2034 0.167236
2035 0.167233
2036 0.1672274
2037 0.1672242
2038 0.1672187
2039 0.1672157
2040 0.1672102
2041 0.1672072
2042 0.1672016
2043 0.1671986
2044 0.1671931
2045 0.1671901
2046 0.1671846
2047 0.1671816
2048 0.167176
2049 0.1671728
2050 0.1671675
2051 0.1671645
2052 0.1671589
2053 0.167156
2054 0.1671504
2055 0.1671475
2056 0.167142
2057 0.167139
2058 0.1671336
2059 0.1671306
2060 0.1671253
2061 0.1671222
2062 0.167117
2063 0.1671139
2064 0.1671087
2065 0.1671059
2066 0.1671005
2067 0.1670975
2068 0.1670922
2069 0.1670894
2070 0.167084
2071 0.167081
2072 0.1670758
2073 0.1670728
2074 0.1670675
2075 0.1670647
2076 0.1670591
2077 0.1670562
2078 0.1670509
2079 0.1670479
2080 0.1670424
2081 0.1670395
2082 0.1670341
2083 0.1670311
2084 0.1670256
2085 0.1670226
2086 0.167017
2087 0.1670141
2088 0.1670086
2089 0.1670056
2090 0.167
2091 0.166997
2092 0.1669915
2093 0.1669885
2094 0.1669831
2095 0.1669801
2096 0.1669749
2097 0.166972
2098 0.1669667
2099 0.1669638
2100 0.1669585
2101 0.1669558
2102 0.1669507
2103 0.1669479
2104 0.166943
2105 0.1669403
2106 0.1669354
2107 0.1669327
2108 0.1669278
2109 0.1669251
2110 0.1669202
2111 0.1669176
2112 0.1669127
2113 0.1669099
2114 0.1669051
2115 0.1669024
2116 0.1668975
2117 0.1668947
2118 0.1668897
2119 0.1668869
2120 0.1668818
2121 0.166879
2122 0.1668738
2123 0.166871
2124 0.1668658
2125 0.1668629
2126 0.1668577
2127 0.1668548
2128 0.1668496
2129 0.1668468
2130 0.1668412
2131 0.1668382
2132 0.1668334
2133 0.1668305
2134 0.1668256
2135 0.1668225
2136 0.1668177
2137 0.1668147
2138 0.1668099
2139 0.1668069
2140 0.1668021
2141 0.1667991
2142 0.1667944
2143 0.1667913
2144 0.1667867
2145 0.1667838
2146 0.1667789
2147 0.1667759
2148 0.1667711
2149 0.166768
2150 0.1667633
2151 0.1667603
2152 0.1667556
2153 0.1667526
2154 0.1667478
2155 0.1667448
2156 0.1667399
2157 0.1667369
2158 0.1667322
2159 0.1667292
2160 0.1667244
2161 0.1667214
2162 0.1667166
2163 0.1667136
2164 0.1667087
2165 0.1667058
2166 0.1667011
2167 0.1666982
2168 0.1666933
2169 0.1666906
2170 0.1666858
2171 0.1666829
2172 0.1666781
2173 0.1666753
2174 0.1666705
2175 0.1666677
2176 0.166663
2177 0.1666601
2178 0.1666556
2179 0.1666527
2180 0.166648
2181 0.1666452
2182 0.1666407
2183 0.1666378
2184 0.1666332
2185 0.1666305
2186 0.1666259
2187 0.1666232
2188 0.1666186
2189 0.1666159
2190 0.1666114
2191 0.1666087
2192 0.1666041
2193 0.1666013
2194 0.1665968
2195 0.1665942
2196 0.1665895
2197 0.1665869
2198 0.1665825
2199 0.1665796
2200 0.1665751
2201 0.1665725
2202 0.166568
2203 0.1665653
2204 0.1665607
2205 0.1665579
2206 0.1665534
2207 0.1665507
2208 0.166546
2209 0.1665434
2210 0.1665387
2211 0.1665361
2212 0.1665315
2213 0.1665288
2214 0.1665243
2215 0.1665215
2216 0.1665172
2217 0.1665144
2218 0.1665098
2219 0.1665072
2220 0.1665026
2221 0.1664998
2222 0.1664955
2223 0.1664927
2224 0.1664882
2225 0.1664854
2226 0.1664807
2227 0.1664781
2228 0.1664735
2229 0.1664707
2230 0.1664665
2231 0.1664636
2232 0.166459
2233 0.1664562
2234 0.1664518
2235 0.1664491
2236 0.1664446
2237 0.1664418
2238 0.1664373
2239 0.1664347
2240 0.1664302
2241 0.1664273
2242 0.1664228
2243 0.1664201
2244 0.1664156
2245 0.1664128
2246 0.1664083
2247 0.1664055
2248 0.1664011
2249 0.1663981
2250 0.1663937
2251 0.1663909
2252 0.1663864
2253 0.1663836
2254 0.1663793
2255 0.1663764
2256 0.166372
2257 0.1663691
2258 0.1663646
2259 0.166362
2260 0.1663575
2261 0.1663549
2262 0.1663506
2263 0.1663478
2264 0.1663435
2265 0.1663407
2266 0.1663363
2267 0.1663337
2268 0.1663293
2269 0.1663266
2270 0.1663223
2271 0.1663194
2272 0.166315
2273 0.1663123
2274 0.1663078
2275 0.1663052
2276 0.1663008
2277 0.166298
2278 0.1662936
2279 0.166291
2280 0.1662867
2281 0.1662839
2282 0.1662796
2283 0.1662769
2284 0.1662726
2285 0.16627
2286 0.1662656
2287 0.1662629
2288 0.1662596
2289 0.1662554
2290 0.1662526
2291 0.1662484
2292 0.1662457
2293 0.1662415
2294 0.1662385
2295 0.1662353
2296 0.166231
2297 0.1662283
2298 0.166224
2299 0.1662213
2300 0.166218
2301 0.1662137
2302 0.1662111
2303 0.1662067
2304 0.1662041
2305 0.1661999
2306 0.1661972
2307 0.1661931
2308 0.1661903
2309 0.1661862
2310 0.1661837
2311 0.1661796
2312 0.1661769
2313 0.1661729
2314 0.1661703
2315 0.1661663
2316 0.1661637
2317 0.1661594
2318 0.1661569
2319 0.1661528
2320 0.1661502
2321 0.1661471
2322 0.166143
2323 0.1661404
2324 0.1661373
2325 0.166133
2326 0.1661305
2327 0.1661263
2328 0.1661236
2329 0.1661194
2330 0.1661167
2331 0.1661135
2332 0.1661094
2333 0.1661069
2334 0.1661036
2335 0.1660995
2336 0.166097
2337 0.1660938
2338 0.1660896
2339 0.166087
2340 0.1660837
2341 0.1660796
2342 0.166077
2343 0.166073
2344 0.1660703
2345 0.1660672
2346 0.1660631
2347 0.1660606
2348 0.1660565
2349 0.1660541
2350 0.166051
2351 0.166047
2352 0.1660445
2353 0.1660407
2354 0.1660382
2355 0.1660343
2356 0.1660319
2357 0.1660279
2358 0.1660255
2359 0.1660217
2360 0.1660192
2361 0.1660156
2362 0.1660129
2363 0.1660091
2364 0.1660065
2365 0.1660027
2366 0.1660001
2367 0.1659972
2368 0.1659934
2369 0.1659908
2370 0.1659877
2371 0.1659837
2372 0.1659811
2373 0.1659772
2374 0.1659745
2375 0.1659715
2376 0.1659675
2377 0.1659649
2378 0.1659618
2379 0.1659579
2380 0.1659554
2381 0.1659524
2382 0.1659482
2383 0.1659459
2384 0.1659426
2385 0.1659386
2386 0.1659361
2387 0.1659331
2388 0.1659292
2389 0.1659267
2390 0.1659236
2391 0.1659198
2392 0.1659174
2393 0.1659144
2394 0.1659106
2395 0.165908
2396 0.1659051
2397 0.1659012
2398 0.1658988
2399 0.165896
2400 0.1658922
2401 0.1658897
2402 0.1658861
2403 0.1658838
2404 0.1658808
2405 0.1658771
2406 0.1658749
2407 0.165872
2408 0.1658683
2409 0.1658659
2410 0.165863
2411 0.1658593
2412 0.165857
2413 0.1658541
2414 0.1658504
2415 0.1658479
2416 0.165845
2417 0.1658412
2418 0.1658389
2419 0.1658361
2420 0.1658322
2421 0.1658298
2422 0.1658259
2423 0.1658235
2424 0.1658207
2425 0.165817
2426 0.1658146
2427 0.1658117
2428 0.165809
2429 0.1658062
2430 0.1658023
2431 0.1658
2432 0.165797
2433 0.1657932
2434 0.1657909
2435 0.1657879
2436 0.1657843
2437 0.1657818
2438 0.1657791
2439 0.1657753
2440 0.1657729
2441 0.1657703
2442 0.1657673
2443 0.1657635
2444 0.1657613
2445 0.1657585
2446 0.1657546
2447 0.1657523
2448 0.1657495
2449 0.1657457
2450 0.1657434
2451 0.1657405
2452 0.165737
2453 0.1657344
2454 0.1657317
2455 0.165728
2456 0.1657258
2457 0.1657229
2458 0.1657194
2459 0.165717
2460 0.1657143
2461 0.1657117
2462 0.1657079
2463 0.1657057
2464 0.1657029
2465 0.1657003
2466 0.1656966
2467 0.1656945
2468 0.1656916
2469 0.1656888
2470 0.1656852
2471 0.1656829
2472 0.1656801
2473 0.1656766
2474 0.1656743
2475 0.1656717
2476 0.1656689
2477 0.1656653
2478 0.165663
2479 0.1656603
2480 0.1656576
2481 0.165654
2482 0.1656517
2483 0.1656491
2484 0.1656463
2485 0.1656436
2486 0.1656409
2487 0.1656374
2488 0.1656352
2489 0.1656325
2490 0.1656289
2491 0.1656266
2492 0.1656239
2493 0.1656214
2494 0.1656179
2495 0.1656158
2496 0.1656131
2497 0.1656105
2498 0.1656072
2499 0.1656049
2500 0.1656023
2501 0.1655998
2502 0.1655971
2503 0.1655945
2504 0.1655919
2505 0.1655892
2506 0.1655866
2507 0.165584
2508 0.1655812
2509 0.1655784
2510 0.1655749
2511 0.1655728
2512 0.1655701
2513 0.1655672
2514 0.1655647
2515 0.1655613
2516 0.1655591
2517 0.1655564
2518 0.1655537
2519 0.1655502
2520 0.1655482
2521 0.1655455
2522 0.1655432
2523 0.1655406
2524 0.1655373
2525 0.1655351
2526 0.1655325
2527 0.1655301
2528 0.1655276
2529 0.1655242
2530 0.1655223
2531 0.1655196
2532 0.1655171
2533 0.1655146
2534 0.1655112
2535 0.1655092
2536 0.1655065
2537 0.165504
2538 0.1655014
2539 0.1654989
2540 0.1654964
2541 0.1654937
2542 0.1654903
2543 0.1654882
2544 0.1654854
2545 0.1654828
2546 0.1654803
2547 0.1654776
2548 0.165475
2549 0.1654723
2550 0.1654697
2551 0.165467
2552 0.1654644
2553 0.1654617
2554 0.1654592
2555 0.1654565
2556 0.165454
2557 0.1654513
2558 0.1654488
2559 0.1654462
2560 0.1654437
2561 0.1654403
2562 0.1654381
2563 0.1654357
2564 0.1654333
2565 0.1654308
2566 0.1654283
2567 0.1654259
2568 0.1654236
2569 0.1654211
2570 0.1654186
2571 0.1654163
2572 0.1654139
2573 0.1654113
2574 0.1654088
2575 0.1654063
2576 0.1654039
2577 0.1654007
2578 0.1653986
2579 0.1653961
2580 0.1653938
2581 0.1653914
2582 0.1653891
2583 0.1653867
2584 0.1653842
2585 0.1653817
2586 0.1653794
2587 0.1653769
2588 0.1653745
2589 0.165372
2590 0.1653696
2591 0.165367
2592 0.1653646
2593 0.1653621
2594 0.1653596
2595 0.1653571
2596 0.1653547
2597 0.1653521
2598 0.1653497
2599 0.1653473
2600 0.1653449
2601 0.1653423
2602 0.1653397
2603 0.1653374
2604 0.1653342
2605 0.1653319
2606 0.1653296
2607 0.1653272
2608 0.165325
2609 0.1653228
2610 0.1653204
2611 0.1653183
2612 0.165316
2613 0.1653137
2614 0.1653114
2615 0.165309
2616 0.1653067
2617 0.1653043
2618 0.165302
2619 0.1652998
2620 0.1652973
2621 0.1652949
2622 0.1652925
2623 0.16529
2624 0.1652876
2625 0.1652853
2626 0.1652829
2627 0.1652805
2628 0.1652781
2629 0.1652757
2630 0.1652734
2631 0.1652709
2632 0.1652685
2633 0.1652661
2634 0.1652638
2635 0.1652616
2636 0.1652592
2637 0.1652569
2638 0.1652546
2639 0.1652522
2640 0.1652498
2641 0.1652474
2642 0.1652451
2643 0.1652429
2644 0.1652406
2645 0.1652384
2646 0.1652361
2647 0.1652338
2648 0.1652316
2649 0.1652293
2650 0.1652271
2651 0.1652249
2652 0.1652225
2653 0.1652202
2654 0.1652181
2655 0.1652157
2656 0.1652136
2657 0.1652113
2658 0.165209
2659 0.1652068
2660 0.1652046
2661 0.1652022
2662 0.1652
2663 0.1651978
2664 0.1651954
2665 0.1651931
2666 0.1651909
2667 0.1651888
2668 0.1651865
2669 0.1651842
2670 0.1651821
2671 0.1651797
2672 0.1651774
2673 0.1651752
2674 0.1651729
2675 0.1651707
2676 0.1651685
2677 0.1651663
2678 0.165164
2679 0.1651618
2680 0.1651597
2681 0.1651574
2682 0.1651553
2683 0.1651529
2684 0.1651508
2685 0.1651486
2686 0.1651464
2687 0.1651442
2688 0.1651419
2689 0.1651397
2690 0.1651374
2691 0.1651352
2692 0.165133
2693 0.1651308
2694 0.1651286
2695 0.1651264
2696 0.1651242
2697 0.1651221
2698 0.16512
2699 0.1651177
2700 0.1651156
2701 0.1651134
2702 0.1651113
2703 0.1651091
2704 0.165107
2705 0.1651048
2706 0.1651025
2707 0.1651005
2708 0.1650983
2709 0.1650962
2710 0.165094
2711 0.1650919
2712 0.1650898
2713 0.1650877
2714 0.1650856
2715 0.1650835
2716 0.1650814
2717 0.1650793
2718 0.1650772
2719 0.1650752
2720 0.1650731
2721 0.165071
2722 0.1650689
2723 0.1650668
2724 0.1650646
2725 0.1650626
2726 0.1650606
2727 0.1650584
2728 0.1650563
2729 0.1650542
2730 0.1650522
2731 0.16505
2732 0.1650478
2733 0.1650459
2734 0.1650437
2735 0.1650417
2736 0.1650396
2737 0.1650375
2738 0.1650355
2739 0.1650334
2740 0.1650313
2741 0.1650293
2742 0.1650274
2743 0.1650253
2744 0.1650233
2745 0.1650212
2746 0.1650191
2747 0.1650171
2748 0.165015
2749 0.165013
2750 0.165011
2751 0.1650089
2752 0.1650069
2753 0.1650047
2754 0.1650028
2755 0.1650008
2756 0.1649987
2757 0.1649966
2758 0.1649946
2759 0.1649925
2760 0.1649906
2761 0.1649885
2762 0.1649865
2763 0.1649844
2764 0.1649824
2765 0.1649806
2766 0.1649784
2767 0.1649764
2768 0.1649744
2769 0.1649724
2770 0.1649703
2771 0.1649684
2772 0.1649664
2773 0.1649644
2774 0.1649623
2775 0.1649603
2776 0.1649583
2777 0.1649564
2778 0.1649543
2779 0.1649523
2780 0.1649502
2781 0.1649482
2782 0.1649463
2783 0.1649441
2784 0.164942
2785 0.1649402
2786 0.1649381
2787 0.1649361
2788 0.1649341
2789 0.1649321
2790 0.1649302
2791 0.1649282
2792 0.1649261
2793 0.1649242
2794 0.1649223
2795 0.1649203
2796 0.1649184
2797 0.1649164
2798 0.1649144
2799 0.1649125
2800 0.1649106
2801 0.1649086
2802 0.1649068
2803 0.1649048
2804 0.1649028
2805 0.1649009
2806 0.164899
2807 0.164897
2808 0.1648952
2809 0.1648931
2810 0.1648913
2811 0.1648894
2812 0.1648874
2813 0.1648856
2814 0.1648837
2815 0.1648817
2816 0.1648797
2817 0.1648778
2818 0.164876
2819 0.1648742
2820 0.1648723
2821 0.1648702
2822 0.1648684
2823 0.1648665
2824 0.1648646
2825 0.1648627
2826 0.1648608
2827 0.1648589
2828 0.164857
2829 0.1648552
2830 0.1648533
2831 0.1648515
2832 0.1648497
2833 0.1648477
2834 0.1648459
2835 0.1648441
2836 0.1648421
2837 0.1648404
2838 0.1648385
2839 0.1648368
2840 0.1648349
2841 0.1648331
2842 0.1648313
2843 0.1648295
2844 0.1648275
2845 0.1648258
2846 0.1648239
2847 0.1648221
2848 0.1648204
2849 0.1648185
2850 0.1648167
2851 0.1648149
2852 0.1648131
2853 0.1648113
2854 0.1648095
2855 0.1648078
2856 0.1648059
2857 0.1648041
2858 0.1648023
2859 0.1648005
2860 0.1647986
2861 0.1647968
2862 0.1647951
2863 0.1647932
2864 0.1647914
2865 0.1647897
2866 0.1647879
2867 0.1647861
2868 0.1647842
2869 0.1647825
2870 0.1647807
2871 0.164779
2872 0.1647772
2873 0.1647755
2874 0.1647737
2875 0.1647718
2876 0.1647699
2877 0.1647681
2878 0.1647664
2879 0.1647646
2880 0.1647628
2881 0.1647611
2882 0.1647592
2883 0.1647575
2884 0.1647557
2885 0.1647539
2886 0.1647521
2887 0.1647504
2888 0.1647485
2889 0.1647467
2890 0.1647451
2891 0.1647433
2892 0.1647415
2893 0.1647398
2894 0.1647381
2895 0.1647364
2896 0.1647347
2897 0.164733
2898 0.1647312
2899 0.1647297
2900 0.164728
2901 0.1647263
2902 0.1647247
2903 0.1647229
2904 0.1647213
2905 0.1647198
2906 0.1647181
2907 0.1647166
2908 0.1647149
2909 0.1647134
2910 0.1647119
2911 0.1647103
2912 0.1647087
2913 0.1647071
2914 0.1647057
2915 0.1647041
2916 0.1647025
2917 0.164701
2918 0.1646994
2919 0.1646979
2920 0.1646961
2921 0.1646947
2922 0.164693
2923 0.1646914
2924 0.1646898
2925 0.1646881
2926 0.1646866
2927 0.1646849
2928 0.1646833
2929 0.1646817
2930 0.16468
2931 0.1646784
2932 0.1646768
2933 0.1646751
2934 0.1646734
2935 0.1646718
2936 0.1646701
2937 0.1646684
2938 0.164667
2939 0.1646653
2940 0.1646637
2941 0.1646621
2942 0.1646605
2943 0.1646588
2944 0.1646573
2945 0.1646556
2946 0.164654
2947 0.1646524
2948 0.1646509
2949 0.1646494
2950 0.1646476
2951 0.1646461
2952 0.1646445
2953 0.1646428
2954 0.1646413
2955 0.1646395
2956 0.1646379
2957 0.1646365
2958 0.1646348
2959 0.1646331
2960 0.1646316
2961 0.16463
2962 0.1646283
2963 0.1646267
2964 0.1646252
2965 0.1646236
2966 0.164622
2967 0.1646204
2968 0.1646188
2969 0.1646172
2970 0.1646158
2971 0.1646142
2972 0.1646127
2973 0.1646111
2974 0.1646095
2975 0.164608
2976 0.1646063
2977 0.1646048
2978 0.1646034
2979 0.1646018
2980 0.1646003
2981 0.1645987
2982 0.1645972
2983 0.1645957
2984 0.1645941
2985 0.1645927
2986 0.1645911
2987 0.1645895
2988 0.164588
2989 0.1645865
2990 0.1645851
2991 0.1645835
2992 0.1645821
2993 0.1645805
2994 0.164579
2995 0.1645776
2996 0.1645761
2997 0.1645747
2998 0.1645733
2999 0.1645717
3000 0.1645703
3001 0.1645689
3002 0.1645674
3003 0.1645659
3004 0.1645646
3005 0.1645632
3006 0.1645617
3007 0.1645601
3008 0.1645587
3009 0.1645573
3010 0.1645559
3011 0.1645543
3012 0.1645529
3013 0.1645515
3014 0.16455
3015 0.1645487
3016 0.1645473
3017 0.1645457
3018 0.1645443
3019 0.164543
3020 0.1645417
3021 0.1645402
3022 0.1645389
3023 0.1645375
3024 0.1645361
3025 0.1645347
3026 0.1645334
3027 0.164532
3028 0.1645306
3029 0.1645293
3030 0.164528
3031 0.1645265
3032 0.1645252
3033 0.1645238
3034 0.1645224
3035 0.164521
3036 0.1645196
3037 0.1645182
3038 0.1645167
3039 0.1645152
3040 0.1645138
3041 0.1645124
3042 0.1645108
3043 0.1645094
3044 0.164508
3045 0.1645065
3046 0.164505
3047 0.1645035
3048 0.1645021
3049 0.1645007
3050 0.1644992
3051 0.1644978
3052 0.1644963
3053 0.164495
3054 0.1644935
3055 0.164492
3056 0.1644906
3057 0.1644893
3058 0.164488
3059 0.1644864
3060 0.1644851
3061 0.1644839
3062 0.1644824
3063 0.164481
3064 0.1644798
3065 0.1644784
3066 0.164477
3067 0.1644756
3068 0.1644745
3069 0.164473
3070 0.1644717
3071 0.1644704
3072 0.1644689
3073 0.1644676
3074 0.1644664
3075 0.1644649
3076 0.1644637
3077 0.1644624
3078 0.1644609
3079 0.1644595
3080 0.1644582
3081 0.1644568
3082 0.1644556
3083 0.1644543
3084 0.1644529
3085 0.1644517
3086 0.1644503
3087 0.1644489
3088 0.1644477
3089 0.1644464
3090 0.1644451
3091 0.1644439
3092 0.1644425
3093 0.1644412
3094 0.1644401
3095 0.1644387
3096 0.1644375
3097 0.1644362
3098 0.1644349
3099 0.1644336
3100 0.1644325
3101 0.1644313
3102 0.16443
3103 0.1644288
3104 0.1644275
3105 0.1644263
3106 0.164425
3107 0.1644239
3108 0.1644227
3109 0.1644214
3110 0.1644202
3111 0.1644189
3112 0.1644178
3113 0.1644165
3114 0.1644153
3115 0.1644139
3116 0.1644128
3117 0.1644116
3118 0.1644104
3119 0.1644092
3120 0.1644079
3121 0.1644067
3122 0.1644055
3123 0.1644042
3124 0.164403
3125 0.1644019
3126 0.1644006
3127 0.1643993
3128 0.1643982
3129 0.164397
3130 0.1643958
3131 0.1643945
3132 0.1643933
3133 0.164392
3134 0.1643909
3135 0.1643897
3136 0.1643885
3137 0.1643874
3138 0.1643861
3139 0.164385
3140 0.1643836
3141 0.1643826
3142 0.1643814
3143 0.1643802
3144 0.1643791
3145 0.1643778
3146 0.1643767
3147 0.1643755
3148 0.1643743
3149 0.1643732
3150 0.164372
3151 0.1643708
3152 0.1643697
3153 0.1643686
3154 0.1643673
3155 0.1643661
3156 0.164365
3157 0.1643639
3158 0.1643627
3159 0.1643616
3160 0.1643604
3161 0.1643592
3162 0.1643579
3163 0.1643569
3164 0.1643558
3165 0.1643545
3166 0.1643534
3167 0.1643522
3168 0.1643511
3169 0.1643499
3170 0.1643487
3171 0.1643475
3172 0.1643464
3173 0.1643452
3174 0.1643441
3175 0.1643429
3176 0.1643418
3177 0.1643406
3178 0.1643395
3179 0.1643384
3180 0.1643371
3181 0.164336
3182 0.1643348
3183 0.1643337
3184 0.1643326
3185 0.1643314
3186 0.1643303
3187 0.1643292
3188 0.1643281
3189 0.1643269
3190 0.1643258
3191 0.1643247
3192 0.1643235
3193 0.1643224
3194 0.1643212
3195 0.1643202
3196 0.164319
3197 0.1643178
3198 0.1643167
3199 0.1643157
3200 0.1643145
3201 0.1643133
3202 0.1643122
3203 0.164311
3204 0.1643099
3205 0.1643088
3206 0.1643078
3207 0.1643066
3208 0.1643054
3209 0.1643043
3210 0.1643033
3211 0.1643023
3212 0.1643012
3213 0.1643002
3214 0.1642991
3215 0.1642981
3216 0.164297
3217 0.1642958
3218 0.1642948
3219 0.1642937
3220 0.1642927
3221 0.1642917
3222 0.1642906
3223 0.1642894
3224 0.1642883
3225 0.1642873
3226 0.1642863
3227 0.1642852
3228 0.1642842
3229 0.1642832
3230 0.1642822
3231 0.1642811
3232 0.1642801
3233 0.164279
3234 0.164278
3235 0.1642769
3236 0.1642759
3237 0.1642749
3238 0.1642738
3239 0.1642728
3240 0.1642718
3241 0.1642707
3242 0.1642696
3243 0.1642687
3244 0.1642675
3245 0.1642664
3246 0.1642655
3247 0.1642644
3248 0.1642632
3249 0.1642622
3250 0.1642612
3251 0.1642601
3252 0.1642591
3253 0.1642581
3254 0.1642571
3255 0.1642559
3256 0.1642549
3257 0.1642538
3258 0.1642529
3259 0.1642517
3260 0.1642507
3261 0.1642497
3262 0.1642487
3263 0.1642478
3264 0.1642467
3265 0.1642457
3266 0.1642447
3267 0.1642437
3268 0.1642426
3269 0.1642415
3270 0.1642406
3271 0.1642396
3272 0.1642385
3273 0.1642375
3274 0.1642366
3275 0.1642355
3276 0.1642345
3277 0.1642336
3278 0.1642326
3279 0.1642316
3280 0.1642305
3281 0.1642296
3282 0.1642284
3283 0.1642275
3284 0.1642265
3285 0.1642254
3286 0.1642244
3287 0.1642234
3288 0.1642225
3289 0.1642216
3290 0.1642204
3291 0.1642196
3292 0.1642186
3293 0.1642175
3294 0.1642165
3295 0.1642155
3296 0.1642146
3297 0.1642136
3298 0.1642126
3299 0.1642116
3300 0.1642108
3301 0.1642099
3302 0.1642089
3303 0.1642079
3304 0.1642069
3305 0.1642059
3306 0.164205
3307 0.164204
3308 0.164203
3309 0.164202
3310 0.1642011
3311 0.1642002
3312 0.1641992
3313 0.1641982
3314 0.1641972
3315 0.1641963
3316 0.1641953
3317 0.1641943
3318 0.1641934
3319 0.1641925
3320 0.1641914
3321 0.1641906
3322 0.1641895
3323 0.1641886
3324 0.1641877
3325 0.1641868
3326 0.1641859
3327 0.164185
3328 0.1641841
3329 0.1641832
3330 0.1641822
3331 0.1641813
3332 0.1641804
3333 0.1641795
3334 0.1641786
3335 0.1641776
3336 0.1641767
3337 0.1641756
3338 0.1641748
3339 0.1641739
3340 0.1641729
3341 0.1641719
3342 0.164171
3343 0.1641701
3344 0.164169
3345 0.1641681
3346 0.1641672
3347 0.1641664
3348 0.1641654
3349 0.1641645
3350 0.1641635
3351 0.1641626
3352 0.1641616
3353 0.1641607
3354 0.1641597
3355 0.1641589
3356 0.164158
3357 0.1641571
3358 0.1641562
3359 0.1641553
3360 0.1641543
3361 0.1641533
3362 0.1641524
3363 0.1641516
3364 0.1641507
3365 0.1641498
3366 0.1641489
3367 0.1641479
3368 0.1641471
3369 0.1641461
3370 0.1641452
3371 0.1641444
3372 0.1641435
3373 0.1641426
3374 0.1641416
3375 0.1641408
3376 0.1641399
3377 0.1641389
3378 0.1641381
3379 0.1641372
3380 0.1641362
3381 0.1641354
3382 0.1641345
3383 0.1641337
3384 0.1641329
3385 0.164132
3386 0.1641311
3387 0.1641302
3388 0.1641293
3389 0.1641285
3390 0.1641276
3391 0.1641268
3392 0.1641259
3393 0.164125
3394 0.1641241
3395 0.1641233
3396 0.1641223
3397 0.1641215
3398 0.1641206
3399 0.1641197
3400 0.1641189
3401 0.164118
3402 0.1641172
3403 0.1641163
3404 0.1641154
3405 0.1641146
3406 0.1641137
3407 0.1641128
3408 0.1641121
3409 0.1641111
3410 0.1641103
3411 0.1641096
3412 0.1641087
3413 0.1641079
3414 0.164107
3415 0.1641061
3416 0.1641054
3417 0.1641045
3418 0.1641037
3419 0.1641028
3420 0.164102
3421 0.1641014
3422 0.1641005
3423 0.1640998
3424 0.1640989
3425 0.1640982
3426 0.1640973
3427 0.1640965
3428 0.1640957
3429 0.1640949
3430 0.164094
3431 0.1640932
3432 0.1640924
3433 0.1640916
3434 0.1640906
3435 0.16409
3436 0.1640891
3437 0.1640882
3438 0.1640874
3439 0.1640866
3440 0.1640859
3441 0.1640849
3442 0.1640842
3443 0.1640834
3444 0.1640825
3445 0.1640817
3446 0.1640808
3447 0.1640801
3448 0.1640793
3449 0.1640785
3450 0.1640778
3451 0.1640769
3452 0.1640762
3453 0.1640755
3454 0.1640747
3455 0.1640738
3456 0.164073
3457 0.1640724
3458 0.1640715
3459 0.1640709
3460 0.1640698
3461 0.1640691
3462 0.1640683
3463 0.1640674
3464 0.1640666
3465 0.1640658
3466 0.164065
3467 0.1640642
3468 0.1640633
3469 0.1640624
3470 0.1640616
3471 0.1640609
3472 0.1640601
3473 0.1640592
3474 0.1640584
3475 0.1640577
3476 0.1640569
3477 0.1640561
3478 0.1640553
3479 0.1640545
3480 0.1640539
3481 0.1640531
3482 0.1640523
3483 0.1640516
3484 0.164051
3485 0.16405
3486 0.1640493
3487 0.1640486
3488 0.1640477
3489 0.164047
3490 0.1640462
3491 0.1640455
3492 0.1640447
3493 0.1640439
3494 0.1640431
3495 0.1640422
3496 0.1640416
3497 0.1640408
3498 0.1640402
3499 0.1640393
3500 0.1640385
3501 0.1640378
3502 0.1640371
3503 0.1640363
3504 0.1640355
3505 0.1640349
3506 0.1640341
3507 0.1640333
3508 0.1640327
3509 0.1640318
3510 0.1640311
3511 0.1640304
3512 0.1640297
3513 0.1640289
3514 0.1640282
3515 0.1640273
3516 0.1640266
3517 0.1640259
3518 0.1640252
3519 0.1640246
3520 0.1640237
3521 0.1640232
3522 0.1640225
3523 0.1640216
3524 0.1640208
3525 0.16402
3526 0.1640193
3527 0.1640186
3528 0.1640179
3529 0.1640171
3530 0.1640164
3531 0.1640157
3532 0.1640149
3533 0.1640142
3534 0.1640134
3535 0.1640127
3536 0.1640119
3537 0.1640113
3538 0.1640106
3539 0.1640098
3540 0.164009
3541 0.1640082
3542 0.1640076
3543 0.164007
3544 0.1640061
3545 0.1640055
3546 0.1640048
3547 0.1640041
3548 0.1640035
3549 0.1640028
3550 0.1640021
3551 0.1640014
3552 0.1640007
3553 0.1640001
3554 0.1639993
3555 0.1639987
3556 0.1639979
3557 0.1639972
3558 0.1639965
3559 0.1639958
3560 0.1639951
3561 0.1639944
3562 0.1639937
3563 0.1639929
3564 0.1639923
3565 0.1639916
3566 0.1639908
3567 0.1639902
3568 0.1639894
3569 0.1639889
3570 0.1639881
3571 0.1639875
3572 0.1639869
3573 0.1639861
3574 0.1639854
3575 0.1639849
3576 0.1639841
3577 0.1639836
3578 0.1639828
3579 0.1639819
3580 0.1639813
3581 0.1639805
3582 0.1639799
3583 0.1639793
3584 0.1639785
3585 0.1639778
3586 0.1639772
3587 0.1639764
3588 0.1639756
3589 0.163975
3590 0.1639744
3591 0.1639737
3592 0.1639731
3593 0.1639723
3594 0.1639715
3595 0.163971
3596 0.1639702
3597 0.1639695
3598 0.1639689
3599 0.1639683
3600 0.1639677
3601 0.163967
3602 0.1639664
3603 0.1639658
3604 0.163965
3605 0.1639644
3606 0.1639636
3607 0.1639631
3608 0.1639625
3609 0.163962
3610 0.1639614
3611 0.1639607
3612 0.1639601
3613 0.1639593
3614 0.1639587
3615 0.1639581
3616 0.1639575
3617 0.1639568
3618 0.1639561
3619 0.1639555
3620 0.1639549
3621 0.1639542
3622 0.1639534
3623 0.1639529
3624 0.1639522
3625 0.1639516
3626 0.163951
3627 0.1639503
3628 0.1639497
3629 0.163949
3630 0.1639483
3631 0.1639476
3632 0.1639469
3633 0.1639463
3634 0.1639456
3635 0.163945
3636 0.1639444
3637 0.1639437
3638 0.1639431
3639 0.1639424
3640 0.1639419
3641 0.1639413
3642 0.1639406
3643 0.16394
3644 0.1639394
3645 0.1639387
3646 0.1639382
3647 0.1639375
3648 0.1639368
3649 0.1639362
3650 0.1639357
3651 0.163935
3652 0.1639344
3653 0.1639338
3654 0.163933
3655 0.1639324
3656 0.1639318
3657 0.1639311
3658 0.1639305
3659 0.1639299
3660 0.1639294
3661 0.1639287
3662 0.1639281
3663 0.1639275
3664 0.163927
3665 0.1639263
3666 0.1639257
3667 0.1639254
3668 0.1639246
3669 0.163924
3670 0.1639234
3671 0.1639228
3672 0.1639222
3673 0.1639217
3674 0.1639211
3675 0.1639205
3676 0.16392
3677 0.1639193
3678 0.1639187
3679 0.1639182
3680 0.1639177
3681 0.163917
3682 0.1639165
3683 0.1639159
3684 0.1639153
3685 0.1639148
3686 0.1639142
3687 0.1639136
3688 0.1639129
3689 0.1639123
3690 0.1639118
3691 0.1639112
3692 0.1639105
3693 0.16391
3694 0.1639094
3695 0.1639088
3696 0.1639082
3697 0.1639077
3698 0.1639071
3699 0.1639064
3700 0.1639058
3701 0.1639053
3702 0.1639046
3703 0.163904
3704 0.1639034
3705 0.1639028
3706 0.1639023
3707 0.1639018
3708 0.1639013
3709 0.1639005
3710 0.1639
3711 0.1638995
3712 0.1638989
3713 0.1638982
3714 0.1638978
3715 0.1638971
3716 0.1638966
3717 0.163896
3718 0.1638955
3719 0.1638949
3720 0.1638943
3721 0.1638938
3722 0.1638932
3723 0.1638926
3724 0.163892
3725 0.1638915
3726 0.1638909
3727 0.1638903
3728 0.1638897
3729 0.1638892
3730 0.1638885
3731 0.1638879
3732 0.1638873
3733 0.1638868
3734 0.1638862
3735 0.1638856
3736 0.1638851
3737 0.1638845
3738 0.1638839
3739 0.1638832
3740 0.1638828
3741 0.1638824
3742 0.1638818
3743 0.1638812
3744 0.1638806
3745 0.1638801
3746 0.1638795
3747 0.1638791
3748 0.1638786
3749 0.163878
3750 0.1638774
3751 0.1638769
3752 0.1638763
3753 0.1638757
3754 0.1638752
3755 0.1638747
3756 0.1638742
3757 0.1638736
3758 0.163873
3759 0.1638726
3760 0.1638721
3761 0.1638716
3762 0.1638709
3763 0.1638705
3764 0.1638699
3765 0.1638692
3766 0.1638688
3767 0.1638685
3768 0.163868
3769 0.1638675
3770 0.1638669
3771 0.1638664
3772 0.1638658
3773 0.1638653
3774 0.1638649
3775 0.1638644
3776 0.1638638
3777 0.1638634
3778 0.1638629
3779 0.1638623
3780 0.1638618
3781 0.1638612
3782 0.1638608
3783 0.1638603
3784 0.1638598
3785 0.1638592
3786 0.1638587
3787 0.1638582
3788 0.1638576
3789 0.1638571
3790 0.1638566
3791 0.1638562
3792 0.1638555
3793 0.163855
3794 0.1638545
3795 0.1638541
3796 0.1638534
3797 0.1638529
3798 0.1638525
3799 0.163852
3800 0.1638514
3801 0.1638509
3802 0.1638504
3803 0.1638499
3804 0.1638494
3805 0.163849
3806 0.1638484
3807 0.1638479
3808 0.1638473
3809 0.1638468
3810 0.1638462
3811 0.1638458
3812 0.1638451
3813 0.1638447
3814 0.1638443
3815 0.1638437
3816 0.1638432
3817 0.1638427
3818 0.1638423
3819 0.1638418
3820 0.1638413
3821 0.1638408
3822 0.1638403
3823 0.1638399
3824 0.1638393
3825 0.1638388
3826 0.1638384
3827 0.1638379
3828 0.1638373
3829 0.1638369
3830 0.1638363
3831 0.1638358
3832 0.1638354
3833 0.1638349
3834 0.1638343
3835 0.1638339
3836 0.1638335
3837 0.163833
3838 0.1638325
3839 0.163832
3840 0.1638314
3841 0.1638309
3842 0.1638304
3843 0.16383
3844 0.1638295
3845 0.163829
3846 0.1638286
3847 0.1638281
3848 0.1638275
3849 0.1638271
3850 0.1638266
3851 0.1638262
3852 0.1638257
3853 0.1638252
3854 0.1638248
3855 0.1638243
3856 0.1638238
3857 0.1638233
3858 0.1638228
3859 0.1638224
3860 0.1638218
3861 0.1638214
3862 0.1638208
3863 0.1638203
3864 0.1638199
3865 0.1638195
3866 0.163819
3867 0.1638186
3868 0.1638181
3869 0.1638177
3870 0.1638172
3871 0.1638168
3872 0.1638163
3873 0.1638158
3874 0.1638155
3875 0.163815
3876 0.1638145
3877 0.1638141
3878 0.1638137
3879 0.1638132
3880 0.1638127
3881 0.1638123
3882 0.1638119
3883 0.1638114
3884 0.163811
3885 0.1638105
3886 0.1638101
3887 0.1638096
3888 0.1638092
3889 0.1638087
3890 0.1638083
3891 0.1638079
3892 0.1638074
3893 0.1638069
3894 0.1638066
3895 0.1638062
3896 0.1638057
3897 0.1638053
3898 0.1638049
3899 0.1638045
3900 0.163804
3901 0.1638035
3902 0.1638032
3903 0.1638028
3904 0.1638024
3905 0.1638018
3906 0.1638014
3907 0.163801
3908 0.1638006
3909 0.1638001
3910 0.1637996
3911 0.1637992
3912 0.1637988
3913 0.1637983
3914 0.1637978
3915 0.1637974
3916 0.1637969
3917 0.1637965
3918 0.163796
3919 0.1637955
3920 0.1637951
3921 0.1637947
3922 0.1637943
3923 0.1637939
3924 0.1637933
3925 0.1637929
3926 0.1637924
3927 0.1637921
3928 0.1637916
3929 0.1637913
3930 0.1637907
3931 0.1637903
3932 0.1637898
3933 0.1637895
3934 0.1637891
3935 0.1637885
3936 0.1637882
3937 0.1637878
3938 0.1637874
3939 0.163787
3940 0.1637865
3941 0.1637861
3942 0.1637856
3943 0.1637852
3944 0.1637847
3945 0.1637843
3946 0.1637838
3947 0.1637836
3948 0.1637832
3949 0.1637827
3950 0.1637822
3951 0.1637819
3952 0.1637816
3953 0.1637813
3954 0.1637808
3955 0.1637804
3956 0.16378
3957 0.1637796
3958 0.1637791
3959 0.1637786
3960 0.1637782
3961 0.1637779
3962 0.1637774
3963 0.163777
3964 0.1637765
3965 0.1637763
3966 0.1637759
3967 0.1637756
3968 0.1637751
3969 0.1637748
3970 0.1637744
3971 0.1637739
3972 0.1637734
3973 0.1637732
3974 0.1637727
3975 0.1637723
3976 0.1637719
3977 0.1637716
3978 0.1637713
3979 0.1637709
3980 0.1637705
3981 0.1637701
3982 0.1637697
3983 0.1637694
3984 0.1637689
3985 0.1637686
3986 0.1637683
3987 0.1637679
3988 0.1637675
3989 0.163767
3990 0.1637665
3991 0.1637662
3992 0.1637658
3993 0.1637654
3994 0.163765
3995 0.1637645
3996 0.1637641
3997 0.1637637
3998 0.1637633
3999 0.1637628
4000 0.1637626
4001 0.163762
4002 0.1637617
4003 0.1637613
4004 0.1637609
4005 0.1637605
4006 0.1637601
4007 0.1637597
4008 0.1637594
4009 0.1637589
4010 0.1637586
4011 0.1637582
4012 0.1637578
4013 0.1637574
4014 0.163757
4015 0.1637566
4016 0.1637562
4017 0.1637559
4018 0.1637554
4019 0.1637551
4020 0.1637546
4021 0.1637542
4022 0.1637538
4023 0.1637535
4024 0.1637531
4025 0.1637528
4026 0.1637523
4027 0.163752
4028 0.1637516
4029 0.1637514
4030 0.163751
4031 0.1637506
4032 0.1637502
4033 0.1637499
4034 0.1637495
4035 0.1637492
4036 0.1637489
4037 0.1637484
4038 0.1637481
4039 0.1637477
4040 0.1637473
4041 0.1637469
4042 0.1637466
4043 0.1637464
4044 0.163746
4045 0.1637456
4046 0.1637453
4047 0.1637449
4048 0.1637445
4049 0.1637442
4050 0.1637438
4051 0.1637436
4052 0.1637433
4053 0.1637429
4054 0.1637425
4055 0.1637422
4056 0.1637419
4057 0.1637415
4058 0.1637411
4059 0.1637408
4060 0.1637404
4061 0.16374
4062 0.1637395
4063 0.1637392
4064 0.1637388
4065 0.1637386
4066 0.1637381
4067 0.1637378
4068 0.1637374
4069 0.1637371
4070 0.1637368
4071 0.1637363
4072 0.163736
4073 0.1637356
4074 0.1637352
4075 0.1637349
4076 0.1637347
4077 0.1637342
4078 0.1637338
4079 0.1637335
4080 0.1637331
4081 0.1637329
4082 0.1637325
4083 0.1637322
4084 0.163732
4085 0.1637316
4086 0.1637312
4087 0.163731
4088 0.1637306
4089 0.1637302
4090 0.1637298
4091 0.1637295
4092 0.1637291
4093 0.1637288
4094 0.1637286
4095 0.1637281
4096 0.1637277
4097 0.1637274
4098 0.1637271
4099 0.1637269
4100 0.1637265
4101 0.1637261
4102 0.1637257
4103 0.1637253
4104 0.1637252
4105 0.1637248
4106 0.1637244
4107 0.163724
4108 0.1637238
4109 0.1637235
4110 0.1637232
4111 0.1637228
4112 0.1637225
4113 0.1637222
4114 0.1637219
4115 0.1637216
4116 0.1637213
4117 0.163721
4118 0.1637206
4119 0.1637202
4120 0.1637199
4121 0.1637196
4122 0.1637192
4123 0.1637189
4124 0.1637186
4125 0.1637183
4126 0.1637181
4127 0.1637179
4128 0.1637176
4129 0.1637172
4130 0.1637169
4131 0.1637164
4132 0.163716
4133 0.1637158
4134 0.1637155
4135 0.1637152
4136 0.1637148
4137 0.1637145
4138 0.1637141
4139 0.1637138
4140 0.1637135
4141 0.1637131
4142 0.1637129
4143 0.1637125
4144 0.1637122
4145 0.1637118
4146 0.1637114
4147 0.1637111
4148 0.1637109
4149 0.1637106
4150 0.1637103
4151 0.1637099
4152 0.1637096
4153 0.1637094
4154 0.163709
4155 0.1637088
4156 0.1637085
4157 0.1637082
4158 0.1637079
4159 0.1637075
4160 0.1637072
4161 0.1637069
4162 0.1637065
4163 0.1637062
4164 0.1637059
4165 0.1637056
4166 0.1637053
4167 0.1637049
4168 0.1637046
4169 0.1637043
4170 0.1637039
4171 0.1637037
4172 0.1637034
4173 0.1637031
4174 0.1637028
4175 0.1637024
4176 0.163702
4177 0.1637017
4178 0.1637015
4179 0.1637013
4180 0.163701
4181 0.1637007
4182 0.1637004
4183 0.1637002
4184 0.1636999
4185 0.1636996
4186 0.1636993
4187 0.1636989
4188 0.1636987
4189 0.1636984
4190 0.1636981
4191 0.1636977
4192 0.1636976
4193 0.1636972
4194 0.1636969
4195 0.1636966
4196 0.1636964
4197 0.1636959
4198 0.1636957
4199 0.1636954
4200 0.1636951
4201 0.1636948
4202 0.1636945
4203 0.1636941
4204 0.1636938
4205 0.1636935
4206 0.1636931
4207 0.163693
4208 0.1636926
4209 0.1636924
4210 0.1636921
4211 0.1636917
4212 0.1636915
4213 0.1636912
4214 0.1636909
4215 0.1636906
4216 0.1636903
4217 0.1636901
4218 0.1636898
4219 0.1636895
4220 0.1636893
4221 0.1636889
4222 0.1636887
4223 0.1636884
4224 0.1636881
4225 0.1636879
4226 0.1636876
4227 0.1636872
4228 0.1636871
4229 0.1636868
4230 0.1636866
4231 0.1636863
4232 0.163686
4233 0.1636858
4234 0.1636854
4235 0.1636852
4236 0.1636849
4237 0.1636847
4238 0.1636844
4239 0.163684
4240 0.1636837
4241 0.1636835
4242 0.1636832
4243 0.1636829
4244 0.1636827
4245 0.1636824
4246 0.1636821
4247 0.1636818
4248 0.1636816
4249 0.1636813
4250 0.163681
4251 0.1636807
4252 0.1636803
4253 0.1636801
4254 0.1636799
4255 0.1636796
4256 0.1636793
4257 0.163679
4258 0.1636787
4259 0.1636783
4260 0.1636781
4261 0.1636778
4262 0.1636776
4263 0.1636773
4264 0.1636771
4265 0.1636768
4266 0.1636765
4267 0.1636762
4268 0.1636758
4269 0.1636756
4270 0.1636754
4271 0.163675
4272 0.1636748
4273 0.1636744
4274 0.1636742
4275 0.1636739
4276 0.1636736
4277 0.1636733
4278 0.1636731
4279 0.1636728
4280 0.1636726
4281 0.1636723
4282 0.1636719
4283 0.1636717
4284 0.1636714
4285 0.1636712
4286 0.1636709
4287 0.1636707
4288 0.1636705
4289 0.1636703
4290 0.16367
4291 0.1636698
4292 0.1636697
4293 0.1636695
4294 0.1636691
4295 0.1636688
4296 0.1636685
4297 0.1636683
4298 0.1636682
4299 0.1636679
4300 0.1636675
4301 0.1636674
4302 0.163667
4303 0.1636668
4304 0.1636666
4305 0.1636663
4306 0.1636661
4307 0.1636659
4308 0.1636655
4309 0.1636653
4310 0.163665
4311 0.1636647
4312 0.1636645
4313 0.1636643
4314 0.163664
4315 0.1636638
4316 0.1636635
4317 0.1636633
4318 0.163663
4319 0.1636628
4320 0.1636626
4321 0.1636623
4322 0.163662
4323 0.1636616
4324 0.1636616
4325 0.1636612
4326 0.163661
4327 0.1636607
4328 0.1636604
4329 0.1636602
4330 0.1636599
4331 0.1636596
4332 0.1636595
4333 0.1636593
4334 0.163659
4335 0.1636587
4336 0.1636585
4337 0.1636582
4338 0.1636578
4339 0.1636576
4340 0.1636574
4341 0.1636573
4342 0.1636568
4343 0.1636566
4344 0.1636564
4345 0.1636562
4346 0.1636558
4347 0.1636557
4348 0.1636555
4349 0.1636553
4350 0.163655
4351 0.1636549
4352 0.1636546
4353 0.1636542
4354 0.1636541
4355 0.1636539
4356 0.1636536
4357 0.1636534
4358 0.1636532
4359 0.1636528
4360 0.1636527
4361 0.1636525
4362 0.1636522
4363 0.163652
4364 0.1636518
4365 0.1636515
4366 0.1636513
4367 0.163651
4368 0.1636508
4369 0.1636506
4370 0.1636503
4371 0.16365
4372 0.1636497
4373 0.1636495
4374 0.1636491
4375 0.1636489
4376 0.1636487
4377 0.1636485
4378 0.1636481
4379 0.1636479
4380 0.1636477
4381 0.1636476
4382 0.1636472
4383 0.163647
4384 0.1636469
4385 0.1636467
4386 0.1636466
4387 0.1636463
4388 0.1636461
4389 0.1636459
4390 0.1636456
4391 0.1636454
4392 0.1636452
4393 0.1636449
4394 0.1636447
4395 0.1636445
4396 0.1636442
4397 0.1636441
4398 0.1636439
4399 0.1636436
4400 0.1636434
4401 0.1636432
4402 0.163643
4403 0.1636427
4404 0.1636427
4405 0.1636423
4406 0.1636422
4407 0.1636419
4408 0.1636416
4409 0.1636415
4410 0.1636413
4411 0.163641
4412 0.1636409
4413 0.1636406
4414 0.1636403
4415 0.1636402
4416 0.1636399
4417 0.1636398
4418 0.1636395
4419 0.1636393
4420 0.1636389
4421 0.1636387
4422 0.1636385
4423 0.1636384
4424 0.1636381
4425 0.1636379
4426 0.1636377
4427 0.1636374
4428 0.1636373
4429 0.1636371
4430 0.1636369
4431 0.1636367
4432 0.1636365
4433 0.1636363
4434 0.1636361
4435 0.1636357
4436 0.1636356
4437 0.1636354
4438 0.1636353
4439 0.1636349
4440 0.1636348
4441 0.1636346
4442 0.1636344
4443 0.1636342
4444 0.163634
4445 0.1636337
4446 0.1636334
4447 0.1636332
4448 0.1636331
4449 0.1636329
4450 0.1636326
4451 0.1636324
4452 0.1636322
4453 0.1636319
4454 0.1636317
4455 0.1636313
4456 0.1636312
4457 0.1636309
4458 0.1636308
4459 0.1636306
4460 0.1636304
4461 0.1636302
4462 0.1636301
4463 0.1636299
4464 0.1636296
4465 0.1636295
4466 0.1636293
4467 0.1636291
4468 0.1636288
4469 0.1636286
4470 0.1636283
4471 0.163628
4472 0.1636278
4473 0.1636277
4474 0.1636275
4475 0.1636273
4476 0.1636271
4477 0.1636268
4478 0.1636264
4479 0.1636263
4480 0.1636261
4481 0.1636259
4482 0.1636258
4483 0.1636254
4484 0.1636254
4485 0.1636252
4486 0.1636249
4487 0.1636247
4488 0.1636246
4489 0.1636244
4490 0.1636242
4491 0.1636241
4492 0.1636238
4493 0.1636237
4494 0.1636234
4495 0.1636232
4496 0.163623
4497 0.1636228
4498 0.1636226
4499 0.1636223
4500 0.1636222
4501 0.163622
4502 0.1636218
4503 0.1636216
4504 0.1636213
4505 0.1636212
4506 0.1636209
4507 0.1636208
4508 0.1636206
4509 0.1636204
4510 0.1636203
4511 0.1636201
4512 0.1636199
4513 0.1636197
4514 0.1636195
4515 0.1636192
4516 0.1636191
4517 0.1636189
4518 0.1636188
4519 0.1636186
4520 0.1636184
4521 0.1636183
4522 0.163618
4523 0.1636177
4524 0.1636174
4525 0.1636172
4526 0.163617
4527 0.1636168
4528 0.1636165
4529 0.1636163
4530 0.1636162
4531 0.163616
4532 0.1636158
4533 0.1636155
4534 0.1636154
4535 0.1636152
4536 0.1636149
4537 0.1636147
4538 0.1636145
4539 0.1636143
4540 0.1636142
4541 0.163614
4542 0.1636138
4543 0.1636135
4544 0.1636134
4545 0.1636132
4546 0.163613
4547 0.1636127
4548 0.1636125
4549 0.1636123
4550 0.1636122
4551 0.163612
4552 0.1636117
4553 0.1636115
4554 0.1636113
4555 0.1636111
4556 0.1636109
4557 0.1636107
4558 0.1636106
4559 0.1636105
4560 0.1636101
4561 0.1636099
4562 0.1636098
4563 0.1636096
4564 0.1636094
4565 0.1636092
4566 0.163609
4567 0.1636088
4568 0.1636087
4569 0.1636086
4570 0.1636084
4571 0.1636082
4572 0.163608
4573 0.1636077
4574 0.1636075
4575 0.1636072
4576 0.1636071
4577 0.1636068
4578 0.1636067
4579 0.1636065
4580 0.1636064
4581 0.1636062
4582 0.1636061
4583 0.1636059
4584 0.1636057
4585 0.1636055
4586 0.1636053
4587 0.1636052
4588 0.163605
4589 0.1636049
4590 0.1636048
4591 0.1636046
4592 0.1636045
4593 0.1636043
4594 0.1636041
4595 0.1636038
4596 0.1636038
4597 0.1636036
4598 0.1636035
4599 0.1636033
4600 0.1636031
4601 0.163603
4602 0.1636027
4603 0.1636025
4604 0.1636023
4605 0.1636021
4606 0.1636021
4607 0.1636018
4608 0.1636015
4609 0.1636013
4610 0.1636012
4611 0.163601
4612 0.1636008
4613 0.1636007
4614 0.1636005
4615 0.1636003
4616 0.1636001
4617 0.1636
4618 0.1635997
4619 0.1635995
4620 0.1635993
4621 0.1635992
4622 0.1635989
4623 0.1635987
4624 0.1635986
4625 0.1635985
4626 0.1635983
4627 0.1635981
4628 0.1635979
4629 0.1635978
4630 0.1635975
4631 0.1635973
4632 0.1635972
4633 0.1635969
4634 0.1635968
4635 0.1635966
4636 0.1635963
4637 0.1635962
4638 0.163596
4639 0.1635958
4640 0.1635957
4641 0.1635955
4642 0.1635955
4643 0.1635953
4644 0.163595
4645 0.163595
4646 0.1635948
4647 0.1635945
4648 0.1635943
4649 0.1635941
4650 0.163594
4651 0.1635938
4652 0.1635937
4653 0.1635935
4654 0.1635932
4655 0.1635932
4656 0.1635931
4657 0.1635928
4658 0.1635927
4659 0.1635925
4660 0.1635924
4661 0.1635922
4662 0.163592
4663 0.163592
4664 0.1635918
4665 0.1635917
4666 0.1635915
4667 0.1635913
4668 0.1635912
4669 0.163591
4670 0.1635908
4671 0.1635907
4672 0.1635907
4673 0.1635904
4674 0.1635903
4675 0.1635901
4676 0.1635898
4677 0.1635897
4678 0.1635894
4679 0.1635893
4680 0.1635891
4681 0.1635889
4682 0.1635888
4683 0.1635886
4684 0.1635885
4685 0.1635882
4686 0.1635881
4687 0.1635879
4688 0.1635878
4689 0.1635877
4690 0.1635876
4691 0.1635875
4692 0.1635873
4693 0.1635871
4694 0.1635869
4695 0.163587
4696 0.1635869
4697 0.1635867
4698 0.1635865
4699 0.1635863
4700 0.1635861
4701 0.163586
4702 0.1635859
4703 0.1635858
4704 0.1635857
4705 0.1635854
4706 0.1635853
4707 0.1635851
4708 0.1635849
4709 0.1635847
4710 0.1635844
4711 0.1635844
4712 0.1635841
4713 0.1635839
4714 0.1635838
4715 0.1635837
4716 0.1635834
4717 0.1635832
4718 0.1635831
4719 0.163583
4720 0.1635828
4721 0.1635827
4722 0.1635826
4723 0.1635825
4724 0.1635823
4725 0.1635821
4726 0.1635821
4727 0.163582
4728 0.1635819
4729 0.1635817
4730 0.1635815
4731 0.1635814
4732 0.1635814
4733 0.1635811
4734 0.163581
4735 0.1635808
4736 0.1635808
4737 0.1635806
4738 0.1635804
4739 0.1635804
4740 0.1635802
4741 0.16358
4742 0.1635798
4743 0.1635796
4744 0.1635794
4745 0.1635792
4746 0.1635791
4747 0.1635789
4748 0.1635788
4749 0.1635786
4750 0.1635783
4751 0.1635783
4752 0.1635781
4753 0.1635779
4754 0.1635778
4755 0.1635776
4756 0.1635774
4757 0.1635773
4758 0.1635771
4759 0.163577
4760 0.1635769
4761 0.1635768
4762 0.1635765
4763 0.1635764
4764 0.1635764
4765 0.1635761
4766 0.163576
4767 0.1635759
4768 0.1635757
4769 0.1635756
4770 0.1635755
4771 0.1635754
4772 0.1635753
4773 0.1635751
4774 0.163575
4775 0.1635748
4776 0.1635748
4777 0.1635747
4778 0.1635745
4779 0.1635744
4780 0.1635741
4781 0.1635741
4782 0.163574
4783 0.1635738
4784 0.1635736
4785 0.1635735
4786 0.1635733
4787 0.1635733
4788 0.1635731
4789 0.1635729
4790 0.1635728
4791 0.1635727
4792 0.1635726
4793 0.1635724
4794 0.1635722
4795 0.1635721
4796 0.163572
4797 0.1635717
4798 0.1635716
4799 0.1635715
4800 0.1635714
4801 0.1635713
4802 0.1635711
4803 0.1635709
4804 0.1635707
4805 0.1635707
4806 0.1635706
4807 0.1635704
4808 0.1635703
4809 0.1635701
4810 0.1635699
4811 0.1635697
4812 0.1635696
4813 0.1635694
4814 0.1635693
4815 0.1635692
4816 0.1635691
4817 0.1635689
4818 0.1635688
4819 0.1635687
4820 0.1635686
4821 0.1635685
4822 0.1635684
4823 0.1635684
4824 0.1635682
4825 0.163568
4826 0.1635679
4827 0.1635678
4828 0.1635678
4829 0.1635676
4830 0.1635675
4831 0.1635674
4832 0.1635673
4833 0.1635672
4834 0.1635671
4835 0.1635669
4836 0.1635669
4837 0.1635669
4838 0.1635666
4839 0.1635664
4840 0.1635664
4841 0.1635662
4842 0.1635661
4843 0.163566
4844 0.1635659
4845 0.1635657
4846 0.1635657
4847 0.1635655
4848 0.1635654
4849 0.1635652
4850 0.1635651
4851 0.163565
4852 0.1635648
4853 0.1635646
4854 0.1635646
4855 0.1635643
4856 0.1635643
4857 0.1635642
4858 0.163564
4859 0.1635638
4860 0.1635637
4861 0.1635636
4862 0.1635635
4863 0.1635633
4864 0.1635631
4865 0.163563
4866 0.1635629
4867 0.1635628
4868 0.1635628
4869 0.1635626
4870 0.1635624
4871 0.1635624
4872 0.1635622
4873 0.1635621
4874 0.1635619
4875 0.1635617
4876 0.1635616
4877 0.1635615
4878 0.1635613
4879 0.1635613
4880 0.163561
4881 0.1635609
4882 0.1635609
4883 0.1635607
4884 0.1635606
4885 0.1635605
4886 0.1635604
4887 0.1635603
4888 0.1635602
4889 0.16356
4890 0.16356
4891 0.1635598
4892 0.1635596
4893 0.1635595
4894 0.1635593
4895 0.1635592
4896 0.163559
4897 0.1635588
4898 0.1635586
4899 0.1635586
4900 0.1635584
4901 0.1635584
4902 0.1635583
4903 0.1635582
4904 0.163558
4905 0.1635579
4906 0.1635578
4907 0.1635576
4908 0.1635577
4909 0.1635575
4910 0.1635575
4911 0.1635575
4912 0.1635572
4913 0.1635572
4914 0.1635572
4915 0.1635571
4916 0.163557
4917 0.1635569
4918 0.1635567
4919 0.1635565
4920 0.1635564
4921 0.1635563
4922 0.1635561
4923 0.163556
4924 0.1635559
4925 0.1635558
4926 0.1635556
4927 0.1635555
4928 0.1635554
4929 0.1635552
4930 0.163555
4931 0.163555
4932 0.1635548
4933 0.1635548
4934 0.1635547
4935 0.1635546
4936 0.1635545
4937 0.1635544
4938 0.1635544
4939 0.1635541
4940 0.1635541
4941 0.163554
4942 0.1635539
4943 0.1635539
4944 0.1635537
4945 0.1635536
4946 0.1635534
4947 0.1635533
4948 0.1635532
4949 0.163553
4950 0.1635529
4951 0.1635528
4952 0.1635526
4953 0.1635525
4954 0.1635523
4955 0.1635523
4956 0.1635522
4957 0.1635522
4958 0.163552
4959 0.163552
4960 0.1635518
4961 0.1635517
4962 0.1635515
4963 0.1635514
4964 0.1635514
4965 0.1635512
4966 0.1635511
4967 0.163551
4968 0.1635509
4969 0.1635508
4970 0.1635508
4971 0.1635506
4972 0.1635505
4973 0.1635504
4974 0.1635503
4975 0.1635502
4976 0.1635501
4977 0.16355
4978 0.1635498
4979 0.1635498
4980 0.1635496
4981 0.1635495
4982 0.1635493
4983 0.1635492
4984 0.1635491
4985 0.1635491
4986 0.1635489
4987 0.1635488
4988 0.1635486
4989 0.1635486
4990 0.1635486
4991 0.1635485
4992 0.1635484
4993 0.1635483
4994 0.1635482
4995 0.1635481
4996 0.163548
4997 0.1635478
4998 0.1635478
4999 0.1635475
5000 0.1635475
5001 0.1635474
5002 0.1635474
5003 0.1635472
5004 0.1635471
5005 0.163547
5006 0.1635468
5007 0.1635468
5008 0.1635467
5009 0.1635465
5010 0.1635464
5011 0.1635463
5012 0.1635462
5013 0.163546
5014 0.1635459
5015 0.1635458
5016 0.1635457
5017 0.1635457
5018 0.1635456
5019 0.1635454
5020 0.1635454
5021 0.1635453
5022 0.1635452
5023 0.1635452
5024 0.163545
5025 0.1635449
5026 0.1635448
5027 0.1635447
5028 0.1635446
5029 0.1635445
5030 0.1635443
5031 0.1635443
5032 0.1635441
5033 0.163544
5034 0.1635439
5035 0.1635437
5036 0.1635436
5037 0.1635436
5038 0.1635435
5039 0.1635433
5040 0.1635432
5041 0.1635431
5042 0.163543
5043 0.163543
5044 0.1635429
5045 0.1635428
5046 0.1635427
5047 0.1635425
5048 0.1635425
5049 0.1635424
5050 0.1635423
5051 0.1635423
5052 0.1635422
5053 0.1635422
5054 0.163542
5055 0.163542
5056 0.1635418
5057 0.1635417
5058 0.1635416
5059 0.1635415
5060 0.1635413
5061 0.1635413
5062 0.1635411
5063 0.163541
5064 0.1635409
5065 0.1635408
5066 0.1635406
5067 0.1635407
5068 0.1635407
5069 0.1635405
5070 0.1635405
5071 0.1635404
5072 0.1635403
5073 0.1635402
5074 0.1635401
5075 0.1635401
5076 0.16354
5077 0.16354
5078 0.16354
5079 0.1635399
5080 0.1635398
5081 0.1635397
5082 0.1635395
5083 0.1635395
5084 0.1635394
5085 0.1635392
5086 0.1635392
5087 0.1635391
5088 0.1635389
5089 0.1635388
5090 0.1635387
5091 0.1635384
5092 0.1635384
5093 0.1635382
5094 0.1635381
5095 0.163538
5096 0.1635379
5097 0.1635378
5098 0.1635377
5099 0.1635376
5100 0.1635375
5101 0.1635374
5102 0.1635373
5103 0.1635373
5104 0.1635371
5105 0.163537
5106 0.163537
5107 0.163537
5108 0.1635368
5109 0.1635367
5110 0.1635366
5111 0.1635366
5112 0.1635364
5113 0.1635363
5114 0.1635363
5115 0.1635362
5116 0.1635361
5117 0.163536
5118 0.163536
5119 0.1635359
5120 0.1635357
5121 0.1635357
5122 0.1635357
5123 0.1635356
5124 0.1635356
5125 0.1635354
5126 0.1635354
5127 0.1635352
5128 0.1635351
5129 0.1635351
5130 0.163535
5131 0.1635349
5132 0.1635348
5133 0.1635348
5134 0.1635347
5135 0.1635346
5136 0.1635344
5137 0.1635345
5138 0.1635344
5139 0.1635343
5140 0.1635341
5141 0.1635341
5142 0.1635341
5143 0.163534
5144 0.1635339
5145 0.1635338
5146 0.1635337
5147 0.1635336
5148 0.1635335
5149 0.1635334
5150 0.1635332
5151 0.1635331
5152 0.1635329
5153 0.1635329
5154 0.1635328
5155 0.1635328
5156 0.1635326
5157 0.1635325
5158 0.1635325
5159 0.1635324
5160 0.1635323
5161 0.1635322
5162 0.1635322
5163 0.1635321
5164 0.163532
5165 0.1635319
5166 0.1635318
5167 0.1635317
5168 0.1635316
5169 0.1635315
5170 0.1635314
5171 0.1635314
5172 0.1635312
5173 0.1635311
5174 0.1635311
5175 0.1635309
5176 0.1635309
5177 0.1635307
5178 0.1635308
5179 0.1635306
5180 0.1635305
5181 0.1635305
5182 0.1635303
5183 0.1635303
5184 0.1635302
5185 0.16353
5186 0.1635299
5187 0.1635299
5188 0.1635299
5189 0.1635298
5190 0.1635297
5191 0.1635296
5192 0.1635295
5193 0.1635294
5194 0.1635295
5195 0.1635293
5196 0.1635293
5197 0.1635291
5198 0.1635291
5199 0.163529
5200 0.1635289
5201 0.1635288
5202 0.1635287
5203 0.1635286
5204 0.1635285
5205 0.1635285
5206 0.1635284
5207 0.1635282
5208 0.1635282
5209 0.1635281
5210 0.163528
5211 0.1635279
5212 0.1635278
5213 0.1635277
5214 0.1635277
5215 0.1635277
5216 0.1635276
5217 0.1635275
5218 0.1635275
5219 0.1635274
5220 0.1635274
5221 0.1635273
5222 0.1635273
5223 0.1635271
5224 0.163527
5225 0.163527
5226 0.1635269
5227 0.1635267
5228 0.1635266
5229 0.1635265
5230 0.1635265
5231 0.1635264
5232 0.1635264
5233 0.1635264
5234 0.1635263
5235 0.1635262
5236 0.1635261
5237 0.1635261
5238 0.163526
5239 0.1635258
5240 0.1635258
5241 0.1635259
5242 0.1635257
5243 0.1635256
5244 0.1635256
5245 0.1635254
5246 0.1635254
5247 0.1635253
5248 0.1635251
5249 0.1635251
5250 0.1635251
5251 0.163525
5252 0.1635249
5253 0.1635247
5254 0.1635246
5255 0.1635246
5256 0.1635245
5257 0.1635244
5258 0.1635243
5259 0.1635242
5260 0.1635241
5261 0.1635242
5262 0.1635241
5263 0.1635241
5264 0.1635241
5265 0.163524
5266 0.163524
5267 0.1635238
5268 0.1635238
5269 0.1635237
5270 0.1635236
5271 0.1635235
5272 0.1635235
5273 0.1635234
5274 0.1635233
5275 0.1635232
5276 0.1635232
5277 0.1635232
5278 0.163523
5279 0.163523
5280 0.1635229
5281 0.1635228
5282 0.1635227
5283 0.1635227
5284 0.1635226
5285 0.1635226
5286 0.1635224
5287 0.1635224
5288 0.1635224
5289 0.1635223
5290 0.1635222
5291 0.1635221
5292 0.163522
5293 0.163522
5294 0.1635218
5295 0.1635218
5296 0.1635218
5297 0.1635216
5298 0.1635216
5299 0.1635214
5300 0.1635214
5301 0.1635212
5302 0.1635212
5303 0.1635211
5304 0.163521
5305 0.1635209
5306 0.1635207
5307 0.1635206
5308 0.1635205
5309 0.1635204
5310 0.1635204
5311 0.1635203
5312 0.1635202
5313 0.1635201
5314 0.1635201
5315 0.1635201
5316 0.16352
5317 0.1635198
5318 0.1635198
5319 0.1635198
5320 0.1635198
5321 0.1635198
5322 0.1635197
5323 0.1635196
5324 0.1635195
5325 0.1635195
5326 0.1635195
5327 0.1635194
5328 0.1635194
5329 0.1635194
5330 0.1635193
5331 0.1635192
5332 0.1635191
5333 0.1635192
5334 0.163519
5335 0.163519
5336 0.1635189
5337 0.1635189
5338 0.1635188
5339 0.1635186
5340 0.1635186
5341 0.1635185
5342 0.1635183
5343 0.1635183
5344 0.1635183
5345 0.1635181
5346 0.1635181
5347 0.163518
5348 0.1635178
5349 0.1635178
5350 0.1635178
5351 0.1635177
5352 0.1635176
5353 0.1635175
5354 0.1635174
5355 0.1635174
5356 0.1635172
5357 0.1635172
5358 0.1635172
5359 0.163517
5360 0.163517
5361 0.1635169
5362 0.1635168
5363 0.1635168
5364 0.1635167
5365 0.1635166
5366 0.1635165
5367 0.1635165
5368 0.1635165
5369 0.1635164
5370 0.1635164
5371 0.1635162
5372 0.1635161
5373 0.1635161
5374 0.1635161
5375 0.163516
5376 0.163516
5377 0.1635158
5378 0.1635159
5379 0.1635158
5380 0.1635158
5381 0.1635158
5382 0.1635158
5383 0.1635157
5384 0.1635156
5385 0.1635156
5386 0.1635156
5387 0.1635155
5388 0.1635155
5389 0.1635155
5390 0.1635154
5391 0.1635154
5392 0.1635153
5393 0.1635153
5394 0.1635153
5395 0.1635151
5396 0.163515
5397 0.1635148
5398 0.1635148
5399 0.1635147
5400 0.1635146
5401 0.1635145
5402 0.1635144
5403 0.1635144
5404 0.1635144
5405 0.1635144
5406 0.1635143
5407 0.1635142
5408 0.1635141
5409 0.163514
5410 0.163514
5411 0.1635139
5412 0.1635138
5413 0.1635138
5414 0.1635137
5415 0.1635136
5416 0.1635135
5417 0.1635136
5418 0.1635135
5419 0.1635135
5420 0.1635133
5421 0.1635133
5422 0.1635133
5423 0.1635131
5424 0.1635131
5425 0.1635129
5426 0.163513
5427 0.1635129
5428 0.1635129
5429 0.1635128
5430 0.1635127
5431 0.1635126
5432 0.1635126
5433 0.1635125
5434 0.1635125
5435 0.1635125
5436 0.1635124
5437 0.1635124
5438 0.1635124
5439 0.1635123
5440 0.1635122
5441 0.1635122
5442 0.1635121
5443 0.1635121
5444 0.163512
5445 0.1635118
5446 0.1635118
5447 0.1635117
5448 0.1635117
5449 0.1635116
5450 0.1635115
5451 0.1635115
5452 0.1635115
5453 0.1635114
5454 0.1635114
5455 0.1635112
5456 0.1635112
5457 0.163511
5458 0.163511
5459 0.1635109
5460 0.1635107
5461 0.1635107
5462 0.1635106
5463 0.1635105
5464 0.1635105
5465 0.1635105
5466 0.1635105
5467 0.1635104
5468 0.1635104
5469 0.1635104
5470 0.1635103
5471 0.1635102
5472 0.1635103
5473 0.1635102
5474 0.1635102
5475 0.1635101
5476 0.16351
5477 0.16351
5478 0.1635099
5479 0.1635098
5480 0.1635098
5481 0.1635098
5482 0.1635097
5483 0.1635097
5484 0.1635096
