"lift_report-rfile"
"Iteration" "lift_report"
("Iteration" "lift_report")
800 0.5161341
801 0.5161074
802 0.5160801
803 0.5160521
804 0.5160241
805 0.5159951
806 0.5159659
807 0.5159366
808 0.5159073
809 0.5158781
810 0.5158486
811 0.5158198
812 0.5157913
813 0.5157635
814 0.5157347
815 0.5157078
816 0.5156825
817 0.5156582
818 0.5156353
819 0.5156137
820 0.5155935
821 0.5155745
822 0.5155567
823 0.5155401
824 0.5155252
825 0.5155107
826 0.5154988
827 0.5154882
828 0.515479
829 0.5154727
830 0.5154665
831 0.5154615
832 0.5154583
833 0.5154558
834 0.5154535
835 0.5154526
836 0.5154535
837 0.5154555
838 0.5154585
839 0.5154628
840 0.5154673
841 0.5154731
842 0.5154793
843 0.5154862
844 0.5154937
845 0.5155015
846 0.5155098
847 0.5155187
848 0.515527
849 0.5155364
850 0.5155457
851 0.5155551
852 0.5155649
853 0.5155745
854 0.5155842
855 0.5155942
856 0.515604
857 0.5156139
858 0.5156237
859 0.5156333
860 0.5156426
861 0.5156515
862 0.5156601
863 0.5156685
864 0.5156763
865 0.5156835
866 0.5156906
867 0.5156965
868 0.5157025
869 0.5157084
870 0.5157137
871 0.5157188
872 0.5157231
873 0.5157272
874 0.5157306
875 0.5157329
876 0.515735
877 0.5157365
878 0.5157373
879 0.5157378
880 0.5157374
881 0.5157364
882 0.5157346
883 0.5157325
884 0.5157298
885 0.5157268
886 0.5157232
887 0.5157196
888 0.5157155
889 0.515711
890 0.5157062
891 0.5157011
892 0.5156959
893 0.5156901
894 0.5156842
895 0.5156782
896 0.5156715
897 0.5156653
898 0.5156586
899 0.5156518
900 0.5156449
901 0.5156381
902 0.5156311
903 0.5156241
904 0.515617
905 0.5156106
906 0.5156036
907 0.5155984
908 0.5155917
909 0.515586
910 0.5155811
911 0.5155762
912 0.5155709
913 0.5155657
914 0.5155615
915 0.5155575
916 0.5155538
917 0.5155511
918 0.5155486
919 0.5155467
920 0.5155451
921 0.5155442
922 0.5155441
923 0.5155446
924 0.5155459
925 0.5155469
926 0.5155492
927 0.5155519
928 0.5155548
929 0.5155583
930 0.5155626
931 0.5155671
932 0.515572
933 0.5155774
934 0.5155832
935 0.5155892
936 0.5155952
937 0.5156017
938 0.5156119
939 0.5156174
940 0.5156232
941 0.5156301
942 0.5156409
943 0.5156464
944 0.5156524
945 0.5156593
946 0.5156667
947 0.5156739
948 0.5156816
949 0.515689
950 0.5156967
951 0.515704
952 0.5157108
953 0.5157179
954 0.5157251
955 0.515732
956 0.5157387
957 0.5157455
958 0.5157521
959 0.5157583
960 0.5157645
961 0.5157707
962 0.5157766
963 0.5157823
964 0.5157879
965 0.5157933
966 0.5157987
967 0.5158037
968 0.5158091
969 0.5158138
970 0.5158184
971 0.5158228
972 0.5158272
973 0.5158312
974 0.5158353
975 0.5158393
976 0.5158432
977 0.5158469
978 0.5158501
979 0.5158535
980 0.5158565
981 0.5158597
982 0.5158639
983 0.5158665
984 0.5158685
985 0.5158719
986 0.515874
987 0.5158767
988 0.5158786
989 0.5158802
990 0.5158833
991 0.5158852
992 0.515887
993 0.5158891
994 0.5158912
995 0.5158936
996 0.5158957
997 0.5158978
998 0.5159
999 0.5159023
1000 0.5159042
1001 0.5159063
1002 0.5159086
1003 0.5159107
1004 0.5159127
1005 0.515915
1006 0.515917
1007 0.5159192
1008 0.5159216
1009 0.5159236
1010 0.5159258
1011 0.5159283
1012 0.5159305
1013 0.5159329
1014 0.5159352
1015 0.5159377
1016 0.5159406
1017 0.5159435
1018 0.5159463
1019 0.515949
1020 0.5159523
1021 0.515955
1022 0.5159584
1023 0.5159624
1024 0.5159653
1025 0.5159686
1026 0.5159717
1027 0.5159742
1028 0.5159773
1029 0.5159804
1030 0.5159836
1031 0.5159868
1032 0.5159903
1033 0.5159937
1034 0.5159971
1035 0.516001
1036 0.5160046
1037 0.5160085
1038 0.5160125
1039 0.5160177
1040 0.5160217
1041 0.5160256
1042 0.5160298
1043 0.5160327
1044 0.5160362
1045 0.5160406
1046 0.5160459
1047 0.5160513
1048 0.516055
1049 0.5160599
1050 0.5160668
1051 0.5160735
1052 0.5160815
1053 0.5160882
1054 0.5160943
1055 0.5161004
1056 0.5161066
1057 0.5161129
1058 0.5161196
1059 0.5161267
1060 0.5161337
1061 0.5161409
1062 0.5161488
1063 0.5161565
1064 0.5161647
1065 0.5161726
1066 0.5161806
1067 0.5161884
1068 0.5161968
1069 0.5162054
1070 0.5162143
1071 0.5162233
1072 0.5162323
1073 0.5162413
1074 0.5162517
1075 0.516261
1076 0.5162697
1077 0.5162785
1078 0.5162873
1079 0.516296
1080 0.516305
1081 0.5163137
1082 0.5163221
1083 0.516331
1084 0.5163398
1085 0.5163482
1086 0.5163563
1087 0.516362
1088 0.5163692
1089 0.516376
1090 0.5163831
1091 0.516389
1092 0.5163949
1093 0.5164008
1094 0.5164062
1095 0.5164103
1096 0.5164142
1097 0.516418
1098 0.5164196
1099 0.516421
1100 0.5164211
1101 0.5164198
1102 0.516418
1103 0.5164156
1104 0.5164123
1105 0.5164077
1106 0.5164021
1107 0.516395
1108 0.5163887
1109 0.5163798
1110 0.5163694
1111 0.5163572
1112 0.516344
1113 0.5163316
1114 0.5163166
1115 0.5162991
1116 0.5162802
1117 0.516261
1118 0.51624
1119 0.516218
1120 0.5161946
1121 0.5161703
1122 0.5161451
1123 0.5161191
1124 0.5160921
1125 0.5160642
1126 0.5160356
1127 0.5160061
1128 0.5159762
1129 0.515946
1130 0.5159155
1131 0.5158846
1132 0.5158536
1133 0.5158225
1134 0.5157918
1135 0.5157613
1136 0.5157311
1137 0.5157013
1138 0.5156724
1139 0.515643
1140 0.5156154
1141 0.5155894
1142 0.5155653
1143 0.5155421
1144 0.5155201
1145 0.5154999
1146 0.5154811
1147 0.5154635
1148 0.5154476
1149 0.5154328
1150 0.5154197
1151 0.5154081
1152 0.515398
1153 0.5153897
1154 0.5153827
1155 0.5153772
1156 0.5153743
1157 0.5153719
1158 0.5153703
1159 0.5153688
1160 0.5153698
1161 0.5153719
1162 0.5153748
1163 0.5153787
1164 0.5153838
1165 0.5153894
1166 0.5153962
1167 0.5154036
1168 0.5154114
1169 0.51542
1170 0.5154288
1171 0.515438
1172 0.5154478
1173 0.5154577
1174 0.5154672
1175 0.5154776
1176 0.5154881
1177 0.5154989
1178 0.5155094
1179 0.5155203
1180 0.5155312
1181 0.515542
1182 0.5155527
1183 0.5155633
1184 0.5155737
1185 0.5155842
1186 0.5155941
1187 0.5156035
1188 0.5156126
1189 0.5156214
1190 0.5156297
1191 0.5156372
1192 0.5156447
1193 0.5156515
1194 0.5156577
1195 0.5156638
1196 0.5156695
1197 0.5156749
1198 0.5156797
1199 0.5156838
1200 0.5156875
1201 0.5156904
1202 0.5156928
1203 0.5156947
1204 0.5156958
1205 0.5156966
1206 0.5156965
1207 0.5156956
1208 0.515694
1209 0.5156921
1210 0.5156897
1211 0.515687
1212 0.5156839
1213 0.5156804
1214 0.5156767
1215 0.5156729
1216 0.5156685
1217 0.5156637
1218 0.5156587
1219 0.5156535
1220 0.5156484
1221 0.5156425
1222 0.5156364
1223 0.5156306
1224 0.5156242
1225 0.5156178
1226 0.5156116
1227 0.5156054
1228 0.515599
1229 0.5155926
1230 0.5155861
1231 0.5155798
1232 0.5155747
1233 0.5155684
1234 0.515563
1235 0.5155584
1236 0.5155534
1237 0.5155481
1238 0.5155435
1239 0.5155389
1240 0.5155348
1241 0.5155311
1242 0.5155281
1243 0.5155251
1244 0.5155228
1245 0.515521
1246 0.5155198
1247 0.5155191
1248 0.5155189
1249 0.5155194
1250 0.51552
1251 0.5155216
1252 0.5155237
1253 0.5155264
1254 0.5155295
1255 0.5155327
1256 0.5155367
1257 0.5155413
1258 0.5155461
1259 0.5155514
1260 0.5155567
1261 0.5155629
1262 0.5155689
1263 0.5155756
1264 0.515582
1265 0.5155891
1266 0.5155965
1267 0.5156037
1268 0.5156108
1269 0.5156184
1270 0.5156259
1271 0.5156334
1272 0.515641
1273 0.5156487
1274 0.5156561
1275 0.5156638
1276 0.515671
1277 0.5156785
1278 0.5156858
1279 0.5156931
1280 0.5157
1281 0.5157073
1282 0.5157142
1283 0.5157207
1284 0.5157276
1285 0.5157343
1286 0.5157406
1287 0.5157471
1288 0.515753
1289 0.5157593
1290 0.5157652
1291 0.515771
1292 0.5157768
1293 0.5157819
1294 0.5157874
1295 0.5157925
1296 0.5157974
1297 0.5158021
1298 0.5158068
1299 0.5158114
1300 0.515816
1301 0.5158199
1302 0.5158239
1303 0.5158281
1304 0.5158319
1305 0.5158354
1306 0.515839
1307 0.5158425
1308 0.5158461
1309 0.5158492
1310 0.5158537
1311 0.5158562
1312 0.5158585
1313 0.5158622
1314 0.5158643
1315 0.5158666
1316 0.5158692
1317 0.5158715
1318 0.5158741
1319 0.5158768
1320 0.5158793
1321 0.515882
1322 0.5158845
1323 0.5158869
1324 0.5158895
1325 0.5158919
1326 0.5158944
1327 0.5158969
1328 0.5158994
1329 0.5159019
1330 0.5159042
1331 0.5159066
1332 0.5159091
1333 0.5159113
1334 0.5159138
1335 0.5159163
1336 0.5159188
1337 0.5159212
1338 0.5159238
1339 0.5159263
1340 0.5159287
1341 0.5159321
1342 0.5159351
1343 0.5159379
1344 0.5159403
1345 0.5159429
1346 0.5159471
1347 0.5159507
1348 0.5159546
1349 0.5159577
1350 0.5159608
1351 0.5159634
1352 0.5159666
1353 0.5159695
1354 0.5159727
1355 0.5159763
1356 0.5159795
1357 0.5159829
1358 0.5159864
1359 0.5159898
1360 0.5159934
1361 0.5159972
1362 0.5160007
1363 0.5160053
1364 0.5160102
1365 0.5160145
1366 0.5160185
1367 0.5160226
1368 0.5160251
1369 0.5160289
1370 0.5160333
1371 0.5160383
1372 0.5160435
1373 0.5160478
1374 0.5160528
1375 0.5160598
1376 0.5160661
1377 0.5160741
1378 0.5160809
1379 0.5160871
1380 0.5160933
1381 0.5160995
1382 0.5161061
1383 0.5161127
1384 0.5161197
1385 0.5161275
1386 0.5161348
1387 0.5161421
1388 0.5161502
1389 0.5161582
1390 0.5161666
1391 0.5161747
1392 0.5161822
1393 0.5161909
1394 0.5161996
1395 0.5162088
1396 0.5162181
1397 0.5162269
1398 0.5162362
1399 0.5162468
1400 0.5162562
1401 0.5162653
1402 0.5162742
1403 0.516283
1404 0.5162922
1405 0.5163012
1406 0.5163099
1407 0.5163189
1408 0.5163279
1409 0.5163366
1410 0.5163451
1411 0.5163532
1412 0.5163594
1413 0.5163685
1414 0.5163742
1415 0.5163804
1416 0.5163864
1417 0.5163921
1418 0.5163985
1419 0.5164039
1420 0.5164099
1421 0.5164142
1422 0.5164166
1423 0.5164185
1424 0.5164192
1425 0.5164195
1426 0.5164185
1427 0.5164164
1428 0.5164137
1429 0.5164103
1430 0.5164059
1431 0.5164004
1432 0.5163932
1433 0.5163862
1434 0.5163769
1435 0.5163699
1436 0.5163587
1437 0.5163451
1438 0.5163291
1439 0.5163124
1440 0.5162942
1441 0.5162748
1442 0.5162555
1443 0.5162343
1444 0.516212
1445 0.5161883
1446 0.5161636
1447 0.5161378
1448 0.5161113
1449 0.5160837
1450 0.5160554
1451 0.516026
1452 0.5159961
1453 0.515966
1454 0.515935
1455 0.5159038
1456 0.5158722
1457 0.5158409
1458 0.5158091
1459 0.5157777
1460 0.5157466
1461 0.5157159
1462 0.5156856
1463 0.5156564
1464 0.5156279
1465 0.5156004
1466 0.5155742
1467 0.5155492
1468 0.5155257
1469 0.5155022
1470 0.5154812
1471 0.5154625
1472 0.5154449
1473 0.5154294
1474 0.5154151
1475 0.5154027
1476 0.5153914
1477 0.5153818
1478 0.5153734
1479 0.5153662
1480 0.5153611
1481 0.5153564
1482 0.5153539
1483 0.5153523
1484 0.5153535
1485 0.5153551
1486 0.5153573
1487 0.5153612
1488 0.5153655
1489 0.5153707
1490 0.5153764
1491 0.5153828
1492 0.5153903
1493 0.5153983
1494 0.515407
1495 0.5154161
1496 0.5154257
1497 0.5154354
1498 0.5154459
1499 0.5154564
1500 0.5154674
