"report-drag-rfile"
"Iteration" "report-drag"
("Iteration" "report-drag")
4035 0.03836313
4036 0.03836264
4037 0.03836217
4038 0.03836183
4039 0.03836152
4040 0.03836105
4041 0.03836066
4042 0.03836025
4043 0.03835989
4044 0.03835946
4045 0.03835911
4046 0.03835875
4047 0.03835838
4048 0.0383579
4049 0.03835754
4050 0.03835711
4051 0.03835677
4052 0.03835627
4053 0.03835594
4054 0.03835554
4055 0.03835506
4056 0.03835478
4057 0.03835447
4058 0.03835397
4059 0.03835358
4060 0.03835316
4061 0.03835272
4062 0.03835228
4063 0.03835196
4064 0.03835155
4065 0.03835119
4066 0.03835081
4067 0.03835036
4068 0.03835002
4069 0.03834969
4070 0.03834932
4071 0.038349
4072 0.03834853
4073 0.03834813
4074 0.03834777
4075 0.03834746
4076 0.03834704
4077 0.03834659
4078 0.03834626
4079 0.03834589
4080 0.03834555
4081 0.03834513
4082 0.03834471
4083 0.03834442
4084 0.03834395
4085 0.03834366
4086 0.03834322
4087 0.03834289
4088 0.03834251
4089 0.03834216
4090 0.03834172
4091 0.03834126
4092 0.03834101
4093 0.03834053
4094 0.03834026
4095 0.03833986
4096 0.0383395
4097 0.03833916
4098 0.03833876
4099 0.03833842
4100 0.03833798
4101 0.03833758
4102 0.03833723
4103 0.03833682
4104 0.03833641
4105 0.03833611
4106 0.0383357
4107 0.0383354
4108 0.03833496
4109 0.03833473
4110 0.0383342
4111 0.03833387
4112 0.0383335
4113 0.0383332
4114 0.03833275
4115 0.03833238
4116 0.03833216
4117 0.03833168
4118 0.0383313
4119 0.03833096
4120 0.0383306
4121 0.03833021
4122 0.03832986
4123 0.03832949
4124 0.03832918
4125 0.03832878
4126 0.03832851
4127 0.03832819
4128 0.03832774
4129 0.03832734
4130 0.03832699
4131 0.03832671
4132 0.03832626
4133 0.03832587
4134 0.0383256
4135 0.0383253
4136 0.03832486
4137 0.03832456
4138 0.03832426
4139 0.03832386
4140 0.03832359
4141 0.03832326
4142 0.03832289
4143 0.03832261
4144 0.03832225
4145 0.03832196
4146 0.03832153
4147 0.0383212
4148 0.03832093
4149 0.03832051
4150 0.03832016
4151 0.03831981
4152 0.03831954
4153 0.03831914
4154 0.03831875
4155 0.03831842
4156 0.03831796
4157 0.03831777
4158 0.03831722
4159 0.03831689
4160 0.03831654
4161 0.03831621
4162 0.03831585
4163 0.03831548
4164 0.03831508
4165 0.03831484
4166 0.03831451
4167 0.03831415
4168 0.0383139
4169 0.03831353
4170 0.03831309
4171 0.03831292
4172 0.0383126
4173 0.03831226
4174 0.03831183
4175 0.03831162
4176 0.03831115
4177 0.03831083
4178 0.03831045
4179 0.0383101
4180 0.03830989
4181 0.03830953
4182 0.03830907
4183 0.03830884
4184 0.03830846
4185 0.03830812
4186 0.03830784
4187 0.03830747
4188 0.03830715
4189 0.03830685
4190 0.03830647
4191 0.03830608
4192 0.03830582
4193 0.03830544
4194 0.03830514
4195 0.03830488
4196 0.03830448
4197 0.03830415
4198 0.03830379
4199 0.03830348
4200 0.03830309
4201 0.03830281
4202 0.03830248
4203 0.03830221
4204 0.03830184
4205 0.03830149
4206 0.03830115
4207 0.03830094
4208 0.03830057
4209 0.03830025
4210 0.03829995
4211 0.03829968
4212 0.03829929
4213 0.03829902
4214 0.0382987
4215 0.03829837
4216 0.03829808
4217 0.03829774
4218 0.03829752
4219 0.03829714
4220 0.03829676
4221 0.03829642
4222 0.0382962
4223 0.03829581
4224 0.03829544
4225 0.03829513
4226 0.03829481
4227 0.03829451
4228 0.03829418
4229 0.03829389
4230 0.03829357
4231 0.03829326
4232 0.03829293
4233 0.03829269
4234 0.03829233
4235 0.038292
4236 0.03829174
4237 0.03829133
4238 0.03829112
4239 0.03829075
4240 0.03829047
4241 0.03829015
4242 0.03828983
4243 0.03828967
4244 0.03828933
4245 0.03828899
4246 0.0382887
4247 0.03828843
4248 0.03828811
4249 0.03828781
4250 0.03828747
4251 0.03828717
4252 0.03828689
4253 0.0382865
4254 0.03828626
4255 0.0382859
4256 0.03828562
4257 0.03828533
4258 0.03828506
4259 0.03828475
4260 0.03828447
4261 0.03828417
4262 0.03828389
4263 0.03828356
4264 0.03828334
4265 0.03828297
4266 0.03828269
4267 0.03828239
4268 0.03828212
4269 0.0382818
4270 0.03828147
4271 0.03828112
4272 0.03828089
4273 0.03828062
4274 0.03828032
4275 0.03828003
4276 0.03827963
4277 0.03827945
4278 0.03827912
4279 0.03827876
4280 0.03827845
4281 0.03827827
4282 0.038278
4283 0.03827761
4284 0.03827741
4285 0.0382772
4286 0.03827688
4287 0.03827662
4288 0.03827632
4289 0.03827599
4290 0.0382758
4291 0.03827545
4292 0.03827512
4293 0.03827479
4294 0.03827472
4295 0.03827434
4296 0.03827405
4297 0.03827384
4298 0.03827359
4299 0.03827322
4300 0.03827296
4301 0.03827275
4302 0.03827244
4303 0.03827212
4304 0.03827182
4305 0.03827164
4306 0.0382714
4307 0.0382709
4308 0.03827076
4309 0.0382704
4310 0.03827003
4311 0.03826972
4312 0.03826941
4313 0.0382691
4314 0.03826892
4315 0.0382686
4316 0.03826828
4317 0.03826796
4318 0.03826763
4319 0.03826742
4320 0.03826714
4321 0.03826674
4322 0.03826647
4323 0.0382662
4324 0.0382659
4325 0.0382656
4326 0.0382654
4327 0.03826521
4328 0.0382649
4329 0.03826468
4330 0.0382644
4331 0.03826404
4332 0.03826384
4333 0.03826358
4334 0.03826327
4335 0.03826306
4336 0.03826277
4337 0.03826253
4338 0.03826223
4339 0.03826189
4340 0.03826158
4341 0.03826146
4342 0.03826117
4343 0.03826078
4344 0.03826052
4345 0.0382603
4346 0.0382601
4347 0.03825979
4348 0.03825948
4349 0.03825921
4350 0.03825903
4351 0.03825873
4352 0.03825847
4353 0.03825813
4354 0.03825789
4355 0.03825766
4356 0.03825747
4357 0.0382571
4358 0.03825688
4359 0.03825665
4360 0.03825632
4361 0.03825602
4362 0.03825586
4363 0.0382556
4364 0.03825533
4365 0.03825497
4366 0.03825476
4367 0.03825453
4368 0.03825425
4369 0.03825396
4370 0.03825376
4371 0.03825358
4372 0.03825322
4373 0.03825299
4374 0.03825286
4375 0.03825244
4376 0.03825214
4377 0.03825193
4378 0.03825166
4379 0.03825146
4380 0.03825121
4381 0.03825092
4382 0.03825072
4383 0.03825045
4384 0.03825023
4385 0.03825002
4386 0.03824981
4387 0.03824946
4388 0.0382492
4389 0.0382491
4390 0.03824869
4391 0.03824845
4392 0.03824823
4393 0.03824802
4394 0.03824773
4395 0.03824747
4396 0.03824731
4397 0.03824704
4398 0.03824678
4399 0.03824639
4400 0.03824621
4401 0.03824599
4402 0.03824577
4403 0.03824547
4404 0.03824526
4405 0.038245
4406 0.03824468
4407 0.03824451
4408 0.0382443
4409 0.03824405
4410 0.03824382
4411 0.03824348
4412 0.03824324
4413 0.03824304
4414 0.03824275
4415 0.03824246
4416 0.03824227
4417 0.03824214
4418 0.03824176
4419 0.03824149
4420 0.03824124
4421 0.03824101
4422 0.03824078
4423 0.03824051
4424 0.03824037
4425 0.03824006
4426 0.03823983
4427 0.03823962
4428 0.03823933
4429 0.03823914
4430 0.03823892
4431 0.03823857
4432 0.03823832
4433 0.03823813
4434 0.03823783
4435 0.03823765
4436 0.03823743
4437 0.03823716
4438 0.03823694
4439 0.03823667
4440 0.03823658
4441 0.03823625
4442 0.03823598
4443 0.0382358
4444 0.03823552
4445 0.03823537
4446 0.03823502
4447 0.03823487
4448 0.03823468
4449 0.03823447
4450 0.03823422
4451 0.03823408
4452 0.03823387
4453 0.0382336
4454 0.03823336
4455 0.03823313
4456 0.03823293
4457 0.03823275
4458 0.0382325
4459 0.0382323
4460 0.03823209
4461 0.0382318
4462 0.03823158
4463 0.03823135
4464 0.03823104
4465 0.03823084
4466 0.03823059
4467 0.03823033
4468 0.03823015
4469 0.03822983
4470 0.0382295
4471 0.03822925
4472 0.0382292
4473 0.03822893
4474 0.03822865
4475 0.03822839
4476 0.03822814
4477 0.03822802
4478 0.03822784
4479 0.03822759
4480 0.03822742
4481 0.03822708
4482 0.03822703
4483 0.03822665
4484 0.03822653
4485 0.03822626
4486 0.03822601
4487 0.03822586
4488 0.03822566
4489 0.03822549
4490 0.0382252
4491 0.03822493
4492 0.03822476
4493 0.03822449
4494 0.03822432
4495 0.03822423
4496 0.03822383
4497 0.03822368
4498 0.03822349
4499 0.03822325
4500 0.03822299
4501 0.03822282
4502 0.03822268
4503 0.03822244
4504 0.03822213
4505 0.03822193
4506 0.03822178
4507 0.03822158
4508 0.03822137
4509 0.03822106
4510 0.03822093
4511 0.03822061
4512 0.03822042
4513 0.03822023
4514 0.03822006
4515 0.03821969
4516 0.03821956
4517 0.03821929
4518 0.03821909
4519 0.03821888
4520 0.03821871
4521 0.03821849
4522 0.03821823
4523 0.03821795
4524 0.03821784
4525 0.03821756
4526 0.03821749
4527 0.03821725
4528 0.03821696
4529 0.03821674
4530 0.03821664
4531 0.03821637
4532 0.03821626
4533 0.03821601
4534 0.03821584
4535 0.03821561
4536 0.03821538
4537 0.03821515
4538 0.03821498
4539 0.03821471
4540 0.03821461
4541 0.03821428
4542 0.03821413
4543 0.03821385
4544 0.03821363
4545 0.03821338
4546 0.03821326
4547 0.03821299
4548 0.03821281
4549 0.03821261
4550 0.03821237
4551 0.03821211
4552 0.03821192
4553 0.03821178
4554 0.03821162
4555 0.0382113
4556 0.03821115
4557 0.03821104
4558 0.03821072
4559 0.03821057
4560 0.03821044
4561 0.03821024
4562 0.03821011
4563 0.03820985
4564 0.03820967
4565 0.03820944
4566 0.03820931
4567 0.03820912
4568 0.03820882
4569 0.03820873
4570 0.03820847
4571 0.03820827
4572 0.0382081
4573 0.03820785
4574 0.03820762
4575 0.03820744
4576 0.03820728
4577 0.03820709
4578 0.03820679
4579 0.03820666
4580 0.03820644
4581 0.03820629
4582 0.03820601
4583 0.03820585
4584 0.03820568
4585 0.03820553
4586 0.03820523
4587 0.03820509
4588 0.03820487
4589 0.03820468
4590 0.03820444
4591 0.03820442
4592 0.03820424
4593 0.03820398
4594 0.03820381
4595 0.03820353
4596 0.03820344
4597 0.03820322
4598 0.03820302
4599 0.03820276
4600 0.03820253
4601 0.03820243
4602 0.03820217
4603 0.03820191
4604 0.03820178
4605 0.03820162
4606 0.03820151
4607 0.03820126
4608 0.03820111
4609 0.03820092
4610 0.03820071
4611 0.03820048
4612 0.03820034
4613 0.03820014
4614 0.03820004
4615 0.03819976
4616 0.03819963
4617 0.03819955
4618 0.03819929
4619 0.03819914
4620 0.03819887
4621 0.03819876
4622 0.03819858
4623 0.03819839
4624 0.03819817
4625 0.03819803
4626 0.0381978
4627 0.03819773
4628 0.0381975
4629 0.03819719
4630 0.03819705
4631 0.03819681
4632 0.03819678
4633 0.03819653
4634 0.03819636
4635 0.03819611
4636 0.03819589
4637 0.03819575
4638 0.0381956
4639 0.03819552
4640 0.03819522
4641 0.03819508
4642 0.03819489
4643 0.03819476
4644 0.03819459
4645 0.03819435
4646 0.03819428
4647 0.03819397
4648 0.03819391
4649 0.03819365
4650 0.03819349
4651 0.03819334
4652 0.0381931
4653 0.03819304
4654 0.03819279
4655 0.0381927
4656 0.03819254
4657 0.03819228
4658 0.03819213
4659 0.038192
4660 0.03819177
4661 0.03819156
4662 0.03819136
4663 0.03819111
4664 0.03819101
4665 0.03819096
4666 0.03819064
4667 0.03819048
4668 0.03819028
4669 0.03819004
4670 0.03818988
4671 0.03818989
4672 0.03818964
4673 0.03818943
4674 0.03818919
4675 0.03818905
4676 0.03818899
4677 0.03818877
4678 0.03818864
4679 0.03818846
4680 0.03818826
4681 0.03818808
4682 0.03818797
4683 0.03818787
4684 0.03818769
4685 0.03818745
4686 0.0381873
4687 0.03818719
4688 0.03818699
4689 0.03818684
4690 0.03818671
4691 0.03818654
4692 0.03818626
4693 0.03818612
4694 0.03818597
4695 0.0381859
4696 0.03818571
4697 0.0381854
4698 0.03818529
4699 0.03818518
4700 0.03818499
4701 0.03818486
4702 0.03818465
4703 0.03818456
4704 0.03818443
4705 0.03818434
4706 0.03818415
4707 0.03818392
4708 0.03818382
4709 0.03818353
4710 0.03818341
4711 0.03818319
4712 0.0381831
4713 0.03818297
4714 0.03818286
4715 0.03818263
4716 0.0381825
4717 0.03818244
4718 0.03818223
4719 0.03818204
4720 0.03818188
4721 0.03818164
4722 0.03818152
4723 0.03818143
4724 0.03818112
4725 0.038181
4726 0.03818091
4727 0.03818075
4728 0.03818061
4729 0.03818037
4730 0.03818019
4731 0.0381801
4732 0.03817988
4733 0.03817978
4734 0.03817959
4735 0.03817949
4736 0.03817928
4737 0.03817913
4738 0.03817898
4739 0.03817891
4740 0.03817873
4741 0.03817867
4742 0.03817851
4743 0.03817827
4744 0.03817817
4745 0.03817795
4746 0.0381779
4747 0.03817769
4748 0.03817764
4749 0.03817742
4750 0.03817726
4751 0.03817707
4752 0.03817706
4753 0.03817678
4754 0.03817666
4755 0.03817642
4756 0.03817635
4757 0.03817611
4758 0.03817592
4759 0.03817583
4760 0.0381756
4761 0.03817547
4762 0.03817539
4763 0.03817513
4764 0.03817494
4765 0.03817476
4766 0.0381747
4767 0.03817456
4768 0.03817433
4769 0.0381741
4770 0.03817408
4771 0.0381739
4772 0.03817372
4773 0.03817369
4774 0.03817354
4775 0.0381733
4776 0.03817318
4777 0.03817303
4778 0.03817281
4779 0.03817279
4780 0.03817261
4781 0.03817247
4782 0.03817234
4783 0.03817209
4784 0.03817195
4785 0.0381718
4786 0.03817165
4787 0.03817149
4788 0.03817139
4789 0.03817117
4790 0.03817108
4791 0.03817096
4792 0.03817075
4793 0.03817057
4794 0.03817048
4795 0.03817029
4796 0.03817018
4797 0.03817017
4798 0.03816996
4799 0.03816978
4800 0.03816963
4801 0.0381695
4802 0.03816937
4803 0.03816924
4804 0.03816896
4805 0.03816892
4806 0.03816878
4807 0.03816867
4808 0.03816853
4809 0.03816831
4810 0.03816826
4811 0.03816806
4812 0.03816795
4813 0.03816792
4814 0.03816769
4815 0.03816757
4816 0.03816729
4817 0.03816723
4818 0.03816699
4819 0.03816691
4820 0.0381668
4821 0.03816656
4822 0.03816655
4823 0.03816643
4824 0.03816626
4825 0.03816613
4826 0.03816591
4827 0.03816582
4828 0.03816577
4829 0.03816561
4830 0.0381655
4831 0.03816535
4832 0.03816521
4833 0.038165
4834 0.038165
4835 0.0381649
4836 0.03816474
4837 0.03816456
4838 0.03816446
4839 0.03816427
4840 0.03816418
4841 0.03816402
4842 0.03816387
4843 0.03816367
4844 0.03816365
4845 0.0381635
4846 0.03816331
4847 0.03816313
4848 0.03816295
4849 0.03816286
4850 0.03816276
4851 0.03816256
4852 0.03816244
4853 0.03816238
4854 0.03816213
4855 0.03816197
4856 0.03816187
4857 0.03816178
4858 0.03816165
4859 0.03816151
4860 0.03816133
4861 0.03816114
4862 0.03816115
4863 0.03816101
4864 0.03816071
4865 0.03816066
4866 0.03816062
4867 0.03816049
4868 0.03816033
4869 0.03816026
4870 0.03816014
4871 0.03816003
4872 0.03815994
4873 0.03815969
4874 0.03815959
4875 0.03815947
4876 0.03815934
4877 0.03815913
4878 0.03815914
4879 0.03815895
4880 0.03815883
4881 0.0381587
4882 0.03815854
4883 0.03815842
4884 0.03815823
4885 0.03815806
4886 0.03815788
4887 0.03815786
4888 0.03815781
4889 0.03815768
4890 0.03815752
4891 0.03815755
4892 0.03815736
4893 0.03815717
4894 0.03815709
4895 0.0381569
4896 0.0381568
4897 0.0381567
4898 0.03815661
4899 0.03815648
4900 0.03815639
4901 0.03815621
4902 0.03815605
4903 0.03815597
4904 0.03815576
4905 0.03815569
4906 0.0381556
4907 0.0381555
4908 0.03815532
4909 0.03815522
4910 0.03815501
4911 0.03815499
4912 0.03815487
4913 0.03815483
4914 0.03815466
4915 0.03815451
4916 0.03815439
4917 0.0381544
4918 0.03815416
4919 0.03815407
4920 0.03815393
4921 0.03815376
4922 0.03815367
4923 0.03815352
4924 0.0381534
4925 0.03815325
4926 0.03815309
4927 0.03815292
4928 0.0381528
4929 0.03815262
4930 0.03815246
4931 0.03815235
4932 0.03815217
4933 0.03815214
4934 0.03815198
4935 0.03815185
4936 0.03815169
4937 0.03815162
4938 0.03815154
4939 0.03815139
4940 0.03815136
4941 0.03815125
4942 0.03815124
4943 0.03815112
4944 0.03815096
4945 0.0381509
4946 0.03815081
4947 0.03815068
4948 0.03815055
4949 0.03815039
4950 0.03815041
4951 0.03815027
4952 0.03815021
4953 0.03815011
4954 0.03814997
4955 0.03814987
4956 0.03814975
4957 0.03814959
4958 0.03814945
4959 0.03814926
4960 0.03814911
4961 0.03814908
4962 0.03814892
4963 0.03814888
4964 0.03814884
4965 0.03814873
4966 0.0381485
4967 0.03814837
4968 0.03814828
4969 0.03814806
4970 0.038148
4971 0.03814786
4972 0.03814773
4973 0.03814756
4974 0.03814749
4975 0.03814742
4976 0.03814729
4977 0.03814704
4978 0.03814702
4979 0.03814683
4980 0.03814678
4981 0.03814664
4982 0.03814667
4983 0.03814646
4984 0.03814633
4985 0.03814626
4986 0.03814623
4987 0.03814615
4988 0.03814602
4989 0.03814592
4990 0.03814583
4991 0.03814558
4992 0.03814546
4993 0.03814539
4994 0.03814523
4995 0.03814511
4996 0.038145
4997 0.03814494
4998 0.03814487
4999 0.03814469
5000 0.03814466
5001 0.03814452
5002 0.03814447
5003 0.03814438
5004 0.03814422
5005 0.03814401
5006 0.03814398
5007 0.03814392
5008 0.03814378
5009 0.03814373
5010 0.03814358
5011 0.03814349
5012 0.0381433
5013 0.03814322
5014 0.03814314
5015 0.03814307
5016 0.03814305
5017 0.0381429
5018 0.03814278
5019 0.03814262
5020 0.0381425
5021 0.03814245
5022 0.03814232
5023 0.03814222
5024 0.03814225
5025 0.03814212
5026 0.03814193
5027 0.03814191
5028 0.03814169
5029 0.03814162
5030 0.03814143
5031 0.03814134
5032 0.0381413
5033 0.03814103
5034 0.03814102
5035 0.03814096
5036 0.03814072
5037 0.03814075
5038 0.03814061
5039 0.0381405
5040 0.03814038
5041 0.03814028
5042 0.03814013
5043 0.03814016
5044 0.03814007
5045 0.03813994
5046 0.0381399
5047 0.03813983
5048 0.03813967
5049 0.03813956
5050 0.03813946
5051 0.03813931
5052 0.03813923
5053 0.03813916
5054 0.03813917
5055 0.038139
5056 0.03813884
5057 0.0381387
5058 0.03813859
5059 0.0381384
5060 0.03813838
5061 0.03813827
5062 0.03813814
5063 0.03813814
5064 0.03813797
5065 0.03813783
5066 0.0381378
5067 0.03813766
5068 0.03813751
5069 0.03813745
5070 0.03813732
5071 0.03813722
5072 0.03813711
5073 0.03813701
5074 0.03813708
5075 0.03813698
5076 0.03813689
5077 0.03813679
5078 0.03813676
5079 0.03813657
5080 0.03813638
5081 0.03813634
5082 0.03813625
5083 0.03813614
5084 0.03813608
5085 0.03813593
5086 0.03813588
5087 0.03813589
5088 0.03813575
5089 0.03813563
5090 0.03813548
5091 0.03813535
5092 0.03813517
5093 0.03813516
5094 0.03813504
5095 0.0381349
5096 0.03813474
5097 0.0381346
5098 0.03813454
5099 0.0381345
5100 0.03813441
5101 0.03813422
5102 0.03813417
5103 0.03813414
5104 0.03813408
5105 0.03813399
5106 0.03813386
5107 0.03813379
5108 0.03813368
5109 0.03813355
5110 0.03813351
5111 0.03813343
5112 0.03813334
5113 0.03813327
5114 0.03813312
5115 0.038133
5116 0.038133
5117 0.0381329
5118 0.03813282
5119 0.03813272
5120 0.03813263
5121 0.03813251
5122 0.03813239
5123 0.03813229
5124 0.03813224
5125 0.03813216
5126 0.03813205
5127 0.03813197
5128 0.03813184
5129 0.03813177
5130 0.03813175
5131 0.03813165
5132 0.0381316
5133 0.03813145
5134 0.0381314
5135 0.03813132
5136 0.03813126
5137 0.03813121
5138 0.03813106
5139 0.03813093
5140 0.03813086
5141 0.03813069
5142 0.03813066
5143 0.03813059
5144 0.03813051
5145 0.03813045
5146 0.03813036
5147 0.0381303
5148 0.03813025
5149 0.03813019
5150 0.03813004
5151 0.03812993
5152 0.03812987
5153 0.03812974
5154 0.03812969
5155 0.03812962
5156 0.03812955
5157 0.03812939
5158 0.03812938
5159 0.03812926
5160 0.03812921
5161 0.03812915
5162 0.03812892
5163 0.03812889
5164 0.03812876
5165 0.03812865
5166 0.03812847
5167 0.03812842
5168 0.0381284
5169 0.03812827
5170 0.03812817
5171 0.03812806
5172 0.03812793
5173 0.03812787
5174 0.03812783
5175 0.03812775
5176 0.03812768
5177 0.03812759
5178 0.03812753
5179 0.03812743
5180 0.03812733
5181 0.0381273
5182 0.03812716
5183 0.0381271
5184 0.03812707
5185 0.03812688
5186 0.03812678
5187 0.0381267
5188 0.0381267
5189 0.03812672
5190 0.03812672
5191 0.03812656
5192 0.03812642
5193 0.03812639
5194 0.03812626
5195 0.03812614
5196 0.03812602
5197 0.03812598
5198 0.03812595
5199 0.03812582
5200 0.03812569
5201 0.03812563
5202 0.03812565
5203 0.03812552
5204 0.03812549
5205 0.03812537
5206 0.0381253
5207 0.03812517
5208 0.03812515
5209 0.03812504
5210 0.03812495
5211 0.03812486
5212 0.0381248
5213 0.0381248
5214 0.03812468
5215 0.03812457
5216 0.03812443
5217 0.03812442
5218 0.03812438
5219 0.03812432
5220 0.03812425
5221 0.0381241
5222 0.03812401
5223 0.03812396
5224 0.03812392
5225 0.03812394
5226 0.03812374
5227 0.03812374
5228 0.03812361
5229 0.0381236
5230 0.03812356
5231 0.03812342
5232 0.03812326
5233 0.0381232
5234 0.03812311
5235 0.03812297
5236 0.03812283
5237 0.03812276
5238 0.03812278
5239 0.03812268
5240 0.03812262
5241 0.03812256
5242 0.03812244
5243 0.0381223
5244 0.0381222
5245 0.03812217
5246 0.03812207
5247 0.03812196
5248 0.03812194
5249 0.0381218
5250 0.03812173
5251 0.03812167
5252 0.03812163
5253 0.03812152
5254 0.03812146
5255 0.03812131
5256 0.03812129
5257 0.03812117
5258 0.03812111
5259 0.03812104
5260 0.03812094
5261 0.03812087
5262 0.03812081
5263 0.0381207
5264 0.03812064
5265 0.03812053
5266 0.03812052
5267 0.03812039
5268 0.03812025
5269 0.03812023
5270 0.03812019
5271 0.03812005
5272 0.03812005
5273 0.03811994
5274 0.03811989
5275 0.03811987
5276 0.03811981
5277 0.03811967
5278 0.03811971
5279 0.0381195
5280 0.03811946
5281 0.03811949
5282 0.03811936
5283 0.03811934
5284 0.03811919
5285 0.03811908
5286 0.03811891
5287 0.03811888
5288 0.03811882
5289 0.03811877
5290 0.03811875
5291 0.0381186
5292 0.03811856
5293 0.0381184
5294 0.0381185
5295 0.03811841
5296 0.03811828
5297 0.03811828
5298 0.03811834
5299 0.03811818
5300 0.03811812
5301 0.03811805
5302 0.03811803
5303 0.03811791
5304 0.03811789
5305 0.0381178
5306 0.03811785
5307 0.03811774
5308 0.03811758
5309 0.03811764
5310 0.03811758
5311 0.03811752
5312 0.03811741
5313 0.03811731
5314 0.0381173
5315 0.03811722
5316 0.03811707
5317 0.03811699
5318 0.03811693
5319 0.03811691
5320 0.03811676
5321 0.03811666
5322 0.03811662
5323 0.03811656
5324 0.03811655
5325 0.03811645
5326 0.03811632
5327 0.03811628
5328 0.03811619
5329 0.0381162
5330 0.0381161
5331 0.03811595
5332 0.03811595
5333 0.03811585
5334 0.03811581
5335 0.03811574
5336 0.0381157
5337 0.03811565
5338 0.03811555
5339 0.03811548
5340 0.03811541
5341 0.03811534
5342 0.03811528
5343 0.03811521
5344 0.03811513
5345 0.03811507
5346 0.03811495
5347 0.03811492
5348 0.03811485
5349 0.03811473
5350 0.03811469
5351 0.03811468
5352 0.03811464
5353 0.0381146
5354 0.03811446
5355 0.03811447
5356 0.03811437
5357 0.03811429
5358 0.03811421
5359 0.03811421
5360 0.0381141
5361 0.03811404
5362 0.03811393
5363 0.03811379
5364 0.03811371
5365 0.03811372
5366 0.03811366
5367 0.03811364
5368 0.03811356
5369 0.03811352
5370 0.03811346
5371 0.03811338
5372 0.03811332
5373 0.03811319
5374 0.03811322
5375 0.03811312
5376 0.03811304
5377 0.03811296
5378 0.03811288
5379 0.03811279
5380 0.03811282
5381 0.0381127
5382 0.03811267
5383 0.03811259
5384 0.03811254
5385 0.03811253
5386 0.03811246
5387 0.03811236
5388 0.03811233
5389 0.03811233
5390 0.03811235
5391 0.03811215
5392 0.03811207
5393 0.038112
5394 0.03811197
5395 0.03811194
5396 0.03811176
5397 0.03811177
5398 0.03811158
5399 0.03811156
5400 0.03811151
5401 0.03811145
5402 0.03811139
5403 0.03811132
5404 0.03811124
5405 0.03811124
5406 0.03811115
5407 0.03811114
5408 0.03811113
5409 0.03811107
5410 0.03811108
5411 0.03811097
5412 0.03811091
5413 0.03811084
5414 0.03811077
5415 0.03811077
5416 0.03811064
5417 0.03811061
5418 0.03811047
5419 0.03811045
5420 0.03811037
5421 0.03811029
5422 0.03811027
5423 0.03811019
5424 0.0381101
5425 0.03810997
5426 0.03810987
5427 0.03810987
5428 0.03810985
5429 0.03810979
5430 0.03810975
5431 0.03810965
5432 0.03810962
5433 0.03810953
5434 0.03810949
5435 0.0381094
5436 0.03810934
5437 0.03810927
5438 0.03810919
5439 0.03810921
5440 0.03810916
5441 0.03810909
5442 0.03810903
5443 0.03810903
5444 0.03810892
5445 0.03810884
5446 0.03810875
5447 0.03810873
5448 0.03810863
5449 0.03810857
5450 0.03810849
5451 0.03810846
5452 0.03810836
5453 0.03810834
5454 0.03810828
5455 0.03810824
5456 0.0381082
5457 0.03810818
5458 0.03810803
5459 0.03810797
5460 0.03810793
5461 0.03810794
5462 0.0381078
5463 0.03810787
5464 0.03810773
5465 0.03810778
5466 0.03810778
5467 0.03810766
5468 0.03810766
5469 0.03810758
5470 0.03810754
5471 0.03810744
5472 0.03810731
5473 0.03810731
5474 0.03810715
5475 0.03810714
5476 0.03810708
5477 0.03810693
5478 0.03810689
5479 0.03810689
5480 0.03810678
5481 0.0381067
5482 0.03810666
5483 0.03810657
5484 0.03810655
5485 0.0381064
5486 0.03810637
5487 0.03810627
5488 0.03810621
5489 0.03810627
5490 0.0381062
5491 0.03810612
5492 0.03810616
5493 0.03810605
5494 0.03810602
5495 0.03810599
5496 0.03810594
5497 0.03810593
5498 0.03810584
5499 0.03810582
5500 0.03810574
5501 0.03810572
5502 0.03810573
5503 0.03810564
5504 0.03810564
5505 0.03810559
5506 0.03810552
5507 0.03810551
5508 0.03810552
5509 0.03810548
5510 0.03810535
5511 0.03810523
5512 0.03810517
5513 0.03810517
5514 0.03810513
5515 0.03810507
5516 0.03810495
5517 0.0381048
5518 0.03810482
5519 0.03810465
5520 0.03810464
5521 0.03810464
5522 0.03810453
5523 0.03810437
5524 0.03810432
5525 0.03810424
5526 0.03810419
5527 0.0381042
5528 0.03810413
5529 0.03810412
5530 0.03810412
5531 0.03810402
5532 0.038104
5533 0.03810399
5534 0.03810394
5535 0.03810389
5536 0.03810387
5537 0.03810383
5538 0.03810384
5539 0.03810377
5540 0.03810376
5541 0.03810367
5542 0.03810365
5543 0.03810366
5544 0.03810351
5545 0.03810339
5546 0.03810338
5547 0.03810336
5548 0.03810324
5549 0.0381032
5550 0.03810317
5551 0.03810315
5552 0.03810311
5553 0.03810312
5554 0.03810317
5555 0.0381031
5556 0.03810306
5557 0.03810298
5558 0.03810295
5559 0.0381029
5560 0.03810284
5561 0.03810277
5562 0.03810268
5563 0.03810249
5564 0.03810239
5565 0.03810237
5566 0.0381023
5567 0.03810223
5568 0.03810213
5569 0.03810212
5570 0.03810212
5571 0.03810207
5572 0.03810198
5573 0.03810204
5574 0.03810196
5575 0.03810193
5576 0.03810188
5577 0.03810187
5578 0.0381019
5579 0.03810187
5580 0.03810173
5581 0.03810165
5582 0.03810161
5583 0.03810146
5584 0.03810145
5585 0.0381014
5586 0.03810137
5587 0.03810133
5588 0.03810132
5589 0.03810123
5590 0.03810121
5591 0.03810127
5592 0.03810111
5593 0.03810114
5594 0.03810115
5595 0.0381011
5596 0.03810102
5597 0.03810106
5598 0.03810105
5599 0.03810112
5600 0.03810101
5601 0.03810092
5602 0.03810086
5603 0.0381008
5604 0.03810075
5605 0.03810071
5606 0.03810062
5607 0.03810052
5608 0.03810053
5609 0.03810048
5610 0.03810041
5611 0.03810039
5612 0.03810038
5613 0.03810031
5614 0.03810025
5615 0.03810022
5616 0.03810022
5617 0.03810003
5618 0.0381
5619 0.03809996
5620 0.03809988
5621 0.03809988
5622 0.03809988
5623 0.03809972
5624 0.03809961
5625 0.03809966
5626 0.03809959
5627 0.03809953
5628 0.03809947
5629 0.03809942
5630 0.03809932
5631 0.03809924
5632 0.03809924
5633 0.03809921
5634 0.0380991
5635 0.03809908
5636 0.03809905
5637 0.03809901
5638 0.03809901
5639 0.03809901
5640 0.03809897
5641 0.03809892
5642 0.03809889
5643 0.03809886
5644 0.03809881
5645 0.03809872
5646 0.03809874
5647 0.03809871
5648 0.03809869
5649 0.03809863
5650 0.03809858
5651 0.03809859
5652 0.03809853
5653 0.03809851
5654 0.03809851
5655 0.03809841
5656 0.03809839
5657 0.03809835
5658 0.03809831
5659 0.03809828
5660 0.03809827
5661 0.03809823
5662 0.03809811
5663 0.03809809
5664 0.03809806
5665 0.03809807
5666 0.03809792
5667 0.03809793
5668 0.03809791
5669 0.03809784
5670 0.03809778
5671 0.03809777
5672 0.03809766
5673 0.03809762
5674 0.03809759
5675 0.03809751
5676 0.03809748
5677 0.03809748
5678 0.0380974
5679 0.03809744
5680 0.03809726
5681 0.03809723
5682 0.03809727
5683 0.03809719
5684 0.03809713
5685 0.03809714
5686 0.03809714
5687 0.03809708
5688 0.03809706
5689 0.03809703
5690 0.03809704
5691 0.03809698
5692 0.03809686
5693 0.03809686
5694 0.03809682
5695 0.03809681
5696 0.0380967
5697 0.03809667
5698 0.03809664
5699 0.03809661
5700 0.03809656
5701 0.03809648
5702 0.03809646
5703 0.03809636
5704 0.03809636
5705 0.03809628
5706 0.03809617
5707 0.03809613
5708 0.03809607
5709 0.03809601
5710 0.03809599
5711 0.03809596
5712 0.03809597
5713 0.0380959
5714 0.03809588
5715 0.03809583
5716 0.03809578
5717 0.0380957
5718 0.03809571
5719 0.03809572
5720 0.03809559
5721 0.03809555
5722 0.03809556
5723 0.03809551
5724 0.03809543
5725 0.03809549
5726 0.03809547
5727 0.03809544
5728 0.03809541
5729 0.03809548
5730 0.03809543
5731 0.03809537
5732 0.03809535
5733 0.0380953
5734 0.03809527
5735 0.03809525
5736 0.03809521
5737 0.03809526
5738 0.03809519
5739 0.03809508
5740 0.03809507
5741 0.03809494
5742 0.03809493
5743 0.03809487
5744 0.03809479
5745 0.0380948
5746 0.0380948
5747 0.03809473
5748 0.03809474
5749 0.03809467
5750 0.03809462
5751 0.03809459
5752 0.03809457
5753 0.03809445
5754 0.03809446
5755 0.03809439
5756 0.03809432
5757 0.03809428
5758 0.03809417
5759 0.03809417
5760 0.03809414
5761 0.0380941
5762 0.03809406
5763 0.03809409
5764 0.03809404
5765 0.038094
5766 0.03809396
5767 0.03809388
5768 0.03809386
5769 0.03809384
5770 0.03809374
5771 0.0380937
5772 0.03809369
5773 0.03809365
5774 0.03809358
5775 0.03809356
5776 0.03809354
5777 0.03809356
5778 0.03809345
5779 0.03809348
5780 0.03809347
5781 0.03809347
5782 0.0380934
5783 0.03809334
5784 0.03809327
5785 0.03809325
5786 0.03809318
5787 0.03809322
5788 0.03809318
5789 0.03809315
5790 0.03809312
5791 0.03809306
5792 0.03809305
5793 0.03809294
5794 0.03809288
5795 0.03809292
5796 0.03809292
5797 0.03809288
5798 0.03809282
5799 0.03809273
5800 0.03809276
5801 0.03809269
5802 0.03809256
5803 0.03809252
5804 0.03809249
5805 0.03809245
5806 0.03809248
5807 0.03809251
5808 0.03809242
5809 0.03809238
5810 0.03809242
5811 0.03809229
5812 0.03809226
5813 0.03809222
5814 0.03809225
5815 0.03809228
5816 0.03809215
5817 0.03809211
5818 0.03809211
5819 0.03809208
5820 0.03809206
5821 0.03809207
5822 0.03809198
5823 0.03809201
5824 0.03809192
5825 0.0380919
5826 0.03809178
5827 0.0380918
5828 0.0380918
5829 0.03809178
5830 0.0380918
5831 0.03809174
5832 0.03809169
5833 0.03809169
5834 0.03809166
5835 0.03809162
5836 0.03809154
5837 0.03809151
5838 0.0380915
5839 0.03809151
5840 0.03809147
5841 0.03809134
5842 0.03809136
5843 0.03809129
5844 0.03809119
5845 0.03809118
5846 0.03809118
5847 0.03809111
5848 0.03809112
5849 0.03809112
5850 0.03809104
5851 0.03809091
5852 0.03809094
5853 0.03809091
5854 0.03809085
5855 0.03809081
5856 0.03809077
5857 0.03809077
5858 0.03809072
5859 0.03809071
5860 0.03809067
5861 0.03809068
5862 0.03809058
5863 0.03809052
5864 0.03809049
5865 0.03809048
5866 0.03809051
5867 0.03809049
5868 0.03809039
5869 0.03809037
5870 0.03809031
5871 0.03809034
5872 0.0380903
5873 0.03809026
5874 0.03809024
5875 0.03809025
5876 0.03809026
5877 0.03809025
5878 0.03809016
5879 0.03809018
5880 0.03809019
5881 0.03809015
5882 0.03809021
5883 0.03809014
5884 0.03809003
5885 0.03809005
5886 0.03808996
5887 0.03808993
5888 0.0380898
5889 0.03808981
5890 0.03808978
5891 0.0380897
5892 0.03808964
5893 0.03808966
5894 0.03808957
5895 0.03808956
5896 0.03808951
5897 0.03808945
5898 0.03808945
5899 0.03808941
5900 0.03808938
5901 0.03808935
5902 0.03808929
5903 0.03808922
5904 0.03808918
5905 0.0380892
5906 0.03808919
5907 0.03808918
5908 0.03808914
5909 0.03808904
5910 0.03808901
5911 0.03808903
5912 0.03808898
5913 0.0380889
5914 0.0380889
5915 0.03808894
5916 0.0380889
5917 0.03808887
5918 0.03808885
5919 0.03808881
5920 0.03808874
5921 0.03808872
5922 0.0380887
5923 0.03808861
5924 0.03808868
5925 0.03808867
5926 0.03808869
5927 0.03808862
5928 0.03808865
5929 0.03808852
5930 0.03808853
5931 0.03808847
5932 0.03808839
5933 0.03808836
5934 0.03808834
5935 0.03808835
5936 0.03808828
5937 0.03808827
5938 0.03808814
5939 0.03808816
5940 0.03808811
5941 0.038088
5942 0.03808797
5943 0.03808798
5944 0.03808796
5945 0.03808791
5946 0.0380879
5947 0.03808788
5948 0.03808782
5949 0.03808784
5950 0.03808787
5951 0.03808782
5952 0.03808781
5953 0.03808777
5954 0.03808769
5955 0.0380877
5956 0.03808764
5957 0.03808764
5958 0.03808762
5959 0.0380875
5960 0.03808746
5961 0.03808745
5962 0.03808743
5963 0.03808739
5964 0.03808734
5965 0.0380873
5966 0.03808731
5967 0.03808727
5968 0.03808725
5969 0.03808727
5970 0.03808727
5971 0.0380872
5972 0.03808718
5973 0.03808717
5974 0.03808715
5975 0.0380871
5976 0.03808706
5977 0.03808712
5978 0.0380871
5979 0.03808711
5980 0.0380871
5981 0.03808719
5982 0.03808715
5983 0.03808713
5984 0.03808713
5985 0.03808713
5986 0.03808711
5987 0.03808706
5988 0.03808701
5989 0.03808704
5990 0.03808699
5991 0.03808692
5992 0.03808688
5993 0.03808687
5994 0.03808688
5995 0.03808687
5996 0.03808682
5997 0.03808676
5998 0.03808669
5999 0.0380866
6000 0.03808656
6001 0.03808649
6002 0.03808653
6003 0.03808653
6004 0.03808642
6005 0.03808638
6006 0.03808638
6007 0.03808634
6008 0.03808627
6009 0.03808625
6010 0.03808625
6011 0.03808626
6012 0.03808626
6013 0.03808621
6014 0.03808618
6015 0.03808601
6016 0.03808603
6017 0.03808609
6018 0.03808602
6019 0.03808607
6020 0.03808606
6021 0.038086
6022 0.038086
6023 0.038086
6024 0.03808597
6025 0.03808592
6026 0.03808584
6027 0.03808579
6028 0.03808578
6029 0.03808571
6030 0.03808569
6031 0.03808573
6032 0.03808569
6033 0.03808554
6034 0.03808557
6035 0.03808556
6036 0.03808554
6037 0.03808554
6038 0.03808546
6039 0.03808543
6040 0.03808544
6041 0.03808545
6042 0.03808543
6043 0.03808539
6044 0.03808536
6045 0.03808538
6046 0.03808537
6047 0.03808534
6048 0.03808537
6049 0.0380853
6050 0.03808526
6051 0.03808527
6052 0.03808528
6053 0.03808531
6054 0.03808526
6055 0.03808522
6056 0.03808518
6057 0.03808513
6058 0.03808505
6059 0.03808506
6060 0.038085
6061 0.03808498
6062 0.03808489
6063 0.0380849
6064 0.03808488
6065 0.03808485
6066 0.03808484
6067 0.03808489
6068 0.03808482
6069 0.03808481
6070 0.03808479
6071 0.03808473
6072 0.03808467
6073 0.0380847
6074 0.03808472
6075 0.03808469
6076 0.03808471
6077 0.03808468
6078 0.03808463
6079 0.03808461
6080 0.0380846
6081 0.03808461
6082 0.03808466
6083 0.03808462
6084 0.03808453
6085 0.03808441
6086 0.0380844
6087 0.03808434
6088 0.03808435
6089 0.03808434
6090 0.03808424
6091 0.03808421
6092 0.03808418
6093 0.03808409
6094 0.03808414
6095 0.03808411
6096 0.03808409
6097 0.03808407
6098 0.03808408
6099 0.03808409
6100 0.03808404
6101 0.03808401
6102 0.038084
6103 0.03808399
6104 0.03808394
6105 0.03808384
6106 0.03808384
6107 0.03808378
6108 0.03808378
6109 0.03808379
6110 0.03808378
6111 0.03808379
6112 0.03808373
6113 0.03808369
6114 0.03808362
6115 0.03808353
6116 0.03808345
6117 0.03808349
6118 0.0380835
6119 0.0380835
6120 0.03808342
6121 0.03808343
6122 0.03808338
6123 0.03808334
6124 0.03808335
6125 0.03808334
6126 0.03808329
6127 0.03808331
6128 0.03808329
6129 0.0380833
6130 0.03808333
6131 0.03808335
6132 0.03808336
6133 0.03808334
6134 0.03808331
6135 0.03808325
6136 0.03808328
6137 0.03808336
6138 0.03808323
6139 0.03808328
6140 0.03808325
6141 0.03808321
6142 0.03808318
6143 0.03808317
6144 0.03808312
6145 0.03808308
6146 0.03808313
6147 0.03808309
6148 0.03808305
6149 0.03808308
6150 0.03808298
6151 0.03808301
6152 0.03808296
6153 0.03808295
6154 0.03808297
6155 0.03808292
6156 0.0380829
6157 0.03808286
6158 0.03808284
6159 0.03808275
6160 0.03808274
6161 0.03808266
6162 0.03808268
6163 0.03808262
6164 0.03808267
6165 0.0380826
6166 0.03808254
6167 0.03808259
6168 0.03808261
6169 0.0380825
6170 0.03808248
6171 0.03808245
6172 0.03808248
6173 0.03808246
6174 0.03808244
6175 0.03808242
6176 0.0380824
6177 0.03808237
6178 0.03808229
6179 0.03808226
6180 0.03808227
6181 0.03808227
6182 0.03808222
6183 0.03808216
6184 0.03808219
6185 0.03808213
6186 0.03808215
6187 0.03808208
6188 0.03808206
6189 0.03808209
6190 0.03808201
6191 0.03808197
6192 0.03808194
6193 0.03808186
6194 0.03808191
6195 0.03808186
6196 0.03808186
6197 0.03808186
6198 0.03808188
6199 0.03808182
6200 0.03808176
6201 0.03808179
6202 0.03808172
6203 0.03808174
6204 0.03808177
6205 0.03808175
6206 0.03808169
6207 0.03808168
6208 0.03808168
6209 0.03808169
6210 0.03808169
6211 0.03808167
6212 0.03808171
6213 0.03808169
6214 0.03808164
6215 0.03808166
6216 0.03808164
6217 0.03808165
6218 0.03808159
6219 0.03808155
6220 0.03808155
6221 0.03808153
6222 0.03808154
6223 0.03808144
6224 0.03808136
6225 0.0380813
6226 0.0380813
6227 0.03808131
6228 0.03808128
6229 0.03808124
6230 0.03808127
6231 0.03808118
6232 0.03808116
6233 0.03808111
6234 0.03808112
6235 0.03808104
6236 0.03808105
6237 0.03808103
6238 0.03808096
6239 0.03808096
6240 0.03808098
6241 0.03808094
6242 0.03808095
6243 0.03808092
6244 0.03808082
6245 0.03808082
6246 0.03808087
6247 0.03808089
6248 0.03808093
6249 0.03808091
6250 0.03808086
6251 0.03808084
6252 0.03808087
6253 0.03808085
6254 0.03808081
6255 0.03808084
6256 0.03808084
6257 0.03808077
6258 0.03808077
6259 0.03808075
6260 0.03808072
6261 0.0380807
6262 0.03808072
6263 0.03808068
6264 0.03808065
6265 0.03808058
6266 0.03808061
6267 0.03808063
6268 0.03808057
6269 0.03808054
6270 0.03808042
6271 0.0380804
6272 0.03808038
6273 0.03808038
6274 0.03808029
6275 0.03808033
6276 0.03808033
6277 0.0380804
6278 0.03808045
6279 0.03808033
6280 0.03808038
6281 0.03808033
6282 0.0380803
6283 0.03808025
6284 0.03808023
6285 0.03808019
6286 0.03808019
6287 0.03808011
6288 0.03808007
6289 0.03808005
6290 0.03808005
6291 0.03807999
6292 0.03808001
6293 0.03807999
6294 0.03807988
6295 0.03807984
6296 0.03807988
6297 0.03807993
6298 0.0380799
6299 0.03807991
6300 0.03807991
6301 0.03807985
6302 0.03807987
6303 0.0380799
6304 0.03807985
6305 0.03807987
6306 0.03807987
6307 0.03807987
6308 0.0380799
6309 0.0380799
6310 0.03807984
6311 0.03807978
6312 0.03807976
6313 0.03807976
6314 0.03807978
6315 0.03807976
6316 0.03807977
6317 0.03807978
6318 0.03807976
6319 0.03807974
6320 0.03807974
6321 0.0380797
6322 0.03807971
6323 0.03807968
6324 0.03807969
6325 0.03807967
6326 0.03807966
6327 0.03807957
6328 0.03807955
6329 0.03807955
6330 0.0380795
6331 0.03807946
6332 0.03807944
6333 0.0380794
6334 0.0380794
6335 0.03807935
6336 0.03807935
6337 0.03807934
6338 0.03807927
6339 0.03807928
6340 0.03807927
6341 0.03807928
6342 0.03807927
6343 0.03807929
6344 0.03807926
6345 0.03807923
6346 0.03807916
6347 0.0380791
6348 0.03807908
6349 0.03807909
6350 0.03807903
6351 0.03807906
6352 0.038079
6353 0.03807895
6354 0.03807908
6355 0.03807906
6356 0.03807905
6357 0.03807905
6358 0.03807903
6359 0.03807897
6360 0.0380789
6361 0.03807888
6362 0.03807891
6363 0.03807886
6364 0.03807884
6365 0.03807886
6366 0.03807876
6367 0.03807881
6368 0.0380788
6369 0.03807881
6370 0.03807878
6371 0.03807879
6372 0.03807874
6373 0.03807878
6374 0.03807874
6375 0.03807865
6376 0.03807865
6377 0.03807856
6378 0.03807858
6379 0.03807854
6380 0.03807849
6381 0.03807858
6382 0.03807854
6383 0.03807852
6384 0.03807849
6385 0.03807847
6386 0.03807845
6387 0.03807838
6388 0.03807843
6389 0.03807846
6390 0.03807839
6391 0.03807833
6392 0.03807829
6393 0.03807824
6394 0.03807827
6395 0.03807823
6396 0.0380782
6397 0.03807816
6398 0.03807826
6399 0.03807822
6400 0.03807822
6401 0.03807816
6402 0.03807817
6403 0.03807813
6404 0.03807815
6405 0.0380782
6406 0.03807822
6407 0.03807821
6408 0.03807823
6409 0.03807823
6410 0.03807823
6411 0.03807819
6412 0.03807823
6413 0.03807823
6414 0.03807819
6415 0.03807817
6416 0.03807814
6417 0.03807812
6418 0.03807811
6419 0.03807812
6420 0.03807808
6421 0.0380781
6422 0.03807808
6423 0.03807804
6424 0.03807797
6425 0.03807797
6426 0.03807795
6427 0.03807798
6428 0.03807797
6429 0.03807794
6430 0.03807786
6431 0.0380778
6432 0.0380778
6433 0.0380778
6434 0.03807782
6435 0.03807772
6436 0.03807774
6437 0.03807772
6438 0.0380777
6439 0.03807766
6440 0.03807766
6441 0.03807766
6442 0.03807763
6443 0.03807765
6444 0.03807766
6445 0.03807763
6446 0.03807763
6447 0.03807761
6448 0.03807756
6449 0.0380776
6450 0.03807761
6451 0.03807762
6452 0.03807757
6453 0.03807757
6454 0.03807746
6455 0.03807743
6456 0.0380774
6457 0.03807738
6458 0.03807731
6459 0.03807732
6460 0.03807735
6461 0.03807733
6462 0.03807738
6463 0.03807733
6464 0.03807728
6465 0.03807725
6466 0.03807727
6467 0.03807728
6468 0.03807722
6469 0.03807722
6470 0.03807728
6471 0.03807723
6472 0.0380772
6473 0.03807719
6474 0.03807722
6475 0.03807722
6476 0.03807723
6477 0.0380772
6478 0.03807719
6479 0.03807713
6480 0.0380771
6481 0.0380771
6482 0.03807711
6483 0.03807713
6484 0.03807713
6485 0.0380771
6486 0.03807702
6487 0.03807705
6488 0.03807707
6489 0.03807702
6490 0.03807702
6491 0.03807699
6492 0.03807699
6493 0.0380769
6494 0.03807695
6495 0.03807696
6496 0.03807693
6497 0.0380769
6498 0.03807691
6499 0.03807687
6500 0.03807681
6501 0.03807678
6502 0.03807683
6503 0.03807684
6504 0.03807682
6505 0.0380768
6506 0.03807684
6507 0.03807684
6508 0.03807686
6509 0.03807684
6510 0.03807682
6511 0.03807681
6512 0.03807681
6513 0.03807669
6514 0.03807667
6515 0.03807664
6516 0.03807664
6517 0.03807661
6518 0.03807666
6519 0.03807665
6520 0.03807657
6521 0.03807659
6522 0.03807663
6523 0.03807666
6524 0.0380766
6525 0.03807657
6526 0.03807662
6527 0.03807657
6528 0.03807655
6529 0.03807658
6530 0.03807651
6531 0.03807651
6532 0.03807643
6533 0.03807644
6534 0.03807645
6535 0.03807639
6536 0.03807637
6537 0.03807638
6538 0.0380764
6539 0.03807637
6540 0.03807634
6541 0.03807636
6542 0.03807634
6543 0.03807623
6544 0.03807627
6545 0.03807623
6546 0.03807622
6547 0.03807617
6548 0.03807619
6549 0.03807619
6550 0.03807616
6551 0.03807617
6552 0.03807619
6553 0.03807619
6554 0.03807618
6555 0.03807613
6556 0.03807621
