"report-lift-rfile"
"Iteration" "report-lift"
("Iteration" "report-lift")
4035 1.843276
4036 1.843281
4037 1.843286
4038 1.843293
4039 1.843299
4040 1.843305
4041 1.843311
4042 1.843317
4043 1.843322
4044 1.843328
4045 1.843333
4046 1.843339
4047 1.843346
4048 1.843351
4049 1.843357
4050 1.843363
4051 1.843369
4052 1.843374
4053 1.843381
4054 1.843387
4055 1.843392
4056 1.843398
4057 1.843404
4058 1.843409
4059 1.843414
4060 1.843421
4061 1.843426
4062 1.843431
4063 1.843437
4064 1.843443
4065 1.843449
4066 1.843455
4067 1.84346
4068 1.843465
4069 1.843471
4070 1.843477
4071 1.843482
4072 1.843488
4073 1.843493
4074 1.843499
4075 1.843506
4076 1.843511
4077 1.843516
4078 1.843522
4079 1.843527
4080 1.843534
4081 1.843539
4082 1.843545
4083 1.84355
4084 1.843555
4085 1.843561
4086 1.843567
4087 1.843572
4088 1.843578
4089 1.843584
4090 1.843589
4091 1.843594
4092 1.8436
4093 1.843605
4094 1.843611
4095 1.843616
4096 1.843622
4097 1.843627
4098 1.843633
4099 1.843638
4100 1.843644
4101 1.84365
4102 1.843654
4103 1.84366
4104 1.843665
4105 1.843671
4106 1.843676
4107 1.843682
4108 1.843687
4109 1.843693
4110 1.843698
4111 1.843703
4112 1.843708
4113 1.843714
4114 1.843719
4115 1.843725
4116 1.84373
4117 1.843736
4118 1.843741
4119 1.843747
4120 1.843751
4121 1.843756
4122 1.843762
4123 1.843767
4124 1.843772
4125 1.843778
4126 1.843783
4127 1.843788
4128 1.843793
4129 1.843798
4130 1.843803
4131 1.843808
4132 1.843814
4133 1.843819
4134 1.843824
4135 1.84383
4136 1.843834
4137 1.84384
4138 1.843844
4139 1.84385
4140 1.843856
4141 1.843861
4142 1.843865
4143 1.84387
4144 1.843875
4145 1.84388
4146 1.843885
4147 1.843891
4148 1.843896
4149 1.843901
4150 1.843906
4151 1.843911
4152 1.843917
4153 1.843922
4154 1.843927
4155 1.843931
4156 1.843936
4157 1.843942
4158 1.843946
4159 1.843951
4160 1.843956
4161 1.843962
4162 1.843967
4163 1.843973
4164 1.843977
4165 1.843982
4166 1.843986
4167 1.843991
4168 1.843997
4169 1.844002
4170 1.844006
4171 1.844011
4172 1.844016
4173 1.844022
4174 1.844026
4175 1.844031
4176 1.844036
4177 1.844041
4178 1.844046
4179 1.844051
4180 1.844056
4181 1.844061
4182 1.844066
4183 1.844072
4184 1.844075
4185 1.84408
4186 1.844085
4187 1.84409
4188 1.844095
4189 1.8441
4190 1.844104
4191 1.844109
4192 1.844115
4193 1.84412
4194 1.844124
4195 1.84413
4196 1.844133
4197 1.844139
4198 1.844143
4199 1.844148
4200 1.844153
4201 1.844157
4202 1.844162
4203 1.844166
4204 1.844171
4205 1.844176
4206 1.844181
4207 1.844185
4208 1.84419
4209 1.844195
4210 1.8442
4211 1.844204
4212 1.84421
4213 1.844214
4214 1.844219
4215 1.844223
4216 1.844228
4217 1.844232
4218 1.844237
4219 1.844241
4220 1.844246
4221 1.844251
4222 1.844255
4223 1.84426
4224 1.844264
4225 1.844269
4226 1.844274
4227 1.844279
4228 1.844283
4229 1.844288
4230 1.844291
4231 1.844296
4232 1.844301
4233 1.844306
4234 1.84431
4235 1.844315
4236 1.844319
4237 1.844324
4238 1.844329
4239 1.844333
4240 1.844338
4241 1.844342
4242 1.844347
4243 1.844351
4244 1.844356
4245 1.84436
4246 1.844365
4247 1.844369
4248 1.844373
4249 1.844378
4250 1.844383
4251 1.844387
4252 1.844392
4253 1.844396
4254 1.8444
4255 1.844405
4256 1.844409
4257 1.844414
4258 1.844418
4259 1.844423
4260 1.844427
4261 1.844431
4262 1.844435
4263 1.84444
4264 1.844445
4265 1.844448
4266 1.844453
4267 1.844457
4268 1.844461
4269 1.844466
4270 1.844471
4271 1.844475
4272 1.844479
4273 1.844484
4274 1.844488
4275 1.844492
4276 1.844497
4277 1.8445
4278 1.844504
4279 1.844509
4280 1.844513
4281 1.844518
4282 1.844522
4283 1.844527
4284 1.844531
4285 1.844535
4286 1.844539
4287 1.844544
4288 1.844547
4289 1.844552
4290 1.844555
4291 1.84456
4292 1.844565
4293 1.844569
4294 1.844573
4295 1.844578
4296 1.844582
4297 1.844586
4298 1.84459
4299 1.844595
4300 1.844599
4301 1.844602
4302 1.844607
4303 1.844611
4304 1.844615
4305 1.844619
4306 1.844624
4307 1.844628
4308 1.844631
4309 1.844635
4310 1.844639
4311 1.844643
4312 1.844648
4313 1.844653
4314 1.844656
4315 1.84466
4316 1.844664
4317 1.844668
4318 1.844672
4319 1.844676
4320 1.84468
4321 1.844684
4322 1.844689
4323 1.844692
4324 1.844698
4325 1.8447
4326 1.844705
4327 1.844709
4328 1.844712
4329 1.844717
4330 1.844721
4331 1.844725
4332 1.844729
4333 1.844733
4334 1.844737
4335 1.844741
4336 1.844744
4337 1.844749
4338 1.844752
4339 1.844757
4340 1.844761
4341 1.844765
4342 1.844768
4343 1.844772
4344 1.844776
4345 1.84478
4346 1.844784
4347 1.844788
4348 1.844792
4349 1.844796
4350 1.8448
4351 1.844804
4352 1.844807
4353 1.844811
4354 1.844815
4355 1.844819
4356 1.844823
4357 1.844827
4358 1.844831
4359 1.844835
4360 1.844838
4361 1.844841
4362 1.844845
4363 1.844849
4364 1.844853
4365 1.844857
4366 1.84486
4367 1.844864
4368 1.844869
4369 1.844872
4370 1.844876
4371 1.84488
4372 1.844884
4373 1.844888
4374 1.844892
4375 1.844895
4376 1.844898
4377 1.844903
4378 1.844906
4379 1.844909
4380 1.844914
4381 1.844917
4382 1.844921
4383 1.844924
4384 1.844928
4385 1.844933
4386 1.844936
4387 1.84494
4388 1.844944
4389 1.844947
4390 1.84495
4391 1.844955
4392 1.844958
4393 1.844962
4394 1.844967
4395 1.844969
4396 1.844973
4397 1.844977
4398 1.84498
4399 1.844984
4400 1.844988
4401 1.844992
4402 1.844995
4403 1.844999
4404 1.845002
4405 1.845005
4406 1.84501
4407 1.845013
4408 1.845017
4409 1.84502
4410 1.845024
4411 1.845027
4412 1.845031
4413 1.845035
4414 1.845038
4415 1.845042
4416 1.845046
4417 1.845049
4418 1.845053
4419 1.845056
4420 1.845059
4421 1.845063
4422 1.845066
4423 1.84507
4424 1.845073
4425 1.845077
4426 1.845081
4427 1.845084
4428 1.845088
4429 1.845091
4430 1.845094
4431 1.845097
4432 1.845101
4433 1.845105
4434 1.845108
4435 1.845111
4436 1.845115
4437 1.845119
4438 1.845122
4439 1.845125
4440 1.84513
4441 1.845133
4442 1.845136
4443 1.84514
4444 1.845142
4445 1.845146
4446 1.84515
4447 1.845153
4448 1.845157
4449 1.84516
4450 1.845163
4451 1.845167
4452 1.84517
4453 1.845174
4454 1.845177
4455 1.84518
4456 1.845183
4457 1.845187
4458 1.84519
4459 1.845194
4460 1.845197
4461 1.8452
4462 1.845204
4463 1.845207
4464 1.845211
4465 1.845214
4466 1.845218
4467 1.845221
4468 1.845225
4469 1.845229
4470 1.845231
4471 1.845235
4472 1.845238
4473 1.845241
4474 1.845245
4475 1.845249
4476 1.845251
4477 1.845255
4478 1.845258
4479 1.84526
4480 1.845263
4481 1.845267
4482 1.84527
4483 1.845274
4484 1.845277
4485 1.845279
4486 1.845283
4487 1.845286
4488 1.84529
4489 1.845293
4490 1.845297
4491 1.8453
4492 1.845303
4493 1.845307
4494 1.845309
4495 1.845313
4496 1.845316
4497 1.845319
4498 1.845323
4499 1.845326
4500 1.845328
4501 1.845331
4502 1.845335
4503 1.845339
4504 1.845341
4505 1.845345
4506 1.845348
4507 1.845352
4508 1.845355
4509 1.845358
4510 1.845361
4511 1.845364
4512 1.845367
4513 1.845369
4514 1.845373
4515 1.845376
4516 1.84538
4517 1.845382
4518 1.845386
4519 1.845389
4520 1.845392
4521 1.845396
4522 1.845399
4523 1.845401
4524 1.845405
4525 1.845407
4526 1.845411
4527 1.845414
4528 1.845417
4529 1.845419
4530 1.845422
4531 1.845426
4532 1.845428
4533 1.845432
4534 1.845435
4535 1.845438
4536 1.845441
4537 1.845445
4538 1.845448
4539 1.845451
4540 1.845453
4541 1.845457
4542 1.84546
4543 1.845463
4544 1.845466
4545 1.845468
4546 1.845472
4547 1.845475
4548 1.845478
4549 1.845481
4550 1.845484
4551 1.845486
4552 1.845488
4553 1.845492
4554 1.845495
4555 1.845497
4556 1.845501
4557 1.845503
4558 1.845506
4559 1.84551
4560 1.845513
4561 1.845515
4562 1.845518
4563 1.845522
4564 1.845524
4565 1.845527
4566 1.84553
4567 1.845533
4568 1.845535
4569 1.845539
4570 1.845541
4571 1.845544
4572 1.845547
4573 1.84555
4574 1.845553
4575 1.845556
4576 1.845559
4577 1.845562
4578 1.845565
4579 1.845568
4580 1.84557
4581 1.845573
4582 1.845576
4583 1.845579
4584 1.845581
4585 1.845584
4586 1.845587
4587 1.84559
4588 1.845593
4589 1.845596
4590 1.845599
4591 1.845602
4592 1.845604
4593 1.845608
4594 1.84561
4595 1.845613
4596 1.845616
4597 1.845618
4598 1.845621
4599 1.845624
4600 1.845628
4601 1.84563
4602 1.845632
4603 1.845635
4604 1.845637
4605 1.84564
4606 1.845643
4607 1.845647
4608 1.845649
4609 1.845651
4610 1.845655
4611 1.845657
4612 1.84566
4613 1.845663
4614 1.845666
4615 1.845669
4616 1.845672
4617 1.845674
4618 1.845677
4619 1.845679
4620 1.845683
4621 1.845685
4622 1.845688
4623 1.845691
4624 1.845692
4625 1.845696
4626 1.845698
4627 1.845701
4628 1.845704
4629 1.845707
4630 1.845708
4631 1.845711
4632 1.845714
4633 1.845717
4634 1.84572
4635 1.845722
4636 1.845725
4637 1.845726
4638 1.845729
4639 1.845733
4640 1.845735
4641 1.845739
4642 1.845741
4643 1.845743
4644 1.845746
4645 1.845749
4646 1.845751
4647 1.845754
4648 1.845757
4649 1.845759
4650 1.845762
4651 1.845765
4652 1.845767
4653 1.845769
4654 1.845771
4655 1.845774
4656 1.845777
4657 1.845779
4658 1.845782
4659 1.845785
4660 1.845788
4661 1.84579
4662 1.845792
4663 1.845795
4664 1.845797
4665 1.8458
4666 1.845802
4667 1.845805
4668 1.845807
4669 1.84581
4670 1.845813
4671 1.845815
4672 1.845818
4673 1.84582
4674 1.845823
4675 1.845825
4676 1.845828
4677 1.84583
4678 1.845833
4679 1.845836
4680 1.845838
4681 1.84584
4682 1.845843
4683 1.845846
4684 1.845848
4685 1.84585
4686 1.845852
4687 1.845855
4688 1.845858
4689 1.845859
4690 1.845862
4691 1.845865
4692 1.845867
4693 1.84587
4694 1.845873
4695 1.845875
4696 1.845877
4697 1.84588
4698 1.845883
4699 1.845885
4700 1.845887
4701 1.845889
4702 1.845892
4703 1.845894
4704 1.845896
4705 1.845899
4706 1.845901
4707 1.845904
4708 1.845906
4709 1.845908
4710 1.84591
4711 1.845913
4712 1.845915
4713 1.845919
4714 1.845921
4715 1.845923
4716 1.845925
4717 1.845928
4718 1.84593
4719 1.845932
4720 1.845935
4721 1.845937
4722 1.845939
4723 1.845942
4724 1.845944
4725 1.845946
4726 1.845949
4727 1.845951
4728 1.845954
4729 1.845956
4730 1.845958
4731 1.84596
4732 1.845963
4733 1.845965
4734 1.845968
4735 1.84597
4736 1.845972
4737 1.845974
4738 1.845977
4739 1.84598
4740 1.845982
4741 1.845984
4742 1.845987
4743 1.845989
4744 1.845991
4745 1.845993
4746 1.845996
4747 1.845999
4748 1.846
4749 1.846003
4750 1.846005
4751 1.846008
4752 1.846011
4753 1.846013
4754 1.846015
4755 1.846017
4756 1.846019
4757 1.846021
4758 1.846023
4759 1.846026
4760 1.846028
4761 1.846031
4762 1.846033
4763 1.846035
4764 1.846037
4765 1.846039
4766 1.846042
4767 1.846044
4768 1.846046
4769 1.846048
4770 1.846051
4771 1.846053
4772 1.846055
4773 1.846058
4774 1.846061
4775 1.846063
4776 1.846065
4777 1.846067
4778 1.846069
4779 1.846071
4780 1.846074
4781 1.846076
4782 1.846078
4783 1.846079
4784 1.846082
4785 1.846084
4786 1.846087
4787 1.846089
4788 1.84609
4789 1.846093
4790 1.846095
4791 1.846097
4792 1.846099
4793 1.846101
4794 1.846102
4795 1.846105
4796 1.846108
4797 1.84611
4798 1.846112
4799 1.846114
4800 1.846115
4801 1.846118
4802 1.84612
4803 1.846123
4804 1.846124
4805 1.846127
4806 1.846128
4807 1.84613
4808 1.846132
4809 1.846134
4810 1.846137
4811 1.846139
4812 1.846142
4813 1.846144
4814 1.846145
4815 1.846147
4816 1.846149
4817 1.846151
4818 1.846153
4819 1.846155
4820 1.846157
4821 1.846159
4822 1.846162
4823 1.846164
4824 1.846166
4825 1.846168
4826 1.84617
4827 1.846172
4828 1.846174
4829 1.846175
4830 1.846178
4831 1.84618
4832 1.846182
4833 1.846184
4834 1.846187
4835 1.846188
4836 1.846191
4837 1.846192
4838 1.846194
4839 1.846197
4840 1.846198
4841 1.846201
4842 1.846202
4843 1.846204
4844 1.846206
4845 1.846208
4846 1.846211
4847 1.846213
4848 1.846215
4849 1.846216
4850 1.846218
4851 1.84622
4852 1.846222
4853 1.846224
4854 1.846226
4855 1.846228
4856 1.846229
4857 1.846231
4858 1.846234
4859 1.846236
4860 1.846238
4861 1.846239
4862 1.846241
4863 1.846243
4864 1.846245
4865 1.846247
4866 1.846249
4867 1.846251
4868 1.846253
4869 1.846255
4870 1.846257
4871 1.846259
4872 1.846261
4873 1.846264
4874 1.846266
4875 1.846268
4876 1.846269
4877 1.846271
4878 1.846272
4879 1.846275
4880 1.846277
4881 1.846278
4882 1.846281
4883 1.846281
4884 1.846284
4885 1.846285
4886 1.846287
4887 1.846289
4888 1.84629
4889 1.846293
4890 1.846295
4891 1.846297
4892 1.846299
4893 1.8463
4894 1.846302
4895 1.846304
4896 1.846306
4897 1.846308
4898 1.84631
4899 1.846312
4900 1.846314
4901 1.846316
4902 1.846317
4903 1.846319
4904 1.846321
4905 1.846322
4906 1.846324
4907 1.846326
4908 1.846328
4909 1.84633
4910 1.846332
4911 1.846333
4912 1.846335
4913 1.846337
4914 1.846339
4915 1.84634
4916 1.846343
4917 1.846344
4918 1.846346
4919 1.846348
4920 1.84635
4921 1.846352
4922 1.846354
4923 1.846355
4924 1.846357
4925 1.846358
4926 1.846361
4927 1.846363
4928 1.846364
4929 1.846366
4930 1.846367
4931 1.846369
4932 1.846371
4933 1.846373
4934 1.846374
4935 1.846376
4936 1.846378
4937 1.846379
4938 1.846381
4939 1.846383
4940 1.846384
4941 1.846386
4942 1.846387
4943 1.846389
4944 1.846391
4945 1.846393
4946 1.846395
4947 1.846397
4948 1.846398
4949 1.8464
4950 1.846403
4951 1.846405
4952 1.846406
4953 1.846408
4954 1.84641
4955 1.846411
4956 1.846413
4957 1.846415
4958 1.846417
4959 1.846418
4960 1.84642
4961 1.846422
4962 1.846424
4963 1.846425
4964 1.846427
4965 1.846428
4966 1.84643
4967 1.846433
4968 1.846434
4969 1.846436
4970 1.846437
4971 1.846439
4972 1.84644
4973 1.846442
4974 1.846444
4975 1.846445
4976 1.846447
4977 1.846448
4978 1.84645
4979 1.846452
4980 1.846453
4981 1.846454
4982 1.846456
4983 1.846457
4984 1.846459
4985 1.846461
4986 1.846462
4987 1.846464
4988 1.846465
4989 1.846467
4990 1.84647
4991 1.846471
4992 1.846472
4993 1.846474
4994 1.846476
4995 1.846477
4996 1.84648
4997 1.846482
4998 1.846483
4999 1.846484
5000 1.846485
5001 1.846487
5002 1.846489
5003 1.84649
5004 1.846492
5005 1.846494
5006 1.846496
5007 1.846497
5008 1.846499
5009 1.8465
5010 1.846502
5011 1.846503
5012 1.846505
5013 1.846507
5014 1.846508
5015 1.846509
5016 1.846512
5017 1.846514
5018 1.846515
5019 1.846516
5020 1.846517
5021 1.846519
5022 1.846521
5023 1.846523
5024 1.846524
5025 1.846525
5026 1.846527
5027 1.846529
5028 1.84653
5029 1.846531
5030 1.846533
5031 1.846535
5032 1.846536
5033 1.846537
5034 1.846539
5035 1.846541
5036 1.846542
5037 1.846543
5038 1.846545
5039 1.846546
5040 1.846548
5041 1.846549
5042 1.846551
5043 1.846552
5044 1.846553
5045 1.846555
5046 1.846556
5047 1.846558
5048 1.84656
5049 1.846561
5050 1.846562
5051 1.846564
5052 1.846566
5053 1.846568
5054 1.846569
5055 1.84657
5056 1.846573
5057 1.846573
5058 1.846575
5059 1.846577
5060 1.846577
5061 1.846578
5062 1.84658
5063 1.846582
5064 1.846583
5065 1.846584
5066 1.846586
5067 1.846588
5068 1.846589
5069 1.846591
5070 1.846592
5071 1.846593
5072 1.846595
5073 1.846596
5074 1.846598
5075 1.846599
5076 1.846601
5077 1.846602
5078 1.846603
5079 1.846605
5080 1.846606
5081 1.846607
5082 1.846609
5083 1.84661
5084 1.846612
5085 1.846614
5086 1.846615
5087 1.846616
5088 1.846618
5089 1.846619
5090 1.846621
5091 1.846623
5092 1.846624
5093 1.846625
5094 1.846626
5095 1.846628
5096 1.846629
5097 1.846631
5098 1.846632
5099 1.846633
5100 1.846634
5101 1.846635
5102 1.846637
5103 1.846638
5104 1.84664
5105 1.846641
5106 1.846642
5107 1.846643
5108 1.846645
5109 1.846646
5110 1.846648
5111 1.846649
5112 1.846651
5113 1.846651
5114 1.846653
5115 1.846654
5116 1.846655
5117 1.846657
5118 1.846659
5119 1.84666
5120 1.846661
5121 1.846662
5122 1.846664
5123 1.846666
5124 1.846667
5125 1.846668
5126 1.846669
5127 1.846671
5128 1.846672
5129 1.846673
5130 1.846674
5131 1.846676
5132 1.846677
5133 1.846679
5134 1.84668
5135 1.846681
5136 1.846683
5137 1.846684
5138 1.846685
5139 1.846686
5140 1.846688
5141 1.846689
5142 1.84669
5143 1.846692
5144 1.846693
5145 1.846694
5146 1.846696
5147 1.846697
5148 1.846698
5149 1.8467
5150 1.846701
5151 1.846702
5152 1.846704
5153 1.846705
5154 1.846706
5155 1.846707
5156 1.846708
5157 1.846709
5158 1.846711
5159 1.846712
5160 1.846714
5161 1.846715
5162 1.846717
5163 1.846718
5164 1.846719
5165 1.84672
5166 1.846722
5167 1.846722
5168 1.846723
5169 1.846724
5170 1.846726
5171 1.846727
5172 1.846729
5173 1.84673
5174 1.846731
5175 1.846732
5176 1.846734
5177 1.846735
5178 1.846736
5179 1.846737
5180 1.846738
5181 1.846739
5182 1.846741
5183 1.846742
5184 1.846744
5185 1.846745
5186 1.846746
5187 1.846748
5188 1.846749
5189 1.846751
5190 1.846751
5191 1.846752
5192 1.846753
5193 1.846755
5194 1.846756
5195 1.846758
5196 1.846759
5197 1.84676
5198 1.846761
5199 1.846763
5200 1.846763
5201 1.846765
5202 1.846766
5203 1.846768
5204 1.846768
5205 1.846769
5206 1.84677
5207 1.846771
5208 1.846773
5209 1.846775
5210 1.846776
5211 1.846777
5212 1.846778
5213 1.846779
5214 1.846781
5215 1.846781
5216 1.846783
5217 1.846784
5218 1.846785
5219 1.846786
5220 1.846788
5221 1.846789
5222 1.84679
5223 1.846791
5224 1.846793
5225 1.846794
5226 1.846795
5227 1.846796
5228 1.846797
5229 1.846799
5230 1.8468
5231 1.846801
5232 1.846803
5233 1.846804
5234 1.846805
5235 1.846805
5236 1.846807
5237 1.846808
5238 1.846809
5239 1.84681
5240 1.846811
5241 1.846812
5242 1.846814
5243 1.846816
5244 1.846817
5245 1.846817
5246 1.846818
5247 1.846819
5248 1.84682
5249 1.846821
5250 1.846823
5251 1.846823
5252 1.846824
5253 1.846825
5254 1.846827
5255 1.846828
5256 1.846828
5257 1.846829
5258 1.846831
5259 1.846832
5260 1.846833
5261 1.846834
5262 1.846835
5263 1.846836
5264 1.846837
5265 1.846838
5266 1.846839
5267 1.84684
5268 1.846842
5269 1.846842
5270 1.846843
5271 1.846845
5272 1.846846
5273 1.846847
5274 1.846848
5275 1.846849
5276 1.84685
5277 1.846852
5278 1.846853
5279 1.846854
5280 1.846855
5281 1.846856
5282 1.846857
5283 1.846857
5284 1.846859
5285 1.84686
5286 1.846861
5287 1.846862
5288 1.846863
5289 1.846864
5290 1.846865
5291 1.846866
5292 1.846867
5293 1.846868
5294 1.846869
5295 1.84687
5296 1.846871
5297 1.846872
5298 1.846874
5299 1.846874
5300 1.846876
5301 1.846877
5302 1.846878
5303 1.846879
5304 1.846879
5305 1.846881
5306 1.846882
5307 1.846883
5308 1.846884
5309 1.846884
5310 1.846886
5311 1.846887
5312 1.846888
5313 1.846889
5314 1.84689
5315 1.846891
5316 1.846892
5317 1.846893
5318 1.846894
5319 1.846895
5320 1.846896
5321 1.846896
5322 1.846897
5323 1.846898
5324 1.8469
5325 1.846901
5326 1.846902
5327 1.846904
5328 1.846905
5329 1.846905
5330 1.846906
5331 1.846907
5332 1.846908
5333 1.846909
5334 1.84691
5335 1.846911
5336 1.846912
5337 1.846913
5338 1.846914
5339 1.846915
5340 1.846916
5341 1.846917
5342 1.846918
5343 1.846919
5344 1.84692
5345 1.846921
5346 1.846922
5347 1.846923
5348 1.846924
5349 1.846924
5350 1.846926
5351 1.846927
5352 1.846927
5353 1.846929
5354 1.846929
5355 1.84693
5356 1.846931
5357 1.846932
5358 1.846933
5359 1.846934
5360 1.846935
5361 1.846936
5362 1.846936
5363 1.846937
5364 1.846938
5365 1.846939
5366 1.846941
5367 1.846942
5368 1.846943
5369 1.846944
5370 1.846945
5371 1.846946
5372 1.846946
5373 1.846948
5374 1.846948
5375 1.846949
5376 1.84695
5377 1.846951
5378 1.846952
5379 1.846953
5380 1.846954
5381 1.846955
5382 1.846956
5383 1.846957
5384 1.846958
5385 1.846959
5386 1.846961
5387 1.846962
5388 1.846962
5389 1.846963
5390 1.846963
5391 1.846964
5392 1.846965
5393 1.846966
5394 1.846967
5395 1.846968
5396 1.846969
5397 1.84697
5398 1.846971
5399 1.846972
5400 1.846973
5401 1.846974
5402 1.846974
5403 1.846975
5404 1.846976
5405 1.846977
5406 1.846977
5407 1.846979
5408 1.84698
5409 1.846981
5410 1.846982
5411 1.846982
5412 1.846983
5413 1.846984
5414 1.846986
5415 1.846986
5416 1.846987
5417 1.846988
5418 1.846989
5419 1.84699
5420 1.846991
5421 1.846992
5422 1.846992
5423 1.846994
5424 1.846995
5425 1.846995
5426 1.846996
5427 1.846996
5428 1.846998
5429 1.846999
5430 1.846999
5431 1.847
5432 1.847001
5433 1.847002
5434 1.847003
5435 1.847003
5436 1.847004
5437 1.847005
5438 1.847006
5439 1.847007
5440 1.847008
5441 1.847009
5442 1.84701
5443 1.847011
5444 1.847012
5445 1.847013
5446 1.847013
5447 1.847014
5448 1.847015
5449 1.847016
5450 1.847016
5451 1.847017
5452 1.847018
5453 1.84702
5454 1.84702
5455 1.847021
5456 1.847021
5457 1.847022
5458 1.847023
5459 1.847024
5460 1.847025
5461 1.847026
5462 1.847026
5463 1.847027
5464 1.847029
5465 1.847029
5466 1.847031
5467 1.847031
5468 1.847032
5469 1.847033
5470 1.847034
5471 1.847035
5472 1.847036
5473 1.847037
5474 1.847038
5475 1.847038
5476 1.847039
5477 1.84704
5478 1.84704
5479 1.847041
5480 1.847041
5481 1.847042
5482 1.847043
5483 1.847044
5484 1.847044
5485 1.847045
5486 1.847046
5487 1.847047
5488 1.847047
5489 1.847049
5490 1.84705
5491 1.847051
5492 1.847051
5493 1.847052
5494 1.847052
5495 1.847053
5496 1.847054
5497 1.847054
5498 1.847055
5499 1.847056
5500 1.847057
5501 1.847058
5502 1.847059
5503 1.847059
5504 1.84706
5505 1.847061
5506 1.847062
5507 1.847063
5508 1.847063
5509 1.847064
5510 1.847065
5511 1.847066
5512 1.847067
5513 1.847068
5514 1.847069
5515 1.84707
5516 1.847071
5517 1.847071
5518 1.847072
5519 1.847073
5520 1.847074
5521 1.847074
5522 1.847075
5523 1.847075
5524 1.847076
5525 1.847077
5526 1.847077
5527 1.847078
5528 1.847079
5529 1.84708
5530 1.84708
5531 1.847081
5532 1.847082
5533 1.847082
5534 1.847083
5535 1.847083
5536 1.847084
5537 1.847085
5538 1.847086
5539 1.847087
5540 1.847088
5541 1.847088
5542 1.847089
5543 1.84709
5544 1.847091
5545 1.847091
5546 1.847092
5547 1.847092
5548 1.847093
5549 1.847094
5550 1.847095
5551 1.847095
5552 1.847096
5553 1.847097
5554 1.847098
5555 1.847099
5556 1.8471
5557 1.8471
5558 1.847101
5559 1.847102
5560 1.847102
5561 1.847103
5562 1.847104
5563 1.847105
5564 1.847105
5565 1.847106
5566 1.847107
5567 1.847107
5568 1.847108
5569 1.847109
5570 1.847109
5571 1.847109
5572 1.84711
5573 1.847111
5574 1.847111
5575 1.847112
5576 1.847113
5577 1.847114
5578 1.847115
5579 1.847115
5580 1.847116
5581 1.847117
5582 1.847118
5583 1.847118
5584 1.847119
5585 1.847119
5586 1.84712
5587 1.84712
5588 1.847121
5589 1.847122
5590 1.847122
5591 1.847124
5592 1.847125
5593 1.847125
5594 1.847126
5595 1.847126
5596 1.847127
5597 1.847128
5598 1.847129
5599 1.84713
5600 1.84713
5601 1.847131
5602 1.847131
5603 1.847131
5604 1.847133
5605 1.847133
5606 1.847134
5607 1.847135
5608 1.847136
5609 1.847136
5610 1.847136
5611 1.847137
5612 1.847138
5613 1.847139
5614 1.84714
5615 1.84714
5616 1.847141
5617 1.847142
5618 1.847142
5619 1.847143
5620 1.847143
5621 1.847144
5622 1.847145
5623 1.847146
5624 1.847147
5625 1.847147
5626 1.847148
5627 1.847149
5628 1.847149
5629 1.84715
5630 1.847151
5631 1.847152
5632 1.847152
5633 1.847152
5634 1.847153
5635 1.847154
5636 1.847154
5637 1.847155
5638 1.847155
5639 1.847156
5640 1.847157
5641 1.847158
5642 1.847158
5643 1.847159
5644 1.847159
5645 1.84716
5646 1.84716
5647 1.847161
5648 1.847161
5649 1.847162
5650 1.847163
5651 1.847163
5652 1.847164
5653 1.847165
5654 1.847165
5655 1.847166
5656 1.847166
5657 1.847167
5658 1.847168
5659 1.847169
5660 1.84717
5661 1.84717
5662 1.847171
5663 1.847171
5664 1.847172
5665 1.847172
5666 1.847173
5667 1.847174
5668 1.847175
5669 1.847176
5670 1.847176
5671 1.847176
5672 1.847177
5673 1.847177
5674 1.847178
5675 1.847178
5676 1.847179
5677 1.84718
5678 1.847181
5679 1.847182
5680 1.847182
5681 1.847183
5682 1.847184
5683 1.847184
5684 1.847184
5685 1.847185
5686 1.847185
5687 1.847186
5688 1.847187
5689 1.847188
5690 1.847189
5691 1.847189
5692 1.84719
5693 1.84719
5694 1.84719
5695 1.847191
5696 1.847191
5697 1.847192
5698 1.847193
5699 1.847193
5700 1.847194
5701 1.847195
5702 1.847196
5703 1.847196
5704 1.847197
5705 1.847197
5706 1.847198
5707 1.847198
5708 1.847199
5709 1.847199
5710 1.8472
5711 1.847201
5712 1.847201
5713 1.847201
5714 1.847202
5715 1.847202
5716 1.847203
5717 1.847203
5718 1.847204
5719 1.847204
5720 1.847205
5721 1.847205
5722 1.847206
5723 1.847206
5724 1.847207
5725 1.847208
5726 1.847208
5727 1.847209
5728 1.84721
5729 1.847211
5730 1.847211
5731 1.847211
5732 1.847212
5733 1.847213
5734 1.847214
5735 1.847214
5736 1.847215
5737 1.847216
5738 1.847216
5739 1.847217
5740 1.847217
5741 1.847218
5742 1.847219
5743 1.847219
5744 1.84722
5745 1.84722
5746 1.84722
5747 1.847221
5748 1.847222
5749 1.847223
5750 1.847223
5751 1.847224
5752 1.847224
5753 1.847225
5754 1.847226
5755 1.847227
5756 1.847227
5757 1.847228
5758 1.847228
5759 1.847229
5760 1.847229
5761 1.847229
5762 1.84723
5763 1.847231
5764 1.847231
5765 1.847232
5766 1.847232
5767 1.847232
5768 1.847233
5769 1.847234
5770 1.847234
5771 1.847235
5772 1.847235
5773 1.847236
5774 1.847237
5775 1.847237
5776 1.847238
5777 1.847239
5778 1.847239
5779 1.847239
5780 1.847239
5781 1.84724
5782 1.84724
5783 1.847241
5784 1.847242
5785 1.847242
5786 1.847243
5787 1.847244
5788 1.847245
5789 1.847245
5790 1.847245
5791 1.847246
5792 1.847246
5793 1.847247
5794 1.847247
5795 1.847248
5796 1.847248
5797 1.847249
5798 1.847249
5799 1.84725
5800 1.84725
5801 1.847251
5802 1.847251
5803 1.847251
5804 1.847252
5805 1.847253
5806 1.847253
5807 1.847253
5808 1.847254
5809 1.847255
5810 1.847255
5811 1.847255
5812 1.847255
5813 1.847256
5814 1.847256
5815 1.847257
5816 1.847257
5817 1.847258
5818 1.847258
5819 1.847259
5820 1.847259
5821 1.84726
5822 1.84726
5823 1.847261
5824 1.847262
5825 1.847262
5826 1.847263
5827 1.847263
5828 1.847264
5829 1.847264
5830 1.847265
5831 1.847265
5832 1.847265
5833 1.847266
5834 1.847267
5835 1.847267
5836 1.847267
5837 1.847268
5838 1.847269
5839 1.84727
5840 1.84727
5841 1.847271
5842 1.847271
5843 1.847271
5844 1.847272
5845 1.847272
5846 1.847273
5847 1.847273
5848 1.847274
5849 1.847275
5850 1.847275
5851 1.847275
5852 1.847275
5853 1.847276
5854 1.847276
5855 1.847277
5856 1.847277
5857 1.847278
5858 1.847278
5859 1.847279
5860 1.847279
5861 1.847279
5862 1.84728
5863 1.84728
5864 1.847281
5865 1.847282
5866 1.847282
5867 1.847283
5868 1.847283
5869 1.847284
5870 1.847284
5871 1.847285
5872 1.847285
5873 1.847286
5874 1.847286
5875 1.847287
5876 1.847287
5877 1.847287
5878 1.847288
5879 1.847288
5880 1.847289
5881 1.847289
5882 1.84729
5883 1.84729
5884 1.84729
5885 1.847291
5886 1.847291
5887 1.847292
5888 1.847292
5889 1.847293
5890 1.847293
5891 1.847294
5892 1.847294
5893 1.847295
5894 1.847295
5895 1.847296
5896 1.847296
5897 1.847297
5898 1.847298
5899 1.847298
5900 1.847298
5901 1.847299
5902 1.847299
5903 1.847299
5904 1.847299
5905 1.847299
5906 1.8473
5907 1.847301
5908 1.847301
5909 1.847302
5910 1.847302
5911 1.847302
5912 1.847303
5913 1.847304
5914 1.847304
5915 1.847304
5916 1.847305
5917 1.847305
5918 1.847305
5919 1.847305
5920 1.847306
5921 1.847306
5922 1.847307
5923 1.847307
5924 1.847308
5925 1.847309
5926 1.847309
5927 1.84731
5928 1.84731
5929 1.847311
5930 1.847311
5931 1.847311
5932 1.847312
5933 1.847313
5934 1.847313
5935 1.847313
5936 1.847314
5937 1.847314
5938 1.847315
5939 1.847315
5940 1.847315
5941 1.847316
5942 1.847316
5943 1.847317
5944 1.847317
5945 1.847318
5946 1.847318
5947 1.847318
5948 1.847319
5949 1.847319
5950 1.847319
5951 1.84732
5952 1.84732
5953 1.847321
5954 1.847321
5955 1.847322
5956 1.847322
5957 1.847323
5958 1.847323
5959 1.847323
5960 1.847323
5961 1.847324
5962 1.847324
5963 1.847324
5964 1.847325
5965 1.847325
5966 1.847326
5967 1.847326
5968 1.847327
5969 1.847327
5970 1.847327
5971 1.847327
5972 1.847328
5973 1.847328
5974 1.847329
5975 1.847329
5976 1.847329
5977 1.84733
5978 1.84733
5979 1.847331
5980 1.847331
5981 1.847332
5982 1.847332
5983 1.847333
5984 1.847333
5985 1.847334
5986 1.847334
5987 1.847334
5988 1.847335
5989 1.847336
5990 1.847336
5991 1.847336
5992 1.847336
5993 1.847337
5994 1.847337
5995 1.847338
5996 1.847338
5997 1.847338
5998 1.847339
5999 1.847339
6000 1.847339
6001 1.84734
6002 1.847341
6003 1.847341
6004 1.847341
6005 1.847342
6006 1.847342
6007 1.847343
6008 1.847343
6009 1.847343
6010 1.847344
6011 1.847344
6012 1.847345
6013 1.847345
6014 1.847346
6015 1.847346
6016 1.847346
6017 1.847347
6018 1.847347
6019 1.847347
6020 1.847348
6021 1.847348
6022 1.847349
6023 1.847349
6024 1.847349
6025 1.84735
6026 1.84735
6027 1.84735
6028 1.84735
6029 1.84735
6030 1.847351
6031 1.847351
6032 1.847352
6033 1.847352
6034 1.847352
6035 1.847352
6036 1.847352
6037 1.847352
6038 1.847353
6039 1.847354
6040 1.847354
6041 1.847355
6042 1.847355
6043 1.847355
6044 1.847355
6045 1.847356
6046 1.847356
6047 1.847357
6048 1.847357
6049 1.847357
6050 1.847357
6051 1.847358
6052 1.847359
6053 1.847359
6054 1.847359
6055 1.84736
6056 1.84736
6057 1.847361
6058 1.847361
6059 1.847361
6060 1.847361
6061 1.847362
6062 1.847362
6063 1.847362
6064 1.847363
6065 1.847363
6066 1.847363
6067 1.847364
6068 1.847364
6069 1.847365
6070 1.847365
6071 1.847365
6072 1.847366
6073 1.847366
6074 1.847366
6075 1.847367
6076 1.847368
6077 1.847368
6078 1.847368
6079 1.847368
6080 1.847369
6081 1.847369
6082 1.84737
6083 1.84737
6084 1.84737
6085 1.847371
6086 1.847371
6087 1.847372
6088 1.847372
6089 1.847373
6090 1.847374
6091 1.847374
6092 1.847374
6093 1.847374
6094 1.847374
6095 1.847375
6096 1.847375
6097 1.847375
6098 1.847375
6099 1.847376
6100 1.847376
6101 1.847376
6102 1.847377
6103 1.847378
6104 1.847378
6105 1.847378
6106 1.847378
6107 1.847379
6108 1.847379
6109 1.847379
6110 1.847379
6111 1.84738
6112 1.847381
6113 1.847381
6114 1.847381
6115 1.847382
6116 1.847382
6117 1.847382
6118 1.847382
6119 1.847383
6120 1.847383
6121 1.847383
6122 1.847384
6123 1.847384
6124 1.847384
6125 1.847384
6126 1.847385
6127 1.847385
6128 1.847386
6129 1.847386
6130 1.847386
6131 1.847387
6132 1.847387
6133 1.847387
6134 1.847388
6135 1.847388
6136 1.847389
6137 1.847389
6138 1.847389
6139 1.84739
6140 1.84739
6141 1.84739
6142 1.847391
6143 1.847391
6144 1.847391
6145 1.847392
6146 1.847392
6147 1.847392
6148 1.847393
6149 1.847393
6150 1.847393
6151 1.847394
6152 1.847394
6153 1.847394
6154 1.847394
6155 1.847395
6156 1.847395
6157 1.847395
6158 1.847396
6159 1.847396
6160 1.847396
6161 1.847396
6162 1.847396
6163 1.847397
6164 1.847397
6165 1.847397
6166 1.847397
6167 1.847398
6168 1.847398
6169 1.847398
6170 1.847399
6171 1.847399
6172 1.847399
6173 1.8474
6174 1.8474
6175 1.8474
6176 1.847401
6177 1.847401
6178 1.847401
6179 1.847401
6180 1.847401
6181 1.847402
6182 1.847402
6183 1.847402
6184 1.847403
6185 1.847403
6186 1.847404
6187 1.847404
6188 1.847404
6189 1.847404
6190 1.847404
6191 1.847405
6192 1.847405
6193 1.847405
6194 1.847406
6195 1.847407
6196 1.847407
6197 1.847407
6198 1.847407
6199 1.847408
6200 1.847407
6201 1.847408
6202 1.847409
6203 1.847409
6204 1.847409
6205 1.847409
6206 1.84741
6207 1.84741
6208 1.84741
6209 1.847411
6210 1.847411
6211 1.847412
6212 1.847412
6213 1.847412
6214 1.847413
6215 1.847413
6216 1.847413
6217 1.847414
6218 1.847414
6219 1.847414
6220 1.847415
6221 1.847415
6222 1.847415
6223 1.847415
6224 1.847416
6225 1.847417
6226 1.847417
6227 1.847417
6228 1.847417
6229 1.847417
6230 1.847418
6231 1.847418
6232 1.847418
6233 1.847419
6234 1.847419
6235 1.847419
6236 1.847419
6237 1.84742
6238 1.84742
6239 1.84742
6240 1.847421
6241 1.847421
6242 1.847421
6243 1.847421
6244 1.847421
6245 1.847422
6246 1.847422
6247 1.847422
6248 1.847422
6249 1.847422
6250 1.847423
6251 1.847423
6252 1.847423
6253 1.847424
6254 1.847424
6255 1.847424
6256 1.847424
6257 1.847425
6258 1.847425
6259 1.847425
6260 1.847425
6261 1.847425
6262 1.847426
6263 1.847427
6264 1.847427
6265 1.847427
6266 1.847427
6267 1.847427
6268 1.847428
6269 1.847427
6270 1.847427
6271 1.847428
6272 1.847428
6273 1.847428
6274 1.847429
6275 1.847429
6276 1.847429
6277 1.84743
6278 1.84743
6279 1.847431
6280 1.847431
6281 1.847431
6282 1.847431
6283 1.847431
6284 1.847432
6285 1.847432
6286 1.847433
6287 1.847433
6288 1.847433
6289 1.847433
6290 1.847433
6291 1.847434
6292 1.847434
6293 1.847434
6294 1.847434
6295 1.847434
6296 1.847435
6297 1.847435
6298 1.847435
6299 1.847435
6300 1.847435
6301 1.847436
6302 1.847436
6303 1.847436
6304 1.847437
6305 1.847437
6306 1.847437
6307 1.847438
6308 1.847438
6309 1.847438
6310 1.847438
6311 1.847439
6312 1.847439
6313 1.847439
6314 1.84744
6315 1.84744
6316 1.84744
6317 1.84744
6318 1.847441
6319 1.847441
6320 1.847441
6321 1.847442
6322 1.847442
6323 1.847443
6324 1.847443
6325 1.847443
6326 1.847443
6327 1.847443
6328 1.847443
6329 1.847444
6330 1.847444
6331 1.847444
6332 1.847444
6333 1.847444
6334 1.847444
6335 1.847444
6336 1.847445
6337 1.847445
6338 1.847445
6339 1.847445
6340 1.847445
6341 1.847445
6342 1.847446
6343 1.847446
6344 1.847447
6345 1.847447
6346 1.847447
6347 1.847447
6348 1.847447
6349 1.847447
6350 1.847448
6351 1.847448
6352 1.847448
6353 1.847448
6354 1.847448
6355 1.847449
6356 1.847449
6357 1.847449
6358 1.847449
6359 1.84745
6360 1.84745
6361 1.84745
6362 1.84745
6363 1.847451
6364 1.847451
6365 1.847451
6366 1.847452
6367 1.847452
6368 1.847452
6369 1.847452
6370 1.847452
6371 1.847452
6372 1.847452
6373 1.847452
6374 1.847453
6375 1.847453
6376 1.847453
6377 1.847454
6378 1.847454
6379 1.847454
6380 1.847454
6381 1.847455
6382 1.847455
6383 1.847455
6384 1.847455
6385 1.847456
6386 1.847456
6387 1.847456
6388 1.847457
6389 1.847457
6390 1.847457
6391 1.847457
6392 1.847457
6393 1.847458
6394 1.847458
6395 1.847458
6396 1.847458
6397 1.847458
6398 1.847459
6399 1.847459
6400 1.847459
6401 1.847459
6402 1.847459
6403 1.84746
6404 1.84746
6405 1.84746
6406 1.847461
6407 1.847461
6408 1.847461
6409 1.847461
6410 1.847462
6411 1.847462
6412 1.847462
6413 1.847462
6414 1.847463
6415 1.847463
6416 1.847464
6417 1.847463
6418 1.847463
6419 1.847463
6420 1.847464
6421 1.847464
6422 1.847464
6423 1.847464
6424 1.847465
6425 1.847465
6426 1.847465
6427 1.847466
6428 1.847466
6429 1.847466
6430 1.847467
6431 1.847467
6432 1.847467
6433 1.847467
6434 1.847468
6435 1.847468
6436 1.847468
6437 1.847468
6438 1.847468
6439 1.847469
6440 1.847469
6441 1.847469
6442 1.847469
6443 1.847469
6444 1.84747
6445 1.84747
6446 1.847469
6447 1.84747
6448 1.84747
6449 1.847471
6450 1.847471
6451 1.847471
6452 1.847471
6453 1.847471
6454 1.847471
6455 1.847472
6456 1.847472
6457 1.847472
6458 1.847472
6459 1.847472
6460 1.847472
6461 1.847473
6462 1.847473
6463 1.847473
6464 1.847473
6465 1.847473
6466 1.847473
6467 1.847474
6468 1.847474
6469 1.847474
6470 1.847474
6471 1.847474
6472 1.847474
6473 1.847474
6474 1.847474
6475 1.847475
6476 1.847475
6477 1.847475
6478 1.847475
6479 1.847475
6480 1.847476
6481 1.847476
6482 1.847476
6483 1.847476
6484 1.847476
6485 1.847476
6486 1.847477
6487 1.847477
6488 1.847477
6489 1.847477
6490 1.847477
6491 1.847478
6492 1.847479
6493 1.847479
6494 1.847479
6495 1.847479
6496 1.847479
6497 1.84748
6498 1.84748
6499 1.84748
6500 1.84748
6501 1.84748
6502 1.847481
6503 1.847481
6504 1.847481
6505 1.847481
6506 1.847482
6507 1.847482
6508 1.847482
6509 1.847482
6510 1.847482
6511 1.847482
6512 1.847483
6513 1.847483
6514 1.847483
6515 1.847484
6516 1.847484
6517 1.847484
6518 1.847484
6519 1.847484
6520 1.847484
6521 1.847485
6522 1.847485
6523 1.847485
6524 1.847485
6525 1.847485
6526 1.847485
6527 1.847486
6528 1.847486
6529 1.847486
6530 1.847486
6531 1.847487
6532 1.847487
6533 1.847487
6534 1.847487
6535 1.847487
6536 1.847488
6537 1.847488
6538 1.847488
6539 1.847488
6540 1.847488
6541 1.847489
6542 1.847489
6543 1.847489
6544 1.847489
6545 1.847489
6546 1.847489
6547 1.847489
6548 1.847489
6549 1.847489
6550 1.84749
6551 1.84749
6552 1.84749
6553 1.847491
6554 1.847491
6555 1.847492
6556 1.847492
