"report-mom-rfile"
"Iteration" "report-mom"
("Iteration" "report-mom")
4035 0.5235056
4036 0.5235069
4037 0.5235085
4038 0.5235101
4039 0.5235116
4040 0.5235133
4041 0.5235152
4042 0.5235165
4043 0.5235181
4044 0.5235195
4045 0.5235212
4046 0.5235224
4047 0.5235241
4048 0.5235257
4049 0.5235271
4050 0.5235286
4051 0.5235305
4052 0.5235318
4053 0.5235335
4054 0.5235352
4055 0.5235364
4056 0.5235379
4057 0.5235395
4058 0.523541
4059 0.5235426
4060 0.5235441
4061 0.5235455
4062 0.5235471
4063 0.5235485
4064 0.5235502
4065 0.5235517
4066 0.5235529
4067 0.5235546
4068 0.5235562
4069 0.5235577
4070 0.5235592
4071 0.5235606
4072 0.5235622
4073 0.5235636
4074 0.5235651
4075 0.5235667
4076 0.5235682
4077 0.5235696
4078 0.5235711
4079 0.5235726
4080 0.5235742
4081 0.5235757
4082 0.5235772
4083 0.5235784
4084 0.5235802
4085 0.5235816
4086 0.523583
4087 0.5235848
4088 0.5235859
4089 0.5235875
4090 0.523589
4091 0.5235904
4092 0.5235919
4093 0.5235934
4094 0.5235949
4095 0.523596
4096 0.5235978
4097 0.5235991
4098 0.5236006
4099 0.5236022
4100 0.5236035
4101 0.5236049
4102 0.5236063
4103 0.5236076
4104 0.5236093
4105 0.5236107
4106 0.523612
4107 0.5236136
4108 0.5236151
4109 0.5236165
4110 0.5236177
4111 0.5236194
4112 0.5236207
4113 0.523622
4114 0.5236235
4115 0.5236251
4116 0.5236265
4117 0.5236278
4118 0.5236292
4119 0.5236307
4120 0.5236319
4121 0.5236333
4122 0.5236347
4123 0.5236361
4124 0.5236377
4125 0.5236391
4126 0.5236404
4127 0.5236417
4128 0.5236431
4129 0.5236444
4130 0.5236459
4131 0.5236474
4132 0.5236488
4133 0.5236502
4134 0.5236511
4135 0.5236529
4136 0.523654
4137 0.5236554
4138 0.5236567
4139 0.5236582
4140 0.5236597
4141 0.5236611
4142 0.5236625
4143 0.5236637
4144 0.5236651
4145 0.5236664
4146 0.5236678
4147 0.5236693
4148 0.5236706
4149 0.5236719
4150 0.5236735
4151 0.5236747
4152 0.5236763
4153 0.5236773
4154 0.5236787
4155 0.52368
4156 0.5236816
4157 0.5236829
4158 0.5236838
4159 0.5236855
4160 0.5236867
4161 0.523688
4162 0.5236892
4163 0.5236905
4164 0.523692
4165 0.5236933
4166 0.5236945
4167 0.5236958
4168 0.5236971
4169 0.5236986
4170 0.5236999
4171 0.5237013
4172 0.5237026
4173 0.5237039
4174 0.5237052
4175 0.5237063
4176 0.5237077
4177 0.5237091
4178 0.5237102
4179 0.5237115
4180 0.5237128
4181 0.5237142
4182 0.5237155
4183 0.5237169
4184 0.5237181
4185 0.5237194
4186 0.5237206
4187 0.5237222
4188 0.5237234
4189 0.5237245
4190 0.5237257
4191 0.5237269
4192 0.5237281
4193 0.5237296
4194 0.5237311
4195 0.5237322
4196 0.5237336
4197 0.5237345
4198 0.523736
4199 0.5237371
4200 0.5237389
4201 0.5237398
4202 0.5237412
4203 0.5237425
4204 0.5237437
4205 0.5237449
4206 0.5237462
4207 0.5237474
4208 0.5237486
4209 0.5237499
4210 0.5237511
4211 0.5237522
4212 0.5237535
4213 0.5237548
4214 0.523756
4215 0.5237573
4216 0.5237586
4217 0.5237599
4218 0.5237612
4219 0.5237623
4220 0.5237635
4221 0.5237647
4222 0.5237661
4223 0.5237672
4224 0.5237684
4225 0.5237696
4226 0.5237708
4227 0.5237717
4228 0.5237733
4229 0.5237744
4230 0.5237757
4231 0.5237769
4232 0.5237784
4233 0.5237794
4234 0.5237805
4235 0.5237817
4236 0.5237829
4237 0.5237841
4238 0.5237854
4239 0.5237865
4240 0.5237877
4241 0.5237888
4242 0.5237903
4243 0.5237915
4244 0.5237927
4245 0.523794
4246 0.5237949
4247 0.5237963
4248 0.5237975
4249 0.5237986
4250 0.5237998
4251 0.5238009
4252 0.5238019
4253 0.5238035
4254 0.5238044
4255 0.5238057
4256 0.5238069
4257 0.523808
4258 0.5238092
4259 0.5238105
4260 0.5238115
4261 0.5238128
4262 0.523814
4263 0.523815
4264 0.523816
4265 0.5238174
4266 0.5238186
4267 0.5238197
4268 0.5238209
4269 0.523822
4270 0.5238231
4271 0.5238242
4272 0.5238253
4273 0.5238265
4274 0.5238274
4275 0.5238288
4276 0.5238298
4277 0.5238311
4278 0.5238323
4279 0.5238335
4280 0.5238345
4281 0.5238355
4282 0.5238367
4283 0.5238379
4284 0.5238391
4285 0.5238402
4286 0.5238413
4287 0.5238424
4288 0.5238435
4289 0.5238448
4290 0.5238459
4291 0.5238472
4292 0.5238482
4293 0.5238494
4294 0.5238503
4295 0.5238515
4296 0.5238526
4297 0.5238538
4298 0.523855
4299 0.5238562
4300 0.5238571
4301 0.5238581
4302 0.5238595
4303 0.5238605
4304 0.5238618
4305 0.523863
4306 0.5238642
4307 0.5238652
4308 0.5238662
4309 0.5238672
4310 0.5238684
4311 0.5238693
4312 0.5238705
4313 0.5238714
4314 0.5238727
4315 0.5238738
4316 0.5238749
4317 0.5238758
4318 0.5238767
4319 0.523878
4320 0.5238788
4321 0.5238801
4322 0.523881
4323 0.5238822
4324 0.5238828
4325 0.5238844
4326 0.5238851
4327 0.5238864
4328 0.5238876
4329 0.5238888
4330 0.5238896
4331 0.5238907
4332 0.5238917
4333 0.5238931
4334 0.523894
4335 0.523895
4336 0.5238961
4337 0.5238973
4338 0.5238983
4339 0.5238994
4340 0.5239003
4341 0.5239013
4342 0.5239025
4343 0.5239033
4344 0.5239044
4345 0.5239053
4346 0.5239066
4347 0.5239076
4348 0.5239086
4349 0.5239097
4350 0.5239106
4351 0.5239117
4352 0.5239127
4353 0.5239139
4354 0.523915
4355 0.5239159
4356 0.523917
4357 0.523918
4358 0.5239188
4359 0.5239199
4360 0.5239208
4361 0.5239218
4362 0.523923
4363 0.523924
4364 0.5239249
4365 0.5239259
4366 0.523927
4367 0.523928
4368 0.5239288
4369 0.5239301
4370 0.5239309
4371 0.523932
4372 0.5239329
4373 0.5239341
4374 0.5239352
4375 0.523936
4376 0.5239371
4377 0.523938
4378 0.5239388
4379 0.52394
4380 0.523941
4381 0.5239416
4382 0.5239431
4383 0.5239439
4384 0.5239448
4385 0.5239462
4386 0.5239471
4387 0.5239481
4388 0.5239489
4389 0.5239496
4390 0.523951
4391 0.5239519
4392 0.5239528
4393 0.5239536
4394 0.5239547
4395 0.5239556
4396 0.5239567
4397 0.5239579
4398 0.5239586
4399 0.5239596
4400 0.5239606
4401 0.5239617
4402 0.5239627
4403 0.5239635
4404 0.5239645
4405 0.5239653
4406 0.5239665
4407 0.5239674
4408 0.5239685
4409 0.5239695
4410 0.5239702
4411 0.5239713
4412 0.5239723
4413 0.5239732
4414 0.5239741
4415 0.5239751
4416 0.523976
4417 0.523977
4418 0.523978
4419 0.5239788
4420 0.5239799
4421 0.5239807
4422 0.5239819
4423 0.5239826
4424 0.5239836
4425 0.5239844
4426 0.5239856
4427 0.5239866
4428 0.5239874
4429 0.5239882
4430 0.5239891
4431 0.52399
4432 0.523991
4433 0.5239918
4434 0.5239927
4435 0.5239936
4436 0.5239946
4437 0.5239956
4438 0.5239965
4439 0.5239975
4440 0.5239984
4441 0.5239993
4442 0.5240001
4443 0.5240009
4444 0.5240019
4445 0.5240027
4446 0.5240034
4447 0.5240044
4448 0.5240058
4449 0.5240065
4450 0.5240074
4451 0.5240084
4452 0.5240094
4453 0.5240102
4454 0.5240113
4455 0.524012
4456 0.5240129
4457 0.5240139
4458 0.5240148
4459 0.5240158
4460 0.5240165
4461 0.5240177
4462 0.5240185
4463 0.5240192
4464 0.5240203
4465 0.5240213
4466 0.524022
4467 0.5240226
4468 0.5240237
4469 0.5240246
4470 0.5240255
4471 0.5240263
4472 0.5240272
4473 0.5240282
4474 0.5240291
4475 0.5240299
4476 0.5240307
4477 0.5240316
4478 0.5240323
4479 0.5240331
4480 0.5240341
4481 0.5240352
4482 0.5240361
4483 0.5240369
4484 0.5240378
4485 0.5240387
4486 0.5240394
4487 0.5240405
4488 0.5240412
4489 0.5240422
4490 0.5240429
4491 0.5240439
4492 0.5240449
4493 0.5240456
4494 0.5240463
4495 0.5240474
4496 0.5240482
4497 0.524049
4498 0.52405
4499 0.5240508
4500 0.5240517
4501 0.5240525
4502 0.5240535
4503 0.5240543
4504 0.5240552
4505 0.5240558
4506 0.5240567
4507 0.5240576
4508 0.5240582
4509 0.5240594
4510 0.52406
4511 0.524061
4512 0.5240616
4513 0.5240625
4514 0.5240633
4515 0.5240643
4516 0.524065
4517 0.5240659
4518 0.5240669
4519 0.5240674
4520 0.5240682
4521 0.5240691
4522 0.52407
4523 0.5240708
4524 0.5240715
4525 0.5240726
4526 0.5240733
4527 0.5240742
4528 0.524075
4529 0.5240759
4530 0.5240766
4531 0.5240774
4532 0.5240782
4533 0.5240794
4534 0.52408
4535 0.5240809
4536 0.5240816
4537 0.5240824
4538 0.5240833
4539 0.5240841
4540 0.5240851
4541 0.5240858
4542 0.5240866
4543 0.5240874
4544 0.524088
4545 0.5240888
4546 0.5240897
4547 0.5240904
4548 0.5240911
4549 0.5240918
4550 0.5240928
4551 0.5240934
4552 0.5240943
4553 0.5240952
4554 0.5240958
4555 0.5240967
4556 0.5240975
4557 0.5240983
4558 0.5240991
4559 0.5240998
4560 0.5241004
4561 0.5241011
4562 0.5241022
4563 0.5241028
4564 0.5241037
4565 0.5241045
4566 0.5241051
4567 0.524106
4568 0.5241066
4569 0.5241076
4570 0.5241083
4571 0.5241091
4572 0.5241098
4573 0.5241106
4574 0.5241113
4575 0.5241122
4576 0.524113
4577 0.5241137
4578 0.5241144
4579 0.5241151
4580 0.5241159
4581 0.5241166
4582 0.5241174
4583 0.5241184
4584 0.524119
4585 0.5241197
4586 0.5241206
4587 0.5241212
4588 0.5241217
4589 0.5241225
4590 0.5241236
4591 0.5241242
4592 0.5241253
4593 0.5241261
4594 0.5241266
4595 0.5241274
4596 0.5241282
4597 0.5241289
4598 0.5241296
4599 0.5241301
4600 0.5241308
4601 0.5241317
4602 0.5241324
4603 0.5241331
4604 0.5241337
4605 0.5241346
4606 0.5241354
4607 0.5241361
4608 0.524137
4609 0.5241374
4610 0.5241384
4611 0.5241389
4612 0.5241398
4613 0.5241402
4614 0.5241411
4615 0.524142
4616 0.5241426
4617 0.5241435
4618 0.5241441
4619 0.5241447
4620 0.5241456
4621 0.5241462
4622 0.5241469
4623 0.5241477
4624 0.5241481
4625 0.5241492
4626 0.5241498
4627 0.5241504
4628 0.5241513
4629 0.5241519
4630 0.5241527
4631 0.5241536
4632 0.5241539
4633 0.5241548
4634 0.5241554
4635 0.5241561
4636 0.5241569
4637 0.5241576
4638 0.5241582
4639 0.524159
4640 0.5241596
4641 0.5241603
4642 0.5241609
4643 0.5241618
4644 0.5241627
4645 0.5241634
4646 0.5241638
4647 0.5241644
4648 0.5241652
4649 0.524166
4650 0.5241668
4651 0.5241674
4652 0.5241681
4653 0.5241687
4654 0.5241693
4655 0.5241698
4656 0.5241709
4657 0.5241714
4658 0.5241721
4659 0.524173
4660 0.5241737
4661 0.524174
4662 0.5241748
4663 0.5241756
4664 0.5241765
4665 0.524177
4666 0.5241776
4667 0.5241783
4668 0.5241792
4669 0.5241796
4670 0.5241802
4671 0.5241811
4672 0.5241817
4673 0.5241823
4674 0.5241831
4675 0.5241836
4676 0.5241845
4677 0.5241849
4678 0.5241855
4679 0.5241862
4680 0.5241869
4681 0.5241876
4682 0.5241884
4683 0.5241888
4684 0.5241895
4685 0.5241904
4686 0.524191
4687 0.5241917
4688 0.5241923
4689 0.524193
4690 0.5241937
4691 0.5241944
4692 0.5241948
4693 0.5241954
4694 0.5241961
4695 0.5241972
4696 0.5241977
4697 0.5241984
4698 0.5241988
4699 0.5241997
4700 0.5242002
4701 0.5242009
4702 0.5242015
4703 0.5242022
4704 0.5242028
4705 0.5242035
4706 0.5242043
4707 0.5242049
4708 0.5242054
4709 0.524206
4710 0.5242064
4711 0.5242072
4712 0.5242078
4713 0.5242085
4714 0.5242092
4715 0.5242099
4716 0.5242106
4717 0.5242112
4718 0.524212
4719 0.5242125
4720 0.5242131
4721 0.5242136
4722 0.524214
4723 0.524215
4724 0.5242156
4725 0.5242163
4726 0.5242171
4727 0.5242177
4728 0.5242181
4729 0.5242187
4730 0.5242192
4731 0.52422
4732 0.5242206
4733 0.5242213
4734 0.5242218
4735 0.5242226
4736 0.5242231
4737 0.5242237
4738 0.5242244
4739 0.5242253
4740 0.5242257
4741 0.5242264
4742 0.5242269
4743 0.5242277
4744 0.5242282
4745 0.5242285
4746 0.5242293
4747 0.5242299
4748 0.5242307
4749 0.5242313
4750 0.5242317
4751 0.5242326
4752 0.5242335
4753 0.5242338
4754 0.5242344
4755 0.5242352
4756 0.5242355
4757 0.5242361
4758 0.5242367
4759 0.5242372
4760 0.524238
4761 0.5242388
4762 0.5242391
4763 0.5242397
4764 0.5242404
4765 0.5242408
4766 0.5242414
4767 0.524242
4768 0.5242429
4769 0.5242437
4770 0.524244
4771 0.5242445
4772 0.5242451
4773 0.5242457
4774 0.5242465
4775 0.5242468
4776 0.5242473
4777 0.5242481
4778 0.5242487
4779 0.5242493
4780 0.5242499
4781 0.5242506
4782 0.5242512
4783 0.5242516
4784 0.5242524
4785 0.524253
4786 0.5242534
4787 0.524254
4788 0.5242544
4789 0.5242549
4790 0.5242556
4791 0.5242563
4792 0.524257
4793 0.5242576
4794 0.524258
4795 0.5242586
4796 0.5242592
4797 0.5242597
4798 0.5242603
4799 0.5242609
4800 0.5242615
4801 0.524262
4802 0.5242624
4803 0.5242629
4804 0.5242639
4805 0.5242643
4806 0.5242647
4807 0.5242652
4808 0.5242658
4809 0.5242663
4810 0.5242668
4811 0.5242674
4812 0.5242682
4813 0.5242685
4814 0.524269
4815 0.5242698
4816 0.5242707
4817 0.524271
4818 0.5242715
4819 0.5242719
4820 0.5242724
4821 0.5242729
4822 0.5242737
4823 0.5242743
4824 0.5242747
4825 0.5242755
4826 0.5242758
4827 0.5242765
4828 0.524277
4829 0.5242776
4830 0.524278
4831 0.5242786
4832 0.5242791
4833 0.5242795
4834 0.5242803
4835 0.5242807
4836 0.5242813
4837 0.5242819
4838 0.5242823
4839 0.5242829
4840 0.5242833
4841 0.524284
4842 0.5242845
4843 0.5242849
4844 0.5242855
4845 0.5242862
4846 0.5242868
4847 0.5242874
4848 0.5242879
4849 0.5242883
4850 0.5242888
4851 0.5242892
4852 0.5242898
4853 0.5242904
4854 0.524291
4855 0.5242914
4856 0.5242919
4857 0.5242925
4858 0.524293
4859 0.5242935
4860 0.5242941
4861 0.5242945
4862 0.524295
4863 0.5242956
4864 0.5242962
4865 0.5242967
4866 0.5242971
4867 0.5242975
4868 0.5242981
4869 0.5242987
4870 0.5242993
4871 0.5242997
4872 0.5243003
4873 0.524301
4874 0.5243015
4875 0.5243017
4876 0.5243022
4877 0.5243028
4878 0.5243034
4879 0.5243038
4880 0.5243043
4881 0.5243049
4882 0.5243056
4883 0.5243061
4884 0.5243065
4885 0.5243068
4886 0.5243074
4887 0.5243077
4888 0.5243083
4889 0.5243087
4890 0.5243092
4891 0.52431
4892 0.5243104
4893 0.5243107
4894 0.5243112
4895 0.5243117
4896 0.5243123
4897 0.5243127
4898 0.5243132
4899 0.5243137
4900 0.524314
4901 0.5243149
4902 0.5243152
4903 0.5243158
4904 0.5243163
4905 0.5243168
4906 0.5243172
4907 0.5243177
4908 0.524318
4909 0.5243184
4910 0.5243187
4911 0.5243193
4912 0.5243199
4913 0.5243205
4914 0.524321
4915 0.5243215
4916 0.5243219
4917 0.5243225
4918 0.5243232
4919 0.5243236
4920 0.524324
4921 0.5243244
4922 0.5243249
4923 0.5243255
4924 0.5243257
4925 0.5243262
4926 0.5243267
4927 0.5243272
4928 0.5243279
4929 0.5243281
4930 0.5243284
4931 0.5243289
4932 0.5243294
4933 0.5243299
4934 0.5243303
4935 0.5243307
4936 0.5243312
4937 0.5243316
4938 0.5243319
4939 0.5243326
4940 0.5243333
4941 0.5243337
4942 0.5243341
4943 0.5243347
4944 0.524335
4945 0.5243354
4946 0.5243359
4947 0.5243363
4948 0.5243369
4949 0.5243375
4950 0.5243377
4951 0.5243384
4952 0.524339
4953 0.5243394
4954 0.5243399
4955 0.5243406
4956 0.5243407
4957 0.5243413
4958 0.5243418
4959 0.5243421
4960 0.5243425
4961 0.524343
4962 0.5243437
4963 0.524344
4964 0.5243445
4965 0.524345
4966 0.5243456
4967 0.524346
4968 0.5243463
4969 0.5243469
4970 0.5243472
4971 0.5243477
4972 0.524348
4973 0.5243486
4974 0.5243492
4975 0.5243496
4976 0.52435
4977 0.5243502
4978 0.5243506
4979 0.5243512
4980 0.5243513
4981 0.5243518
4982 0.5243523
4983 0.5243527
4984 0.5243533
4985 0.5243536
4986 0.5243543
4987 0.5243548
4988 0.5243551
4989 0.5243555
4990 0.5243561
4991 0.5243562
4992 0.5243565
4993 0.5243571
4994 0.5243577
4995 0.5243579
4996 0.5243585
4997 0.5243589
4998 0.5243594
4999 0.5243599
5000 0.5243604
5001 0.5243605
5002 0.5243609
5003 0.5243615
5004 0.5243619
5005 0.5243623
5006 0.5243626
5007 0.524363
5008 0.5243633
5009 0.5243639
5010 0.5243645
5011 0.5243648
5012 0.5243652
5013 0.5243656
5014 0.524366
5015 0.5243664
5016 0.5243669
5017 0.5243673
5018 0.5243678
5019 0.5243682
5020 0.5243686
5021 0.5243689
5022 0.5243695
5023 0.5243698
5024 0.5243703
5025 0.5243707
5026 0.5243711
5027 0.5243717
5028 0.524372
5029 0.5243726
5030 0.5243729
5031 0.5243731
5032 0.5243735
5033 0.5243741
5034 0.5243745
5035 0.5243746
5036 0.524375
5037 0.5243756
5038 0.5243763
5039 0.5243764
5040 0.5243767
5041 0.5243771
5042 0.5243775
5043 0.5243778
5044 0.5243783
5045 0.524379
5046 0.5243793
5047 0.5243794
5048 0.5243799
5049 0.5243803
5050 0.5243808
5051 0.5243812
5052 0.5243814
5053 0.5243818
5054 0.5243822
5055 0.5243829
5056 0.5243833
5057 0.5243836
5058 0.5243838
5059 0.5243841
5060 0.5243843
5061 0.5243848
5062 0.5243853
5063 0.5243858
5064 0.5243863
5065 0.5243865
5066 0.5243868
5067 0.5243872
5068 0.5243877
5069 0.5243881
5070 0.5243886
5071 0.524389
5072 0.5243891
5073 0.5243896
5074 0.52439
5075 0.5243904
5076 0.5243908
5077 0.5243912
5078 0.5243916
5079 0.5243919
5080 0.5243924
5081 0.5243928
5082 0.524393
5083 0.5243934
5084 0.5243939
5085 0.5243942
5086 0.5243946
5087 0.5243948
5088 0.5243953
5089 0.5243956
5090 0.5243961
5091 0.5243965
5092 0.524397
5093 0.5243972
5094 0.5243976
5095 0.5243978
5096 0.5243983
5097 0.5243987
5098 0.5243991
5099 0.5243995
5100 0.5243998
5101 0.5244001
5102 0.5244004
5103 0.5244007
5104 0.5244011
5105 0.5244017
5106 0.5244021
5107 0.5244023
5108 0.5244026
5109 0.524403
5110 0.5244033
5111 0.5244036
5112 0.524404
5113 0.5244045
5114 0.5244048
5115 0.5244051
5116 0.5244055
5117 0.5244059
5118 0.5244063
5119 0.5244066
5120 0.5244067
5121 0.5244071
5122 0.5244073
5123 0.5244076
5124 0.5244085
5125 0.5244088
5126 0.524409
5127 0.5244092
5128 0.5244096
5129 0.5244101
5130 0.5244103
5131 0.5244107
5132 0.5244111
5133 0.5244115
5134 0.5244118
5135 0.5244122
5136 0.5244126
5137 0.5244128
5138 0.5244133
5139 0.5244138
5140 0.5244141
5141 0.5244143
5142 0.5244147
5143 0.5244152
5144 0.5244156
5145 0.524416
5146 0.5244162
5147 0.5244167
5148 0.5244171
5149 0.5244173
5150 0.5244178
5151 0.524418
5152 0.5244183
5153 0.5244185
5154 0.524419
5155 0.5244192
5156 0.5244195
5157 0.5244199
5158 0.5244203
5159 0.5244206
5160 0.524421
5161 0.5244216
5162 0.5244218
5163 0.5244221
5164 0.5244225
5165 0.5244228
5166 0.524423
5167 0.5244232
5168 0.5244236
5169 0.5244238
5170 0.5244243
5171 0.5244246
5172 0.524425
5173 0.5244253
5174 0.5244253
5175 0.5244257
5176 0.5244259
5177 0.5244263
5178 0.5244268
5179 0.5244272
5180 0.5244276
5181 0.5244279
5182 0.5244282
5183 0.5244285
5184 0.5244288
5185 0.5244292
5186 0.5244296
5187 0.52443
5188 0.5244303
5189 0.5244308
5190 0.5244312
5191 0.5244314
5192 0.5244318
5193 0.5244319
5194 0.5244324
5195 0.5244327
5196 0.5244328
5197 0.5244331
5198 0.5244334
5199 0.5244337
5200 0.524434
5201 0.5244346
5202 0.5244349
5203 0.5244353
5204 0.5244355
5205 0.5244357
5206 0.5244362
5207 0.5244365
5208 0.5244366
5209 0.5244368
5210 0.5244371
5211 0.5244376
5212 0.5244378
5213 0.5244384
5214 0.5244388
5215 0.524439
5216 0.5244393
5217 0.5244396
5218 0.5244397
5219 0.5244401
5220 0.5244404
5221 0.5244408
5222 0.5244412
5223 0.5244415
5224 0.5244418
5225 0.5244423
5226 0.5244426
5227 0.5244428
5228 0.5244433
5229 0.5244437
5230 0.524444
5231 0.5244441
5232 0.5244443
5233 0.5244446
5234 0.5244449
5235 0.5244453
5236 0.5244455
5237 0.5244458
5238 0.524446
5239 0.5244464
5240 0.5244467
5241 0.5244469
5242 0.5244473
5243 0.5244477
5244 0.524448
5245 0.5244483
5246 0.5244487
5247 0.5244491
5248 0.5244494
5249 0.5244494
5250 0.5244498
5251 0.5244501
5252 0.5244502
5253 0.5244508
5254 0.5244508
5255 0.5244511
5256 0.5244514
5257 0.5244519
5258 0.524452
5259 0.5244521
5260 0.5244524
5261 0.5244528
5262 0.5244532
5263 0.5244533
5264 0.5244536
5265 0.5244537
5266 0.5244539
5267 0.5244544
5268 0.5244548
5269 0.524455
5270 0.5244552
5271 0.5244555
5272 0.5244559
5273 0.5244561
5274 0.5244563
5275 0.5244567
5276 0.5244572
5277 0.5244573
5278 0.5244578
5279 0.5244581
5280 0.5244583
5281 0.5244586
5282 0.5244587
5283 0.5244591
5284 0.5244593
5285 0.5244597
5286 0.52446
5287 0.5244601
5288 0.5244606
5289 0.524461
5290 0.5244611
5291 0.5244613
5292 0.5244613
5293 0.5244618
5294 0.524462
5295 0.5244623
5296 0.5244626
5297 0.5244627
5298 0.5244631
5299 0.5244635
5300 0.524464
5301 0.5244641
5302 0.5244644
5303 0.5244647
5304 0.5244648
5305 0.5244653
5306 0.5244654
5307 0.5244657
5308 0.5244662
5309 0.5244666
5310 0.5244669
5311 0.524467
5312 0.5244673
5313 0.5244675
5314 0.5244679
5315 0.5244681
5316 0.5244683
5317 0.5244685
5318 0.5244689
5319 0.5244692
5320 0.5244694
5321 0.5244696
5322 0.5244697
5323 0.52447
5324 0.5244703
5325 0.5244707
5326 0.5244709
5327 0.5244712
5328 0.5244716
5329 0.5244719
5330 0.524472
5331 0.5244724
5332 0.5244725
5333 0.5244729
5334 0.5244735
5335 0.5244735
5336 0.5244737
5337 0.524474
5338 0.5244742
5339 0.5244744
5340 0.5244747
5341 0.5244749
5342 0.5244752
5343 0.5244758
5344 0.5244758
5345 0.5244762
5346 0.5244763
5347 0.5244765
5348 0.5244767
5349 0.5244768
5350 0.5244773
5351 0.5244774
5352 0.5244777
5353 0.5244781
5354 0.5244783
5355 0.5244784
5356 0.5244786
5357 0.5244788
5358 0.5244792
5359 0.5244797
5360 0.5244797
5361 0.5244801
5362 0.5244802
5363 0.5244805
5364 0.5244808
5365 0.5244809
5366 0.5244813
5367 0.5244816
5368 0.5244819
5369 0.5244823
5370 0.5244827
5371 0.5244827
5372 0.5244829
5373 0.5244831
5374 0.5244834
5375 0.5244838
5376 0.5244839
5377 0.5244842
5378 0.5244844
5379 0.5244848
5380 0.5244852
5381 0.5244853
5382 0.5244855
5383 0.5244856
5384 0.5244858
5385 0.5244861
5386 0.5244864
5387 0.5244867
5388 0.524487
5389 0.5244873
5390 0.5244873
5391 0.5244876
5392 0.5244876
5393 0.5244879
5394 0.524488
5395 0.5244884
5396 0.5244887
5397 0.5244889
5398 0.5244893
5399 0.5244893
5400 0.5244897
5401 0.5244898
5402 0.5244902
5403 0.5244904
5404 0.5244906
5405 0.5244909
5406 0.5244911
5407 0.5244915
5408 0.5244918
5409 0.524492
5410 0.524492
5411 0.5244923
5412 0.5244926
5413 0.5244929
5414 0.5244932
5415 0.5244936
5416 0.5244939
5417 0.5244941
5418 0.5244943
5419 0.5244946
5420 0.5244948
5421 0.5244951
5422 0.5244952
5423 0.5244955
5424 0.5244958
5425 0.5244961
5426 0.5244962
5427 0.5244963
5428 0.5244964
5429 0.5244968
5430 0.5244972
5431 0.5244974
5432 0.5244976
5433 0.5244979
5434 0.5244981
5435 0.5244983
5436 0.5244985
5437 0.5244986
5438 0.5244989
5439 0.5244992
5440 0.5244995
5441 0.5244997
5442 0.5244998
5443 0.5245
5444 0.5245001
5445 0.5245004
5446 0.5245005
5447 0.5245008
5448 0.524501
5449 0.5245011
5450 0.5245015
5451 0.5245017
5452 0.524502
5453 0.5245023
5454 0.5245025
5455 0.5245028
5456 0.5245028
5457 0.5245031
5458 0.5245032
5459 0.5245035
5460 0.5245037
5461 0.5245041
5462 0.5245043
5463 0.5245046
5464 0.5245047
5465 0.524505
5466 0.5245054
5467 0.5245057
5468 0.5245058
5469 0.524506
5470 0.5245062
5471 0.5245064
5472 0.5245066
5473 0.5245069
5474 0.524507
5475 0.5245071
5476 0.5245073
5477 0.5245076
5478 0.5245079
5479 0.5245081
5480 0.5245084
5481 0.5245087
5482 0.5245087
5483 0.5245088
5484 0.524509
5485 0.5245093
5486 0.5245093
5487 0.5245095
5488 0.5245098
5489 0.5245102
5490 0.5245104
5491 0.5245104
5492 0.5245106
5493 0.5245108
5494 0.524511
5495 0.5245113
5496 0.5245116
5497 0.5245118
5498 0.5245119
5499 0.5245122
5500 0.5245122
5501 0.5245125
5502 0.5245129
5503 0.5245131
5504 0.5245132
5505 0.5245133
5506 0.5245136
5507 0.5245138
5508 0.5245141
5509 0.5245143
5510 0.5245146
5511 0.5245149
5512 0.524515
5513 0.5245152
5514 0.5245155
5515 0.5245157
5516 0.5245158
5517 0.524516
5518 0.5245163
5519 0.5245163
5520 0.5245163
5521 0.5245165
5522 0.5245169
5523 0.524517
5524 0.5245172
5525 0.5245174
5526 0.5245175
5527 0.5245176
5528 0.5245177
5529 0.5245183
5530 0.5245183
5531 0.5245186
5532 0.5245188
5533 0.5245188
5534 0.524519
5535 0.5245193
5536 0.5245196
5537 0.5245197
5538 0.52452
5539 0.5245203
5540 0.5245204
5541 0.5245206
5542 0.5245207
5543 0.5245208
5544 0.5245211
5545 0.5245215
5546 0.5245217
5547 0.5245219
5548 0.5245222
5549 0.5245224
5550 0.5245224
5551 0.5245224
5552 0.5245227
5553 0.5245232
5554 0.5245234
5555 0.5245236
5556 0.5245239
5557 0.5245241
5558 0.5245243
5559 0.5245244
5560 0.5245245
5561 0.5245247
5562 0.5245247
5563 0.5245249
5564 0.5245251
5565 0.5245253
5566 0.5245256
5567 0.5245257
5568 0.5245258
5569 0.524526
5570 0.5245262
5571 0.5245264
5572 0.5245267
5573 0.5245267
5574 0.5245269
5575 0.5245269
5576 0.5245272
5577 0.5245274
5578 0.5245275
5579 0.5245277
5580 0.5245278
5581 0.5245283
5582 0.5245284
5583 0.5245286
5584 0.5245287
5585 0.5245287
5586 0.5245289
5587 0.5245292
5588 0.5245293
5589 0.5245294
5590 0.5245295
5591 0.5245296
5592 0.5245299
5593 0.5245301
5594 0.5245303
5595 0.5245304
5596 0.5245306
5597 0.5245309
5598 0.5245314
5599 0.5245315
5600 0.5245317
5601 0.5245318
5602 0.524532
5603 0.5245321
5604 0.5245326
5605 0.5245327
5606 0.5245327
5607 0.5245329
5608 0.524533
5609 0.5245333
5610 0.5245334
5611 0.5245336
5612 0.5245339
5613 0.524534
5614 0.5245343
5615 0.5245345
5616 0.5245345
5617 0.5245348
5618 0.5245349
5619 0.5245352
5620 0.5245354
5621 0.5245355
5622 0.5245357
5623 0.5245359
5624 0.524536
5625 0.5245362
5626 0.5245364
5627 0.5245367
5628 0.5245367
5629 0.524537
5630 0.5245373
5631 0.5245374
5632 0.5245374
5633 0.5245377
5634 0.5245379
5635 0.524538
5636 0.524538
5637 0.5245382
5638 0.5245383
5639 0.5245385
5640 0.5245388
5641 0.5245388
5642 0.5245392
5643 0.5245392
5644 0.5245394
5645 0.5245397
5646 0.5245398
5647 0.52454
5648 0.5245401
5649 0.5245404
5650 0.5245405
5651 0.5245408
5652 0.5245408
5653 0.524541
5654 0.5245412
5655 0.5245413
5656 0.5245416
5657 0.5245416
5658 0.5245421
5659 0.5245423
5660 0.5245426
5661 0.5245427
5662 0.5245428
5663 0.524543
5664 0.524543
5665 0.5245431
5666 0.5245432
5667 0.5245434
5668 0.5245435
5669 0.5245436
5670 0.5245439
5671 0.5245441
5672 0.5245442
5673 0.5245445
5674 0.5245447
5675 0.5245449
5676 0.524545
5677 0.5245451
5678 0.5245453
5679 0.5245453
5680 0.5245455
5681 0.5245455
5682 0.5245457
5683 0.5245458
5684 0.524546
5685 0.5245463
5686 0.5245463
5687 0.5245464
5688 0.5245467
5689 0.5245469
5690 0.5245472
5691 0.5245475
5692 0.5245476
5693 0.5245478
5694 0.5245481
5695 0.5245483
5696 0.5245483
5697 0.5245484
5698 0.5245485
5699 0.5245488
5700 0.5245491
5701 0.5245492
5702 0.5245493
5703 0.5245493
5704 0.5245495
5705 0.5245498
5706 0.52455
5707 0.52455
5708 0.5245502
5709 0.5245503
5710 0.5245503
5711 0.5245504
5712 0.5245505
5713 0.5245506
5714 0.5245508
5715 0.5245508
5716 0.524551
5717 0.5245513
5718 0.5245515
5719 0.5245516
5720 0.5245518
5721 0.524552
5722 0.5245521
5723 0.5245521
5724 0.5245522
5725 0.5245523
5726 0.5245526
5727 0.5245527
5728 0.5245529
5729 0.5245529
5730 0.5245531
5731 0.5245534
5732 0.5245535
5733 0.5245538
5734 0.5245539
5735 0.5245542
5736 0.5245543
5737 0.5245544
5738 0.5245547
5739 0.5245548
5740 0.5245549
5741 0.5245549
5742 0.5245551
5743 0.5245552
5744 0.5245554
5745 0.5245556
5746 0.5245557
5747 0.524556
5748 0.5245562
5749 0.5245564
5750 0.5245565
5751 0.5245566
5752 0.5245566
5753 0.5245568
5754 0.5245572
5755 0.5245573
5756 0.5245575
5757 0.5245577
5758 0.5245578
5759 0.5245579
5760 0.5245579
5761 0.524558
5762 0.5245581
5763 0.5245582
5764 0.5245584
5765 0.5245586
5766 0.5245587
5767 0.5245588
5768 0.5245591
5769 0.524559
5770 0.5245592
5771 0.5245596
5772 0.5245596
5773 0.5245597
5774 0.5245598
5775 0.5245599
5776 0.5245602
5777 0.5245603
5778 0.5245605
5779 0.5245607
5780 0.5245607
5781 0.5245609
5782 0.5245609
5783 0.524561
5784 0.5245611
5785 0.5245613
5786 0.5245615
5787 0.5245617
5788 0.5245618
5789 0.5245619
5790 0.5245621
5791 0.5245622
5792 0.5245622
5793 0.5245625
5794 0.5245626
5795 0.5245629
5796 0.524563
5797 0.5245631
5798 0.5245634
5799 0.5245636
5800 0.5245636
5801 0.5245638
5802 0.5245638
5803 0.5245638
5804 0.524564
5805 0.5245642
5806 0.5245644
5807 0.5245645
5808 0.5245647
5809 0.5245649
5810 0.5245652
5811 0.5245652
5812 0.5245653
5813 0.5245655
5814 0.5245656
5815 0.5245657
5816 0.5245658
5817 0.5245659
5818 0.5245661
5819 0.5245661
5820 0.5245663
5821 0.5245664
5822 0.5245665
5823 0.5245667
5824 0.5245668
5825 0.5245671
5826 0.5245672
5827 0.5245674
5828 0.5245677
5829 0.5245678
5830 0.524568
5831 0.5245678
5832 0.5245678
5833 0.524568
5834 0.5245683
5835 0.5245683
5836 0.5245684
5837 0.5245686
5838 0.5245687
5839 0.5245688
5840 0.524569
5841 0.5245691
5842 0.5245692
5843 0.5245692
5844 0.5245693
5845 0.5245695
5846 0.5245695
5847 0.5245697
5848 0.5245699
5849 0.52457
5850 0.5245701
5851 0.5245703
5852 0.5245703
5853 0.5245706
5854 0.5245707
5855 0.5245708
5856 0.524571
5857 0.5245711
5858 0.5245712
5859 0.5245714
5860 0.5245715
5861 0.5245715
5862 0.5245717
5863 0.5245718
5864 0.524572
5865 0.5245721
5866 0.5245723
5867 0.5245724
5868 0.5245726
5869 0.5245727
5870 0.5245728
5871 0.524573
5872 0.5245731
5873 0.5245733
5874 0.5245735
5875 0.5245734
5876 0.5245735
5877 0.5245736
5878 0.5245738
5879 0.5245739
5880 0.524574
5881 0.5245743
5882 0.5245745
5883 0.5245746
5884 0.5245746
5885 0.5245748
5886 0.5245748
5887 0.5245751
5888 0.5245751
5889 0.5245751
5890 0.5245752
5891 0.5245753
5892 0.5245754
5893 0.5245757
5894 0.5245758
5895 0.5245758
5896 0.5245758
5897 0.5245758
5898 0.5245761
5899 0.5245762
5900 0.5245762
5901 0.5245764
5902 0.5245765
5903 0.5245765
5904 0.5245767
5905 0.524577
5906 0.524577
5907 0.5245771
5908 0.5245771
5909 0.5245772
5910 0.5245772
5911 0.5245773
5912 0.5245776
5913 0.5245778
5914 0.524578
5915 0.5245782
5916 0.5245784
5917 0.5245784
5918 0.5245785
5919 0.5245786
5920 0.5245788
5921 0.5245788
5922 0.5245789
5923 0.524579
5924 0.5245792
5925 0.5245793
5926 0.5245796
5927 0.5245798
5928 0.5245799
5929 0.52458
5930 0.5245801
5931 0.5245801
5932 0.5245801
5933 0.5245803
5934 0.5245804
5935 0.5245805
5936 0.5245805
5937 0.5245807
5938 0.5245807
5939 0.5245807
5940 0.5245808
5941 0.524581
5942 0.5245811
5943 0.5245811
5944 0.5245814
5945 0.5245815
5946 0.5245816
5947 0.5245817
5948 0.5245817
5949 0.5245818
5950 0.524582
5951 0.5245822
5952 0.5245823
5953 0.5245824
5954 0.5245825
5955 0.5245827
5956 0.5245827
5957 0.5245827
5958 0.5245829
5959 0.524583
5960 0.524583
5961 0.5245832
5962 0.5245833
5963 0.5245833
5964 0.5245835
5965 0.5245835
5966 0.5245836
5967 0.5245838
5968 0.5245838
5969 0.5245841
5970 0.5245841
5971 0.5245842
5972 0.5245843
5973 0.5245844
5974 0.5245846
5975 0.5245847
5976 0.5245848
5977 0.5245848
5978 0.5245849
5979 0.5245849
5980 0.5245851
5981 0.5245854
5982 0.5245855
5983 0.5245858
5984 0.5245858
5985 0.5245861
5986 0.5245862
5987 0.5245862
5988 0.5245863
5989 0.5245866
5990 0.5245866
5991 0.5245867
5992 0.5245869
5993 0.5245868
5994 0.5245872
5995 0.5245872
5996 0.5245872
5997 0.5245872
5998 0.5245872
5999 0.5245872
6000 0.5245873
6001 0.5245875
6002 0.5245877
6003 0.5245878
6004 0.5245879
6005 0.524588
6006 0.524588
6007 0.524588
6008 0.5245882
6009 0.5245884
6010 0.5245886
6011 0.5245888
6012 0.5245889
6013 0.5245891
6014 0.5245891
6015 0.5245892
6016 0.5245894
6017 0.5245894
6018 0.5245894
6019 0.5245894
6020 0.5245895
6021 0.5245896
6022 0.5245898
6023 0.5245899
6024 0.52459
6025 0.52459
6026 0.52459
6027 0.52459
6028 0.5245901
6029 0.5245902
6030 0.5245903
6031 0.5245904
6032 0.5245904
6033 0.5245906
6034 0.5245906
6035 0.5245907
6036 0.5245908
6037 0.5245909
6038 0.5245911
6039 0.5245913
6040 0.5245914
6041 0.5245914
6042 0.5245914
6043 0.5245916
6044 0.5245917
6045 0.5245917
6046 0.5245919
6047 0.5245919
6048 0.5245922
6049 0.5245922
6050 0.5245923
6051 0.5245924
6052 0.5245926
6053 0.5245928
6054 0.5245929
6055 0.5245929
6056 0.5245931
6057 0.5245933
6058 0.5245933
6059 0.5245934
6060 0.5245934
6061 0.5245935
6062 0.5245934
6063 0.5245935
6064 0.5245936
6065 0.5245935
6066 0.5245937
6067 0.5245938
6068 0.5245938
6069 0.5245941
6070 0.5245943
6071 0.5245943
6072 0.5245942
6073 0.5245943
6074 0.5245945
6075 0.5245947
6076 0.524595
6077 0.5245951
6078 0.5245951
6079 0.5245951
6080 0.5245953
6081 0.5245953
6082 0.5245956
6083 0.5245956
6084 0.5245956
6085 0.5245957
6086 0.5245957
6087 0.5245957
6088 0.5245959
6089 0.524596
6090 0.5245962
6091 0.5245963
6092 0.5245963
6093 0.5245964
6094 0.5245966
6095 0.5245966
6096 0.5245967
6097 0.5245968
6098 0.5245969
6099 0.524597
6100 0.5245972
6101 0.5245973
6102 0.5245975
6103 0.5245975
6104 0.5245976
6105 0.5245976
6106 0.5245977
6107 0.5245977
6108 0.5245976
6109 0.5245977
6110 0.5245978
6111 0.5245981
6112 0.5245981
6113 0.5245981
6114 0.5245982
6115 0.5245984
6116 0.5245984
6117 0.5245985
6118 0.5245987
6119 0.5245988
6120 0.5245988
6121 0.5245989
6122 0.5245991
6123 0.5245991
6124 0.5245992
6125 0.5245992
6126 0.5245993
6127 0.5245994
6128 0.5245994
6129 0.5245995
6130 0.5245996
6131 0.5245997
6132 0.5245998
6133 0.5245999
6134 0.5246001
6135 0.5246003
6136 0.5246004
6137 0.5246005
6138 0.5246007
6139 0.5246007
6140 0.5246007
6141 0.5246009
6142 0.5246009
6143 0.524601
6144 0.5246012
6145 0.5246011
6146 0.5246012
6147 0.5246014
6148 0.5246015
6149 0.5246015
6150 0.5246016
6151 0.5246018
6152 0.5246019
6153 0.5246019
6154 0.5246021
6155 0.5246021
6156 0.5246022
6157 0.5246022
6158 0.5246024
6159 0.5246023
6160 0.5246024
6161 0.5246025
6162 0.5246027
6163 0.5246027
6164 0.5246027
6165 0.5246029
6166 0.524603
6167 0.5246029
6168 0.5246031
6169 0.5246032
6170 0.5246032
6171 0.5246034
6172 0.5246034
6173 0.5246034
6174 0.5246034
6175 0.5246035
6176 0.5246035
6177 0.5246035
6178 0.5246037
6179 0.5246038
6180 0.524604
6181 0.524604
6182 0.5246041
6183 0.5246042
6184 0.5246043
6185 0.5246044
6186 0.5246046
6187 0.5246045
6188 0.5246047
6189 0.5246047
6190 0.5246047
6191 0.5246047
6192 0.5246048
6193 0.524605
6194 0.5246051
6195 0.5246052
6196 0.5246053
6197 0.5246053
6198 0.5246055
6199 0.5246055
6200 0.5246056
6201 0.5246057
6202 0.5246058
6203 0.5246059
6204 0.5246059
6205 0.524606
6206 0.5246061
6207 0.5246062
6208 0.5246062
6209 0.5246063
6210 0.5246065
6211 0.5246065
6212 0.5246066
6213 0.5246067
6214 0.5246068
6215 0.5246069
6216 0.5246069
6217 0.5246071
6218 0.5246072
6219 0.5246072
6220 0.5246073
6221 0.5246075
6222 0.5246076
6223 0.5246076
6224 0.5246076
6225 0.5246077
6226 0.5246077
6227 0.5246077
6228 0.5246077
6229 0.5246078
6230 0.5246079
6231 0.5246079
6232 0.524608
6233 0.524608
6234 0.5246082
6235 0.5246083
6236 0.5246084
6237 0.5246084
6238 0.5246086
6239 0.5246086
6240 0.5246088
6241 0.5246089
6242 0.5246089
6243 0.524609
6244 0.524609
6245 0.524609
6246 0.5246091
6247 0.5246091
6248 0.5246093
6249 0.5246095
6250 0.5246096
6251 0.5246096
6252 0.5246097
6253 0.5246097
6254 0.5246099
6255 0.5246099
6256 0.52461
6257 0.52461
6258 0.52461
6259 0.5246102
6260 0.5246103
6261 0.5246104
6262 0.5246105
6263 0.5246105
6264 0.5246105
6265 0.5246105
6266 0.5246105
6267 0.5246106
6268 0.5246108
6269 0.5246108
6270 0.524611
6271 0.5246111
6272 0.5246111
6273 0.5246112
6274 0.5246113
6275 0.5246114
6276 0.5246114
6277 0.5246115
6278 0.5246118
6279 0.5246118
6280 0.5246118
6281 0.5246118
6282 0.5246119
6283 0.5246119
6284 0.524612
6285 0.5246121
6286 0.5246122
6287 0.5246124
6288 0.5246123
6289 0.5246124
6290 0.5246124
6291 0.5246125
6292 0.5246125
6293 0.5246127
6294 0.5246127
6295 0.5246127
6296 0.5246128
6297 0.5246128
6298 0.5246128
6299 0.5246128
6300 0.524613
6301 0.524613
6302 0.5246131
6303 0.5246131
6304 0.5246132
6305 0.5246132
6306 0.5246133
6307 0.5246133
6308 0.5246134
6309 0.5246136
6310 0.5246136
6311 0.5246137
6312 0.5246137
6313 0.5246139
6314 0.524614
6315 0.5246141
6316 0.5246142
6317 0.5246142
6318 0.5246142
6319 0.5246143
6320 0.5246143
6321 0.5246143
6322 0.5246144
6323 0.5246144
6324 0.5246144
6325 0.5246146
6326 0.5246147
6327 0.5246148
6328 0.5246148
6329 0.5246149
6330 0.5246149
6331 0.524615
6332 0.524615
6333 0.524615
6334 0.5246149
6335 0.524615
6336 0.5246152
6337 0.5246152
6338 0.5246153
6339 0.5246153
6340 0.5246155
6341 0.5246156
6342 0.5246158
6343 0.5246158
6344 0.5246158
6345 0.5246158
6346 0.5246158
6347 0.5246159
6348 0.5246159
6349 0.5246159
6350 0.5246159
6351 0.5246161
6352 0.5246161
6353 0.5246162
6354 0.5246163
6355 0.5246164
6356 0.5246166
6357 0.5246167
6358 0.5246168
6359 0.5246168
6360 0.5246169
6361 0.524617
6362 0.524617
6363 0.524617
6364 0.5246171
6365 0.5246171
6366 0.5246171
6367 0.5246171
6368 0.5246172
6369 0.5246173
6370 0.5246173
6371 0.5246173
6372 0.5246174
6373 0.5246175
6374 0.5246176
6375 0.5246177
6376 0.5246178
6377 0.5246177
6378 0.5246177
6379 0.5246177
6380 0.5246177
6381 0.5246179
6382 0.524618
6383 0.524618
6384 0.5246181
6385 0.5246181
6386 0.5246183
6387 0.5246184
6388 0.5246184
6389 0.5246186
6390 0.5246186
6391 0.5246186
6392 0.5246186
6393 0.5246187
6394 0.5246188
6395 0.5246187
6396 0.5246187
6397 0.5246189
6398 0.5246189
6399 0.524619
6400 0.524619
6401 0.524619
6402 0.524619
6403 0.5246192
6404 0.5246194
6405 0.5246194
6406 0.5246194
6407 0.5246193
6408 0.5246195
6409 0.5246195
6410 0.5246196
6411 0.5246196
6412 0.5246199
6413 0.5246199
6414 0.5246199
6415 0.5246199
6416 0.5246201
6417 0.5246202
6418 0.5246203
6419 0.5246204
6420 0.5246205
6421 0.5246205
6422 0.5246205
6423 0.5246207
6424 0.5246207
6425 0.5246207
6426 0.5246208
6427 0.5246208
6428 0.5246209
6429 0.5246211
6430 0.5246211
6431 0.5246211
6432 0.5246211
6433 0.5246211
6434 0.5246212
6435 0.5246213
6436 0.5246214
6437 0.5246214
6438 0.5246215
6439 0.5246215
6440 0.5246216
6441 0.5246216
6442 0.5246217
6443 0.5246218
6444 0.5246217
6445 0.5246218
6446 0.5246219
6447 0.524622
6448 0.5246221
6449 0.5246221
6450 0.5246223
6451 0.5246224
6452 0.5246224
6453 0.5246223
6454 0.5246224
6455 0.5246225
6456 0.5246226
6457 0.5246227
6458 0.5246227
6459 0.5246228
6460 0.5246228
6461 0.5246229
6462 0.5246229
6463 0.5246229
6464 0.5246229
6465 0.524623
6466 0.524623
6467 0.524623
6468 0.524623
6469 0.524623
6470 0.5246232
6471 0.5246233
6472 0.5246232
6473 0.5246233
6474 0.5246233
6475 0.5246234
6476 0.5246235
6477 0.5246236
6478 0.5246236
6479 0.5246238
6480 0.5246238
6481 0.5246238
6482 0.5246238
6483 0.5246239
6484 0.5246239
6485 0.5246239
6486 0.5246239
6487 0.524624
6488 0.5246241
6489 0.5246241
6490 0.5246242
6491 0.5246242
6492 0.5246243
6493 0.5246244
6494 0.5246245
6495 0.5246245
6496 0.5246245
6497 0.5246246
6498 0.5246248
6499 0.5246248
6500 0.5246248
6501 0.5246248
6502 0.5246249
6503 0.5246249
6504 0.5246249
6505 0.5246249
6506 0.5246251
6507 0.5246252
6508 0.5246252
6509 0.5246253
6510 0.5246253
6511 0.5246254
6512 0.5246255
6513 0.5246256
6514 0.5246256
6515 0.5246256
6516 0.5246257
6517 0.5246257
6518 0.5246258
6519 0.5246258
6520 0.5246259
6521 0.5246259
6522 0.5246261
6523 0.5246262
6524 0.5246263
6525 0.5246263
6526 0.5246263
6527 0.5246263
6528 0.5246264
6529 0.5246265
6530 0.5246265
6531 0.5246265
6532 0.5246264
6533 0.5246265
6534 0.5246265
6535 0.5246266
6536 0.5246266
6537 0.5246267
6538 0.5246267
6539 0.5246269
6540 0.5246269
6541 0.5246269
6542 0.5246269
6543 0.524627
6544 0.524627
6545 0.524627
6546 0.524627
6547 0.524627
6548 0.5246271
6549 0.5246273
6550 0.5246274
6551 0.5246275
6552 0.5246275
6553 0.5246277
6554 0.5246279
6555 0.5246279
6556 0.5246279
