"report-mom-rfile"
"Iteration" "report-mom"
("Iteration" "report-mom")
500 0.1102632
501 0.1101442
502 0.1100247
503 0.1099065
504 0.1097906
505 0.1096778
506 0.1095682
507 0.1094634
508 0.1093637
509 0.1092692
510 0.1091803
511 0.1090974
512 0.1090207
513 0.1089502
514 0.1088863
515 0.1088289
516 0.1087781
517 0.1087336
518 0.1087019
519 0.1086637
520 0.1086415
521 0.1086207
522 0.1086048
523 0.1085941
524 0.1085887
525 0.1085883
526 0.1085924
527 0.108601
528 0.1086131
529 0.1086287
530 0.1086473
531 0.1086688
532 0.1086927
533 0.1087187
534 0.1087465
535 0.108776
536 0.108807
537 0.1088392
538 0.1088724
539 0.1089067
540 0.1089415
541 0.108977
542 0.109013
543 0.1090492
544 0.1090856
545 0.1091221
546 0.109158
547 0.1091941
548 0.10923
549 0.1092656
550 0.1093004
551 0.1093351
552 0.1093691
553 0.1094026
554 0.1094352
555 0.1094671
556 0.1094984
557 0.1095293
558 0.109559
559 0.1095879
560 0.1096162
561 0.1096434
562 0.1096702
563 0.1096961
564 0.1097212
565 0.1097456
566 0.1097693
567 0.1097923
568 0.1098147
569 0.1098363
570 0.1098587
571 0.1098795
572 0.1098998
573 0.1099199
574 0.1099393
575 0.1099586
576 0.1099771
577 0.1099955
578 0.1100101
579 0.1100293
580 0.1100497
581 0.110067
582 0.1100803
583 0.1100976
584 0.1101163
585 0.1101296
586 0.1101459
587 0.1101633
588 0.1101759
589 0.1101912
590 0.1102044
591 0.1102201
592 0.1102334
593 0.1102485
594 0.110261
595 0.1102754
596 0.1102871
597 0.110301
598 0.110312
599 0.1103252
600 0.1103358
601 0.1103486
602 0.1103585
603 0.1103711
604 0.1103826
605 0.1103928
606 0.110402
607 0.1104118
608 0.1104214
609 0.1104312
610 0.1104407
611 0.1104503
612 0.1104598
613 0.1104702
614 0.1104799
615 0.1104888
616 0.1104977
617 0.1105062
618 0.1105147
619 0.1105242
620 0.1105323
621 0.1105403
622 0.1105483
623 0.1105563
624 0.1105645
625 0.1105725
626 0.1105808
627 0.110589
628 0.1105971
629 0.1106047
630 0.1106134
631 0.1106217
632 0.1106296
633 0.1106374
634 0.1106453
635 0.1106532
636 0.1106613
637 0.1106695
638 0.1106781
639 0.1106869
640 0.1106959
641 0.1107051
642 0.110714
643 0.1107236
644 0.1107339
645 0.1107443
646 0.1107541
647 0.110765
648 0.110777
649 0.1107891
650 0.1108007
651 0.1108118
652 0.1108235
653 0.1108386
654 0.1108496
655 0.110865
656 0.1108766
657 0.1108931
658 0.1109069
659 0.1109214
660 0.1109396
661 0.110953
662 0.1109714
663 0.1109856
664 0.111005
665 0.1110198
666 0.1110399
667 0.1110553
668 0.1110762
669 0.1110924
670 0.1111139
671 0.1111306
672 0.1111527
673 0.11117
674 0.1111925
675 0.1112103
676 0.1112329
677 0.1112513
678 0.1112739
679 0.1112921
680 0.1113147
681 0.1113339
682 0.1113565
683 0.1113789
684 0.1114006
685 0.1114219
686 0.1114393
687 0.1114631
688 0.1114886
689 0.1115107
690 0.1115321
691 0.1115512
692 0.111574
693 0.1115933
694 0.1116145
695 0.1116336
696 0.1116549
697 0.1116731
698 0.1116942
699 0.1117126
700 0.1117268
701 0.1117406
702 0.1117534
703 0.1117653
704 0.1117768
705 0.1117874
706 0.1117974
707 0.1118058
708 0.111813
709 0.1118186
710 0.1118224
711 0.1118269
712 0.1118258
713 0.1118214
714 0.1118119
715 0.111802
716 0.111788
717 0.1117705
718 0.1117471
719 0.111724
720 0.1116889
721 0.1116537
722 0.1116113
723 0.111562
724 0.1115069
725 0.1114463
726 0.1113802
727 0.1113086
728 0.1112319
729 0.1111495
730 0.1110615
731 0.1109685
732 0.1108705
733 0.1107682
734 0.1106618
735 0.1105519
736 0.1104389
737 0.1103083
738 0.1102022
739 0.110089
740 0.1099717
741 0.1098535
742 0.1097365
743 0.1096211
744 0.1095087
745 0.1093996
746 0.1092941
747 0.1091938
748 0.1090986
749 0.109009
750 0.1089251
751 0.1088475
752 0.108776
753 0.1087108
754 0.1086523
755 0.1086005
756 0.1085551
757 0.108516
758 0.1084888
759 0.1084614
760 0.108439
761 0.1084219
762 0.1084103
763 0.1084043
764 0.1084035
765 0.1084075
766 0.108416
767 0.1084282
768 0.1084441
769 0.1084631
770 0.108485
771 0.1085093
772 0.108536
773 0.1085647
774 0.1085951
775 0.1086271
776 0.1086603
777 0.1086947
778 0.10873
779 0.108766
780 0.108803
781 0.1088401
782 0.1088777
783 0.1089155
784 0.1089535
785 0.1089911
786 0.1090287
787 0.1090661
788 0.1091033
789 0.10914
790 0.1091761
791 0.1092118
792 0.1092469
793 0.1092814
794 0.1093151
795 0.1093483
796 0.1093805
797 0.1094121
798 0.1094429
799 0.1094732
800 0.1095023
801 0.1095308
802 0.1095584
803 0.1095852
804 0.1096114
805 0.1096367
806 0.1096615
807 0.1096853
808 0.1097088
809 0.1097316
810 0.1097539
811 0.1097758
812 0.1097974
813 0.1098186
814 0.1098392
815 0.1098601
816 0.10988
817 0.1098994
818 0.1099183
819 0.1099369
820 0.1099551
821 0.1099732
822 0.109991
823 0.1100053
824 0.1100237
825 0.1100434
826 0.1100605
827 0.1100737
828 0.1100905
829 0.1101085
830 0.1101218
831 0.1101377
832 0.1101547
833 0.1101672
834 0.110182
835 0.110198
836 0.1102093
837 0.1102235
838 0.1102354
839 0.1102497
840 0.1102646
841 0.1102747
842 0.1102876
843 0.1103007
844 0.1103122
845 0.1103231
846 0.1103334
847 0.110344
848 0.1103548
849 0.1103654
850 0.1103759
851 0.1103863
852 0.1103976
853 0.1104071
854 0.110418
855 0.1104281
856 0.1104377
857 0.1104472
858 0.1104564
859 0.1104667
860 0.1104756
861 0.1104843
862 0.110493
863 0.1105018
864 0.1105107
865 0.1105196
866 0.1105284
867 0.1105373
868 0.1105461
869 0.1105549
870 0.1105637
871 0.1105724
872 0.110581
873 0.1105896
874 0.1105981
875 0.1106067
876 0.1106154
877 0.1106245
878 0.1106337
879 0.1106432
880 0.1106529
881 0.1106621
882 0.1106722
883 0.1106827
884 0.1106936
885 0.1107046
886 0.1107152
887 0.1107273
888 0.1107391
889 0.1107514
890 0.1107636
891 0.1107753
892 0.1107878
893 0.1108038
894 0.1108153
895 0.1108315
896 0.1108436
897 0.1108626
898 0.1108754
899 0.1108932
900 0.1109061
901 0.1109246
902 0.1109387
903 0.1109587
904 0.1109736
905 0.1109941
906 0.1110097
907 0.1110309
908 0.1110472
909 0.1110691
910 0.1110859
911 0.1111085
912 0.1111258
913 0.1111486
914 0.1111666
915 0.1111895
916 0.1112079
917 0.111231
918 0.1112499
919 0.1112726
920 0.1112917
921 0.1113148
922 0.1113374
923 0.1113591
924 0.1113808
925 0.1114026
926 0.1114203
927 0.1114443
928 0.1114702
929 0.1114927
930 0.1115118
931 0.1115349
932 0.1115562
933 0.1115771
934 0.111597
935 0.1116184
936 0.111637
937 0.1116581
938 0.1116775
939 0.1116956
940 0.1117105
941 0.111724
942 0.1117369
943 0.1117486
944 0.11176
945 0.1117706
946 0.1117803
947 0.1117888
948 0.1117957
949 0.1118011
950 0.1118073
951 0.1118084
952 0.1118062
953 0.1118011
954 0.1117911
955 0.1117806
956 0.1117657
957 0.1117473
958 0.111725
959 0.1116997
960 0.1116615
961 0.1116249
962 0.1115812
963 0.1115306
964 0.111474
965 0.1114119
966 0.1113442
967 0.111271
968 0.111193
969 0.1111091
970 0.1110198
971 0.1109253
972 0.1108261
973 0.1107227
974 0.1106152
975 0.1105045
976 0.1103907
977 0.1102748
978 0.1101416
979 0.110035
980 0.1099218
981 0.1098053
982 0.1096891
983 0.1095745
984 0.1094631
985 0.1093551
986 0.1092509
987 0.109152
988 0.1090586
989 0.1089708
990 0.1088887
991 0.1088129
992 0.1087434
993 0.1086804
994 0.1086239
995 0.108574
996 0.1085307
997 0.1084996
998 0.1084681
999 0.1084414
1000 0.1084205
1001 0.1084053
1002 0.1083957
1003 0.1083916
1004 0.1083926
1005 0.1083983
1006 0.1084081
1007 0.1084217
1008 0.1084386
1009 0.1084586
1010 0.1084813
1011 0.1085066
1012 0.108534
1013 0.1085634
1014 0.1085943
1015 0.1086267
1016 0.1086604
1017 0.1086952
1018 0.1087309
1019 0.1087674
1020 0.1088044
1021 0.1088419
1022 0.1088797
1023 0.1089176
1024 0.1089558
1025 0.1089934
1026 0.1090311
1027 0.1090687
1028 0.1091059
1029 0.1091425
1030 0.1091787
1031 0.1092144
1032 0.1092494
1033 0.1092838
1034 0.1093175
1035 0.1093504
1036 0.1093826
1037 0.109414
1038 0.1094447
1039 0.1094748
1040 0.1095038
1041 0.1095321
1042 0.1095595
1043 0.1095865
1044 0.1096123
1045 0.1096376
1046 0.1096623
1047 0.1096861
1048 0.1097094
1049 0.1097322
1050 0.1097543
1051 0.1097762
1052 0.1097976
1053 0.1098187
1054 0.1098393
1055 0.1098602
1056 0.1098801
1057 0.1098992
1058 0.1099181
1059 0.1099368
1060 0.1099551
1061 0.1099699
1062 0.1099888
1063 0.1100092
1064 0.1100268
1065 0.1100403
1066 0.1100576
1067 0.1100764
1068 0.1100901
1069 0.1101064
1070 0.1101241
1071 0.1101369
1072 0.1101524
1073 0.110169
1074 0.1101811
1075 0.1101956
1076 0.1102111
1077 0.1102222
1078 0.1102361
1079 0.1102479
1080 0.110262
1081 0.1102764
1082 0.1102862
1083 0.1102991
1084 0.1103117
1085 0.1103228
1086 0.110333
1087 0.1103438
1088 0.1103544
1089 0.1103649
1090 0.1103755
1091 0.1103859
1092 0.1103973
1093 0.1104079
1094 0.1104179
1095 0.1104276
1096 0.1104372
1097 0.1104466
1098 0.1104572
1099 0.1104662
1100 0.110475
