"report-mom-rfile"
"Iteration" "report-mom"
("Iteration" "report-mom")
500 0.00950555
501 0.009500965
502 0.009495452
503 0.009490742
504 0.009484636
505 0.009479625
506 0.00947328
507 0.009468282
508 0.009461828
509 0.009456586
510 0.009449841
511 0.009444566
512 0.009437608
513 0.009432235
514 0.009425213
515 0.009419629
516 0.009412422
517 0.009406652
518 0.009399239
519 0.009392999
520 0.009385489
521 0.009379537
522 0.009371848
523 0.009365809
524 0.00935812
525 0.009351873
526 0.009344002
527 0.009337619
528 0.009329733
529 0.00932313
530 0.009315107
531 0.009308477
532 0.009300241
533 0.00929346
534 0.009285231
535 0.009278332
536 0.009269902
537 0.009262962
538 0.009254555
539 0.009247479
540 0.009238944
541 0.009231739
542 0.009223115
543 0.009215721
544 0.00920698
545 0.009199496
546 0.009190639
547 0.00918297
548 0.009174011
549 0.009166194
550 0.009157155
551 0.009149304
552 0.009140009
553 0.009132004
554 0.009122634
555 0.009114493
556 0.009104927
557 0.009096673
558 0.009087077
559 0.009078614
560 0.009068826
561 0.009060283
562 0.009050423
563 0.009041835
564 0.00903189
565 0.009023193
566 0.009013066
567 0.00900425
568 0.008994132
569 0.008985193
570 0.008974945
571 0.008966005
572 0.008955666
573 0.008946582
574 0.008936155
575 0.008926973
576 0.008916336
577 0.008906927
578 0.008896158
579 0.008886611
580 0.00887576
581 0.008866107
582 0.008855017
583 0.008845207
584 0.008834106
585 0.008824105
586 0.008812693
587 0.008802569
588 0.008791117
589 0.008780795
590 0.008769207
591 0.008758877
592 0.008747129
593 0.00873658
594 0.00872473
595 0.008714057
596 0.008702066
597 0.00869133
598 0.008679177
599 0.008668235
600 0.008655941
601 0.008644896
602 0.0086326
603 0.008621423
604 0.008609119
605 0.008597691
606 0.008585299
607 0.00857373
608 0.008561224
609 0.008549511
610 0.008536962
611 0.008525246
612 0.008512701
613 0.008500753
614 0.008488322
615 0.008476259
616 0.008463876
617 0.008451557
618 0.008439244
619 0.008426749
620 0.008414479
621 0.008401791
622 0.00838969
623 0.008376907
624 0.008364841
625 0.008351954
626 0.008340002
627 0.008326922
628 0.00831503
629 0.008301984
630 0.008290069
631 0.008276899
632 0.008265037
633 0.008251813
634 0.008239879
635 0.00822665
636 0.008214801
637 0.008201476
638 0.008189491
639 0.008176136
640 0.008164263
641 0.008150832
642 0.008138873
643 0.008125464
644 0.008113451
645 0.008100118
646 0.008088151
647 0.008074782
648 0.00806292
649 0.00804958
650 0.008037696
651 0.008024371
652 0.008012586
653 0.007999232
654 0.007987389
655 0.007974043
656 0.007962265
657 0.007948943
660 0.007912124
661 0.007898911
662 0.007887233
663 0.007873891
664 0.007862193
665 0.007848949
666 0.007837344
667 0.00782414
668 0.007812487
669 0.007799264
670 0.007787597
671 0.007774421
672 0.007762795
673 0.007749684
674 0.00773814
675 0.007725044
676 0.007713384
677 0.007700322
678 0.007688777
679 0.007675715
680 0.007664197
681 0.007651377
682 0.007639644
683 0.007627004
684 0.007615164
685 0.007602483
686 0.007590677
687 0.007578222
688 0.007566374
689 0.007553996
690 0.007542161
691 0.007529901
692 0.007518078
693 0.007505908
694 0.007494034
695 0.007482089
696 0.007470265
697 0.007458325
698 0.007446491
699 0.007434695
700 0.00742302
701 0.007411261
702 0.007399618
703 0.007387942
704 0.007376239
705 0.007364649
706 0.007353044
707 0.007341691
708 0.007330002
709 0.007318647
710 0.007307064
711 0.007295804
712 0.007284311
713 0.007273098
714 0.007261699
715 0.007250659
716 0.007239284
717 0.007228245
718 0.007216942
719 0.007205992
720 0.007194836
721 0.007184004
722 0.007172748
723 0.007162042
724 0.0071508
725 0.007140257
726 0.007129129
727 0.007118598
728 0.007107602
729 0.007097231
730 0.007086344
731 0.007075933
732 0.007065172
733 0.00705478
734 0.007044102
735 0.007033799
736 0.007023245
737 0.007012885
738 0.007002566
739 0.006992289
740 0.006982067
741 0.006971752
742 0.006961652
743 0.006951345
744 0.006941429
745 0.006931258
746 0.00692143
747 0.006911337
748 0.006901648
749 0.006891649
750 0.006882051
751 0.006872097
752 0.006862601
753 0.006852791
754 0.006843412
755 0.006833681
756 0.006824476
757 0.006816015
758 0.006805878
759 0.006796017
760 0.00678786
761 0.006777896
762 0.006767918
763 0.006760042
764 0.006750365
765 0.006740511
766 0.006732914
767 0.006723323
768 0.006713555
769 0.006706107
770 0.006696798
771 0.00668716
772 0.006679786
773 0.006670482
774 0.006661135
775 0.006653844
776 0.00664471
777 0.006635344
778 0.00662824
779 0.006619238
780 0.006610201
781 0.006603188
782 0.006594283
783 0.006586359
784 0.006577229
785 0.00656988
786 0.006561175
787 0.006554076
788 0.006545471
789 0.00653823
790 0.006529525
791 0.00652252
792 0.00651513
793 0.0065064
794 0.006497915
795 0.006491592
796 0.006484624
797 0.006476109
798 0.006468447
799 0.006460046
800 0.006453454
801 0.006445581
802 0.006439061
803 0.006431328
804 0.006424747
805 0.006416745
806 0.006410533
807 0.006403899
808 0.006396934
809 0.006389961
810 0.006382922
811 0.006375906
812 0.006368903
813 0.006361919
814 0.006355055
815 0.006348204
816 0.006341363
817 0.006334622
818 0.006327873
819 0.006321214
820 0.006314601
821 0.006308062
822 0.006301624
823 0.006295127
824 0.006288761
825 0.006282423
826 0.006276079
827 0.006269843
828 0.006263585
829 0.006257362
830 0.006251238
831 0.006245145
832 0.006239033
833 0.00623294
834 0.006226925
835 0.006220983
836 0.006215048
837 0.006209167
838 0.006203248
839 0.006197365
840 0.006191608
841 0.006185854
842 0.006180162
843 0.006174478
844 0.006168874
845 0.006163287
846 0.006157727
847 0.006152238
848 0.006146728
849 0.006141359
850 0.00613602
851 0.006130638
852 0.006125289
853 0.006119986
854 0.00611477
855 0.006109605
856 0.006104429
857 0.006099309
858 0.006094193
859 0.006089123
860 0.006084191
861 0.00607916
862 0.006074225
863 0.006069287
864 0.006064428
865 0.006059579
866 0.006054806
867 0.006050067
868 0.006045301
869 0.006040596
870 0.006035936
871 0.006031324
872 0.006026712
873 0.006022213
874 0.00601772
875 0.006013239
876 0.00600879
877 0.006004382
878 0.006000047
879 0.005995723
880 0.005991403
881 0.00598714
882 0.005982896
883 0.005978678
884 0.005974468
885 0.00597035
886 0.005966227
887 0.005962116
888 0.005958043
889 0.00595404
890 0.00595002
891 0.005946091
892 0.005942159
893 0.005938286
894 0.005934314
895 0.005930535
896 0.005926721
897 0.005922971
898 0.005919166
899 0.005915453
900 0.005911721
901 0.005908038
902 0.00590432
903 0.005900681
904 0.005897093
905 0.005893486
906 0.005889965
907 0.005886463
908 0.005882915
909 0.005879459
910 0.005876028
911 0.00587259
912 0.005869199
913 0.005865828
914 0.00586251
915 0.00585924
916 0.005855948
917 0.005852704
918 0.005849508
919 0.005846311
920 0.005843102
921 0.005839956
922 0.005836772
923 0.005833749
924 0.005830643
925 0.005827585
926 0.005824556
927 0.005821561
928 0.005818608
929 0.005815638
930 0.00581272
931 0.005809817
932 0.005806904
933 0.005804063
934 0.005801221
935 0.005798422
936 0.005795641
937 0.005792905
938 0.005790121
939 0.005787376
940 0.005784682
941 0.005782004
942 0.005779322
943 0.005776714
944 0.005774074
945 0.005771451
946 0.00576886
947 0.005766315
948 0.005763786
949 0.005761315
950 0.005758848
951 0.005756392
952 0.005753924
953 0.005751441
954 0.005749
955 0.0057466
956 0.005744225
957 0.005741898
958 0.005739506
959 0.005737198
960 0.00573492
961 0.005732722
962 0.005730471
963 0.005728192
964 0.00572601
965 0.005723803
966 0.005721645
967 0.005719501
968 0.005717381
969 0.005715286
970 0.005713204
971 0.005711104
972 0.005709023
973 0.005706997
974 0.005705012
975 0.005702976
976 0.005701007
977 0.005699056
978 0.005697082
979 0.00569508
980 0.005693094
981 0.005691173
982 0.005689327
983 0.00568741
984 0.005685541
985 0.005683685
986 0.005681887
987 0.005680082
988 0.005678307
989 0.005676556
990 0.00567483
991 0.005673021
992 0.005671231
993 0.005669477
994 0.005667776
995 0.005666066
996 0.005664378
997 0.005662732
998 0.005661067
999 0.005659432
1000 0.005657836
1001 0.005656276
1002 0.005654639
1003 0.005652985
1004 0.005651455
1005 0.005649874
1006 0.005648346
1007 0.005646779
1008 0.005645317
1009 0.00564385
1010 0.00564232
1011 0.005640873
1012 0.005639417
1013 0.005637957
1014 0.005636478
1015 0.005635024
1016 0.005633678
1017 0.005632203
1018 0.005630822
1019 0.005629445
1020 0.005628123
1021 0.005626811
1022 0.005625449
1023 0.005624102
1024 0.005622798
1025 0.005621551
1026 0.005620225
1027 0.005618934
1028 0.005617722
1029 0.005616379
1030 0.005615114
1031 0.00561393
1032 0.00561269
1033 0.005611509
1034 0.005610276
1035 0.005609073
1036 0.005607938
1037 0.005606693
1038 0.005605575
1039 0.005604357
1040 0.005603167
1041 0.005602032
1042 0.005600971
1043 0.005599839
1044 0.005598594
1045 0.005597598
1046 0.005596553
1047 0.005595529
1048 0.005594386
1049 0.005593319
1050 0.005592369
1051 0.005591312
1052 0.005590383
1053 0.005589326
1054 0.005588385
1055 0.005587411
1056 0.00558642
1057 0.005585439
1058 0.005584462
1059 0.005583429
1060 0.005582479
1061 0.005581591
1062 0.005580627
1063 0.005579648
1064 0.005578702
1065 0.005577908
1066 0.005577038
1067 0.005576216
1068 0.005575316
1069 0.005574374
1070 0.005573455
1071 0.005572575
1072 0.005571716
1073 0.005570833
1074 0.005569957
1075 0.005569062
1076 0.005568326
1077 0.005567486
1078 0.00556665
1079 0.005565909
1080 0.005565114
1081 0.005564377
1082 0.005563579
1083 0.005562828
1084 0.005562092
1085 0.005561374
1086 0.005560591
1087 0.005559793
1088 0.005559
1089 0.005558277
1090 0.005557537
1091 0.005556671
1092 0.005556084
1093 0.005555358
1094 0.005554674
1095 0.005553957
1096 0.005553274
1097 0.005552629
1098 0.005551913
1099 0.005551221
1100 0.005550417
1101 0.005549887
1102 0.005549247
1103 0.005548667
1104 0.005547985
1105 0.005547373
1106 0.005546716
1107 0.005546031
1108 0.005545518
1109 0.005544886
1110 0.00554424
1111 0.005543687
1112 0.005543071
1113 0.005542542
1114 0.005541958
1115 0.005541398
1116 0.005540744
1117 0.005540105
1118 0.005539524
1119 0.00553898
1120 0.005538383
1121 0.005537749
1122 0.005537177
1123 0.005536643
1124 0.005536074
1125 0.005535527
1126 0.005535004
1127 0.005534479
1128 0.005534113
1129 0.005533471
1130 0.005533083
1131 0.005532617
1132 0.005532097
1133 0.005531576
1134 0.005531085
1135 0.00553059
1136 0.005530014
1137 0.005529508
1138 0.005529104
1139 0.005528549
1140 0.005528129
1141 0.005527672
1142 0.005527201
1143 0.005526703
1144 0.005526148
1145 0.00552582
1146 0.005525316
1147 0.005524982
1148 0.005524537
1149 0.005524107
1150 0.005523664
1151 0.005523227
1152 0.005522761
1153 0.005522388
1154 0.00552201
1155 0.005521599
1156 0.00552122
1157 0.005520916
1158 0.005520469
1159 0.005520055
1160 0.005519652
1161 0.005519306
1162 0.00551888
1163 0.005518523
1164 0.005518088
1165 0.005517683
1166 0.00551739
1167 0.005516919
1168 0.005516449
1169 0.005516194
1170 0.005515891
1171 0.005515364
1172 0.005515085
1173 0.005514689
1174 0.005514442
1175 0.005514103
1176 0.005513815
1177 0.005513412
1178 0.005513097
1179 0.005512742
1180 0.005512336
1181 0.005511871
1182 0.00551164
1183 0.005511409
1184 0.005511092
1185 0.005510854
1186 0.0055105
1187 0.005510164
1188 0.005509808
1189 0.005509526
1190 0.005509234
1191 0.005508954
1192 0.005508713
1193 0.005508426
1194 0.00550805
1195 0.005507808
1196 0.005507531
1197 0.005507173
1198 0.005506971
1199 0.005506605
1200 0.005506394
1201 0.005506149
1202 0.005505865
1203 0.005505592
1204 0.005505184
1205 0.005504873
1206 0.005504772
1207 0.005504454
1208 0.005504275
1209 0.005504032
1210 0.00550368
1211 0.005503459
1212 0.00550318
1213 0.005502865
1214 0.005502694
1215 0.005502287
1216 0.005502127
1217 0.005501953
1218 0.005501764
1219 0.005501393
1220 0.005501231
1221 0.005501044
1222 0.005500688
1223 0.005500513
1224 0.005500376
1225 0.005500131
1226 0.005499913
1227 0.0054997
1228 0.005499482
1229 0.005499224
1230 0.005499041
1231 0.005498813
1232 0.005498601
1233 0.005498347
1234 0.005498168
1235 0.00549795
1236 0.005497792
1237 0.005497584
1238 0.005497409
1239 0.005497152
1240 0.00549688
1241 0.005496732
1242 0.005496501
1243 0.005496194
1244 0.005496053
1245 0.005495849
1246 0.005495607
1247 0.005495486
1248 0.005495278
1249 0.00549518
1250 0.005494948
1251 0.005494819
1252 0.005494671
1253 0.005494375
1254 0.005494178
1255 0.005493954
1256 0.005493842
1257 0.005493751
1258 0.005493645
1259 0.005493451
1260 0.005493266
1261 0.005493114
1262 0.00549289
1263 0.005492681
1264 0.005492559
1265 0.005492465
1266 0.005492242
1267 0.005492094
1268 0.005491841
1269 0.005491807
1270 0.00549167
1271 0.005491551
1272 0.005491429
1273 0.005491259
1274 0.005491108
1275 0.005490879
1276 0.005490624
1277 0.005490599
1278 0.005490473
1279 0.005490332
1280 0.00549024
1281 0.005490157
1282 0.005490046
1283 0.005489909
1284 0.005489767
1285 0.005489638
1286 0.005489503
1287 0.005489333
1288 0.005489201
1289 0.005488986
1290 0.005488776
1291 0.005488673
1292 0.005488534
1293 0.005488357
1294 0.005488271
1295 0.005488132
1296 0.005487976
1297 0.005487809
1298 0.005487724
1299 0.005487584
1300 0.005487456
1301 0.005487319
1302 0.005487263
1303 0.00548717
1304 0.005487067
1305 0.005486997
1306 0.005486913
1307 0.005486812
1308 0.005486719
1309 0.005486611
1310 0.005486442
1311 0.005486312
1312 0.005486229
1313 0.005486053
1314 0.005485971
1315 0.005485882
1316 0.005485728
1317 0.00548564
1318 0.005485569
1319 0.005485506
1320 0.005485424
1321 0.005485326
1322 0.005485179
1323 0.005484996
1324 0.005484939
1325 0.00548487
1326 0.005484775
1327 0.005484576
1328 0.00548452
1329 0.005484446
1330 0.005484316
1331 0.005484233
1332 0.005484132
1333 0.005484053
1334 0.005483927
1335 0.005483801
1336 0.005483674
1337 0.005483522
1338 0.005483415
1339 0.005483368
1340 0.005483308
1341 0.005483232
1342 0.005483162
1343 0.005483105
1344 0.00548303
1345 0.005482979
1346 0.005482941
1347 0.005482832
1348 0.005482794
1349 0.005482711
1350 0.005482646
1351 0.005482501
1352 0.005482445
1353 0.005482382
1354 0.005482267
1355 0.005482187
1356 0.005482095
1357 0.005482001
1358 0.005481885
1359 0.005481767
1360 0.005481717
1361 0.005481663
1362 0.005481604
1363 0.005481531
1364 0.005481507
1365 0.005481388
1366 0.005481225
1367 0.005481172
1368 0.005481167
1369 0.005481073
1370 0.005481051
1371 0.005480982
1372 0.005480938
1373 0.005480887
1374 0.005480809
1375 0.005480699
1376 0.005480648
1377 0.005480459
1378 0.005480443
1379 0.005480394
1380 0.00548032
1381 0.00548016
1382 0.005480085
1383 0.005480068
1384 0.005480015
1385 0.005479906
1386 0.005479862
1387 0.005479689
1388 0.005479674
1389 0.005479642
1390 0.005479563
1391 0.00547951
1392 0.00547952
1393 0.005479463
1394 0.0054794
1395 0.005479316
1396 0.005479272
1397 0.005479219
1398 0.005479164
1399 0.00547913
1400 0.005479078
1401 0.00547901
1402 0.005478841
1403 0.005478815
1404 0.005478777
1405 0.005478771
1406 0.00547873
1407 0.0054787
1408 0.005478642
1409 0.005478582
1410 0.005478522
1411 0.005478482
1412 0.005478411
1413 0.005478321
1414 0.005478257
1415 0.005478245
1416 0.005478195
1417 0.005478192
1418 0.005478156
1419 0.005478152
1420 0.005478071
1421 0.005478047
1422 0.005477987
1423 0.005477894
1424 0.005477898
1425 0.005477889
1426 0.005477828
1427 0.005477801
1428 0.005477752
1429 0.005477718
1430 0.005477673
1431 0.005477649
1432 0.005477579
1433 0.005477518
1434 0.00547736
1435 0.00547733
1436 0.005477296
1437 0.005477285
1438 0.005477251
1439 0.005477219
1440 0.005477165
1441 0.005477132
1442 0.005477102
1443 0.005477038
1444 0.005476995
1445 0.005476962
1446 0.005476943
1447 0.005476849
1448 0.005476812
1449 0.005476817
1450 0.005476777
1451 0.005476802
1452 0.005476764
1453 0.0054767
1454 0.005476644
1455 0.005476637
1456 0.005476637
1457 0.005476572
1458 0.005476567
1459 0.005476566
1460 0.005476551
1461 0.005476485
1462 0.005476452
1463 0.005476371
1464 0.005476335
1465 0.005476253
1466 0.005476193
1467 0.005476119
1468 0.005476139
1469 0.005476074
1470 0.005476053
1471 0.005475926
1472 0.005475927
1473 0.005475907
1474 0.005475871
1475 0.00547587
1476 0.005475824
1477 0.005475777
1478 0.005475728
1479 0.005475711
1480 0.005475642
1481 0.005475613
1482 0.005475591
1483 0.005475607
1484 0.00547557
1485 0.005475545
1486 0.005475538
1487 0.005475523
1488 0.005475484
1489 0.005475441
1490 0.005475412
1491 0.00547539
1492 0.005475283
1493 0.005475278
1494 0.00547527
1495 0.005475262
1496 0.005475228
1497 0.005475212
1498 0.005475213
1499 0.005475195
1500 0.005475181
